[ 2021-12-08T17:08:02+08:00 ] ::1 /treehole/index.php/Home/User/login
INFO: [ app_init ] --START--
INFO: Run Behavior\BuildLiteBehavior [ RunTime:0.000023s ]
INFO: [ app_init ] --END-- [ RunTime:0.014375s ]
INFO: [ app_begin ] --START--
INFO: Run Behavior\ReadHtmlCacheBehavior [ RunTime:0.014576s ]
INFO: [ app_begin ] --END-- [ RunTime:0.014648s ]
SQL: SHOW COLUMNS FROM `user` [ RunTime:0.2013s ]
SQL: SELECT * FROM `user` WHERE `phone` = '13411945045' LIMIT 1   [ RunTime:0.0720s ]

[ 2021-12-08T17:08:02+08:00 ] ::1 /treehole/index.php/Home/Message/get_one_user_all_messages
INFO: [ app_init ] --START--
INFO: Run Behavior\BuildLiteBehavior [ RunTime:0.000015s ]
INFO: [ app_init ] --END-- [ RunTime:0.000112s ]
INFO: [ app_begin ] --START--
INFO: Run Behavior\ReadHtmlCacheBehavior [ RunTime:0.000163s ]
INFO: [ app_begin ] --END-- [ RunTime:0.000286s ]
SQL: SHOW COLUMNS FROM `message` [ RunTime:0.0052s ]
SQL: SELECT * FROM `message` WHERE `u_id` = 7 ORDER BY m_id desc  [ RunTime:0.0428s ]

[ 2021-12-08T17:08:15+08:00 ] ::1 /treehole/index.php/Home/User/login
INFO: [ app_init ] --START--
INFO: Run Behavior\BuildLiteBehavior [ RunTime:0.000030s ]
INFO: [ app_init ] --END-- [ RunTime:0.000266s ]
INFO: [ app_begin ] --START--
INFO: Run Behavior\ReadHtmlCacheBehavior [ RunTime:0.000256s ]
INFO: [ app_begin ] --END-- [ RunTime:0.000327s ]
SQL: SHOW COLUMNS FROM `user` [ RunTime:0.0023s ]
SQL: SELECT * FROM `user` WHERE `phone` = '18098144298' LIMIT 1   [ RunTime:0.0012s ]

[ 2021-12-08T17:47:25+08:00 ] ::1 /treehole/index.php/Home/User/login
INFO: [ app_init ] --START--
INFO: Run Behavior\BuildLiteBehavior [ RunTime:0.000017s ]
INFO: [ app_init ] --END-- [ RunTime:0.000228s ]
INFO: [ app_begin ] --START--
INFO: Run Behavior\ReadHtmlCacheBehavior [ RunTime:0.000366s ]
INFO: [ app_begin ] --END-- [ RunTime:0.000430s ]
SQL: SHOW COLUMNS FROM `user` [ RunTime:0.0537s ]
SQL: SELECT * FROM `user` WHERE `phone` = '13411945045' LIMIT 1   [ RunTime:0.0026s ]

[ 2021-12-08T17:47:25+08:00 ] ::1 /treehole/index.php/Home/Message/get_one_user_all_messages
INFO: [ app_init ] --START--
INFO: Run Behavior\BuildLiteBehavior [ RunTime:0.000017s ]
INFO: [ app_init ] --END-- [ RunTime:0.000098s ]
INFO: [ app_begin ] --START--
INFO: Run Behavior\ReadHtmlCacheBehavior [ RunTime:0.000175s ]
INFO: [ app_begin ] --END-- [ RunTime:0.000238s ]
SQL: SHOW COLUMNS FROM `message` [ RunTime:0.0037s ]
SQL: SELECT * FROM `message` WHERE `u_id` = 7 ORDER BY m_id desc  [ RunTime:0.0013s ]

[ 2021-12-08T17:47:31+08:00 ] ::1 /treehole/index.php/Home/Message/get_all_messages
INFO: [ app_init ] --START--
INFO: Run Behavior\BuildLiteBehavior [ RunTime:0.000041s ]
INFO: [ app_init ] --END-- [ RunTime:0.000207s ]
INFO: [ app_begin ] --START--
INFO: Run Behavior\ReadHtmlCacheBehavior [ RunTime:0.000206s ]
INFO: [ app_begin ] --END-- [ RunTime:0.000276s ]
SQL: SHOW COLUMNS FROM `message` [ RunTime:0.0017s ]
SQL: SELECT * FROM `message` ORDER BY m_id desc  [ RunTime:0.0007s ]

[ 2021-12-08T17:50:03+08:00 ] ::1 /treehole/index.php/Home/User/login
INFO: [ app_init ] --START--
INFO: Run Behavior\BuildLiteBehavior [ RunTime:0.000016s ]
INFO: [ app_init ] --END-- [ RunTime:0.000197s ]
INFO: [ app_begin ] --START--
INFO: Run Behavior\ReadHtmlCacheBehavior [ RunTime:0.000314s ]
INFO: [ app_begin ] --END-- [ RunTime:0.000373s ]
SQL: SHOW COLUMNS FROM `user` [ RunTime:0.0017s ]
SQL: SELECT * FROM `user` WHERE `phone` = '13411945045' LIMIT 1   [ RunTime:0.0007s ]

[ 2021-12-08T17:50:03+08:00 ] ::1 /treehole/index.php/Home/Message/get_one_user_all_messages
INFO: [ app_init ] --START--
INFO: Run Behavior\BuildLiteBehavior [ RunTime:0.000056s ]
INFO: [ app_init ] --END-- [ RunTime:0.000307s ]
INFO: [ app_begin ] --START--
INFO: Run Behavior\ReadHtmlCacheBehavior [ RunTime:0.000242s ]
INFO: [ app_begin ] --END-- [ RunTime:0.000369s ]
SQL: SHOW COLUMNS FROM `message` [ RunTime:0.0054s ]
SQL: SELECT * FROM `message` WHERE `u_id` = 7 ORDER BY m_id desc  [ RunTime:0.0016s ]

[ 2021-12-08T17:50:04+08:00 ] ::1 /treehole/index.php/Home/Message/get_all_messages
INFO: [ app_init ] --START--
INFO: Run Behavior\BuildLiteBehavior [ RunTime:0.000017s ]
INFO: [ app_init ] --END-- [ RunTime:0.000099s ]
INFO: [ app_begin ] --START--
INFO: Run Behavior\ReadHtmlCacheBehavior [ RunTime:0.000146s ]
INFO: [ app_begin ] --END-- [ RunTime:0.000210s ]
SQL: SHOW COLUMNS FROM `message` [ RunTime:0.0019s ]
SQL: SELECT * FROM `message` ORDER BY m_id desc  [ RunTime:0.0009s ]

[ 2021-12-08T17:53:12+08:00 ] ::1 /treehole/index.php/Home/User/login
INFO: [ app_init ] --START--
INFO: Run Behavior\BuildLiteBehavior [ RunTime:0.000052s ]
INFO: [ app_init ] --END-- [ RunTime:0.000682s ]
INFO: [ app_begin ] --START--
INFO: Run Behavior\ReadHtmlCacheBehavior [ RunTime:0.001289s ]
INFO: [ app_begin ] --END-- [ RunTime:0.001504s ]
SQL: SHOW COLUMNS FROM `user` [ RunTime:0.0067s ]
SQL: SELECT * FROM `user` WHERE `phone` = '13411945045' LIMIT 1   [ RunTime:0.0022s ]

[ 2021-12-08T17:53:12+08:00 ] ::1 /treehole/index.php/Home/Message/get_one_user_all_messages
INFO: [ app_init ] --START--
INFO: Run Behavior\BuildLiteBehavior [ RunTime:0.000017s ]
INFO: [ app_init ] --END-- [ RunTime:0.000095s ]
INFO: [ app_begin ] --START--
INFO: Run Behavior\ReadHtmlCacheBehavior [ RunTime:0.000150s ]
INFO: [ app_begin ] --END-- [ RunTime:0.000210s ]
SQL: SHOW COLUMNS FROM `message` [ RunTime:0.0019s ]
SQL: SELECT * FROM `message` WHERE `u_id` = 7 ORDER BY m_id desc  [ RunTime:0.0009s ]

[ 2021-12-08T17:53:13+08:00 ] ::1 /treehole/index.php/Home/Message/get_all_messages
INFO: [ app_init ] --START--
INFO: Run Behavior\BuildLiteBehavior [ RunTime:0.000016s ]
INFO: [ app_init ] --END-- [ RunTime:0.000131s ]
INFO: [ app_begin ] --START--
INFO: Run Behavior\ReadHtmlCacheBehavior [ RunTime:0.000196s ]
INFO: [ app_begin ] --END-- [ RunTime:0.000291s ]
SQL: SHOW COLUMNS FROM `message` [ RunTime:0.0034s ]
SQL: SELECT * FROM `message` ORDER BY m_id desc  [ RunTime:0.0009s ]

[ 2021-12-08T17:53:29+08:00 ] ::1 /treehole/index.php/Home/Message/publish_new_message
INFO: [ app_init ] --START--
INFO: Run Behavior\BuildLiteBehavior [ RunTime:0.000053s ]
INFO: [ app_init ] --END-- [ RunTime:0.000471s ]
INFO: [ app_begin ] --START--
INFO: Run Behavior\ReadHtmlCacheBehavior [ RunTime:0.000579s ]
INFO: [ app_begin ] --END-- [ RunTime:0.000782s ]
SQL: SHOW COLUMNS FROM `message` [ RunTime:0.0052s ]
SQL: SHOW COLUMNS FROM `user` [ RunTime:0.0029s ]
SQL: SELECT * FROM `user` WHERE `u_id` = 7 LIMIT 1   [ RunTime:0.0503s ]
SQL: INSERT INTO `message` (`u_id`,`username`,`face_url`,`m_content`,`likes`,`send_time`) VALUES ('7','小猪佩奇','http://tmp/aDG2ObikeWUT8e04105f7246b6ff64322ff43f2c42fc.jpeg','asfasfasfasfasfasfasfasfasfasfasfasfasfasfasfasfasfassfasfasfasfasfasfasfasfasfafsfsafsaafas','0','2021-12-08 17:53:29') [ RunTime:0.0333s ]

[ 2021-12-08T17:53:29+08:00 ] ::1 /treehole/index.php/Home/Message/get_all_messages
INFO: [ app_init ] --START--
INFO: Run Behavior\BuildLiteBehavior [ RunTime:0.000033s ]
INFO: [ app_init ] --END-- [ RunTime:0.000205s ]
INFO: [ app_begin ] --START--
INFO: Run Behavior\ReadHtmlCacheBehavior [ RunTime:0.000155s ]
INFO: [ app_begin ] --END-- [ RunTime:0.000216s ]
SQL: SHOW COLUMNS FROM `message` [ RunTime:0.0024s ]
SQL: SELECT * FROM `message` ORDER BY m_id desc  [ RunTime:0.0096s ]

[ 2021-12-08T17:54:12+08:00 ] ::1 /treehole/index.php/Home/User/login
INFO: [ app_init ] --START--
INFO: Run Behavior\BuildLiteBehavior [ RunTime:0.000050s ]
INFO: [ app_init ] --END-- [ RunTime:0.000457s ]
INFO: [ app_begin ] --START--
INFO: Run Behavior\ReadHtmlCacheBehavior [ RunTime:0.000577s ]
INFO: [ app_begin ] --END-- [ RunTime:0.000777s ]
SQL: SHOW COLUMNS FROM `user` [ RunTime:0.0039s ]
SQL: SELECT * FROM `user` WHERE `phone` = '13411945045' LIMIT 1   [ RunTime:0.0016s ]

[ 2021-12-08T17:54:13+08:00 ] ::1 /treehole/index.php/Home/Message/get_one_user_all_messages
INFO: [ app_init ] --START--
INFO: Run Behavior\BuildLiteBehavior [ RunTime:0.000030s ]
INFO: [ app_init ] --END-- [ RunTime:0.000176s ]
INFO: [ app_begin ] --START--
INFO: Run Behavior\ReadHtmlCacheBehavior [ RunTime:0.000390s ]
INFO: [ app_begin ] --END-- [ RunTime:0.000492s ]
SQL: SHOW COLUMNS FROM `message` [ RunTime:0.0025s ]
SQL: SELECT * FROM `message` WHERE `u_id` = 7 ORDER BY m_id desc  [ RunTime:0.0014s ]

[ 2021-12-08T17:54:14+08:00 ] ::1 /treehole/index.php/Home/Message/get_all_messages
INFO: [ app_init ] --START--
INFO: Run Behavior\BuildLiteBehavior [ RunTime:0.000028s ]
INFO: [ app_init ] --END-- [ RunTime:0.000167s ]
INFO: [ app_begin ] --START--
INFO: Run Behavior\ReadHtmlCacheBehavior [ RunTime:0.000160s ]
INFO: [ app_begin ] --END-- [ RunTime:0.000221s ]
SQL: SHOW COLUMNS FROM `message` [ RunTime:0.0014s ]
SQL: SELECT * FROM `message` ORDER BY m_id desc  [ RunTime:0.0009s ]

[ 2021-12-08T17:57:39+08:00 ] ::1 /treehole/index.php/Home/User/login
INFO: [ app_init ] --START--
INFO: Run Behavior\BuildLiteBehavior [ RunTime:0.000017s ]
INFO: [ app_init ] --END-- [ RunTime:0.000197s ]
INFO: [ app_begin ] --START--
INFO: Run Behavior\ReadHtmlCacheBehavior [ RunTime:0.000325s ]
INFO: [ app_begin ] --END-- [ RunTime:0.000384s ]
SQL: SHOW COLUMNS FROM `user` [ RunTime:0.0020s ]
SQL: SELECT * FROM `user` WHERE `phone` = '13411945045' LIMIT 1   [ RunTime:0.0008s ]

[ 2021-12-08T17:57:39+08:00 ] ::1 /treehole/index.php/Home/Message/get_one_user_all_messages
INFO: [ app_init ] --START--
INFO: Run Behavior\BuildLiteBehavior [ RunTime:0.000036s ]
INFO: [ app_init ] --END-- [ RunTime:0.000196s ]
INFO: [ app_begin ] --START--
INFO: Run Behavior\ReadHtmlCacheBehavior [ RunTime:0.000162s ]
INFO: [ app_begin ] --END-- [ RunTime:0.000251s ]
SQL: SHOW COLUMNS FROM `message` [ RunTime:0.0019s ]
SQL: SELECT * FROM `message` WHERE `u_id` = 7 ORDER BY m_id desc  [ RunTime:0.0013s ]

[ 2021-12-08T17:57:40+08:00 ] ::1 /treehole/index.php/Home/Message/get_all_messages
INFO: [ app_init ] --START--
INFO: Run Behavior\BuildLiteBehavior [ RunTime:0.000018s ]
INFO: [ app_init ] --END-- [ RunTime:0.000102s ]
INFO: [ app_begin ] --START--
INFO: Run Behavior\ReadHtmlCacheBehavior [ RunTime:0.000156s ]
INFO: [ app_begin ] --END-- [ RunTime:0.000242s ]
SQL: SHOW COLUMNS FROM `message` [ RunTime:0.0031s ]
SQL: SELECT * FROM `message` ORDER BY m_id desc  [ RunTime:0.0010s ]

[ 2021-12-08T18:01:22+08:00 ] ::1 /treehole/index.php/Home/User/login
INFO: [ app_init ] --START--
INFO: Run Behavior\BuildLiteBehavior [ RunTime:0.000036s ]
INFO: [ app_init ] --END-- [ RunTime:0.000313s ]
INFO: [ app_begin ] --START--
INFO: Run Behavior\ReadHtmlCacheBehavior [ RunTime:0.000616s ]
INFO: [ app_begin ] --END-- [ RunTime:0.000795s ]
SQL: SHOW COLUMNS FROM `user` [ RunTime:0.0018s ]
SQL: SELECT * FROM `user` WHERE `phone` = '13411945045' LIMIT 1   [ RunTime:0.0008s ]

[ 2021-12-08T18:01:22+08:00 ] ::1 /treehole/index.php/Home/Message/get_one_user_all_messages
INFO: [ app_init ] --START--
INFO: Run Behavior\BuildLiteBehavior [ RunTime:0.000076s ]
INFO: [ app_init ] --END-- [ RunTime:0.000187s ]
INFO: [ app_begin ] --START--
INFO: Run Behavior\ReadHtmlCacheBehavior [ RunTime:0.000209s ]
INFO: [ app_begin ] --END-- [ RunTime:0.000317s ]
SQL: SHOW COLUMNS FROM `message` [ RunTime:0.0032s ]
SQL: SELECT * FROM `message` WHERE `u_id` = 7 ORDER BY m_id desc  [ RunTime:0.0005s ]

[ 2021-12-08T18:01:23+08:00 ] ::1 /treehole/index.php/Home/Message/get_all_messages
INFO: [ app_init ] --START--
INFO: Run Behavior\BuildLiteBehavior [ RunTime:0.000017s ]
INFO: [ app_init ] --END-- [ RunTime:0.000094s ]
INFO: [ app_begin ] --START--
INFO: Run Behavior\ReadHtmlCacheBehavior [ RunTime:0.000322s ]
INFO: [ app_begin ] --END-- [ RunTime:0.000489s ]
SQL: SHOW COLUMNS FROM `message` [ RunTime:0.0013s ]
SQL: SELECT * FROM `message` ORDER BY m_id desc  [ RunTime:0.0009s ]

[ 2021-12-08T20:13:04+08:00 ] ::1 /treehole/index.php/Home/User/login
INFO: [ app_init ] --START--
INFO: Run Behavior\BuildLiteBehavior [ RunTime:0.000017s ]
INFO: [ app_init ] --END-- [ RunTime:0.000247s ]
INFO: [ app_begin ] --START--
INFO: Run Behavior\ReadHtmlCacheBehavior [ RunTime:0.000343s ]
INFO: [ app_begin ] --END-- [ RunTime:0.000403s ]
SQL: SHOW COLUMNS FROM `user` [ RunTime:0.0154s ]
SQL: SELECT * FROM `user` WHERE `phone` = '13411945045' LIMIT 1   [ RunTime:0.0301s ]

[ 2021-12-08T20:13:04+08:00 ] ::1 /treehole/index.php/Home/Message/get_one_user_all_messages
INFO: [ app_init ] --START--
INFO: Run Behavior\BuildLiteBehavior [ RunTime:0.000025s ]
INFO: [ app_init ] --END-- [ RunTime:0.000157s ]
INFO: [ app_begin ] --START--
INFO: Run Behavior\ReadHtmlCacheBehavior [ RunTime:0.000244s ]
INFO: [ app_begin ] --END-- [ RunTime:0.000341s ]
SQL: SHOW COLUMNS FROM `message` [ RunTime:0.0027s ]
SQL: SELECT * FROM `message` WHERE `u_id` = 7 ORDER BY m_id desc  [ RunTime:0.0008s ]

[ 2021-12-08T20:13:05+08:00 ] ::1 /treehole/index.php/Home/Message/get_all_messages
INFO: [ app_init ] --START--
INFO: Run Behavior\BuildLiteBehavior [ RunTime:0.000024s ]
INFO: [ app_init ] --END-- [ RunTime:0.000147s ]
INFO: [ app_begin ] --START--
INFO: Run Behavior\ReadHtmlCacheBehavior [ RunTime:0.000259s ]
INFO: [ app_begin ] --END-- [ RunTime:0.000361s ]
SQL: SHOW COLUMNS FROM `message` [ RunTime:0.0034s ]
SQL: SELECT * FROM `message` ORDER BY m_id desc  [ RunTime:0.0022s ]

[ 2021-12-08T20:14:00+08:00 ] ::1 /treehole/index.php/Home/User/login
INFO: [ app_init ] --START--
INFO: Run Behavior\BuildLiteBehavior [ RunTime:0.000015s ]
INFO: [ app_init ] --END-- [ RunTime:0.000134s ]
INFO: [ app_begin ] --START--
INFO: Run Behavior\ReadHtmlCacheBehavior [ RunTime:0.000197s ]
INFO: [ app_begin ] --END-- [ RunTime:0.000256s ]
SQL: SHOW COLUMNS FROM `user` [ RunTime:0.0032s ]
SQL: SELECT * FROM `user` WHERE `phone` = '13411945045' LIMIT 1   [ RunTime:0.0019s ]

[ 2021-12-08T20:14:01+08:00 ] ::1 /treehole/index.php/Home/Message/get_one_user_all_messages
INFO: [ app_init ] --START--
INFO: Run Behavior\BuildLiteBehavior [ RunTime:0.000018s ]
INFO: [ app_init ] --END-- [ RunTime:0.000113s ]
INFO: [ app_begin ] --START--
INFO: Run Behavior\ReadHtmlCacheBehavior [ RunTime:0.000172s ]
INFO: [ app_begin ] --END-- [ RunTime:0.000299s ]
SQL: SHOW COLUMNS FROM `message` [ RunTime:0.0023s ]
SQL: SELECT * FROM `message` WHERE `u_id` = 7 ORDER BY m_id desc  [ RunTime:0.0007s ]

[ 2021-12-08T20:14:02+08:00 ] ::1 /treehole/index.php/Home/Message/get_all_messages
INFO: [ app_init ] --START--
INFO: Run Behavior\BuildLiteBehavior [ RunTime:0.000031s ]
INFO: [ app_init ] --END-- [ RunTime:0.000175s ]
INFO: [ app_begin ] --START--
INFO: Run Behavior\ReadHtmlCacheBehavior [ RunTime:0.000268s ]
INFO: [ app_begin ] --END-- [ RunTime:0.000333s ]
SQL: SHOW COLUMNS FROM `message` [ RunTime:0.0020s ]
SQL: SELECT * FROM `message` ORDER BY m_id desc  [ RunTime:0.0013s ]

[ 2021-12-08T20:18:56+08:00 ] ::1 /treehole/index.php/Home/User/login
INFO: [ app_init ] --START--
INFO: Run Behavior\BuildLiteBehavior [ RunTime:0.000016s ]
INFO: [ app_init ] --END-- [ RunTime:0.000197s ]
INFO: [ app_begin ] --START--
INFO: Run Behavior\ReadHtmlCacheBehavior [ RunTime:0.000328s ]
INFO: [ app_begin ] --END-- [ RunTime:0.000386s ]
SQL: SHOW COLUMNS FROM `user` [ RunTime:0.0094s ]
SQL: SELECT * FROM `user` WHERE `phone` = '13411945045' LIMIT 1   [ RunTime:0.0045s ]

[ 2021-12-08T20:19:01+08:00 ] ::1 /treehole/index.php/Home/User/login
INFO: [ app_init ] --START--
INFO: Run Behavior\BuildLiteBehavior [ RunTime:0.000014s ]
INFO: [ app_init ] --END-- [ RunTime:0.000142s ]
INFO: [ app_begin ] --START--
INFO: Run Behavior\ReadHtmlCacheBehavior [ RunTime:0.000205s ]
INFO: [ app_begin ] --END-- [ RunTime:0.000266s ]
SQL: SHOW COLUMNS FROM `user` [ RunTime:0.0033s ]
SQL: SELECT * FROM `user` WHERE `phone` = '13411945045' LIMIT 1   [ RunTime:0.0002s ]

[ 2021-12-08T20:19:01+08:00 ] ::1 /treehole/index.php/Home/Message/get_one_user_all_messages
INFO: [ app_init ] --START--
INFO: Run Behavior\BuildLiteBehavior [ RunTime:0.000028s ]
INFO: [ app_init ] --END-- [ RunTime:0.000162s ]
INFO: [ app_begin ] --START--
INFO: Run Behavior\ReadHtmlCacheBehavior [ RunTime:0.000179s ]
INFO: [ app_begin ] --END-- [ RunTime:0.000249s ]
SQL: SHOW COLUMNS FROM `message` [ RunTime:0.0027s ]
SQL: SELECT * FROM `message` WHERE `u_id` = 7 ORDER BY m_id desc  [ RunTime:0.0005s ]

[ 2021-12-08T20:19:02+08:00 ] ::1 /treehole/index.php/Home/Message/get_all_messages
INFO: [ app_init ] --START--
INFO: Run Behavior\BuildLiteBehavior [ RunTime:0.000029s ]
INFO: [ app_init ] --END-- [ RunTime:0.000215s ]
INFO: [ app_begin ] --START--
INFO: Run Behavior\ReadHtmlCacheBehavior [ RunTime:0.000252s ]
INFO: [ app_begin ] --END-- [ RunTime:0.000347s ]
SQL: SHOW COLUMNS FROM `message` [ RunTime:0.0030s ]
SQL: SELECT * FROM `message` ORDER BY m_id desc  [ RunTime:0.0016s ]

[ 2021-12-08T20:20:11+08:00 ] ::1 /treehole/index.php/Home/User/login
INFO: [ app_init ] --START--
INFO: Run Behavior\BuildLiteBehavior [ RunTime:0.000082s ]
INFO: [ app_init ] --END-- [ RunTime:0.000295s ]
INFO: [ app_begin ] --START--
INFO: Run Behavior\ReadHtmlCacheBehavior [ RunTime:0.000295s ]
INFO: [ app_begin ] --END-- [ RunTime:0.000392s ]
SQL: SHOW COLUMNS FROM `user` [ RunTime:0.0065s ]
SQL: SELECT * FROM `user` WHERE `phone` = '13411945045' LIMIT 1   [ RunTime:0.0023s ]

[ 2021-12-08T20:20:11+08:00 ] ::1 /treehole/index.php/Home/Message/get_one_user_all_messages
INFO: [ app_init ] --START--
INFO: Run Behavior\BuildLiteBehavior [ RunTime:0.000018s ]
INFO: [ app_init ] --END-- [ RunTime:0.000132s ]
INFO: [ app_begin ] --START--
INFO: Run Behavior\ReadHtmlCacheBehavior [ RunTime:0.000212s ]
INFO: [ app_begin ] --END-- [ RunTime:0.000325s ]
SQL: SHOW COLUMNS FROM `message` [ RunTime:0.0036s ]
SQL: SELECT * FROM `message` WHERE `u_id` = 7 ORDER BY m_id desc  [ RunTime:0.0006s ]

[ 2021-12-08T20:20:12+08:00 ] ::1 /treehole/index.php/Home/Message/get_all_messages
INFO: [ app_init ] --START--
INFO: Run Behavior\BuildLiteBehavior [ RunTime:0.000028s ]
INFO: [ app_init ] --END-- [ RunTime:0.000172s ]
INFO: [ app_begin ] --START--
INFO: Run Behavior\ReadHtmlCacheBehavior [ RunTime:0.000230s ]
INFO: [ app_begin ] --END-- [ RunTime:0.000337s ]
SQL: SHOW COLUMNS FROM `message` [ RunTime:0.0068s ]
SQL: SELECT * FROM `message` ORDER BY m_id desc  [ RunTime:0.0016s ]

[ 2021-12-08T20:23:25+08:00 ] ::1 /treehole/index.php/Home/Message/do_likes
INFO: [ app_init ] --START--
INFO: Run Behavior\BuildLiteBehavior [ RunTime:0.000015s ]
INFO: [ app_init ] --END-- [ RunTime:0.000198s ]
INFO: [ app_begin ] --START--
INFO: Run Behavior\ReadHtmlCacheBehavior [ RunTime:0.000324s ]
INFO: [ app_begin ] --END-- [ RunTime:0.000380s ]
SQL: SHOW COLUMNS FROM `message` [ RunTime:0.0074s ]
SQL: SELECT * FROM `message` WHERE `m_id` = 33 LIMIT 1   [ RunTime:0.0005s ]
SQL: UPDATE `message` SET `m_id`='33',`u_id`='7',`username`='小猪佩奇',`face_url`='http://tmp/aDG2ObikeWUT8e04105f7246b6ff64322ff43f2c42fc.jpeg',`m_content`='asfasfasfasfasfasfasfasfasfasfasfasfasfasfasfasfasfassfasfasfasfasfasfasfasfasfafsfsafsaafas',`likes`='1',`send_time`='2021-12-08 17:53:29' WHERE `m_id` = 33 [ RunTime:0.0321s ]

[ 2021-12-08T21:44:52+08:00 ] ::1 /treehole/index.php/Home/Comment/new_comment
INFO: [ app_init ] --START--
INFO: Run Behavior\BuildLiteBehavior [ RunTime:0.000068s ]
INFO: [ app_init ] --END-- [ RunTime:0.001474s ]
INFO: [ app_begin ] --START--
INFO: Run Behavior\ReadHtmlCacheBehavior [ RunTime:0.001556s ]
INFO: [ app_begin ] --END-- [ RunTime:0.001640s ]
SQL: SHOW COLUMNS FROM `user` [ RunTime:0.0071s ]
SQL: SHOW COLUMNS FROM `comment` [ RunTime:0.0027s ]
SQL: SELECT * FROM `user` WHERE `u_id` = 7 LIMIT 1   [ RunTime:0.0050s ]
ERR: Call to undefined function Home\Controller\add()

[ 2021-12-08T21:46:53+08:00 ] ::1 /treehole/index.php/Home/Comment/new_comment
INFO: [ app_init ] --START--
INFO: Run Behavior\BuildLiteBehavior [ RunTime:0.000017s ]
INFO: [ app_init ] --END-- [ RunTime:0.000219s ]
INFO: [ app_begin ] --START--
INFO: Run Behavior\ReadHtmlCacheBehavior [ RunTime:0.000350s ]
INFO: [ app_begin ] --END-- [ RunTime:0.000409s ]
NOTIC: [8] Undefined index: m_id E:\wamp64\www\treehole\Application\Home\Controller\CommentController.class.php 第 23 行.

[ 2021-12-08T21:46:56+08:00 ] ::1 /treehole/index.php/Home/Comment/new_comment
INFO: [ app_init ] --START--
INFO: Run Behavior\BuildLiteBehavior [ RunTime:0.000015s ]
INFO: [ app_init ] --END-- [ RunTime:0.000135s ]
INFO: [ app_begin ] --START--
INFO: Run Behavior\ReadHtmlCacheBehavior [ RunTime:0.000175s ]
INFO: [ app_begin ] --END-- [ RunTime:0.000234s ]
SQL: SHOW COLUMNS FROM `user` [ RunTime:0.0070s ]
SQL: SHOW COLUMNS FROM `comment` [ RunTime:0.0009s ]
SQL: SELECT * FROM `user` WHERE `u_id` = 7 LIMIT 1   [ RunTime:0.0030s ]
ERR: Call to undefined function Home\Controller\add()

[ 2021-12-08T21:53:07+08:00 ] ::1 /treehole/index.php/Home/Comment/new_comment
INFO: [ app_init ] --START--
INFO: Run Behavior\BuildLiteBehavior [ RunTime:0.000020s ]
INFO: [ app_init ] --END-- [ RunTime:0.000234s ]
INFO: [ app_begin ] --START--
INFO: Run Behavior\ReadHtmlCacheBehavior [ RunTime:0.000348s ]
INFO: [ app_begin ] --END-- [ RunTime:0.000412s ]
SQL: SHOW COLUMNS FROM `user` [ RunTime:0.0034s ]
SQL: SHOW COLUMNS FROM `comment` [ RunTime:0.0010s ]
SQL: SELECT * FROM `user` WHERE `u_id` = 7 LIMIT 1   [ RunTime:0.0018s ]
ERR: Call to undefined function Home\Controller\add()

[ 2021-12-08T21:54:22+08:00 ] ::1 /treehole/index.php/Home/Comment/new_comment
INFO: [ app_init ] --START--
INFO: Run Behavior\BuildLiteBehavior [ RunTime:0.000021s ]
INFO: [ app_init ] --END-- [ RunTime:0.000292s ]
INFO: [ app_begin ] --START--
INFO: Run Behavior\ReadHtmlCacheBehavior [ RunTime:0.000366s ]
INFO: [ app_begin ] --END-- [ RunTime:0.000427s ]
SQL: SHOW COLUMNS FROM `user` [ RunTime:0.0029s ]
SQL: SHOW COLUMNS FROM `comment` [ RunTime:0.0009s ]
SQL: SELECT * FROM `user` WHERE `u_id` = 7 LIMIT 1   [ RunTime:0.0008s ]
SQL: INSERT INTO `comment` (`m_id`,`u_id`,`username`,`face_url`,`c_content`,`audit_time`) VALUES ('29','7','小猪佩奇','http://tmp/aDG2ObikeWUT8e04105f7246b6ff64322ff43f2c42fc.jpeg','asdasdasf','2021-12-08 21:54:22') [ RunTime:0.1266s ]

[ 2021-12-08T22:01:19+08:00 ] ::1 /treehole/index.php/Home/User/login
INFO: [ app_init ] --START--
INFO: Run Behavior\BuildLiteBehavior [ RunTime:0.000016s ]
INFO: [ app_init ] --END-- [ RunTime:0.000227s ]
INFO: [ app_begin ] --START--
INFO: Run Behavior\ReadHtmlCacheBehavior [ RunTime:0.000362s ]
INFO: [ app_begin ] --END-- [ RunTime:0.000436s ]
SQL: SHOW COLUMNS FROM `user` [ RunTime:0.0055s ]
SQL: SELECT * FROM `user` WHERE `phone` = '13411945045' LIMIT 1   [ RunTime:0.0008s ]

[ 2021-12-08T22:01:19+08:00 ] ::1 /treehole/index.php/Home/Message/get_one_user_all_messages
INFO: [ app_init ] --START--
INFO: Run Behavior\BuildLiteBehavior [ RunTime:0.000028s ]
INFO: [ app_init ] --END-- [ RunTime:0.000168s ]
INFO: [ app_begin ] --START--
INFO: Run Behavior\ReadHtmlCacheBehavior [ RunTime:0.000340s ]
INFO: [ app_begin ] --END-- [ RunTime:0.000494s ]
SQL: SHOW COLUMNS FROM `message` [ RunTime:0.0011s ]
SQL: SELECT * FROM `message` WHERE `u_id` = 7 ORDER BY m_id desc  [ RunTime:0.0007s ]

[ 2021-12-08T22:01:21+08:00 ] ::1 /treehole/index.php/Home/Message/get_all_messages
INFO: [ app_init ] --START--
INFO: Run Behavior\BuildLiteBehavior [ RunTime:0.000015s ]
INFO: [ app_init ] --END-- [ RunTime:0.000095s ]
INFO: [ app_begin ] --START--
INFO: Run Behavior\ReadHtmlCacheBehavior [ RunTime:0.000138s ]
INFO: [ app_begin ] --END-- [ RunTime:0.000200s ]
SQL: SHOW COLUMNS FROM `message` [ RunTime:0.0014s ]
SQL: SELECT * FROM `message` ORDER BY m_id desc  [ RunTime:0.0003s ]

[ 2021-12-08T22:01:56+08:00 ] ::1 /treehole/index.php/Home/Message/do_likes
INFO: [ app_init ] --START--
INFO: Run Behavior\BuildLiteBehavior [ RunTime:0.000077s ]
INFO: [ app_init ] --END-- [ RunTime:0.000555s ]
INFO: [ app_begin ] --START--
INFO: Run Behavior\ReadHtmlCacheBehavior [ RunTime:0.001104s ]
INFO: [ app_begin ] --END-- [ RunTime:0.001834s ]
SQL: SHOW COLUMNS FROM `message` [ RunTime:0.0058s ]
SQL: SELECT * FROM `message` WHERE `m_id` = 33 LIMIT 1   [ RunTime:0.0033s ]
SQL: UPDATE `message` SET `m_id`='33',`u_id`='7',`username`='小猪佩奇',`face_url`='http://tmp/aDG2ObikeWUT8e04105f7246b6ff64322ff43f2c42fc.jpeg',`m_content`='asfasfasfasfasfasfasfasfasfasfasfasfasfasfasfasfasfassfasfasfasfasfasfasfasfasfafsfsafsaafas',`likes`='2',`send_time`='2021-12-08 17:53:29' WHERE `m_id` = 33 [ RunTime:0.0195s ]

[ 2021-12-08T22:03:52+08:00 ] ::1 /treehole/index.php/Home/User/login
INFO: [ app_init ] --START--
INFO: Run Behavior\BuildLiteBehavior [ RunTime:0.000052s ]
INFO: [ app_init ] --END-- [ RunTime:0.000701s ]
INFO: [ app_begin ] --START--
INFO: Run Behavior\ReadHtmlCacheBehavior [ RunTime:0.001084s ]
INFO: [ app_begin ] --END-- [ RunTime:0.001207s ]
SQL: SHOW COLUMNS FROM `user` [ RunTime:0.0021s ]
SQL: SELECT * FROM `user` WHERE `phone` = '13411945045' LIMIT 1   [ RunTime:0.0017s ]

[ 2021-12-08T22:03:52+08:00 ] ::1 /treehole/index.php/Home/Message/get_one_user_all_messages
INFO: [ app_init ] --START--
INFO: Run Behavior\BuildLiteBehavior [ RunTime:0.000033s ]
INFO: [ app_init ] --END-- [ RunTime:0.000199s ]
INFO: [ app_begin ] --START--
INFO: Run Behavior\ReadHtmlCacheBehavior [ RunTime:0.000650s ]
INFO: [ app_begin ] --END-- [ RunTime:0.000786s ]
SQL: SHOW COLUMNS FROM `message` [ RunTime:0.0040s ]
SQL: SELECT * FROM `message` WHERE `u_id` = 7 ORDER BY m_id desc  [ RunTime:0.0007s ]

[ 2021-12-08T22:03:55+08:00 ] ::1 /treehole/index.php/Home/Message/get_all_messages
INFO: [ app_init ] --START--
INFO: Run Behavior\BuildLiteBehavior [ RunTime:0.000026s ]
INFO: [ app_init ] --END-- [ RunTime:0.000229s ]
INFO: [ app_begin ] --START--
INFO: Run Behavior\ReadHtmlCacheBehavior [ RunTime:0.000381s ]
INFO: [ app_begin ] --END-- [ RunTime:0.000484s ]
SQL: SHOW COLUMNS FROM `message` [ RunTime:0.0052s ]
SQL: SELECT * FROM `message` ORDER BY m_id desc  [ RunTime:0.0169s ]

[ 2021-12-08T22:06:05+08:00 ] ::1 /treehole/index.php/Home/User/login
INFO: [ app_init ] --START--
INFO: Run Behavior\BuildLiteBehavior [ RunTime:0.000015s ]
INFO: [ app_init ] --END-- [ RunTime:0.000198s ]
INFO: [ app_begin ] --START--
INFO: Run Behavior\ReadHtmlCacheBehavior [ RunTime:0.000330s ]
INFO: [ app_begin ] --END-- [ RunTime:0.000387s ]
SQL: SHOW COLUMNS FROM `user` [ RunTime:0.0038s ]
SQL: SELECT * FROM `user` WHERE `phone` = '13411945045' LIMIT 1   [ RunTime:0.0009s ]

[ 2021-12-08T22:06:06+08:00 ] ::1 /treehole/index.php/Home/Message/get_one_user_all_messages
INFO: [ app_init ] --START--
INFO: Run Behavior\BuildLiteBehavior [ RunTime:0.000033s ]
INFO: [ app_init ] --END-- [ RunTime:0.000229s ]
INFO: [ app_begin ] --START--
INFO: Run Behavior\ReadHtmlCacheBehavior [ RunTime:0.000426s ]
INFO: [ app_begin ] --END-- [ RunTime:0.000666s ]
SQL: SHOW COLUMNS FROM `message` [ RunTime:0.0049s ]
SQL: SELECT * FROM `message` WHERE `u_id` = 7 ORDER BY m_id desc  [ RunTime:0.0014s ]

[ 2021-12-08T22:06:07+08:00 ] ::1 /treehole/index.php/Home/Message/get_all_messages
INFO: [ app_init ] --START--
INFO: Run Behavior\BuildLiteBehavior [ RunTime:0.000017s ]
INFO: [ app_init ] --END-- [ RunTime:0.000146s ]
INFO: [ app_begin ] --START--
INFO: Run Behavior\ReadHtmlCacheBehavior [ RunTime:0.000147s ]
INFO: [ app_begin ] --END-- [ RunTime:0.000213s ]
SQL: SHOW COLUMNS FROM `message` [ RunTime:0.0021s ]
SQL: SELECT * FROM `message` ORDER BY m_id desc  [ RunTime:0.0009s ]

[ 2021-12-08T22:22:30+08:00 ] ::1 /treehole/index.php/Home/User/login
INFO: [ app_init ] --START--
INFO: Run Behavior\BuildLiteBehavior [ RunTime:0.000015s ]
INFO: [ app_init ] --END-- [ RunTime:0.000202s ]
INFO: [ app_begin ] --START--
INFO: Run Behavior\ReadHtmlCacheBehavior [ RunTime:0.000339s ]
INFO: [ app_begin ] --END-- [ RunTime:0.000400s ]
SQL: SHOW COLUMNS FROM `user` [ RunTime:0.0034s ]
SQL: SELECT * FROM `user` WHERE `phone` = '13411945045' LIMIT 1   [ RunTime:0.0009s ]

[ 2021-12-08T22:22:30+08:00 ] ::1 /treehole/index.php/Home/Message/get_one_user_all_messages
INFO: [ app_init ] --START--
INFO: Run Behavior\BuildLiteBehavior [ RunTime:0.000015s ]
INFO: [ app_init ] --END-- [ RunTime:0.000088s ]
INFO: [ app_begin ] --START--
INFO: Run Behavior\ReadHtmlCacheBehavior [ RunTime:0.000181s ]
INFO: [ app_begin ] --END-- [ RunTime:0.000471s ]
SQL: SHOW COLUMNS FROM `message` [ RunTime:0.0026s ]
SQL: SELECT * FROM `message` WHERE `u_id` = 7 ORDER BY m_id desc  [ RunTime:0.0019s ]

[ 2021-12-08T22:22:34+08:00 ] ::1 /treehole/index.php/Home/Message/get_all_messages
INFO: [ app_init ] --START--
INFO: Run Behavior\BuildLiteBehavior [ RunTime:0.000018s ]
INFO: [ app_init ] --END-- [ RunTime:0.000165s ]
INFO: [ app_begin ] --START--
INFO: Run Behavior\ReadHtmlCacheBehavior [ RunTime:0.000284s ]
INFO: [ app_begin ] --END-- [ RunTime:0.000376s ]
SQL: SHOW COLUMNS FROM `message` [ RunTime:0.0020s ]
SQL: SELECT * FROM `message` ORDER BY m_id desc  [ RunTime:0.0014s ]

[ 2021-12-08T22:23:24+08:00 ] ::1 /treehole/index.php/Home/User/login
INFO: [ app_init ] --START--
INFO: Run Behavior\BuildLiteBehavior [ RunTime:0.000016s ]
INFO: [ app_init ] --END-- [ RunTime:0.000143s ]
INFO: [ app_begin ] --START--
INFO: Run Behavior\ReadHtmlCacheBehavior [ RunTime:0.000165s ]
INFO: [ app_begin ] --END-- [ RunTime:0.000220s ]
SQL: SHOW COLUMNS FROM `user` [ RunTime:0.0026s ]
SQL: SELECT * FROM `user` WHERE `phone` = '13411945045' LIMIT 1   [ RunTime:0.0007s ]

[ 2021-12-08T22:23:24+08:00 ] ::1 /treehole/index.php/Home/Message/get_one_user_all_messages
INFO: [ app_init ] --START--
INFO: Run Behavior\BuildLiteBehavior [ RunTime:0.000017s ]
INFO: [ app_init ] --END-- [ RunTime:0.000165s ]
INFO: [ app_begin ] --START--
INFO: Run Behavior\ReadHtmlCacheBehavior [ RunTime:0.000334s ]
INFO: [ app_begin ] --END-- [ RunTime:0.000551s ]
SQL: SHOW COLUMNS FROM `message` [ RunTime:0.0026s ]
SQL: SELECT * FROM `message` WHERE `u_id` = 7 ORDER BY m_id desc  [ RunTime:0.0020s ]

[ 2021-12-08T22:23:25+08:00 ] ::1 /treehole/index.php/Home/Message/get_all_messages
INFO: [ app_init ] --START--
INFO: Run Behavior\BuildLiteBehavior [ RunTime:0.000022s ]
INFO: [ app_init ] --END-- [ RunTime:0.000111s ]
INFO: [ app_begin ] --START--
INFO: Run Behavior\ReadHtmlCacheBehavior [ RunTime:0.000134s ]
INFO: [ app_begin ] --END-- [ RunTime:0.000195s ]
SQL: SHOW COLUMNS FROM `message` [ RunTime:0.0019s ]
SQL: SELECT * FROM `message` ORDER BY m_id desc  [ RunTime:0.0003s ]

[ 2021-12-08T22:27:43+08:00 ] ::1 /treehole/index.php/Home/Comment/get_one_message_all_comments
INFO: [ app_init ] --START--
INFO: Run Behavior\BuildLiteBehavior [ RunTime:0.000014s ]
INFO: [ app_init ] --END-- [ RunTime:0.000198s ]
INFO: [ app_begin ] --START--
INFO: Run Behavior\ReadHtmlCacheBehavior [ RunTime:0.000722s ]
INFO: [ app_begin ] --END-- [ RunTime:0.000836s ]
SQL: SHOW COLUMNS FROM `comment` [ RunTime:0.0030s ]
SQL: SELECT * FROM `comment` WHERE `m_id` = 29 ORDER BY c_id asc  [ RunTime:0.0020s ]

[ 2021-12-08T22:35:11+08:00 ] ::1 /treehole/index.php/Home/Comment/get_all_comments
INFO: [ app_init ] --START--
INFO: Run Behavior\BuildLiteBehavior [ RunTime:0.000016s ]
INFO: [ app_init ] --END-- [ RunTime:0.000200s ]
INFO: [ app_begin ] --START--
INFO: Run Behavior\ReadHtmlCacheBehavior [ RunTime:0.000574s ]
INFO: [ app_begin ] --END-- [ RunTime:0.000661s ]
SQL: SHOW COLUMNS FROM `comment` [ RunTime:0.0049s ]
SQL: SELECT * FROM `comment` ORDER BY m_id asc  [ RunTime:0.0027s ]

[ 2021-12-08T22:40:34+08:00 ] ::1 /treehole/index.php/Home/User/login
INFO: [ app_init ] --START--
INFO: Run Behavior\BuildLiteBehavior [ RunTime:0.000016s ]
INFO: [ app_init ] --END-- [ RunTime:0.000196s ]
INFO: [ app_begin ] --START--
INFO: Run Behavior\ReadHtmlCacheBehavior [ RunTime:0.000325s ]
INFO: [ app_begin ] --END-- [ RunTime:0.000382s ]
SQL: SHOW COLUMNS FROM `user` [ RunTime:0.0035s ]
SQL: SELECT * FROM `user` WHERE `phone` = '13411945045' LIMIT 1   [ RunTime:0.0029s ]

[ 2021-12-08T22:40:34+08:00 ] ::1 /treehole/index.php/Home/Message/get_one_user_all_messages
INFO: [ app_init ] --START--
INFO: Run Behavior\BuildLiteBehavior [ RunTime:0.000014s ]
INFO: [ app_init ] --END-- [ RunTime:0.000088s ]
INFO: [ app_begin ] --START--
INFO: Run Behavior\ReadHtmlCacheBehavior [ RunTime:0.000128s ]
INFO: [ app_begin ] --END-- [ RunTime:0.000186s ]
SQL: SHOW COLUMNS FROM `message` [ RunTime:0.0069s ]
SQL: SELECT * FROM `message` WHERE `u_id` = 7 ORDER BY m_id desc  [ RunTime:0.0024s ]

[ 2021-12-08T22:40:35+08:00 ] ::1 /treehole/index.php/Home/Message/get_all_messages
INFO: [ app_init ] --START--
INFO: Run Behavior\BuildLiteBehavior [ RunTime:0.000086s ]
INFO: [ app_init ] --END-- [ RunTime:0.000405s ]
INFO: [ app_begin ] --START--
INFO: Run Behavior\ReadHtmlCacheBehavior [ RunTime:0.000480s ]
INFO: [ app_begin ] --END-- [ RunTime:0.000666s ]
SQL: SHOW COLUMNS FROM `message` [ RunTime:0.0046s ]
SQL: SELECT * FROM `message` ORDER BY m_id desc  [ RunTime:0.0009s ]

[ 2021-12-08T22:40:36+08:00 ] ::1 /treehole/index.php/Home/Comment/get_all_comments
INFO: [ app_init ] --START--
INFO: Run Behavior\BuildLiteBehavior [ RunTime:0.000037s ]
INFO: [ app_init ] --END-- [ RunTime:0.000240s ]
INFO: [ app_begin ] --START--
INFO: Run Behavior\ReadHtmlCacheBehavior [ RunTime:0.001003s ]
INFO: [ app_begin ] --END-- [ RunTime:0.001155s ]
SQL: SHOW COLUMNS FROM `comment` [ RunTime:0.0045s ]
SQL: SELECT * FROM `comment` ORDER BY m_id asc  [ RunTime:0.0039s ]

[ 2021-12-08T22:58:28+08:00 ] ::1 /treehole/index.php/Home/User/login
INFO: [ app_init ] --START--
INFO: Run Behavior\BuildLiteBehavior [ RunTime:0.000016s ]
INFO: [ app_init ] --END-- [ RunTime:0.000219s ]
INFO: [ app_begin ] --START--
INFO: Run Behavior\ReadHtmlCacheBehavior [ RunTime:0.000371s ]
INFO: [ app_begin ] --END-- [ RunTime:0.000459s ]
SQL: SHOW COLUMNS FROM `user` [ RunTime:0.0072s ]
SQL: SELECT * FROM `user` WHERE `phone` = '13411945045' LIMIT 1   [ RunTime:0.0015s ]

[ 2021-12-08T22:58:28+08:00 ] ::1 /treehole/index.php/Home/Message/get_one_user_all_messages
INFO: [ app_init ] --START--
INFO: Run Behavior\BuildLiteBehavior [ RunTime:0.000015s ]
INFO: [ app_init ] --END-- [ RunTime:0.000088s ]
INFO: [ app_begin ] --START--
INFO: Run Behavior\ReadHtmlCacheBehavior [ RunTime:0.000188s ]
INFO: [ app_begin ] --END-- [ RunTime:0.000248s ]
SQL: SHOW COLUMNS FROM `message` [ RunTime:0.0030s ]
SQL: SELECT * FROM `message` WHERE `u_id` = 7 ORDER BY m_id desc  [ RunTime:0.0193s ]

[ 2021-12-08T22:58:29+08:00 ] ::1 /treehole/index.php/Home/Comment/get_all_comments
INFO: [ app_init ] --START--
INFO: Run Behavior\BuildLiteBehavior [ RunTime:0.000044s ]
INFO: [ app_init ] --END-- [ RunTime:0.000253s ]
INFO: [ app_begin ] --START--
INFO: Run Behavior\ReadHtmlCacheBehavior [ RunTime:0.000379s ]
INFO: [ app_begin ] --END-- [ RunTime:0.000459s ]
SQL: SHOW COLUMNS FROM `comment` [ RunTime:0.0050s ]
SQL: SELECT * FROM `comment` ORDER BY m_id asc  [ RunTime:0.0006s ]

[ 2021-12-08T22:58:29+08:00 ] ::1 /treehole/index.php/Home/Message/get_all_messages
INFO: [ app_init ] --START--
INFO: Run Behavior\BuildLiteBehavior [ RunTime:0.000016s ]
INFO: [ app_init ] --END-- [ RunTime:0.000121s ]
INFO: [ app_begin ] --START--
INFO: Run Behavior\ReadHtmlCacheBehavior [ RunTime:0.000144s ]
INFO: [ app_begin ] --END-- [ RunTime:0.000202s ]
SQL: SHOW COLUMNS FROM `message` [ RunTime:0.0059s ]
SQL: SELECT * FROM `message` ORDER BY m_id desc  [ RunTime:0.0019s ]

[ 2021-12-08T23:02:24+08:00 ] ::1 /treehole/index.php/Home/User/login
INFO: [ app_init ] --START--
INFO: Run Behavior\BuildLiteBehavior [ RunTime:0.000014s ]
INFO: [ app_init ] --END-- [ RunTime:0.000192s ]
INFO: [ app_begin ] --START--
INFO: Run Behavior\ReadHtmlCacheBehavior [ RunTime:0.000336s ]
INFO: [ app_begin ] --END-- [ RunTime:0.000390s ]
SQL: SHOW COLUMNS FROM `user` [ RunTime:0.0026s ]
SQL: SELECT * FROM `user` WHERE `phone` = '13411945045' LIMIT 1   [ RunTime:0.0013s ]

[ 2021-12-08T23:02:24+08:00 ] ::1 /treehole/index.php/Home/Message/get_one_user_all_messages
INFO: [ app_init ] --START--
INFO: Run Behavior\BuildLiteBehavior [ RunTime:0.000014s ]
INFO: [ app_init ] --END-- [ RunTime:0.000084s ]
INFO: [ app_begin ] --START--
INFO: Run Behavior\ReadHtmlCacheBehavior [ RunTime:0.000135s ]
INFO: [ app_begin ] --END-- [ RunTime:0.000190s ]
SQL: SHOW COLUMNS FROM `message` [ RunTime:0.0017s ]
SQL: SELECT * FROM `message` WHERE `u_id` = 7 ORDER BY m_id desc  [ RunTime:0.0009s ]

[ 2021-12-08T23:02:25+08:00 ] ::1 /treehole/index.php/Home/Message/get_all_messages
INFO: [ app_init ] --START--
INFO: Run Behavior\BuildLiteBehavior [ RunTime:0.000026s ]
INFO: [ app_init ] --END-- [ RunTime:0.000142s ]
INFO: [ app_begin ] --START--
INFO: Run Behavior\ReadHtmlCacheBehavior [ RunTime:0.000201s ]
INFO: [ app_begin ] --END-- [ RunTime:0.000293s ]
SQL: SHOW COLUMNS FROM `message` [ RunTime:0.0023s ]
SQL: SELECT * FROM `message` ORDER BY m_id desc  [ RunTime:0.0005s ]

[ 2021-12-08T23:02:25+08:00 ] ::1 /treehole/index.php/Home/Comment/get_all_comments
INFO: [ app_init ] --START--
INFO: Run Behavior\BuildLiteBehavior [ RunTime:0.000055s ]
INFO: [ app_init ] --END-- [ RunTime:0.000282s ]
INFO: [ app_begin ] --START--
INFO: Run Behavior\ReadHtmlCacheBehavior [ RunTime:0.001749s ]
INFO: [ app_begin ] --END-- [ RunTime:0.001941s ]
SQL: SHOW COLUMNS FROM `comment` [ RunTime:0.0051s ]
SQL: SELECT * FROM `comment` ORDER BY m_id asc  [ RunTime:0.0011s ]

[ 2021-12-08T23:03:39+08:00 ] ::1 /treehole/index.php/Home/User/login
INFO: [ app_init ] --START--
INFO: Run Behavior\BuildLiteBehavior [ RunTime:0.000015s ]
INFO: [ app_init ] --END-- [ RunTime:0.000199s ]
INFO: [ app_begin ] --START--
INFO: Run Behavior\ReadHtmlCacheBehavior [ RunTime:0.000159s ]
INFO: [ app_begin ] --END-- [ RunTime:0.000215s ]
SQL: SHOW COLUMNS FROM `user` [ RunTime:0.0077s ]
SQL: SELECT * FROM `user` WHERE `phone` = '13411945045' LIMIT 1   [ RunTime:0.0029s ]

[ 2021-12-08T23:03:39+08:00 ] ::1 /treehole/index.php/Home/Message/get_one_user_all_messages
INFO: [ app_init ] --START--
INFO: Run Behavior\BuildLiteBehavior [ RunTime:0.000015s ]
INFO: [ app_init ] --END-- [ RunTime:0.000092s ]
INFO: [ app_begin ] --START--
INFO: Run Behavior\ReadHtmlCacheBehavior [ RunTime:0.000126s ]
INFO: [ app_begin ] --END-- [ RunTime:0.000181s ]
SQL: SHOW COLUMNS FROM `message` [ RunTime:0.0033s ]
SQL: SELECT * FROM `message` WHERE `u_id` = 7 ORDER BY m_id desc  [ RunTime:0.0013s ]

[ 2021-12-08T23:03:41+08:00 ] ::1 /treehole/index.php/Home/Comment/get_all_comments
INFO: [ app_init ] --START--
INFO: Run Behavior\BuildLiteBehavior [ RunTime:0.000013s ]
INFO: [ app_init ] --END-- [ RunTime:0.000081s ]
INFO: [ app_begin ] --START--
INFO: Run Behavior\ReadHtmlCacheBehavior [ RunTime:0.000132s ]
INFO: [ app_begin ] --END-- [ RunTime:0.000189s ]
SQL: SHOW COLUMNS FROM `comment` [ RunTime:0.0028s ]
SQL: SELECT * FROM `comment` ORDER BY m_id asc  [ RunTime:0.0005s ]

[ 2021-12-08T23:03:41+08:00 ] ::1 /treehole/index.php/Home/Message/get_all_messages
INFO: [ app_init ] --START--
INFO: Run Behavior\BuildLiteBehavior [ RunTime:0.000014s ]
INFO: [ app_init ] --END-- [ RunTime:0.000088s ]
INFO: [ app_begin ] --START--
INFO: Run Behavior\ReadHtmlCacheBehavior [ RunTime:0.000202s ]
INFO: [ app_begin ] --END-- [ RunTime:0.000262s ]
SQL: SHOW COLUMNS FROM `message` [ RunTime:0.0029s ]
SQL: SELECT * FROM `message` ORDER BY m_id desc  [ RunTime:0.0005s ]

[ 2021-12-08T23:07:16+08:00 ] ::1 /treehole/index.php/Home/User/login
INFO: [ app_init ] --START--
INFO: Run Behavior\BuildLiteBehavior [ RunTime:0.000016s ]
INFO: [ app_init ] --END-- [ RunTime:0.000205s ]
INFO: [ app_begin ] --START--
INFO: Run Behavior\ReadHtmlCacheBehavior [ RunTime:0.000423s ]
INFO: [ app_begin ] --END-- [ RunTime:0.000495s ]
SQL: SHOW COLUMNS FROM `user` [ RunTime:0.0028s ]
SQL: SELECT * FROM `user` WHERE `phone` = '13411945045' LIMIT 1   [ RunTime:0.0002s ]

[ 2021-12-08T23:07:16+08:00 ] ::1 /treehole/index.php/Home/Message/get_one_user_all_messages
INFO: [ app_init ] --START--
INFO: Run Behavior\BuildLiteBehavior [ RunTime:0.000018s ]
INFO: [ app_init ] --END-- [ RunTime:0.000103s ]
INFO: [ app_begin ] --START--
INFO: Run Behavior\ReadHtmlCacheBehavior [ RunTime:0.000155s ]
INFO: [ app_begin ] --END-- [ RunTime:0.000223s ]
SQL: SHOW COLUMNS FROM `message` [ RunTime:0.0039s ]
SQL: SELECT * FROM `message` WHERE `u_id` = 7 ORDER BY m_id desc  [ RunTime:0.0004s ]

[ 2021-12-08T23:07:17+08:00 ] ::1 /treehole/index.php/Home/Message/get_all_messages
INFO: [ app_init ] --START--
INFO: Run Behavior\BuildLiteBehavior [ RunTime:0.000024s ]
INFO: [ app_init ] --END-- [ RunTime:0.000209s ]
INFO: [ app_begin ] --START--
INFO: Run Behavior\ReadHtmlCacheBehavior [ RunTime:0.000169s ]
INFO: [ app_begin ] --END-- [ RunTime:0.000242s ]
SQL: SHOW COLUMNS FROM `message` [ RunTime:0.0015s ]
SQL: SELECT * FROM `message` ORDER BY m_id desc  [ RunTime:0.0004s ]

[ 2021-12-08T23:07:17+08:00 ] ::1 /treehole/index.php/Home/Comment/get_all_comments
INFO: [ app_init ] --START--
INFO: Run Behavior\BuildLiteBehavior [ RunTime:0.000016s ]
INFO: [ app_init ] --END-- [ RunTime:0.000096s ]
INFO: [ app_begin ] --START--
INFO: Run Behavior\ReadHtmlCacheBehavior [ RunTime:0.000373s ]
INFO: [ app_begin ] --END-- [ RunTime:0.000448s ]
SQL: SHOW COLUMNS FROM `comment` [ RunTime:0.0018s ]
SQL: SELECT * FROM `comment` ORDER BY m_id asc  [ RunTime:0.0004s ]

[ 2021-12-08T23:08:07+08:00 ] ::1 /treehole/index.php/Home/User/login
INFO: [ app_init ] --START--
INFO: Run Behavior\BuildLiteBehavior [ RunTime:0.000027s ]
INFO: [ app_init ] --END-- [ RunTime:0.000334s ]
INFO: [ app_begin ] --START--
INFO: Run Behavior\ReadHtmlCacheBehavior [ RunTime:0.000253s ]
INFO: [ app_begin ] --END-- [ RunTime:0.000360s ]
SQL: SHOW COLUMNS FROM `user` [ RunTime:0.0041s ]
SQL: SELECT * FROM `user` WHERE `phone` = '13411945045' LIMIT 1   [ RunTime:0.0008s ]

[ 2021-12-08T23:08:07+08:00 ] ::1 /treehole/index.php/Home/Message/get_one_user_all_messages
INFO: [ app_init ] --START--
INFO: Run Behavior\BuildLiteBehavior [ RunTime:0.000016s ]
INFO: [ app_init ] --END-- [ RunTime:0.000091s ]
INFO: [ app_begin ] --START--
INFO: Run Behavior\ReadHtmlCacheBehavior [ RunTime:0.000385s ]
INFO: [ app_begin ] --END-- [ RunTime:0.000528s ]
SQL: SHOW COLUMNS FROM `message` [ RunTime:0.0025s ]
SQL: SELECT * FROM `message` WHERE `u_id` = 7 ORDER BY m_id desc  [ RunTime:0.0006s ]

[ 2021-12-08T23:08:09+08:00 ] ::1 /treehole/index.php/Home/Message/get_all_messages
INFO: [ app_init ] --START--
INFO: Run Behavior\BuildLiteBehavior [ RunTime:0.000019s ]
INFO: [ app_init ] --END-- [ RunTime:0.000128s ]
INFO: [ app_begin ] --START--
INFO: Run Behavior\ReadHtmlCacheBehavior [ RunTime:0.000150s ]
INFO: [ app_begin ] --END-- [ RunTime:0.000212s ]
SQL: SHOW COLUMNS FROM `message` [ RunTime:0.0014s ]
SQL: SELECT * FROM `message` ORDER BY m_id desc  [ RunTime:0.0005s ]

[ 2021-12-08T23:08:09+08:00 ] ::1 /treehole/index.php/Home/Comment/get_all_comments
INFO: [ app_init ] --START--
INFO: Run Behavior\BuildLiteBehavior [ RunTime:0.000020s ]
INFO: [ app_init ] --END-- [ RunTime:0.000136s ]
INFO: [ app_begin ] --START--
INFO: Run Behavior\ReadHtmlCacheBehavior [ RunTime:0.000380s ]
INFO: [ app_begin ] --END-- [ RunTime:0.000492s ]
SQL: SHOW COLUMNS FROM `comment` [ RunTime:0.0033s ]
SQL: SELECT * FROM `comment` ORDER BY m_id asc  [ RunTime:0.0020s ]

[ 2021-12-08T23:08:54+08:00 ] ::1 /treehole/index.php/Home/User/login
INFO: [ app_init ] --START--
INFO: Run Behavior\BuildLiteBehavior [ RunTime:0.000016s ]
INFO: [ app_init ] --END-- [ RunTime:0.000166s ]
INFO: [ app_begin ] --START--
INFO: Run Behavior\ReadHtmlCacheBehavior [ RunTime:0.000166s ]
INFO: [ app_begin ] --END-- [ RunTime:0.000221s ]
SQL: SHOW COLUMNS FROM `user` [ RunTime:0.0038s ]
SQL: SELECT * FROM `user` WHERE `phone` = '13411945045' LIMIT 1   [ RunTime:0.0003s ]

[ 2021-12-08T23:08:55+08:00 ] ::1 /treehole/index.php/Home/Message/get_one_user_all_messages
INFO: [ app_init ] --START--
INFO: Run Behavior\BuildLiteBehavior [ RunTime:0.000015s ]
INFO: [ app_init ] --END-- [ RunTime:0.000091s ]
INFO: [ app_begin ] --START--
INFO: Run Behavior\ReadHtmlCacheBehavior [ RunTime:0.000127s ]
INFO: [ app_begin ] --END-- [ RunTime:0.000185s ]
SQL: SHOW COLUMNS FROM `message` [ RunTime:0.0034s ]
SQL: SELECT * FROM `message` WHERE `u_id` = 7 ORDER BY m_id desc  [ RunTime:0.0012s ]

[ 2021-12-08T23:08:56+08:00 ] ::1 /treehole/index.php/Home/Message/get_all_messages
INFO: [ app_init ] --START--
INFO: Run Behavior\BuildLiteBehavior [ RunTime:0.000020s ]
INFO: [ app_init ] --END-- [ RunTime:0.000115s ]
INFO: [ app_begin ] --START--
INFO: Run Behavior\ReadHtmlCacheBehavior [ RunTime:0.000156s ]
INFO: [ app_begin ] --END-- [ RunTime:0.000252s ]
SQL: SHOW COLUMNS FROM `message` [ RunTime:0.0013s ]
SQL: SELECT * FROM `message` ORDER BY m_id desc  [ RunTime:0.0008s ]

[ 2021-12-08T23:08:56+08:00 ] ::1 /treehole/index.php/Home/Comment/get_all_comments
INFO: [ app_init ] --START--
INFO: Run Behavior\BuildLiteBehavior [ RunTime:0.000027s ]
INFO: [ app_init ] --END-- [ RunTime:0.000134s ]
INFO: [ app_begin ] --START--
INFO: Run Behavior\ReadHtmlCacheBehavior [ RunTime:0.000140s ]
INFO: [ app_begin ] --END-- [ RunTime:0.000201s ]
SQL: SHOW COLUMNS FROM `comment` [ RunTime:0.0026s ]
SQL: SELECT * FROM `comment` ORDER BY m_id asc  [ RunTime:0.0039s ]

[ 2021-12-08T23:09:28+08:00 ] ::1 /treehole/index.php/Home/Message/get_one_user_all_messages
INFO: [ app_init ] --START--
INFO: Run Behavior\BuildLiteBehavior [ RunTime:0.000023s ]
INFO: [ app_init ] --END-- [ RunTime:0.000204s ]
INFO: [ app_begin ] --START--
INFO: Run Behavior\ReadHtmlCacheBehavior [ RunTime:0.000519s ]
INFO: [ app_begin ] --END-- [ RunTime:0.000609s ]
SQL: SHOW COLUMNS FROM `message` [ RunTime:0.0013s ]
SQL: SELECT * FROM `message` WHERE `u_id` = 7 ORDER BY m_id desc  [ RunTime:0.0004s ]

[ 2021-12-08T23:09:29+08:00 ] ::1 /treehole/index.php/Home/Message/get_all_messages
INFO: [ app_init ] --START--
INFO: Run Behavior\BuildLiteBehavior [ RunTime:0.000027s ]
INFO: [ app_init ] --END-- [ RunTime:0.000131s ]
INFO: [ app_begin ] --START--
INFO: Run Behavior\ReadHtmlCacheBehavior [ RunTime:0.000172s ]
INFO: [ app_begin ] --END-- [ RunTime:0.000246s ]
SQL: SHOW COLUMNS FROM `message` [ RunTime:0.0014s ]
SQL: SELECT * FROM `message` ORDER BY m_id desc  [ RunTime:0.0005s ]

[ 2021-12-08T23:09:29+08:00 ] ::1 /treehole/index.php/Home/Comment/get_all_comments
INFO: [ app_init ] --START--
INFO: Run Behavior\BuildLiteBehavior [ RunTime:0.000016s ]
INFO: [ app_init ] --END-- [ RunTime:0.000097s ]
INFO: [ app_begin ] --START--
INFO: Run Behavior\ReadHtmlCacheBehavior [ RunTime:0.000381s ]
INFO: [ app_begin ] --END-- [ RunTime:0.000491s ]
SQL: SHOW COLUMNS FROM `comment` [ RunTime:0.0034s ]
SQL: SELECT * FROM `comment` ORDER BY m_id asc  [ RunTime:0.0097s ]

[ 2021-12-08T23:12:58+08:00 ] ::1 /treehole/index.php/Home/User/login
INFO: [ app_init ] --START--
INFO: Run Behavior\BuildLiteBehavior [ RunTime:0.000017s ]
INFO: [ app_init ] --END-- [ RunTime:0.000201s ]
INFO: [ app_begin ] --START--
INFO: Run Behavior\ReadHtmlCacheBehavior [ RunTime:0.000316s ]
INFO: [ app_begin ] --END-- [ RunTime:0.000376s ]
SQL: SHOW COLUMNS FROM `user` [ RunTime:0.0027s ]
SQL: SELECT * FROM `user` WHERE `phone` = '13411945045' LIMIT 1   [ RunTime:0.0004s ]

[ 2021-12-08T23:12:58+08:00 ] ::1 /treehole/index.php/Home/Message/get_one_user_all_messages
INFO: [ app_init ] --START--
INFO: Run Behavior\BuildLiteBehavior [ RunTime:0.000017s ]
INFO: [ app_init ] --END-- [ RunTime:0.000106s ]
INFO: [ app_begin ] --START--
INFO: Run Behavior\ReadHtmlCacheBehavior [ RunTime:0.000140s ]
INFO: [ app_begin ] --END-- [ RunTime:0.000204s ]
SQL: SHOW COLUMNS FROM `message` [ RunTime:0.0020s ]
SQL: SELECT * FROM `message` WHERE `u_id` = 7 ORDER BY m_id desc  [ RunTime:0.0004s ]

[ 2021-12-08T23:13:01+08:00 ] ::1 /treehole/index.php/Home/Comment/get_all_comments
INFO: [ app_init ] --START--
INFO: Run Behavior\BuildLiteBehavior [ RunTime:0.000017s ]
INFO: [ app_init ] --END-- [ RunTime:0.000101s ]
INFO: [ app_begin ] --START--
INFO: Run Behavior\ReadHtmlCacheBehavior [ RunTime:0.000359s ]
INFO: [ app_begin ] --END-- [ RunTime:0.000426s ]
SQL: SHOW COLUMNS FROM `comment` [ RunTime:0.0017s ]
SQL: SELECT * FROM `comment` ORDER BY m_id asc  [ RunTime:0.0003s ]

[ 2021-12-08T23:13:01+08:00 ] ::1 /treehole/index.php/Home/Message/get_all_messages
INFO: [ app_init ] --START--
INFO: Run Behavior\BuildLiteBehavior [ RunTime:0.000017s ]
INFO: [ app_init ] --END-- [ RunTime:0.000149s ]
INFO: [ app_begin ] --START--
INFO: Run Behavior\ReadHtmlCacheBehavior [ RunTime:0.000221s ]
INFO: [ app_begin ] --END-- [ RunTime:0.000288s ]
SQL: SHOW COLUMNS FROM `message` [ RunTime:0.0021s ]
SQL: SELECT * FROM `message` ORDER BY m_id desc  [ RunTime:0.0011s ]

[ 2021-12-08T23:16:54+08:00 ] ::1 /treehole/index.php/Home/User/login
INFO: [ app_init ] --START--
INFO: Run Behavior\BuildLiteBehavior [ RunTime:0.000019s ]
INFO: [ app_init ] --END-- [ RunTime:0.000223s ]
INFO: [ app_begin ] --START--
INFO: Run Behavior\ReadHtmlCacheBehavior [ RunTime:0.000386s ]
INFO: [ app_begin ] --END-- [ RunTime:0.000453s ]
SQL: SHOW COLUMNS FROM `user` [ RunTime:0.0027s ]
SQL: SELECT * FROM `user` WHERE `phone` = '13411945045' LIMIT 1   [ RunTime:0.0003s ]

[ 2021-12-08T23:16:54+08:00 ] ::1 /treehole/index.php/Home/Message/get_one_user_all_messages
INFO: [ app_init ] --START--
INFO: Run Behavior\BuildLiteBehavior [ RunTime:0.000111s ]
INFO: [ app_init ] --END-- [ RunTime:0.000860s ]
INFO: [ app_begin ] --START--
INFO: Run Behavior\ReadHtmlCacheBehavior [ RunTime:0.000302s ]
INFO: [ app_begin ] --END-- [ RunTime:0.000536s ]
SQL: SHOW COLUMNS FROM `message` [ RunTime:0.0018s ]
SQL: SELECT * FROM `message` WHERE `u_id` = 7 ORDER BY m_id desc  [ RunTime:0.0004s ]

[ 2021-12-08T23:16:55+08:00 ] ::1 /treehole/index.php/Home/Comment/get_all_comments
INFO: [ app_init ] --START--
INFO: Run Behavior\BuildLiteBehavior [ RunTime:0.000019s ]
INFO: [ app_init ] --END-- [ RunTime:0.000121s ]
INFO: [ app_begin ] --START--
INFO: Run Behavior\ReadHtmlCacheBehavior [ RunTime:0.000400s ]
INFO: [ app_begin ] --END-- [ RunTime:0.000499s ]
SQL: SHOW COLUMNS FROM `comment` [ RunTime:0.0024s ]
SQL: SELECT * FROM `comment` ORDER BY m_id asc  [ RunTime:0.0004s ]

[ 2021-12-08T23:16:55+08:00 ] ::1 /treehole/index.php/Home/Message/get_all_messages
INFO: [ app_init ] --START--
INFO: Run Behavior\BuildLiteBehavior [ RunTime:0.000029s ]
INFO: [ app_init ] --END-- [ RunTime:0.000166s ]
INFO: [ app_begin ] --START--
INFO: Run Behavior\ReadHtmlCacheBehavior [ RunTime:0.000144s ]
INFO: [ app_begin ] --END-- [ RunTime:0.000214s ]
SQL: SHOW COLUMNS FROM `message` [ RunTime:0.0064s ]
SQL: SELECT * FROM `message` ORDER BY m_id desc  [ RunTime:0.0017s ]

[ 2021-12-08T23:17:20+08:00 ] ::1 /treehole/index.php/Home/User/login
INFO: [ app_init ] --START--
INFO: Run Behavior\BuildLiteBehavior [ RunTime:0.000017s ]
INFO: [ app_init ] --END-- [ RunTime:0.000143s ]
INFO: [ app_begin ] --START--
INFO: Run Behavior\ReadHtmlCacheBehavior [ RunTime:0.000167s ]
INFO: [ app_begin ] --END-- [ RunTime:0.000228s ]
SQL: SHOW COLUMNS FROM `user` [ RunTime:0.0036s ]
SQL: SELECT * FROM `user` WHERE `phone` = '13411945045' LIMIT 1   [ RunTime:0.0014s ]

[ 2021-12-08T23:17:20+08:00 ] ::1 /treehole/index.php/Home/Message/get_one_user_all_messages
INFO: [ app_init ] --START--
INFO: Run Behavior\BuildLiteBehavior [ RunTime:0.000018s ]
INFO: [ app_init ] --END-- [ RunTime:0.000104s ]
INFO: [ app_begin ] --START--
INFO: Run Behavior\ReadHtmlCacheBehavior [ RunTime:0.000154s ]
INFO: [ app_begin ] --END-- [ RunTime:0.000223s ]
SQL: SHOW COLUMNS FROM `message` [ RunTime:0.0015s ]
SQL: SELECT * FROM `message` WHERE `u_id` = 7 ORDER BY m_id desc  [ RunTime:0.0018s ]

[ 2021-12-08T23:17:22+08:00 ] ::1 /treehole/index.php/Home/Comment/get_all_comments
INFO: [ app_init ] --START--
INFO: Run Behavior\BuildLiteBehavior [ RunTime:0.000044s ]
INFO: [ app_init ] --END-- [ RunTime:0.000325s ]
INFO: [ app_begin ] --START--
INFO: Run Behavior\ReadHtmlCacheBehavior [ RunTime:0.000155s ]
INFO: [ app_begin ] --END-- [ RunTime:0.000221s ]
SQL: SHOW COLUMNS FROM `comment` [ RunTime:0.0014s ]
SQL: SELECT * FROM `comment` ORDER BY m_id asc  [ RunTime:0.0004s ]

[ 2021-12-08T23:17:22+08:00 ] ::1 /treehole/index.php/Home/Message/get_all_messages
INFO: [ app_init ] --START--
INFO: Run Behavior\BuildLiteBehavior [ RunTime:0.000030s ]
INFO: [ app_init ] --END-- [ RunTime:0.000173s ]
INFO: [ app_begin ] --START--
INFO: Run Behavior\ReadHtmlCacheBehavior [ RunTime:0.000215s ]
INFO: [ app_begin ] --END-- [ RunTime:0.000331s ]
SQL: SHOW COLUMNS FROM `message` [ RunTime:0.0061s ]
SQL: SELECT * FROM `message` ORDER BY m_id desc  [ RunTime:0.0007s ]

[ 2021-12-08T23:18:36+08:00 ] ::1 /treehole/index.php/Home/User/login
INFO: [ app_init ] --START--
INFO: Run Behavior\BuildLiteBehavior [ RunTime:0.000026s ]
INFO: [ app_init ] --END-- [ RunTime:0.000221s ]
INFO: [ app_begin ] --START--
INFO: Run Behavior\ReadHtmlCacheBehavior [ RunTime:0.000245s ]
INFO: [ app_begin ] --END-- [ RunTime:0.000332s ]
SQL: SHOW COLUMNS FROM `user` [ RunTime:0.0012s ]
SQL: SELECT * FROM `user` WHERE `phone` = '13411945045' LIMIT 1   [ RunTime:0.0004s ]

[ 2021-12-08T23:18:36+08:00 ] ::1 /treehole/index.php/Home/Message/get_one_user_all_messages
INFO: [ app_init ] --START--
INFO: Run Behavior\BuildLiteBehavior [ RunTime:0.000018s ]
INFO: [ app_init ] --END-- [ RunTime:0.000107s ]
INFO: [ app_begin ] --START--
INFO: Run Behavior\ReadHtmlCacheBehavior [ RunTime:0.000166s ]
INFO: [ app_begin ] --END-- [ RunTime:0.000234s ]
SQL: SHOW COLUMNS FROM `message` [ RunTime:0.0024s ]
SQL: SELECT * FROM `message` WHERE `u_id` = 7 ORDER BY m_id desc  [ RunTime:0.0006s ]

[ 2021-12-08T23:18:38+08:00 ] ::1 /treehole/index.php/Home/Message/get_all_messages
INFO: [ app_init ] --START--
INFO: Run Behavior\BuildLiteBehavior [ RunTime:0.000034s ]
INFO: [ app_init ] --END-- [ RunTime:0.000203s ]
INFO: [ app_begin ] --START--
INFO: Run Behavior\ReadHtmlCacheBehavior [ RunTime:0.000354s ]
INFO: [ app_begin ] --END-- [ RunTime:0.000469s ]
SQL: SHOW COLUMNS FROM `message` [ RunTime:0.0013s ]
SQL: SELECT * FROM `message` ORDER BY m_id desc  [ RunTime:0.0003s ]

[ 2021-12-08T23:18:38+08:00 ] ::1 /treehole/index.php/Home/Comment/get_all_comments
INFO: [ app_init ] --START--
INFO: Run Behavior\BuildLiteBehavior [ RunTime:0.000017s ]
INFO: [ app_init ] --END-- [ RunTime:0.000091s ]
INFO: [ app_begin ] --START--
INFO: Run Behavior\ReadHtmlCacheBehavior [ RunTime:0.000137s ]
INFO: [ app_begin ] --END-- [ RunTime:0.000193s ]
SQL: SHOW COLUMNS FROM `comment` [ RunTime:0.0036s ]
SQL: SELECT * FROM `comment` ORDER BY m_id asc  [ RunTime:0.0004s ]

[ 2021-12-08T23:22:05+08:00 ] ::1 /treehole/index.php/Home/User/login
INFO: [ app_init ] --START--
INFO: Run Behavior\BuildLiteBehavior [ RunTime:0.000016s ]
INFO: [ app_init ] --END-- [ RunTime:0.000205s ]
INFO: [ app_begin ] --START--
INFO: Run Behavior\ReadHtmlCacheBehavior [ RunTime:0.000354s ]
INFO: [ app_begin ] --END-- [ RunTime:0.000416s ]
SQL: SHOW COLUMNS FROM `user` [ RunTime:0.0011s ]
SQL: SELECT * FROM `user` WHERE `phone` = '13411945045' LIMIT 1   [ RunTime:0.0003s ]

[ 2021-12-08T23:22:05+08:00 ] ::1 /treehole/index.php/Home/Message/get_one_user_all_messages
INFO: [ app_init ] --START--
INFO: Run Behavior\BuildLiteBehavior [ RunTime:0.000030s ]
INFO: [ app_init ] --END-- [ RunTime:0.000179s ]
INFO: [ app_begin ] --START--
INFO: Run Behavior\ReadHtmlCacheBehavior [ RunTime:0.000168s ]
INFO: [ app_begin ] --END-- [ RunTime:0.000235s ]
SQL: SHOW COLUMNS FROM `message` [ RunTime:0.0022s ]
SQL: SELECT * FROM `message` WHERE `u_id` = 7 ORDER BY m_id desc  [ RunTime:0.0004s ]

[ 2021-12-08T23:22:07+08:00 ] ::1 /treehole/index.php/Home/Message/get_all_messages
INFO: [ app_init ] --START--
INFO: Run Behavior\BuildLiteBehavior [ RunTime:0.000024s ]
INFO: [ app_init ] --END-- [ RunTime:0.000167s ]
INFO: [ app_begin ] --START--
INFO: Run Behavior\ReadHtmlCacheBehavior [ RunTime:0.000285s ]
INFO: [ app_begin ] --END-- [ RunTime:0.000429s ]
SQL: SHOW COLUMNS FROM `message` [ RunTime:0.0020s ]
SQL: SELECT * FROM `message` ORDER BY m_id desc  [ RunTime:0.0007s ]

[ 2021-12-08T23:22:07+08:00 ] ::1 /treehole/index.php/Home/Comment/get_all_comments
INFO: [ app_init ] --START--
INFO: Run Behavior\BuildLiteBehavior [ RunTime:0.000019s ]
INFO: [ app_init ] --END-- [ RunTime:0.000142s ]
INFO: [ app_begin ] --START--
INFO: Run Behavior\ReadHtmlCacheBehavior [ RunTime:0.000763s ]
INFO: [ app_begin ] --END-- [ RunTime:0.000900s ]
SQL: SHOW COLUMNS FROM `comment` [ RunTime:0.0050s ]
SQL: SELECT * FROM `comment` ORDER BY m_id asc  [ RunTime:0.0015s ]

[ 2021-12-08T23:22:34+08:00 ] ::1 /treehole/index.php/Home/User/login
INFO: [ app_init ] --START--
INFO: Run Behavior\BuildLiteBehavior [ RunTime:0.000015s ]
INFO: [ app_init ] --END-- [ RunTime:0.000208s ]
INFO: [ app_begin ] --START--
INFO: Run Behavior\ReadHtmlCacheBehavior [ RunTime:0.000175s ]
INFO: [ app_begin ] --END-- [ RunTime:0.000233s ]
SQL: SHOW COLUMNS FROM `user` [ RunTime:0.0020s ]
SQL: SELECT * FROM `user` WHERE `phone` = '13411945045' LIMIT 1   [ RunTime:0.0003s ]

[ 2021-12-08T23:22:34+08:00 ] ::1 /treehole/index.php/Home/Message/get_one_user_all_messages
INFO: [ app_init ] --START--
INFO: Run Behavior\BuildLiteBehavior [ RunTime:0.000015s ]
INFO: [ app_init ] --END-- [ RunTime:0.000087s ]
INFO: [ app_begin ] --START--
INFO: Run Behavior\ReadHtmlCacheBehavior [ RunTime:0.000263s ]
INFO: [ app_begin ] --END-- [ RunTime:0.000372s ]
SQL: SHOW COLUMNS FROM `message` [ RunTime:0.0014s ]
SQL: SELECT * FROM `message` WHERE `u_id` = 7 ORDER BY m_id desc  [ RunTime:0.0003s ]

[ 2021-12-08T23:22:35+08:00 ] ::1 /treehole/index.php/Home/Message/get_all_messages
INFO: [ app_init ] --START--
INFO: Run Behavior\BuildLiteBehavior [ RunTime:0.000020s ]
INFO: [ app_init ] --END-- [ RunTime:0.000107s ]
INFO: [ app_begin ] --START--
INFO: Run Behavior\ReadHtmlCacheBehavior [ RunTime:0.000228s ]
INFO: [ app_begin ] --END-- [ RunTime:0.000364s ]
SQL: SHOW COLUMNS FROM `message` [ RunTime:0.0012s ]
SQL: SELECT * FROM `message` ORDER BY m_id desc  [ RunTime:0.0004s ]

[ 2021-12-08T23:22:35+08:00 ] ::1 /treehole/index.php/Home/Comment/get_all_comments
INFO: [ app_init ] --START--
INFO: Run Behavior\BuildLiteBehavior [ RunTime:0.000021s ]
INFO: [ app_init ] --END-- [ RunTime:0.000134s ]
INFO: [ app_begin ] --START--
INFO: Run Behavior\ReadHtmlCacheBehavior [ RunTime:0.000499s ]
INFO: [ app_begin ] --END-- [ RunTime:0.000643s ]
SQL: SHOW COLUMNS FROM `comment` [ RunTime:0.0041s ]
SQL: SELECT * FROM `comment` ORDER BY m_id asc  [ RunTime:0.0004s ]

[ 2021-12-08T23:24:51+08:00 ] ::1 /treehole/index.php/Home/User/login
INFO: [ app_init ] --START--
INFO: Run Behavior\BuildLiteBehavior [ RunTime:0.000019s ]
INFO: [ app_init ] --END-- [ RunTime:0.000220s ]
INFO: [ app_begin ] --START--
INFO: Run Behavior\ReadHtmlCacheBehavior [ RunTime:0.000339s ]
INFO: [ app_begin ] --END-- [ RunTime:0.000402s ]
SQL: SHOW COLUMNS FROM `user` [ RunTime:0.0032s ]
SQL: SELECT * FROM `user` WHERE `phone` = '13411945045' LIMIT 1   [ RunTime:0.0004s ]

[ 2021-12-08T23:24:51+08:00 ] ::1 /treehole/index.php/Home/Message/get_one_user_all_messages
INFO: [ app_init ] --START--
INFO: Run Behavior\BuildLiteBehavior [ RunTime:0.000017s ]
INFO: [ app_init ] --END-- [ RunTime:0.000096s ]
INFO: [ app_begin ] --START--
INFO: Run Behavior\ReadHtmlCacheBehavior [ RunTime:0.000124s ]
INFO: [ app_begin ] --END-- [ RunTime:0.000186s ]
SQL: SHOW COLUMNS FROM `message` [ RunTime:0.0020s ]
SQL: SELECT * FROM `message` WHERE `u_id` = 7 ORDER BY m_id desc  [ RunTime:0.0004s ]

[ 2021-12-08T23:24:53+08:00 ] ::1 /treehole/index.php/Home/Message/get_all_messages
INFO: [ app_init ] --START--
INFO: Run Behavior\BuildLiteBehavior [ RunTime:0.000020s ]
INFO: [ app_init ] --END-- [ RunTime:0.000134s ]
INFO: [ app_begin ] --START--
INFO: Run Behavior\ReadHtmlCacheBehavior [ RunTime:0.000198s ]
INFO: [ app_begin ] --END-- [ RunTime:0.000360s ]
SQL: SHOW COLUMNS FROM `message` [ RunTime:0.0032s ]
SQL: SELECT * FROM `message` ORDER BY m_id desc  [ RunTime:0.0003s ]

[ 2021-12-08T23:24:53+08:00 ] ::1 /treehole/index.php/Home/Comment/get_all_comments
INFO: [ app_init ] --START--
INFO: Run Behavior\BuildLiteBehavior [ RunTime:0.000049s ]
INFO: [ app_init ] --END-- [ RunTime:0.000385s ]
INFO: [ app_begin ] --START--
INFO: Run Behavior\ReadHtmlCacheBehavior [ RunTime:0.000350s ]
INFO: [ app_begin ] --END-- [ RunTime:0.000420s ]
SQL: SHOW COLUMNS FROM `comment` [ RunTime:0.0048s ]
SQL: SELECT * FROM `comment` ORDER BY m_id asc  [ RunTime:0.0005s ]

[ 2021-12-08T23:25:15+08:00 ] ::1 /treehole/index.php/Home/User/login
INFO: [ app_init ] --START--
INFO: Run Behavior\BuildLiteBehavior [ RunTime:0.000015s ]
INFO: [ app_init ] --END-- [ RunTime:0.000192s ]
INFO: [ app_begin ] --START--
INFO: Run Behavior\ReadHtmlCacheBehavior [ RunTime:0.000160s ]
INFO: [ app_begin ] --END-- [ RunTime:0.000213s ]
SQL: SHOW COLUMNS FROM `user` [ RunTime:0.0019s ]
SQL: SELECT * FROM `user` WHERE `phone` = '13411945045' LIMIT 1   [ RunTime:0.0002s ]

[ 2021-12-08T23:25:15+08:00 ] ::1 /treehole/index.php/Home/Message/get_one_user_all_messages
INFO: [ app_init ] --START--
INFO: Run Behavior\BuildLiteBehavior [ RunTime:0.000017s ]
INFO: [ app_init ] --END-- [ RunTime:0.000092s ]
INFO: [ app_begin ] --START--
INFO: Run Behavior\ReadHtmlCacheBehavior [ RunTime:0.000133s ]
INFO: [ app_begin ] --END-- [ RunTime:0.000191s ]
SQL: SHOW COLUMNS FROM `message` [ RunTime:0.0032s ]
SQL: SELECT * FROM `message` WHERE `u_id` = 7 ORDER BY m_id desc  [ RunTime:0.0005s ]

[ 2021-12-08T23:25:17+08:00 ] ::1 /treehole/index.php/Home/Message/get_all_messages
INFO: [ app_init ] --START--
INFO: Run Behavior\BuildLiteBehavior [ RunTime:0.000062s ]
INFO: [ app_init ] --END-- [ RunTime:0.000331s ]
INFO: [ app_begin ] --START--
INFO: Run Behavior\ReadHtmlCacheBehavior [ RunTime:0.000274s ]
INFO: [ app_begin ] --END-- [ RunTime:0.000380s ]
SQL: SHOW COLUMNS FROM `message` [ RunTime:0.0013s ]
SQL: SELECT * FROM `message` ORDER BY m_id desc  [ RunTime:0.0003s ]

[ 2021-12-08T23:25:17+08:00 ] ::1 /treehole/index.php/Home/Comment/get_all_comments
INFO: [ app_init ] --START--
INFO: Run Behavior\BuildLiteBehavior [ RunTime:0.000018s ]
INFO: [ app_init ] --END-- [ RunTime:0.000104s ]
INFO: [ app_begin ] --START--
INFO: Run Behavior\ReadHtmlCacheBehavior [ RunTime:0.000144s ]
INFO: [ app_begin ] --END-- [ RunTime:0.000211s ]
SQL: SHOW COLUMNS FROM `comment` [ RunTime:0.0035s ]
SQL: SELECT * FROM `comment` ORDER BY m_id asc  [ RunTime:0.0009s ]

[ 2021-12-08T23:27:17+08:00 ] ::1 /treehole/index.php/Home/User/login
INFO: [ app_init ] --START--
INFO: Run Behavior\BuildLiteBehavior [ RunTime:0.000015s ]
INFO: [ app_init ] --END-- [ RunTime:0.000201s ]
INFO: [ app_begin ] --START--
INFO: Run Behavior\ReadHtmlCacheBehavior [ RunTime:0.000373s ]
INFO: [ app_begin ] --END-- [ RunTime:0.000435s ]
SQL: SHOW COLUMNS FROM `user` [ RunTime:0.0010s ]
SQL: SELECT * FROM `user` WHERE `phone` = '13411945045' LIMIT 1   [ RunTime:0.0002s ]

[ 2021-12-08T23:27:17+08:00 ] ::1 /treehole/index.php/Home/Message/get_one_user_all_messages
INFO: [ app_init ] --START--
INFO: Run Behavior\BuildLiteBehavior [ RunTime:0.000015s ]
INFO: [ app_init ] --END-- [ RunTime:0.000091s ]
INFO: [ app_begin ] --START--
INFO: Run Behavior\ReadHtmlCacheBehavior [ RunTime:0.000185s ]
INFO: [ app_begin ] --END-- [ RunTime:0.000255s ]
SQL: SHOW COLUMNS FROM `message` [ RunTime:0.0013s ]
SQL: SELECT * FROM `message` WHERE `u_id` = 7 ORDER BY m_id desc  [ RunTime:0.0005s ]

[ 2021-12-08T23:27:18+08:00 ] ::1 /treehole/index.php/Home/Message/get_all_messages
INFO: [ app_init ] --START--
INFO: Run Behavior\BuildLiteBehavior [ RunTime:0.000017s ]
INFO: [ app_init ] --END-- [ RunTime:0.000101s ]
INFO: [ app_begin ] --START--
INFO: Run Behavior\ReadHtmlCacheBehavior [ RunTime:0.000144s ]
INFO: [ app_begin ] --END-- [ RunTime:0.000206s ]
SQL: SHOW COLUMNS FROM `message` [ RunTime:0.0012s ]
SQL: SELECT * FROM `message` ORDER BY m_id desc  [ RunTime:0.0004s ]

[ 2021-12-08T23:27:18+08:00 ] ::1 /treehole/index.php/Home/Comment/get_all_comments
INFO: [ app_init ] --START--
INFO: Run Behavior\BuildLiteBehavior [ RunTime:0.000015s ]
INFO: [ app_init ] --END-- [ RunTime:0.000093s ]
INFO: [ app_begin ] --START--
INFO: Run Behavior\ReadHtmlCacheBehavior [ RunTime:0.000333s ]
INFO: [ app_begin ] --END-- [ RunTime:0.000397s ]
SQL: SHOW COLUMNS FROM `comment` [ RunTime:0.0055s ]
SQL: SELECT * FROM `comment` ORDER BY m_id asc  [ RunTime:0.0004s ]

[ 2021-12-08T23:27:50+08:00 ] ::1 /treehole/index.php/Home/User/login
INFO: [ app_init ] --START--
INFO: Run Behavior\BuildLiteBehavior [ RunTime:0.000015s ]
INFO: [ app_init ] --END-- [ RunTime:0.000204s ]
INFO: [ app_begin ] --START--
INFO: Run Behavior\ReadHtmlCacheBehavior [ RunTime:0.000173s ]
INFO: [ app_begin ] --END-- [ RunTime:0.000229s ]
SQL: SHOW COLUMNS FROM `user` [ RunTime:0.0011s ]
SQL: SELECT * FROM `user` WHERE `phone` = '13411945045' LIMIT 1   [ RunTime:0.0003s ]

[ 2021-12-08T23:27:50+08:00 ] ::1 /treehole/index.php/Home/Message/get_one_user_all_messages
INFO: [ app_init ] --START--
INFO: Run Behavior\BuildLiteBehavior [ RunTime:0.000031s ]
INFO: [ app_init ] --END-- [ RunTime:0.000168s ]
INFO: [ app_begin ] --START--
INFO: Run Behavior\ReadHtmlCacheBehavior [ RunTime:0.000174s ]
INFO: [ app_begin ] --END-- [ RunTime:0.000241s ]
SQL: SHOW COLUMNS FROM `message` [ RunTime:0.0021s ]
SQL: SELECT * FROM `message` WHERE `u_id` = 7 ORDER BY m_id desc  [ RunTime:0.0004s ]

[ 2021-12-08T23:27:52+08:00 ] ::1 /treehole/index.php/Home/Message/get_all_messages
INFO: [ app_init ] --START--
INFO: Run Behavior\BuildLiteBehavior [ RunTime:0.000019s ]
INFO: [ app_init ] --END-- [ RunTime:0.000129s ]
INFO: [ app_begin ] --START--
INFO: Run Behavior\ReadHtmlCacheBehavior [ RunTime:0.000349s ]
INFO: [ app_begin ] --END-- [ RunTime:0.000478s ]
SQL: SHOW COLUMNS FROM `message` [ RunTime:0.0014s ]
SQL: SELECT * FROM `message` ORDER BY m_id desc  [ RunTime:0.0004s ]

[ 2021-12-08T23:27:52+08:00 ] ::1 /treehole/index.php/Home/Comment/get_all_comments
INFO: [ app_init ] --START--
INFO: Run Behavior\BuildLiteBehavior [ RunTime:0.000049s ]
INFO: [ app_init ] --END-- [ RunTime:0.000302s ]
INFO: [ app_begin ] --START--
INFO: Run Behavior\ReadHtmlCacheBehavior [ RunTime:0.000159s ]
INFO: [ app_begin ] --END-- [ RunTime:0.000229s ]
SQL: SHOW COLUMNS FROM `comment` [ RunTime:0.0052s ]
SQL: SELECT * FROM `comment` ORDER BY m_id asc  [ RunTime:0.0003s ]

[ 2021-12-08T23:33:28+08:00 ] ::1 /treehole/index.php/Home/User/login
INFO: [ app_init ] --START--
INFO: Run Behavior\BuildLiteBehavior [ RunTime:0.000016s ]
INFO: [ app_init ] --END-- [ RunTime:0.000205s ]
INFO: [ app_begin ] --START--
INFO: Run Behavior\ReadHtmlCacheBehavior [ RunTime:0.000329s ]
INFO: [ app_begin ] --END-- [ RunTime:0.000386s ]
SQL: SHOW COLUMNS FROM `user` [ RunTime:0.0018s ]
SQL: SELECT * FROM `user` WHERE `phone` = '13411945045' LIMIT 1   [ RunTime:0.0002s ]

[ 2021-12-08T23:33:28+08:00 ] ::1 /treehole/index.php/Home/Message/get_one_user_all_messages
INFO: [ app_init ] --START--
INFO: Run Behavior\BuildLiteBehavior [ RunTime:0.000018s ]
INFO: [ app_init ] --END-- [ RunTime:0.000131s ]
INFO: [ app_begin ] --START--
INFO: Run Behavior\ReadHtmlCacheBehavior [ RunTime:0.000153s ]
INFO: [ app_begin ] --END-- [ RunTime:0.000239s ]
SQL: SHOW COLUMNS FROM `message` [ RunTime:0.0017s ]
SQL: SELECT * FROM `message` WHERE `u_id` = 7 ORDER BY m_id desc  [ RunTime:0.0004s ]

[ 2021-12-08T23:33:29+08:00 ] ::1 /treehole/index.php/Home/Message/get_all_messages
INFO: [ app_init ] --START--
INFO: Run Behavior\BuildLiteBehavior [ RunTime:0.000015s ]
INFO: [ app_init ] --END-- [ RunTime:0.000103s ]
INFO: [ app_begin ] --START--
INFO: Run Behavior\ReadHtmlCacheBehavior [ RunTime:0.000137s ]
INFO: [ app_begin ] --END-- [ RunTime:0.000203s ]
SQL: SHOW COLUMNS FROM `message` [ RunTime:0.0011s ]
SQL: SELECT * FROM `message` ORDER BY m_id desc  [ RunTime:0.0003s ]

[ 2021-12-08T23:33:29+08:00 ] ::1 /treehole/index.php/Home/Comment/get_all_comments
INFO: [ app_init ] --START--
INFO: Run Behavior\BuildLiteBehavior [ RunTime:0.000022s ]
INFO: [ app_init ] --END-- [ RunTime:0.000131s ]
INFO: [ app_begin ] --START--
INFO: Run Behavior\ReadHtmlCacheBehavior [ RunTime:0.000296s ]
INFO: [ app_begin ] --END-- [ RunTime:0.000353s ]
SQL: SHOW COLUMNS FROM `comment` [ RunTime:0.0085s ]
SQL: SELECT * FROM `comment` ORDER BY m_id asc  [ RunTime:0.0004s ]

[ 2021-12-08T23:36:11+08:00 ] ::1 /treehole/index.php/Home/User/login
INFO: [ app_init ] --START--
INFO: Run Behavior\BuildLiteBehavior [ RunTime:0.000018s ]
INFO: [ app_init ] --END-- [ RunTime:0.000231s ]
INFO: [ app_begin ] --START--
INFO: Run Behavior\ReadHtmlCacheBehavior [ RunTime:0.000388s ]
INFO: [ app_begin ] --END-- [ RunTime:0.000453s ]
SQL: SHOW COLUMNS FROM `user` [ RunTime:0.0018s ]
SQL: SELECT * FROM `user` WHERE `phone` = '13411945045' LIMIT 1   [ RunTime:0.0003s ]

[ 2021-12-08T23:36:11+08:00 ] ::1 /treehole/index.php/Home/Message/get_one_user_all_messages
INFO: [ app_init ] --START--
INFO: Run Behavior\BuildLiteBehavior [ RunTime:0.000017s ]
INFO: [ app_init ] --END-- [ RunTime:0.000102s ]
INFO: [ app_begin ] --START--
INFO: Run Behavior\ReadHtmlCacheBehavior [ RunTime:0.000282s ]
INFO: [ app_begin ] --END-- [ RunTime:0.000374s ]
SQL: SHOW COLUMNS FROM `message` [ RunTime:0.0016s ]
SQL: SELECT * FROM `message` WHERE `u_id` = 7 ORDER BY m_id desc  [ RunTime:0.0004s ]

[ 2021-12-08T23:36:12+08:00 ] ::1 /treehole/index.php/Home/Message/get_all_messages
INFO: [ app_init ] --START--
INFO: Run Behavior\BuildLiteBehavior [ RunTime:0.000039s ]
INFO: [ app_init ] --END-- [ RunTime:0.000228s ]
INFO: [ app_begin ] --START--
INFO: Run Behavior\ReadHtmlCacheBehavior [ RunTime:0.000256s ]
INFO: [ app_begin ] --END-- [ RunTime:0.000385s ]
SQL: SHOW COLUMNS FROM `message` [ RunTime:0.0017s ]
SQL: SELECT * FROM `message` ORDER BY m_id desc  [ RunTime:0.0003s ]

[ 2021-12-08T23:36:12+08:00 ] ::1 /treehole/index.php/Home/Comment/get_all_comments
INFO: [ app_init ] --START--
INFO: Run Behavior\BuildLiteBehavior [ RunTime:0.000016s ]
INFO: [ app_init ] --END-- [ RunTime:0.000116s ]
INFO: [ app_begin ] --START--
INFO: Run Behavior\ReadHtmlCacheBehavior [ RunTime:0.000322s ]
INFO: [ app_begin ] --END-- [ RunTime:0.000394s ]
SQL: SHOW COLUMNS FROM `comment` [ RunTime:0.0073s ]
SQL: SELECT * FROM `comment` ORDER BY m_id asc  [ RunTime:0.0005s ]

[ 2021-12-08T23:36:32+08:00 ] ::1 /treehole/index.php/Home/User/login
INFO: [ app_init ] --START--
INFO: Run Behavior\BuildLiteBehavior [ RunTime:0.000016s ]
INFO: [ app_init ] --END-- [ RunTime:0.000221s ]
INFO: [ app_begin ] --START--
INFO: Run Behavior\ReadHtmlCacheBehavior [ RunTime:0.000165s ]
INFO: [ app_begin ] --END-- [ RunTime:0.000229s ]
SQL: SHOW COLUMNS FROM `user` [ RunTime:0.0019s ]
SQL: SELECT * FROM `user` WHERE `phone` = '13411945045' LIMIT 1   [ RunTime:0.0012s ]

[ 2021-12-08T23:36:32+08:00 ] ::1 /treehole/index.php/Home/Message/get_one_user_all_messages
INFO: [ app_init ] --START--
INFO: Run Behavior\BuildLiteBehavior [ RunTime:0.000016s ]
INFO: [ app_init ] --END-- [ RunTime:0.000102s ]
INFO: [ app_begin ] --START--
INFO: Run Behavior\ReadHtmlCacheBehavior [ RunTime:0.000144s ]
INFO: [ app_begin ] --END-- [ RunTime:0.000213s ]
SQL: SHOW COLUMNS FROM `message` [ RunTime:0.0012s ]
SQL: SELECT * FROM `message` WHERE `u_id` = 7 ORDER BY m_id desc  [ RunTime:0.0008s ]

[ 2021-12-08T23:36:33+08:00 ] ::1 /treehole/index.php/Home/Message/get_all_messages
INFO: [ app_init ] --START--
INFO: Run Behavior\BuildLiteBehavior [ RunTime:0.000032s ]
INFO: [ app_init ] --END-- [ RunTime:0.000209s ]
INFO: [ app_begin ] --START--
INFO: Run Behavior\ReadHtmlCacheBehavior [ RunTime:0.000455s ]
INFO: [ app_begin ] --END-- [ RunTime:0.000646s ]
SQL: SHOW COLUMNS FROM `message` [ RunTime:0.0024s ]
SQL: SELECT * FROM `message` ORDER BY m_id desc  [ RunTime:0.0005s ]

[ 2021-12-08T23:36:33+08:00 ] ::1 /treehole/index.php/Home/Comment/get_all_comments
INFO: [ app_init ] --START--
INFO: Run Behavior\BuildLiteBehavior [ RunTime:0.000022s ]
INFO: [ app_init ] --END-- [ RunTime:0.000134s ]
INFO: [ app_begin ] --START--
INFO: Run Behavior\ReadHtmlCacheBehavior [ RunTime:0.000140s ]
INFO: [ app_begin ] --END-- [ RunTime:0.000207s ]
SQL: SHOW COLUMNS FROM `comment` [ RunTime:0.0025s ]
SQL: SELECT * FROM `comment` ORDER BY m_id asc  [ RunTime:0.0002s ]

[ 2021-12-08T23:36:49+08:00 ] ::1 /treehole/index.php/Home/Message/publish_new_message
INFO: [ app_init ] --START--
INFO: Run Behavior\BuildLiteBehavior [ RunTime:0.000014s ]
INFO: [ app_init ] --END-- [ RunTime:0.000134s ]
INFO: [ app_begin ] --START--
INFO: Run Behavior\ReadHtmlCacheBehavior [ RunTime:0.000167s ]
INFO: [ app_begin ] --END-- [ RunTime:0.000226s ]
SQL: SHOW COLUMNS FROM `message` [ RunTime:0.0020s ]
SQL: SHOW COLUMNS FROM `user` [ RunTime:0.0008s ]
SQL: SELECT * FROM `user` WHERE `u_id` = 7 LIMIT 1   [ RunTime:0.0002s ]
SQL: INSERT INTO `message` (`u_id`,`username`,`face_url`,`m_content`,`likes`,`send_time`) VALUES ('7','小猪佩奇','http://tmp/aDG2ObikeWUT8e04105f7246b6ff64322ff43f2c42fc.jpeg','asfasfasfasfsafsaddzsvsd公司的分公司的法案发生飞洒发生发生发生啊沙发沙发士大夫十大干撒干撒各大公司的未发生发射点发撒范德萨发大水反对','0','2021-12-08 23:36:49') [ RunTime:0.0343s ]

[ 2021-12-08T23:36:50+08:00 ] ::1 /treehole/index.php/Home/Comment/get_all_comments
INFO: [ app_init ] --START--
INFO: Run Behavior\BuildLiteBehavior [ RunTime:0.000015s ]
INFO: [ app_init ] --END-- [ RunTime:0.000096s ]
INFO: [ app_begin ] --START--
INFO: Run Behavior\ReadHtmlCacheBehavior [ RunTime:0.000167s ]
INFO: [ app_begin ] --END-- [ RunTime:0.000234s ]
SQL: SHOW COLUMNS FROM `comment` [ RunTime:0.0027s ]
SQL: SELECT * FROM `comment` ORDER BY m_id asc  [ RunTime:0.0003s ]

[ 2021-12-08T23:36:50+08:00 ] ::1 /treehole/index.php/Home/Message/get_all_messages
INFO: [ app_init ] --START--
INFO: Run Behavior\BuildLiteBehavior [ RunTime:0.000016s ]
INFO: [ app_init ] --END-- [ RunTime:0.000121s ]
INFO: [ app_begin ] --START--
INFO: Run Behavior\ReadHtmlCacheBehavior [ RunTime:0.000143s ]
INFO: [ app_begin ] --END-- [ RunTime:0.000202s ]
SQL: SHOW COLUMNS FROM `message` [ RunTime:0.0043s ]
SQL: SELECT * FROM `message` ORDER BY m_id desc  [ RunTime:0.0005s ]

[ 2021-12-08T23:44:41+08:00 ] ::1 /treehole/index.php/Home/User/login
INFO: [ app_init ] --START--
INFO: Run Behavior\BuildLiteBehavior [ RunTime:0.000031s ]
INFO: [ app_init ] --END-- [ RunTime:0.000230s ]
INFO: [ app_begin ] --START--
INFO: Run Behavior\ReadHtmlCacheBehavior [ RunTime:0.000390s ]
INFO: [ app_begin ] --END-- [ RunTime:0.000448s ]
SQL: SHOW COLUMNS FROM `user` [ RunTime:0.0013s ]
SQL: SELECT * FROM `user` WHERE `phone` = '13411945045' LIMIT 1   [ RunTime:0.0014s ]

[ 2021-12-08T23:44:42+08:00 ] ::1 /treehole/index.php/Home/Message/get_one_user_all_messages
INFO: [ app_init ] --START--
INFO: Run Behavior\BuildLiteBehavior [ RunTime:0.000019s ]
INFO: [ app_init ] --END-- [ RunTime:0.000098s ]
INFO: [ app_begin ] --START--
INFO: Run Behavior\ReadHtmlCacheBehavior [ RunTime:0.000213s ]
INFO: [ app_begin ] --END-- [ RunTime:0.000280s ]
SQL: SHOW COLUMNS FROM `message` [ RunTime:0.0017s ]
SQL: SELECT * FROM `message` WHERE `u_id` = 7 ORDER BY m_id desc  [ RunTime:0.0013s ]

[ 2021-12-08T23:44:43+08:00 ] ::1 /treehole/index.php/Home/Message/get_all_messages
INFO: [ app_init ] --START--
INFO: Run Behavior\BuildLiteBehavior [ RunTime:0.000017s ]
INFO: [ app_init ] --END-- [ RunTime:0.000135s ]
INFO: [ app_begin ] --START--
INFO: Run Behavior\ReadHtmlCacheBehavior [ RunTime:0.000152s ]
INFO: [ app_begin ] --END-- [ RunTime:0.000211s ]
SQL: SHOW COLUMNS FROM `message` [ RunTime:0.0044s ]
SQL: SELECT * FROM `message` ORDER BY m_id desc  [ RunTime:0.0004s ]

[ 2021-12-08T23:44:43+08:00 ] ::1 /treehole/index.php/Home/Comment/get_all_comments
INFO: [ app_init ] --START--
INFO: Run Behavior\BuildLiteBehavior [ RunTime:0.000014s ]
INFO: [ app_init ] --END-- [ RunTime:0.000113s ]
INFO: [ app_begin ] --START--
INFO: Run Behavior\ReadHtmlCacheBehavior [ RunTime:0.000652s ]
INFO: [ app_begin ] --END-- [ RunTime:0.000824s ]
SQL: SHOW COLUMNS FROM `comment` [ RunTime:0.0035s ]
SQL: SELECT * FROM `comment` ORDER BY m_id asc  [ RunTime:0.0014s ]

[ 2021-12-08T23:45:49+08:00 ] ::1 /treehole/index.php/Home/User/login
INFO: [ app_init ] --START--
INFO: Run Behavior\BuildLiteBehavior [ RunTime:0.000016s ]
INFO: [ app_init ] --END-- [ RunTime:0.000210s ]
INFO: [ app_begin ] --START--
INFO: Run Behavior\ReadHtmlCacheBehavior [ RunTime:0.000162s ]
INFO: [ app_begin ] --END-- [ RunTime:0.000223s ]
SQL: SHOW COLUMNS FROM `user` [ RunTime:0.0016s ]
SQL: SELECT * FROM `user` WHERE `phone` = '13411945045' LIMIT 1   [ RunTime:0.0003s ]

[ 2021-12-08T23:45:49+08:00 ] ::1 /treehole/index.php/Home/Message/get_one_user_all_messages
INFO: [ app_init ] --START--
INFO: Run Behavior\BuildLiteBehavior [ RunTime:0.000025s ]
INFO: [ app_init ] --END-- [ RunTime:0.000176s ]
INFO: [ app_begin ] --START--
INFO: Run Behavior\ReadHtmlCacheBehavior [ RunTime:0.000162s ]
INFO: [ app_begin ] --END-- [ RunTime:0.000233s ]
SQL: SHOW COLUMNS FROM `message` [ RunTime:0.0023s ]
SQL: SELECT * FROM `message` WHERE `u_id` = 7 ORDER BY m_id desc  [ RunTime:0.0005s ]

[ 2021-12-08T23:45:51+08:00 ] ::1 /treehole/index.php/Home/Message/get_all_messages
INFO: [ app_init ] --START--
INFO: Run Behavior\BuildLiteBehavior [ RunTime:0.000029s ]
INFO: [ app_init ] --END-- [ RunTime:0.000225s ]
INFO: [ app_begin ] --START--
INFO: Run Behavior\ReadHtmlCacheBehavior [ RunTime:0.000162s ]
INFO: [ app_begin ] --END-- [ RunTime:0.000230s ]
SQL: SHOW COLUMNS FROM `message` [ RunTime:0.0035s ]
SQL: SELECT * FROM `message` ORDER BY m_id desc  [ RunTime:0.0007s ]

[ 2021-12-08T23:45:51+08:00 ] ::1 /treehole/index.php/Home/Comment/get_all_comments
INFO: [ app_init ] --START--
INFO: Run Behavior\BuildLiteBehavior [ RunTime:0.000016s ]
INFO: [ app_init ] --END-- [ RunTime:0.000090s ]
INFO: [ app_begin ] --START--
INFO: Run Behavior\ReadHtmlCacheBehavior [ RunTime:0.000136s ]
INFO: [ app_begin ] --END-- [ RunTime:0.000199s ]
SQL: SHOW COLUMNS FROM `comment` [ RunTime:0.0023s ]
SQL: SELECT * FROM `comment` ORDER BY m_id asc  [ RunTime:0.0012s ]

[ 2021-12-08T23:48:33+08:00 ] ::1 /treehole/index.php/Home/User/login
INFO: [ app_init ] --START--
INFO: Run Behavior\BuildLiteBehavior [ RunTime:0.000028s ]
INFO: [ app_init ] --END-- [ RunTime:0.000344s ]
INFO: [ app_begin ] --START--
INFO: Run Behavior\ReadHtmlCacheBehavior [ RunTime:0.000481s ]
INFO: [ app_begin ] --END-- [ RunTime:0.000569s ]
SQL: SHOW COLUMNS FROM `user` [ RunTime:0.0013s ]
SQL: SELECT * FROM `user` WHERE `phone` = '13411945045' LIMIT 1   [ RunTime:0.0004s ]

[ 2021-12-08T23:48:33+08:00 ] ::1 /treehole/index.php/Home/Message/get_one_user_all_messages
INFO: [ app_init ] --START--
INFO: Run Behavior\BuildLiteBehavior [ RunTime:0.000015s ]
INFO: [ app_init ] --END-- [ RunTime:0.000084s ]
INFO: [ app_begin ] --START--
INFO: Run Behavior\ReadHtmlCacheBehavior [ RunTime:0.000190s ]
INFO: [ app_begin ] --END-- [ RunTime:0.000303s ]
SQL: SHOW COLUMNS FROM `message` [ RunTime:0.0024s ]
SQL: SELECT * FROM `message` WHERE `u_id` = 7 ORDER BY m_id desc  [ RunTime:0.0005s ]

[ 2021-12-08T23:48:34+08:00 ] ::1 /treehole/index.php/Home/Message/get_all_messages
INFO: [ app_init ] --START--
INFO: Run Behavior\BuildLiteBehavior [ RunTime:0.000024s ]
INFO: [ app_init ] --END-- [ RunTime:0.000174s ]
INFO: [ app_begin ] --START--
INFO: Run Behavior\ReadHtmlCacheBehavior [ RunTime:0.000244s ]
INFO: [ app_begin ] --END-- [ RunTime:0.000358s ]
SQL: SHOW COLUMNS FROM `message` [ RunTime:0.0017s ]
SQL: SELECT * FROM `message` ORDER BY m_id desc  [ RunTime:0.0004s ]

[ 2021-12-08T23:48:34+08:00 ] ::1 /treehole/index.php/Home/Comment/get_all_comments
INFO: [ app_init ] --START--
INFO: Run Behavior\BuildLiteBehavior [ RunTime:0.000038s ]
INFO: [ app_init ] --END-- [ RunTime:0.000267s ]
INFO: [ app_begin ] --START--
INFO: Run Behavior\ReadHtmlCacheBehavior [ RunTime:0.000339s ]
INFO: [ app_begin ] --END-- [ RunTime:0.000418s ]
SQL: SHOW COLUMNS FROM `comment` [ RunTime:0.0017s ]
SQL: SELECT * FROM `comment` ORDER BY m_id asc  [ RunTime:0.0003s ]

[ 2021-12-08T23:49:31+08:00 ] ::1 /treehole/index.php/Home/User/login
INFO: [ app_init ] --START--
INFO: Run Behavior\BuildLiteBehavior [ RunTime:0.000016s ]
INFO: [ app_init ] --END-- [ RunTime:0.000203s ]
INFO: [ app_begin ] --START--
INFO: Run Behavior\ReadHtmlCacheBehavior [ RunTime:0.000158s ]
INFO: [ app_begin ] --END-- [ RunTime:0.000219s ]
SQL: SHOW COLUMNS FROM `user` [ RunTime:0.0014s ]
SQL: SELECT * FROM `user` WHERE `phone` = '13411945045' LIMIT 1   [ RunTime:0.0003s ]

[ 2021-12-08T23:49:31+08:00 ] ::1 /treehole/index.php/Home/Message/get_one_user_all_messages
INFO: [ app_init ] --START--
INFO: Run Behavior\BuildLiteBehavior [ RunTime:0.000015s ]
INFO: [ app_init ] --END-- [ RunTime:0.000098s ]
INFO: [ app_begin ] --START--
INFO: Run Behavior\ReadHtmlCacheBehavior [ RunTime:0.000128s ]
INFO: [ app_begin ] --END-- [ RunTime:0.000195s ]
SQL: SHOW COLUMNS FROM `message` [ RunTime:0.0020s ]
SQL: SELECT * FROM `message` WHERE `u_id` = 7 ORDER BY m_id desc  [ RunTime:0.0011s ]

[ 2021-12-08T23:49:32+08:00 ] ::1 /treehole/index.php/Home/Message/get_all_messages
INFO: [ app_init ] --START--
INFO: Run Behavior\BuildLiteBehavior [ RunTime:0.000028s ]
INFO: [ app_init ] --END-- [ RunTime:0.000186s ]
INFO: [ app_begin ] --START--
INFO: Run Behavior\ReadHtmlCacheBehavior [ RunTime:0.000210s ]
INFO: [ app_begin ] --END-- [ RunTime:0.000340s ]
SQL: SHOW COLUMNS FROM `message` [ RunTime:0.0028s ]
SQL: SELECT * FROM `message` ORDER BY m_id desc  [ RunTime:0.0007s ]

[ 2021-12-08T23:49:32+08:00 ] ::1 /treehole/index.php/Home/Comment/get_all_comments
INFO: [ app_init ] --START--
INFO: Run Behavior\BuildLiteBehavior [ RunTime:0.000017s ]
INFO: [ app_init ] --END-- [ RunTime:0.000131s ]
INFO: [ app_begin ] --START--
INFO: Run Behavior\ReadHtmlCacheBehavior [ RunTime:0.000198s ]
INFO: [ app_begin ] --END-- [ RunTime:0.000294s ]
SQL: SHOW COLUMNS FROM `comment` [ RunTime:0.0044s ]
SQL: SELECT * FROM `comment` ORDER BY m_id asc  [ RunTime:0.0006s ]

[ 2021-12-08T23:51:33+08:00 ] ::1 /treehole/index.php/Home/Message/do_likes
INFO: [ app_init ] --START--
INFO: Run Behavior\BuildLiteBehavior [ RunTime:0.000015s ]
INFO: [ app_init ] --END-- [ RunTime:0.000195s ]
INFO: [ app_begin ] --START--
INFO: Run Behavior\ReadHtmlCacheBehavior [ RunTime:0.000391s ]
INFO: [ app_begin ] --END-- [ RunTime:0.000456s ]
SQL: SHOW COLUMNS FROM `message` [ RunTime:0.0021s ]
SQL: SELECT * FROM `message` WHERE `m_id` = 34 LIMIT 1   [ RunTime:0.0010s ]
SQL: UPDATE `message` SET `m_id`='34',`u_id`='7',`username`='小猪佩奇',`face_url`='http://tmp/aDG2ObikeWUT8e04105f7246b6ff64322ff43f2c42fc.jpeg',`m_content`='asfasfasfasfsafsaddzsvsd公司的分公司的法案发生飞洒发生发生发生啊沙发沙发士大夫十大干撒干撒各大公司的未发生发射点发撒范德萨发大水反对',`likes`='1',`send_time`='2021-12-08 23:36:49' WHERE `m_id` = 34 [ RunTime:0.0004s ]

[ 2021-12-08T23:54:40+08:00 ] ::1 /treehole/index.php/Home/User/login
INFO: [ app_init ] --START--
INFO: Run Behavior\BuildLiteBehavior [ RunTime:0.000021s ]
INFO: [ app_init ] --END-- [ RunTime:0.000261s ]
INFO: [ app_begin ] --START--
INFO: Run Behavior\ReadHtmlCacheBehavior [ RunTime:0.000341s ]
INFO: [ app_begin ] --END-- [ RunTime:0.000399s ]
SQL: SHOW COLUMNS FROM `user` [ RunTime:0.0017s ]
SQL: SELECT * FROM `user` WHERE `phone` = '13411945045' LIMIT 1   [ RunTime:0.0417s ]

[ 2021-12-08T23:54:40+08:00 ] ::1 /treehole/index.php/Home/Message/get_one_user_all_messages
INFO: [ app_init ] --START--
INFO: Run Behavior\BuildLiteBehavior [ RunTime:0.000031s ]
INFO: [ app_init ] --END-- [ RunTime:0.000171s ]
INFO: [ app_begin ] --START--
INFO: Run Behavior\ReadHtmlCacheBehavior [ RunTime:0.000271s ]
INFO: [ app_begin ] --END-- [ RunTime:0.000400s ]
SQL: SHOW COLUMNS FROM `message` [ RunTime:0.0025s ]
SQL: SELECT * FROM `message` WHERE `u_id` = 7 ORDER BY m_id desc  [ RunTime:0.0005s ]

[ 2021-12-08T23:54:43+08:00 ] ::1 /treehole/index.php/Home/Message/get_all_messages
INFO: [ app_init ] --START--
INFO: Run Behavior\BuildLiteBehavior [ RunTime:0.000016s ]
INFO: [ app_init ] --END-- [ RunTime:0.000164s ]
INFO: [ app_begin ] --START--
INFO: Run Behavior\ReadHtmlCacheBehavior [ RunTime:0.000187s ]
INFO: [ app_begin ] --END-- [ RunTime:0.000247s ]
SQL: SHOW COLUMNS FROM `message` [ RunTime:0.0014s ]
SQL: SELECT * FROM `message` ORDER BY m_id desc  [ RunTime:0.0005s ]

[ 2021-12-08T23:54:43+08:00 ] ::1 /treehole/index.php/Home/Comment/get_all_comments
INFO: [ app_init ] --START--
INFO: Run Behavior\BuildLiteBehavior [ RunTime:0.000016s ]
INFO: [ app_init ] --END-- [ RunTime:0.000105s ]
INFO: [ app_begin ] --START--
INFO: Run Behavior\ReadHtmlCacheBehavior [ RunTime:0.000479s ]
INFO: [ app_begin ] --END-- [ RunTime:0.000562s ]
SQL: SHOW COLUMNS FROM `comment` [ RunTime:0.0016s ]
SQL: SELECT * FROM `comment` ORDER BY m_id asc  [ RunTime:0.0155s ]

[ 2021-12-08T23:56:18+08:00 ] ::1 /treehole/index.php/Home/User/login
INFO: [ app_init ] --START--
INFO: Run Behavior\BuildLiteBehavior [ RunTime:0.000085s ]
INFO: [ app_init ] --END-- [ RunTime:0.000919s ]
INFO: [ app_begin ] --START--
INFO: Run Behavior\ReadHtmlCacheBehavior [ RunTime:0.000835s ]
INFO: [ app_begin ] --END-- [ RunTime:0.001189s ]
SQL: SHOW COLUMNS FROM `user` [ RunTime:0.0027s ]
SQL: SELECT * FROM `user` WHERE `phone` = '13411945045' LIMIT 1   [ RunTime:0.0003s ]

[ 2021-12-08T23:56:18+08:00 ] ::1 /treehole/index.php/Home/Message/get_one_user_all_messages
INFO: [ app_init ] --START--
INFO: Run Behavior\BuildLiteBehavior [ RunTime:0.000018s ]
INFO: [ app_init ] --END-- [ RunTime:0.000110s ]
INFO: [ app_begin ] --START--
INFO: Run Behavior\ReadHtmlCacheBehavior [ RunTime:0.000152s ]
INFO: [ app_begin ] --END-- [ RunTime:0.000224s ]
SQL: SHOW COLUMNS FROM `message` [ RunTime:0.0015s ]
SQL: SELECT * FROM `message` WHERE `u_id` = 7 ORDER BY m_id desc  [ RunTime:0.0003s ]

[ 2021-12-08T23:56:19+08:00 ] ::1 /treehole/index.php/Home/Message/get_all_messages
INFO: [ app_init ] --START--
INFO: Run Behavior\BuildLiteBehavior [ RunTime:0.000026s ]
INFO: [ app_init ] --END-- [ RunTime:0.000121s ]
INFO: [ app_begin ] --START--
INFO: Run Behavior\ReadHtmlCacheBehavior [ RunTime:0.000233s ]
INFO: [ app_begin ] --END-- [ RunTime:0.000382s ]
SQL: SHOW COLUMNS FROM `message` [ RunTime:0.0018s ]
SQL: SELECT * FROM `message` ORDER BY m_id desc  [ RunTime:0.0004s ]

[ 2021-12-08T23:56:19+08:00 ] ::1 /treehole/index.php/Home/Comment/get_all_comments
INFO: [ app_init ] --START--
INFO: Run Behavior\BuildLiteBehavior [ RunTime:0.000017s ]
INFO: [ app_init ] --END-- [ RunTime:0.000101s ]
INFO: [ app_begin ] --START--
INFO: Run Behavior\ReadHtmlCacheBehavior [ RunTime:0.000339s ]
INFO: [ app_begin ] --END-- [ RunTime:0.000408s ]
SQL: SHOW COLUMNS FROM `comment` [ RunTime:0.0060s ]
SQL: SELECT * FROM `comment` ORDER BY m_id asc  [ RunTime:0.0003s ]

[ 2021-12-08T23:57:23+08:00 ] ::1 /treehole/index.php/Home/User/login
INFO: [ app_init ] --START--
INFO: Run Behavior\BuildLiteBehavior [ RunTime:0.000051s ]
INFO: [ app_init ] --END-- [ RunTime:0.000703s ]
INFO: [ app_begin ] --START--
INFO: Run Behavior\ReadHtmlCacheBehavior [ RunTime:0.001289s ]
INFO: [ app_begin ] --END-- [ RunTime:0.001501s ]
SQL: SHOW COLUMNS FROM `user` [ RunTime:0.0046s ]
SQL: SELECT * FROM `user` WHERE `phone` = '13411945045' LIMIT 1   [ RunTime:0.0007s ]

[ 2021-12-08T23:57:23+08:00 ] ::1 /treehole/index.php/Home/Message/get_one_user_all_messages
INFO: [ app_init ] --START--
INFO: Run Behavior\BuildLiteBehavior [ RunTime:0.000027s ]
INFO: [ app_init ] --END-- [ RunTime:0.000177s ]
INFO: [ app_begin ] --START--
INFO: Run Behavior\ReadHtmlCacheBehavior [ RunTime:0.000228s ]
INFO: [ app_begin ] --END-- [ RunTime:0.000352s ]
SQL: SHOW COLUMNS FROM `message` [ RunTime:0.0029s ]
SQL: SELECT * FROM `message` WHERE `u_id` = 7 ORDER BY m_id desc  [ RunTime:0.0019s ]

[ 2021-12-08T23:57:24+08:00 ] ::1 /treehole/index.php/Home/Message/get_all_messages
INFO: [ app_init ] --START--
INFO: Run Behavior\BuildLiteBehavior [ RunTime:0.000015s ]
INFO: [ app_init ] --END-- [ RunTime:0.000088s ]
INFO: [ app_begin ] --START--
INFO: Run Behavior\ReadHtmlCacheBehavior [ RunTime:0.000193s ]
INFO: [ app_begin ] --END-- [ RunTime:0.000262s ]
SQL: SHOW COLUMNS FROM `message` [ RunTime:0.0033s ]
SQL: SELECT * FROM `message` ORDER BY m_id desc  [ RunTime:0.0004s ]

[ 2021-12-08T23:57:24+08:00 ] ::1 /treehole/index.php/Home/Comment/get_all_comments
INFO: [ app_init ] --START--
INFO: Run Behavior\BuildLiteBehavior [ RunTime:0.000016s ]
INFO: [ app_init ] --END-- [ RunTime:0.000129s ]
INFO: [ app_begin ] --START--
INFO: Run Behavior\ReadHtmlCacheBehavior [ RunTime:0.000381s ]
INFO: [ app_begin ] --END-- [ RunTime:0.000579s ]
SQL: SHOW COLUMNS FROM `comment` [ RunTime:0.0037s ]
SQL: SELECT * FROM `comment` ORDER BY m_id asc  [ RunTime:0.0005s ]

[ 2021-12-08T23:57:41+08:00 ] ::1 /treehole/index.php/Home/Message/publish_new_message
INFO: [ app_init ] --START--
INFO: Run Behavior\BuildLiteBehavior [ RunTime:0.000015s ]
INFO: [ app_init ] --END-- [ RunTime:0.000197s ]
INFO: [ app_begin ] --START--
INFO: Run Behavior\ReadHtmlCacheBehavior [ RunTime:0.000161s ]
INFO: [ app_begin ] --END-- [ RunTime:0.000217s ]
SQL: SHOW COLUMNS FROM `message` [ RunTime:0.0020s ]
SQL: SHOW COLUMNS FROM `user` [ RunTime:0.0009s ]
SQL: SELECT * FROM `user` WHERE `u_id` = 7 LIMIT 1   [ RunTime:0.0003s ]
SQL: INSERT INTO `message` (`u_id`,`username`,`face_url`,`m_content`,`likes`,`send_time`) VALUES ('7','小猪佩奇','http://tmp/aDG2ObikeWUT8e04105f7246b6ff64322ff43f2c42fc.jpeg','asfasfsdgdsgdfsgdsfbdfbcvbcvbxcbcvxbcxvbvcbvcbvcbcvxbcvxbbcvxbcxvbcxvbcvxbcvx','0','2021-12-08 23:57:41') [ RunTime:0.0003s ]

[ 2021-12-08T23:57:41+08:00 ] ::1 /treehole/index.php/Home/Message/get_all_messages
INFO: [ app_init ] --START--
INFO: Run Behavior\BuildLiteBehavior [ RunTime:0.000016s ]
INFO: [ app_init ] --END-- [ RunTime:0.000109s ]
INFO: [ app_begin ] --START--
INFO: Run Behavior\ReadHtmlCacheBehavior [ RunTime:0.000134s ]
INFO: [ app_begin ] --END-- [ RunTime:0.000192s ]
SQL: SHOW COLUMNS FROM `message` [ RunTime:0.0014s ]
SQL: SELECT * FROM `message` ORDER BY m_id desc  [ RunTime:0.0012s ]

[ 2021-12-08T23:57:41+08:00 ] ::1 /treehole/index.php/Home/Comment/get_all_comments
INFO: [ app_init ] --START--
INFO: Run Behavior\BuildLiteBehavior [ RunTime:0.000018s ]
INFO: [ app_init ] --END-- [ RunTime:0.000105s ]
INFO: [ app_begin ] --START--
INFO: Run Behavior\ReadHtmlCacheBehavior [ RunTime:0.000154s ]
INFO: [ app_begin ] --END-- [ RunTime:0.000220s ]
SQL: SHOW COLUMNS FROM `comment` [ RunTime:0.0016s ]
SQL: SELECT * FROM `comment` ORDER BY m_id asc  [ RunTime:0.0004s ]

[ 2021-12-08T23:58:01+08:00 ] ::1 /treehole/index.php/Home/Message/publish_new_message
INFO: [ app_init ] --START--
INFO: Run Behavior\BuildLiteBehavior [ RunTime:0.000050s ]
INFO: [ app_init ] --END-- [ RunTime:0.000485s ]
INFO: [ app_begin ] --START--
INFO: Run Behavior\ReadHtmlCacheBehavior [ RunTime:0.000599s ]
INFO: [ app_begin ] --END-- [ RunTime:0.000801s ]
SQL: SHOW COLUMNS FROM `message` [ RunTime:0.0012s ]
SQL: SHOW COLUMNS FROM `user` [ RunTime:0.0009s ]
SQL: SELECT * FROM `user` WHERE `u_id` = 7 LIMIT 1   [ RunTime:0.0003s ]
SQL: INSERT INTO `message` (`u_id`,`username`,`face_url`,`m_content`,`likes`,`send_time`) VALUES ('7','小猪佩奇','http://tmp/aDG2ObikeWUT8e04105f7246b6ff64322ff43f2c42fc.jpeg','sfsaffaasffsdfsadggsgsd fsafsdfsadfsdagdasgsdagsdagsad safaf dasfasdf sad fsdaf sdasfa asf','0','2021-12-08 23:58:01') [ RunTime:0.0003s ]

[ 2021-12-08T23:58:02+08:00 ] ::1 /treehole/index.php/Home/Comment/get_all_comments
INFO: [ app_init ] --START--
INFO: Run Behavior\BuildLiteBehavior [ RunTime:0.000017s ]
INFO: [ app_init ] --END-- [ RunTime:0.000099s ]
INFO: [ app_begin ] --START--
INFO: Run Behavior\ReadHtmlCacheBehavior [ RunTime:0.000150s ]
INFO: [ app_begin ] --END-- [ RunTime:0.000215s ]
SQL: SHOW COLUMNS FROM `comment` [ RunTime:0.0037s ]
SQL: SELECT * FROM `comment` ORDER BY m_id asc  [ RunTime:0.0003s ]


