[ 2021-12-13T11:15:20+08:00 ] ::1 /treehole/index.php/Home/Comment_report/new_comment_report
INFO: [ app_init ] --START--
INFO: Run Behavior\BuildLiteBehavior [ RunTime:0.000021s ]
INFO: [ app_init ] --END-- [ RunTime:0.000669s ]
INFO: [ app_begin ] --START--
INFO: Run Behavior\ReadHtmlCacheBehavior [ RunTime:0.000527s ]
INFO: [ app_begin ] --END-- [ RunTime:0.000600s ]
NOTIC: [8] Undefined index: c_id E:\wamp64\www\treehole\Application\Home\Controller\CommentReportController.class.php 第 16 行.

[ 2021-12-13T11:16:44+08:00 ] ::1 /treehole/index.php/Home/Comment_report/new_comment_report
INFO: [ app_init ] --START--
INFO: Run Behavior\BuildLiteBehavior [ RunTime:0.000019s ]
INFO: [ app_init ] --END-- [ RunTime:0.000166s ]
INFO: [ app_begin ] --START--
INFO: Run Behavior\ReadHtmlCacheBehavior [ RunTime:0.000205s ]
INFO: [ app_begin ] --END-- [ RunTime:0.000271s ]
NOTIC: [8] Undefined index: c_id E:\wamp64\www\treehole\Application\Home\Controller\CommentReportController.class.php 第 16 行.

[ 2021-12-13T11:17:35+08:00 ] ::1 /treehole/index.php/Home/Adimin/get_all_user
INFO: [ app_init ] --START--
INFO: Run Behavior\BuildLiteBehavior [ RunTime:0.000021s ]
INFO: [ app_init ] --END-- [ RunTime:0.000223s ]
INFO: [ app_begin ] --START--
INFO: Run Behavior\ReadHtmlCacheBehavior [ RunTime:0.000352s ]
INFO: [ app_begin ] --END-- [ RunTime:0.000542s ]
ERR: 无法加载控制器:Adimin

[ 2021-12-13T11:18:11+08:00 ] ::1 /treehole/index.php/Home/Admin/get_all_user
INFO: [ app_init ] --START--
INFO: Run Behavior\BuildLiteBehavior [ RunTime:0.000017s ]
INFO: [ app_init ] --END-- [ RunTime:0.000202s ]
INFO: [ app_begin ] --START--
INFO: Run Behavior\ReadHtmlCacheBehavior [ RunTime:0.000461s ]
INFO: [ app_begin ] --END-- [ RunTime:0.000567s ]
SQL: SHOW COLUMNS FROM `user` [ RunTime:0.0034s ]
SQL: SELECT * FROM `user` ORDER BY u_id desc  [ RunTime:0.0032s ]

[ 2021-12-13T11:19:09+08:00 ] ::1 /treehole/index.php/Home/Admin/get_all_user
INFO: [ app_init ] --START--
INFO: Run Behavior\BuildLiteBehavior [ RunTime:0.000015s ]
INFO: [ app_init ] --END-- [ RunTime:0.000142s ]
INFO: [ app_begin ] --START--
INFO: Run Behavior\ReadHtmlCacheBehavior [ RunTime:0.000165s ]
INFO: [ app_begin ] --END-- [ RunTime:0.000220s ]
SQL: SHOW COLUMNS FROM `user` [ RunTime:0.0022s ]
SQL: SELECT * FROM `user` ORDER BY u_id desc  [ RunTime:0.0012s ]

[ 2021-12-13T11:19:46+08:00 ] ::1 /treehole/index.php/Home/Admin/get_all_user
INFO: [ app_init ] --START--
INFO: Run Behavior\BuildLiteBehavior [ RunTime:0.000018s ]
INFO: [ app_init ] --END-- [ RunTime:0.000152s ]
INFO: [ app_begin ] --START--
INFO: Run Behavior\ReadHtmlCacheBehavior [ RunTime:0.000317s ]
INFO: [ app_begin ] --END-- [ RunTime:0.000422s ]
SQL: SHOW COLUMNS FROM `user` [ RunTime:0.0044s ]
SQL: SELECT * FROM `user` ORDER BY u_id desc  [ RunTime:0.0006s ]

[ 2021-12-13T12:45:34+08:00 ] ::1 /treehole/index.php/Home/Admin/get_all_user
INFO: [ app_init ] --START--
INFO: Run Behavior\BuildLiteBehavior [ RunTime:0.000019s ]
INFO: [ app_init ] --END-- [ RunTime:0.000264s ]
INFO: [ app_begin ] --START--
INFO: Run Behavior\ReadHtmlCacheBehavior [ RunTime:0.000423s ]
INFO: [ app_begin ] --END-- [ RunTime:0.000569s ]
SQL: SHOW COLUMNS FROM `user` [ RunTime:0.0436s ]
SQL: SELECT * FROM `user` ORDER BY u_id desc  [ RunTime:0.0016s ]

[ 2021-12-13T12:46:50+08:00 ] ::1 /treehole/index.php/Home/Admin/get_all_user
INFO: [ app_init ] --START--
INFO: Run Behavior\BuildLiteBehavior [ RunTime:0.000047s ]
INFO: [ app_init ] --END-- [ RunTime:0.000375s ]
INFO: [ app_begin ] --START--
INFO: Run Behavior\ReadHtmlCacheBehavior [ RunTime:0.000291s ]
INFO: [ app_begin ] --END-- [ RunTime:0.000404s ]
SQL: SHOW COLUMNS FROM `user` [ RunTime:0.0045s ]
SQL: SELECT * FROM `user` ORDER BY u_id desc  [ RunTime:0.0026s ]

[ 2021-12-13T12:47:14+08:00 ] ::1 /treehole/index.php/Home/Admin/get_all_user
INFO: [ app_init ] --START--
INFO: Run Behavior\BuildLiteBehavior [ RunTime:0.000016s ]
INFO: [ app_init ] --END-- [ RunTime:0.000191s ]
INFO: [ app_begin ] --START--
INFO: Run Behavior\ReadHtmlCacheBehavior [ RunTime:0.000325s ]
INFO: [ app_begin ] --END-- [ RunTime:0.000443s ]
SQL: SHOW COLUMNS FROM `user` [ RunTime:0.0019s ]
SQL: SELECT * FROM `user` ORDER BY u_id desc  [ RunTime:0.0005s ]

[ 2021-12-13T12:47:42+08:00 ] ::1 /treehole/index.php/Home/Admin/get_all_user
INFO: [ app_init ] --START--
INFO: Run Behavior\BuildLiteBehavior [ RunTime:0.000032s ]
INFO: [ app_init ] --END-- [ RunTime:0.000450s ]
INFO: [ app_begin ] --START--
INFO: Run Behavior\ReadHtmlCacheBehavior [ RunTime:0.000606s ]
INFO: [ app_begin ] --END-- [ RunTime:0.000700s ]
SQL: SHOW COLUMNS FROM `user` [ RunTime:0.0017s ]
SQL: SELECT * FROM `user` ORDER BY u_id desc  [ RunTime:0.0014s ]

[ 2021-12-13T12:48:25+08:00 ] ::1 /treehole/index.php/Home/Admin/get_all_user
INFO: [ app_init ] --START--
INFO: Run Behavior\BuildLiteBehavior [ RunTime:0.000015s ]
INFO: [ app_init ] --END-- [ RunTime:0.000146s ]
INFO: [ app_begin ] --START--
INFO: Run Behavior\ReadHtmlCacheBehavior [ RunTime:0.000170s ]
INFO: [ app_begin ] --END-- [ RunTime:0.000235s ]
SQL: SHOW COLUMNS FROM `user` [ RunTime:0.0032s ]
SQL: SELECT * FROM `user` ORDER BY u_id desc  [ RunTime:0.0019s ]

[ 2021-12-13T12:50:33+08:00 ] ::1 /treehole/index.php/Home/Admin/get_all_user
INFO: [ app_init ] --START--
INFO: Run Behavior\BuildLiteBehavior [ RunTime:0.000028s ]
INFO: [ app_init ] --END-- [ RunTime:0.000365s ]
INFO: [ app_begin ] --START--
INFO: Run Behavior\ReadHtmlCacheBehavior [ RunTime:0.000581s ]
INFO: [ app_begin ] --END-- [ RunTime:0.000699s ]
SQL: SHOW COLUMNS FROM `user` [ RunTime:0.0033s ]
SQL: SELECT * FROM `user` ORDER BY u_id desc  [ RunTime:0.0008s ]

[ 2021-12-13T12:52:19+08:00 ] ::1 /treehole/index.php/Home/Admin/get_all_user
INFO: [ app_init ] --START--
INFO: Run Behavior\BuildLiteBehavior [ RunTime:0.000015s ]
INFO: [ app_init ] --END-- [ RunTime:0.000147s ]
INFO: [ app_begin ] --START--
INFO: Run Behavior\ReadHtmlCacheBehavior [ RunTime:0.000170s ]
INFO: [ app_begin ] --END-- [ RunTime:0.000251s ]
SQL: SHOW COLUMNS FROM `user` [ RunTime:0.0037s ]
SQL: SELECT * FROM `user` ORDER BY u_id desc  [ RunTime:0.0012s ]

[ 2021-12-13T12:52:38+08:00 ] ::1 /treehole/index.php/Home/Admin/get_all_user
INFO: [ app_init ] --START--
INFO: Run Behavior\BuildLiteBehavior [ RunTime:0.000026s ]
INFO: [ app_init ] --END-- [ RunTime:0.000326s ]
INFO: [ app_begin ] --START--
INFO: Run Behavior\ReadHtmlCacheBehavior [ RunTime:0.000496s ]
INFO: [ app_begin ] --END-- [ RunTime:0.000597s ]
SQL: SHOW COLUMNS FROM `user` [ RunTime:0.0091s ]
SQL: SELECT * FROM `user` ORDER BY u_id desc  [ RunTime:0.0019s ]

[ 2021-12-13T12:53:01+08:00 ] ::1 /treehole/index.php/Home/Admin/get_all_user
INFO: [ app_init ] --START--
INFO: Run Behavior\BuildLiteBehavior [ RunTime:0.000028s ]
INFO: [ app_init ] --END-- [ RunTime:0.000309s ]
INFO: [ app_begin ] --START--
INFO: Run Behavior\ReadHtmlCacheBehavior [ RunTime:0.000192s ]
INFO: [ app_begin ] --END-- [ RunTime:0.000259s ]
SQL: SHOW COLUMNS FROM `user` [ RunTime:0.0036s ]
SQL: SELECT * FROM `user` ORDER BY u_id desc  [ RunTime:0.0043s ]

[ 2021-12-13T12:53:29+08:00 ] ::1 /treehole/index.php/Home/Admin/get_all_user
INFO: [ app_init ] --START--
INFO: Run Behavior\BuildLiteBehavior [ RunTime:0.000018s ]
INFO: [ app_init ] --END-- [ RunTime:0.000156s ]
INFO: [ app_begin ] --START--
INFO: Run Behavior\ReadHtmlCacheBehavior [ RunTime:0.000214s ]
INFO: [ app_begin ] --END-- [ RunTime:0.000297s ]
SQL: SHOW COLUMNS FROM `user` [ RunTime:0.0024s ]
SQL: SELECT * FROM `user` ORDER BY u_id desc  [ RunTime:0.0005s ]

[ 2021-12-13T12:53:44+08:00 ] ::1 /treehole/index.php/Home/Admin/get_all_user
INFO: [ app_init ] --START--
INFO: Run Behavior\BuildLiteBehavior [ RunTime:0.000052s ]
INFO: [ app_init ] --END-- [ RunTime:0.000539s ]
INFO: [ app_begin ] --START--
INFO: Run Behavior\ReadHtmlCacheBehavior [ RunTime:0.000585s ]
INFO: [ app_begin ] --END-- [ RunTime:0.000812s ]
SQL: SHOW COLUMNS FROM `user` [ RunTime:0.0057s ]
SQL: SELECT * FROM `user` ORDER BY u_id desc  [ RunTime:0.0031s ]

[ 2021-12-13T12:53:51+08:00 ] ::1 /treehole/index.php/Home/Admin/get_all_user
INFO: [ app_init ] --START--
INFO: Run Behavior\BuildLiteBehavior [ RunTime:0.000082s ]
INFO: [ app_init ] --END-- [ RunTime:0.000791s ]
INFO: [ app_begin ] --START--
INFO: Run Behavior\ReadHtmlCacheBehavior [ RunTime:0.000503s ]
INFO: [ app_begin ] --END-- [ RunTime:0.000692s ]
SQL: SHOW COLUMNS FROM `user` [ RunTime:0.0059s ]
SQL: SELECT * FROM `user` ORDER BY u_id desc  [ RunTime:0.0026s ]

[ 2021-12-13T12:54:06+08:00 ] ::1 /treehole/index.php/Home/Admin/get_all_user
INFO: [ app_init ] --START--
INFO: Run Behavior\BuildLiteBehavior [ RunTime:0.000016s ]
INFO: [ app_init ] --END-- [ RunTime:0.000157s ]
INFO: [ app_begin ] --START--
INFO: Run Behavior\ReadHtmlCacheBehavior [ RunTime:0.000181s ]
INFO: [ app_begin ] --END-- [ RunTime:0.000251s ]
SQL: SHOW COLUMNS FROM `user` [ RunTime:0.0034s ]
SQL: SELECT * FROM `user` ORDER BY u_id desc  [ RunTime:0.0025s ]

[ 2021-12-13T12:55:19+08:00 ] ::1 /treehole/index.php/Home/Admin/get_all_user
INFO: [ app_init ] --START--
INFO: Run Behavior\BuildLiteBehavior [ RunTime:0.000023s ]
INFO: [ app_init ] --END-- [ RunTime:0.000361s ]
INFO: [ app_begin ] --START--
INFO: Run Behavior\ReadHtmlCacheBehavior [ RunTime:0.000624s ]
INFO: [ app_begin ] --END-- [ RunTime:0.000737s ]
SQL: SHOW COLUMNS FROM `user` [ RunTime:0.0034s ]
SQL: SELECT * FROM `user` ORDER BY u_id desc  [ RunTime:0.0005s ]

[ 2021-12-13T12:55:32+08:00 ] ::1 /treehole/index.php/Home/Admin/get_all_user
INFO: [ app_init ] --START--
INFO: Run Behavior\BuildLiteBehavior [ RunTime:0.000035s ]
INFO: [ app_init ] --END-- [ RunTime:0.000270s ]
INFO: [ app_begin ] --START--
INFO: Run Behavior\ReadHtmlCacheBehavior [ RunTime:0.000266s ]
INFO: [ app_begin ] --END-- [ RunTime:0.000381s ]
SQL: SHOW COLUMNS FROM `user` [ RunTime:0.0019s ]
SQL: SELECT * FROM `user` ORDER BY u_id desc  [ RunTime:0.0005s ]

[ 2021-12-13T12:55:42+08:00 ] ::1 /treehole/index.php/Home/Admin/get_all_user
INFO: [ app_init ] --START--
INFO: Run Behavior\BuildLiteBehavior [ RunTime:0.000024s ]
INFO: [ app_init ] --END-- [ RunTime:0.000280s ]
INFO: [ app_begin ] --START--
INFO: Run Behavior\ReadHtmlCacheBehavior [ RunTime:0.000260s ]
INFO: [ app_begin ] --END-- [ RunTime:0.000355s ]
SQL: SHOW COLUMNS FROM `user` [ RunTime:0.0026s ]
SQL: SELECT * FROM `user` ORDER BY u_id desc  [ RunTime:0.0007s ]

[ 2021-12-13T12:56:47+08:00 ] ::1 /treehole/index.php/Home/Admin/get_all_user
INFO: [ app_init ] --START--
INFO: Run Behavior\BuildLiteBehavior [ RunTime:0.000016s ]
INFO: [ app_init ] --END-- [ RunTime:0.000162s ]
INFO: [ app_begin ] --START--
INFO: Run Behavior\ReadHtmlCacheBehavior [ RunTime:0.000175s ]
INFO: [ app_begin ] --END-- [ RunTime:0.000241s ]
SQL: SHOW COLUMNS FROM `user` [ RunTime:0.0020s ]
SQL: SELECT * FROM `user` ORDER BY u_id desc  [ RunTime:0.0004s ]

[ 2021-12-13T12:58:50+08:00 ] ::1 /treehole/index.php/Home/Admin/get_all_user
INFO: [ app_init ] --START--
INFO: Run Behavior\BuildLiteBehavior [ RunTime:0.000015s ]
INFO: [ app_init ] --END-- [ RunTime:0.000201s ]
INFO: [ app_begin ] --START--
INFO: Run Behavior\ReadHtmlCacheBehavior [ RunTime:0.000309s ]
INFO: [ app_begin ] --END-- [ RunTime:0.000377s ]
SQL: SHOW COLUMNS FROM `user` [ RunTime:0.0013s ]
SQL: SELECT * FROM `user` ORDER BY u_id desc  [ RunTime:0.0004s ]

[ 2021-12-13T12:58:58+08:00 ] ::1 /treehole/index.php/Home/Admin/get_all_user
INFO: [ app_init ] --START--
INFO: Run Behavior\BuildLiteBehavior [ RunTime:0.000016s ]
INFO: [ app_init ] --END-- [ RunTime:0.000151s ]
INFO: [ app_begin ] --START--
INFO: Run Behavior\ReadHtmlCacheBehavior [ RunTime:0.000171s ]
INFO: [ app_begin ] --END-- [ RunTime:0.000234s ]
SQL: SHOW COLUMNS FROM `user` [ RunTime:0.0013s ]
SQL: SELECT * FROM `user` ORDER BY u_id desc  [ RunTime:0.0004s ]

[ 2021-12-13T12:59:08+08:00 ] ::1 /treehole/index.php/Home/Admin/get_all_user
INFO: [ app_init ] --START--
INFO: Run Behavior\BuildLiteBehavior [ RunTime:0.000016s ]
INFO: [ app_init ] --END-- [ RunTime:0.000144s ]
INFO: [ app_begin ] --START--
INFO: Run Behavior\ReadHtmlCacheBehavior [ RunTime:0.000167s ]
INFO: [ app_begin ] --END-- [ RunTime:0.000232s ]
SQL: SHOW COLUMNS FROM `user` [ RunTime:0.0015s ]
SQL: SELECT * FROM `user` ORDER BY u_id desc  [ RunTime:0.0005s ]

[ 2021-12-13T12:59:36+08:00 ] ::1 /treehole/index.php/Home/Admin/get_all_user
INFO: [ app_init ] --START--
INFO: Run Behavior\BuildLiteBehavior [ RunTime:0.000016s ]
INFO: [ app_init ] --END-- [ RunTime:0.000148s ]
INFO: [ app_begin ] --START--
INFO: Run Behavior\ReadHtmlCacheBehavior [ RunTime:0.000170s ]
INFO: [ app_begin ] --END-- [ RunTime:0.000236s ]
SQL: SHOW COLUMNS FROM `user` [ RunTime:0.0012s ]
SQL: SELECT * FROM `user` ORDER BY u_id desc  [ RunTime:0.0004s ]

[ 2021-12-13T13:00:39+08:00 ] ::1 /treehole/index.php/Home/Admin/get_all_user
INFO: [ app_init ] --START--
INFO: Run Behavior\BuildLiteBehavior [ RunTime:0.000018s ]
INFO: [ app_init ] --END-- [ RunTime:0.000180s ]
INFO: [ app_begin ] --START--
INFO: Run Behavior\ReadHtmlCacheBehavior [ RunTime:0.000224s ]
INFO: [ app_begin ] --END-- [ RunTime:0.000296s ]
SQL: SHOW COLUMNS FROM `user` [ RunTime:0.0019s ]
SQL: SELECT * FROM `user` ORDER BY u_id desc  [ RunTime:0.0004s ]

[ 2021-12-13T13:00:55+08:00 ] ::1 /treehole/index.php/Home/Admin/get_all_user
INFO: [ app_init ] --START--
INFO: Run Behavior\BuildLiteBehavior [ RunTime:0.000020s ]
INFO: [ app_init ] --END-- [ RunTime:0.000266s ]
INFO: [ app_begin ] --START--
INFO: Run Behavior\ReadHtmlCacheBehavior [ RunTime:0.000520s ]
INFO: [ app_begin ] --END-- [ RunTime:0.000622s ]
SQL: SHOW COLUMNS FROM `user` [ RunTime:0.0044s ]
SQL: SELECT * FROM `user` ORDER BY u_id desc  [ RunTime:0.0016s ]

[ 2021-12-13T13:01:30+08:00 ] ::1 /treehole/index.php/Home/Admin/get_all_user
INFO: [ app_init ] --START--
INFO: Run Behavior\BuildLiteBehavior [ RunTime:0.000017s ]
INFO: [ app_init ] --END-- [ RunTime:0.000151s ]
INFO: [ app_begin ] --START--
INFO: Run Behavior\ReadHtmlCacheBehavior [ RunTime:0.000362s ]
INFO: [ app_begin ] --END-- [ RunTime:0.000502s ]
SQL: SHOW COLUMNS FROM `user` [ RunTime:0.0016s ]
SQL: SELECT * FROM `user` ORDER BY u_id asc  [ RunTime:0.0004s ]

[ 2021-12-13T13:17:35+08:00 ] ::1 /treehole/index.php/Home/User/login
INFO: [ app_init ] --START--
INFO: Run Behavior\BuildLiteBehavior [ RunTime:0.000058s ]
INFO: [ app_init ] --END-- [ RunTime:0.000763s ]
INFO: [ app_begin ] --START--
INFO: Run Behavior\ReadHtmlCacheBehavior [ RunTime:0.000789s ]
INFO: [ app_begin ] --END-- [ RunTime:0.000945s ]
SQL: SHOW COLUMNS FROM `user` [ RunTime:0.0029s ]
SQL: SELECT * FROM `user` WHERE `phone` = '13411945045' LIMIT 1   [ RunTime:0.0006s ]

[ 2021-12-13T13:17:35+08:00 ] ::1 /treehole/index.php/Home/Message/get_one_user_all_messages
INFO: [ app_init ] --START--
INFO: Run Behavior\BuildLiteBehavior [ RunTime:0.000025s ]
INFO: [ app_init ] --END-- [ RunTime:0.000162s ]
INFO: [ app_begin ] --START--
INFO: Run Behavior\ReadHtmlCacheBehavior [ RunTime:0.000296s ]
INFO: [ app_begin ] --END-- [ RunTime:0.000426s ]
SQL: SHOW COLUMNS FROM `message` [ RunTime:0.0014s ]
SQL: SELECT * FROM `message` WHERE `u_id` = 7 ORDER BY m_id desc  [ RunTime:0.0019s ]

[ 2021-12-13T13:17:42+08:00 ] ::1 /treehole/index.php/Home/Message/publish_new_message
INFO: [ app_init ] --START--
INFO: Run Behavior\BuildLiteBehavior [ RunTime:0.000025s ]
INFO: [ app_init ] --END-- [ RunTime:0.000239s ]
INFO: [ app_begin ] --START--
INFO: Run Behavior\ReadHtmlCacheBehavior [ RunTime:0.000294s ]
INFO: [ app_begin ] --END-- [ RunTime:0.000395s ]
SQL: SHOW COLUMNS FROM `message` [ RunTime:0.0013s ]
SQL: SHOW COLUMNS FROM `user` [ RunTime:0.0011s ]
SQL: SELECT * FROM `user` WHERE `u_id` = 7 LIMIT 1   [ RunTime:0.0027s ]
SQL: INSERT INTO `message` (`u_id`,`username`,`face_url`,`m_content`,`send_time`) VALUES ('7','小猪佩奇','http://tmp/aDG2ObikeWUT8e04105f7246b6ff64322ff43f2c42fc.jpeg','dasd','2021-12-13 13:17:42') [ RunTime:0.0191s ]

[ 2021-12-13T13:17:44+08:00 ] ::1 /treehole/index.php/Home/Comment/get_all_comments
INFO: [ app_init ] --START--
INFO: Run Behavior\BuildLiteBehavior [ RunTime:0.000020s ]
INFO: [ app_init ] --END-- [ RunTime:0.000157s ]
INFO: [ app_begin ] --START--
INFO: Run Behavior\ReadHtmlCacheBehavior [ RunTime:0.000329s ]
INFO: [ app_begin ] --END-- [ RunTime:0.000409s ]
SQL: SHOW COLUMNS FROM `comment` [ RunTime:0.0017s ]
SQL: SELECT * FROM `comment` ORDER BY c_id  [ RunTime:0.0007s ]

[ 2021-12-13T13:17:44+08:00 ] ::1 /treehole/index.php/Home/Message/get_all_messages
INFO: [ app_init ] --START--
INFO: Run Behavior\BuildLiteBehavior [ RunTime:0.000018s ]
INFO: [ app_init ] --END-- [ RunTime:0.000099s ]
INFO: [ app_begin ] --START--
INFO: Run Behavior\ReadHtmlCacheBehavior [ RunTime:0.000151s ]
INFO: [ app_begin ] --END-- [ RunTime:0.000222s ]
SQL: SHOW COLUMNS FROM `message` [ RunTime:0.0021s ]
SQL: SELECT * FROM `message` ORDER BY m_id desc  [ RunTime:0.0006s ]

[ 2021-12-13T13:17:46+08:00 ] ::1 /treehole/index.php/Home/Message/get_one_user_all_messages
INFO: [ app_init ] --START--
INFO: Run Behavior\BuildLiteBehavior [ RunTime:0.000033s ]
INFO: [ app_init ] --END-- [ RunTime:0.000243s ]
INFO: [ app_begin ] --START--
INFO: Run Behavior\ReadHtmlCacheBehavior [ RunTime:0.000297s ]
INFO: [ app_begin ] --END-- [ RunTime:0.000395s ]
SQL: SHOW COLUMNS FROM `message` [ RunTime:0.0016s ]
SQL: SELECT * FROM `message` WHERE `u_id` = 7 ORDER BY m_id desc  [ RunTime:0.0016s ]

[ 2021-12-13T13:17:47+08:00 ] ::1 /treehole/index.php/Home/Message/delete_message
INFO: [ app_init ] --START--
INFO: Run Behavior\BuildLiteBehavior [ RunTime:0.000048s ]
INFO: [ app_init ] --END-- [ RunTime:0.000287s ]
INFO: [ app_begin ] --START--
INFO: Run Behavior\ReadHtmlCacheBehavior [ RunTime:0.000423s ]
INFO: [ app_begin ] --END-- [ RunTime:0.000628s ]
SQL: SHOW COLUMNS FROM `message` [ RunTime:0.0033s ]
SQL: SHOW COLUMNS FROM `comment` [ RunTime:0.0031s ]
SQL: SHOW COLUMNS FROM `message_report` [ RunTime:0.0032s ]
SQL: SHOW COLUMNS FROM `comment_report` [ RunTime:0.0030s ]
SQL: SELECT * FROM `comment` WHERE `m_id` = 49 LIMIT 1   [ RunTime:0.0029s ]
SQL: DELETE FROM `message` WHERE `m_id` = 49 [ RunTime:0.0457s ]
SQL: DELETE FROM `comment` WHERE `m_id` = 49 [ RunTime:0.0007s ]
SQL: DELETE FROM `message_report` WHERE `m_id` = 49 [ RunTime:0.0026s ]
SQL: DELETE FROM `comment_report` WHERE `c_id` = null [ RunTime:0.0153s ]

[ 2021-12-13T13:17:48+08:00 ] ::1 /treehole/index.php/Home/Message/get_one_user_all_messages
INFO: [ app_init ] --START--
INFO: Run Behavior\BuildLiteBehavior [ RunTime:0.000036s ]
INFO: [ app_init ] --END-- [ RunTime:0.000196s ]
INFO: [ app_begin ] --START--
INFO: Run Behavior\ReadHtmlCacheBehavior [ RunTime:0.000296s ]
INFO: [ app_begin ] --END-- [ RunTime:0.000392s ]
SQL: SHOW COLUMNS FROM `message` [ RunTime:0.0030s ]
SQL: SELECT * FROM `message` WHERE `u_id` = 7 ORDER BY m_id desc  [ RunTime:0.0021s ]

[ 2021-12-13T13:18:03+08:00 ] ::1 /treehole/index.php/Home/Message/get_all_messages
INFO: [ app_init ] --START--
INFO: Run Behavior\BuildLiteBehavior [ RunTime:0.000023s ]
INFO: [ app_init ] --END-- [ RunTime:0.000301s ]
INFO: [ app_begin ] --START--
INFO: Run Behavior\ReadHtmlCacheBehavior [ RunTime:0.000435s ]
INFO: [ app_begin ] --END-- [ RunTime:0.000519s ]
SQL: SHOW COLUMNS FROM `message` [ RunTime:0.0021s ]
SQL: SELECT * FROM `message` ORDER BY m_id desc  [ RunTime:0.0021s ]

[ 2021-12-13T13:18:03+08:00 ] ::1 /treehole/index.php/Home/Comment/get_all_comments
INFO: [ app_init ] --START--
INFO: Run Behavior\BuildLiteBehavior [ RunTime:0.000058s ]
INFO: [ app_init ] --END-- [ RunTime:0.000629s ]
INFO: [ app_begin ] --START--
INFO: Run Behavior\ReadHtmlCacheBehavior [ RunTime:0.000586s ]
INFO: [ app_begin ] --END-- [ RunTime:0.000808s ]
SQL: SHOW COLUMNS FROM `comment` [ RunTime:0.0023s ]
SQL: SELECT * FROM `comment` ORDER BY c_id  [ RunTime:0.0023s ]

[ 2021-12-13T13:19:11+08:00 ] ::1 /treehole/index.php/Home/Admin/get_all_user
INFO: [ app_init ] --START--
INFO: Run Behavior\BuildLiteBehavior [ RunTime:0.000026s ]
INFO: [ app_init ] --END-- [ RunTime:0.000238s ]
INFO: [ app_begin ] --START--
INFO: Run Behavior\ReadHtmlCacheBehavior [ RunTime:0.000389s ]
INFO: [ app_begin ] --END-- [ RunTime:0.000499s ]
SQL: SHOW COLUMNS FROM `user` [ RunTime:0.0018s ]
SQL: SELECT * FROM `user` ORDER BY u_id asc  [ RunTime:0.0006s ]

[ 2021-12-13T13:19:20+08:00 ] ::1 /treehole/index.php/Home/admin/delete_user
INFO: [ app_init ] --START--
INFO: Run Behavior\BuildLiteBehavior [ RunTime:0.000061s ]
INFO: [ app_init ] --END-- [ RunTime:0.000504s ]
INFO: [ app_begin ] --START--
INFO: Run Behavior\ReadHtmlCacheBehavior [ RunTime:0.000585s ]
INFO: [ app_begin ] --END-- [ RunTime:0.000814s ]
SQL: SHOW COLUMNS FROM `user` [ RunTime:0.0010s ]
SQL: SHOW COLUMNS FROM `message` [ RunTime:0.0013s ]
SQL: SHOW COLUMNS FROM `comment` [ RunTime:0.0009s ]
SQL: SHOW COLUMNS FROM `message_report` [ RunTime:0.0008s ]
SQL: SHOW COLUMNS FROM `comment_report` [ RunTime:0.0008s ]
SQL: DELETE FROM `user` WHERE `u_id` = 37 [ RunTime:0.0326s ]
SQL: DELETE FROM `message` WHERE `u_id` = 37 [ RunTime:0.0003s ]
SQL: DELETE FROM `comment` WHERE `u_id` = 37 [ RunTime:0.0083s ]
SQL: DELETE FROM `message_report` WHERE `u_id2` = 37 [ RunTime:0.0007s ]
SQL: DELETE FROM `comment_report` WHERE `u_id2` = 37 [ RunTime:0.0010s ]
NOTIC: [8] Undefined index: m_id E:\wamp64\www\treehole\Application\Home\Controller\AdminController.class.php 第 92 行.

[ 2021-12-13T13:19:20+08:00 ] ::1 /treehole/index.php/Home/Admin/get_all_user
INFO: [ app_init ] --START--
INFO: Run Behavior\BuildLiteBehavior [ RunTime:0.000047s ]
INFO: [ app_init ] --END-- [ RunTime:0.000184s ]
INFO: [ app_begin ] --START--
INFO: Run Behavior\ReadHtmlCacheBehavior [ RunTime:0.000225s ]
INFO: [ app_begin ] --END-- [ RunTime:0.000360s ]
SQL: SHOW COLUMNS FROM `user` [ RunTime:0.0047s ]
SQL: SELECT * FROM `user` ORDER BY u_id asc  [ RunTime:0.0006s ]

[ 2021-12-13T13:20:45+08:00 ] ::1 /treehole/index.php/Home/Admin/get_all_user
INFO: [ app_init ] --START--
INFO: Run Behavior\BuildLiteBehavior [ RunTime:0.000017s ]
INFO: [ app_init ] --END-- [ RunTime:0.000208s ]
INFO: [ app_begin ] --START--
INFO: Run Behavior\ReadHtmlCacheBehavior [ RunTime:0.000324s ]
INFO: [ app_begin ] --END-- [ RunTime:0.000387s ]
SQL: SHOW COLUMNS FROM `user` [ RunTime:0.0038s ]
SQL: SELECT * FROM `user` ORDER BY u_id asc  [ RunTime:0.0010s ]

[ 2021-12-13T13:20:48+08:00 ] ::1 /treehole/index.php/Home/Admin/get_all_user
INFO: [ app_init ] --START--
INFO: Run Behavior\BuildLiteBehavior [ RunTime:0.000049s ]
INFO: [ app_init ] --END-- [ RunTime:0.000310s ]
INFO: [ app_begin ] --START--
INFO: Run Behavior\ReadHtmlCacheBehavior [ RunTime:0.000238s ]
INFO: [ app_begin ] --END-- [ RunTime:0.000309s ]
SQL: SHOW COLUMNS FROM `user` [ RunTime:0.0028s ]
SQL: SELECT * FROM `user` ORDER BY u_id asc  [ RunTime:0.0004s ]

[ 2021-12-13T13:21:25+08:00 ] ::1 /treehole/index.php/Home/admin/delete_user
INFO: [ app_init ] --START--
INFO: Run Behavior\BuildLiteBehavior [ RunTime:0.000051s ]
INFO: [ app_init ] --END-- [ RunTime:0.000686s ]
INFO: [ app_begin ] --START--
INFO: Run Behavior\ReadHtmlCacheBehavior [ RunTime:0.001085s ]
INFO: [ app_begin ] --END-- [ RunTime:0.001317s ]
SQL: SHOW COLUMNS FROM `user` [ RunTime:0.0036s ]
SQL: SHOW COLUMNS FROM `message` [ RunTime:0.0031s ]
SQL: SHOW COLUMNS FROM `comment` [ RunTime:0.0031s ]
SQL: SHOW COLUMNS FROM `message_report` [ RunTime:0.0031s ]
SQL: SHOW COLUMNS FROM `comment_report` [ RunTime:0.0031s ]
SQL: DELETE FROM `user` WHERE `u_id` = 36 [ RunTime:0.0011s ]
SQL: DELETE FROM `message` WHERE `u_id` = 36 [ RunTime:0.0028s ]
SQL: DELETE FROM `comment` WHERE `u_id` = 36 [ RunTime:0.0007s ]
SQL: DELETE FROM `message_report` WHERE `u_id2` = 36 [ RunTime:0.0024s ]
SQL: DELETE FROM `comment_report` WHERE `u_id2` = 36 [ RunTime:0.0021s ]
NOTIC: [8] Undefined index: m_id E:\wamp64\www\treehole\Application\Home\Controller\AdminController.class.php 第 92 行.

[ 2021-12-13T13:21:25+08:00 ] ::1 /treehole/index.php/Home/Admin/get_all_user
INFO: [ app_init ] --START--
INFO: Run Behavior\BuildLiteBehavior [ RunTime:0.000020s ]
INFO: [ app_init ] --END-- [ RunTime:0.000121s ]
INFO: [ app_begin ] --START--
INFO: Run Behavior\ReadHtmlCacheBehavior [ RunTime:0.000257s ]
INFO: [ app_begin ] --END-- [ RunTime:0.000376s ]
SQL: SHOW COLUMNS FROM `user` [ RunTime:0.0022s ]
SQL: SELECT * FROM `user` ORDER BY u_id asc  [ RunTime:0.0005s ]

[ 2021-12-13T13:22:49+08:00 ] ::1 /treehole/index.php/Home/User/sign
INFO: [ app_init ] --START--
INFO: Run Behavior\BuildLiteBehavior [ RunTime:0.000014s ]
INFO: [ app_init ] --END-- [ RunTime:0.000140s ]
INFO: [ app_begin ] --START--
INFO: Run Behavior\ReadHtmlCacheBehavior [ RunTime:0.000163s ]
INFO: [ app_begin ] --END-- [ RunTime:0.000228s ]
SQL: SHOW COLUMNS FROM `user` [ RunTime:0.0013s ]
SQL: SELECT * FROM `user` WHERE `phone` = '13411945666' LIMIT 1   [ RunTime:0.0003s ]
SQL: SELECT * FROM `user` WHERE `username` = '13411945666' LIMIT 1   [ RunTime:0.0003s ]
SQL: INSERT INTO `user` (`username`,`phone`,`password`,`face_url`) VALUES ('13411945666','13411945666','21218cca77804d2ba1922c33e0151105','https://img2.baidu.com/it/u=395719964,2145680590&fm=26&fmt=auto') [ RunTime:0.0004s ]

[ 2021-12-13T13:22:58+08:00 ] ::1 /treehole/index.php/Home/Admin/get_all_user
INFO: [ app_init ] --START--
INFO: Run Behavior\BuildLiteBehavior [ RunTime:0.000017s ]
INFO: [ app_init ] --END-- [ RunTime:0.000191s ]
INFO: [ app_begin ] --START--
INFO: Run Behavior\ReadHtmlCacheBehavior [ RunTime:0.000251s ]
INFO: [ app_begin ] --END-- [ RunTime:0.000351s ]
SQL: SHOW COLUMNS FROM `user` [ RunTime:0.0016s ]
SQL: SELECT * FROM `user` ORDER BY u_id asc  [ RunTime:0.0005s ]

[ 2021-12-13T13:23:07+08:00 ] ::1 /treehole/index.php/Home/admin/delete_user
INFO: [ app_init ] --START--
INFO: Run Behavior\BuildLiteBehavior [ RunTime:0.000014s ]
INFO: [ app_init ] --END-- [ RunTime:0.000136s ]
INFO: [ app_begin ] --START--
INFO: Run Behavior\ReadHtmlCacheBehavior [ RunTime:0.000177s ]
INFO: [ app_begin ] --END-- [ RunTime:0.000243s ]
SQL: SHOW COLUMNS FROM `user` [ RunTime:0.0012s ]
SQL: SHOW COLUMNS FROM `message` [ RunTime:0.0009s ]
SQL: SHOW COLUMNS FROM `comment` [ RunTime:0.0008s ]
SQL: SHOW COLUMNS FROM `message_report` [ RunTime:0.0008s ]
SQL: SHOW COLUMNS FROM `comment_report` [ RunTime:0.0008s ]
SQL: DELETE FROM `user` WHERE `u_id` = 38 [ RunTime:0.0003s ]
SQL: DELETE FROM `message` WHERE `u_id` = 38 [ RunTime:0.0003s ]
SQL: DELETE FROM `comment` WHERE `u_id` = 38 [ RunTime:0.0011s ]
SQL: DELETE FROM `message_report` WHERE `u_id2` = 38 [ RunTime:0.0007s ]
SQL: DELETE FROM `comment_report` WHERE `u_id2` = 38 [ RunTime:0.0002s ]
NOTIC: [8] Undefined index: m_id E:\wamp64\www\treehole\Application\Home\Controller\AdminController.class.php 第 92 行.

[ 2021-12-13T13:23:07+08:00 ] ::1 /treehole/index.php/Home/Admin/get_all_user
INFO: [ app_init ] --START--
INFO: Run Behavior\BuildLiteBehavior [ RunTime:0.000014s ]
INFO: [ app_init ] --END-- [ RunTime:0.000092s ]
INFO: [ app_begin ] --START--
INFO: Run Behavior\ReadHtmlCacheBehavior [ RunTime:0.000120s ]
INFO: [ app_begin ] --END-- [ RunTime:0.000180s ]
SQL: SHOW COLUMNS FROM `user` [ RunTime:0.0011s ]
SQL: SELECT * FROM `user` ORDER BY u_id asc  [ RunTime:0.0003s ]

[ 2021-12-13T13:26:10+08:00 ] ::1 /treehole/index.php/Home/User/login
INFO: [ app_init ] --START--
INFO: Run Behavior\BuildLiteBehavior [ RunTime:0.000043s ]
INFO: [ app_init ] --END-- [ RunTime:0.000496s ]
INFO: [ app_begin ] --START--
INFO: Run Behavior\ReadHtmlCacheBehavior [ RunTime:0.000707s ]
INFO: [ app_begin ] --END-- [ RunTime:0.000853s ]
SQL: SHOW COLUMNS FROM `user` [ RunTime:0.0021s ]
SQL: SELECT * FROM `user` WHERE `phone` = '13411945045' LIMIT 1   [ RunTime:0.0003s ]

[ 2021-12-13T13:26:10+08:00 ] ::1 /treehole/index.php/Home/Message/get_one_user_all_messages
INFO: [ app_init ] --START--
INFO: Run Behavior\BuildLiteBehavior [ RunTime:0.000015s ]
INFO: [ app_init ] --END-- [ RunTime:0.000100s ]
INFO: [ app_begin ] --START--
INFO: Run Behavior\ReadHtmlCacheBehavior [ RunTime:0.000574s ]
INFO: [ app_begin ] --END-- [ RunTime:0.000738s ]
SQL: SHOW COLUMNS FROM `message` [ RunTime:0.0028s ]
SQL: SELECT * FROM `message` WHERE `u_id` = 7 ORDER BY m_id desc  [ RunTime:0.0003s ]

[ 2021-12-13T13:26:11+08:00 ] ::1 /treehole/index.php/Home/Message/get_all_messages
INFO: [ app_init ] --START--
INFO: Run Behavior\BuildLiteBehavior [ RunTime:0.000017s ]
INFO: [ app_init ] --END-- [ RunTime:0.000109s ]
INFO: [ app_begin ] --START--
INFO: Run Behavior\ReadHtmlCacheBehavior [ RunTime:0.000141s ]
INFO: [ app_begin ] --END-- [ RunTime:0.000208s ]
SQL: SHOW COLUMNS FROM `message` [ RunTime:0.0012s ]
SQL: SELECT * FROM `message` ORDER BY m_id desc  [ RunTime:0.0003s ]

[ 2021-12-13T13:26:11+08:00 ] ::1 /treehole/index.php/Home/Comment/get_all_comments
INFO: [ app_init ] --START--
INFO: Run Behavior\BuildLiteBehavior [ RunTime:0.000017s ]
INFO: [ app_init ] --END-- [ RunTime:0.000110s ]
INFO: [ app_begin ] --START--
INFO: Run Behavior\ReadHtmlCacheBehavior [ RunTime:0.000306s ]
INFO: [ app_begin ] --END-- [ RunTime:0.000374s ]
SQL: SHOW COLUMNS FROM `comment` [ RunTime:0.0041s ]
SQL: SELECT * FROM `comment` ORDER BY c_id  [ RunTime:0.0005s ]

[ 2021-12-13T13:27:43+08:00 ] ::1 /treehole/index.php/Home/User/login
INFO: [ app_init ] --START--
INFO: Run Behavior\BuildLiteBehavior [ RunTime:0.000016s ]
INFO: [ app_init ] --END-- [ RunTime:0.000191s ]
INFO: [ app_begin ] --START--
INFO: Run Behavior\ReadHtmlCacheBehavior [ RunTime:0.000161s ]
INFO: [ app_begin ] --END-- [ RunTime:0.000221s ]
SQL: SHOW COLUMNS FROM `user` [ RunTime:0.0010s ]
SQL: SELECT * FROM `user` WHERE `phone` = '13411945045' LIMIT 1   [ RunTime:0.0003s ]

[ 2021-12-13T13:27:43+08:00 ] ::1 /treehole/index.php/Home/Message/get_one_user_all_messages
INFO: [ app_init ] --START--
INFO: Run Behavior\BuildLiteBehavior [ RunTime:0.000017s ]
INFO: [ app_init ] --END-- [ RunTime:0.000149s ]
INFO: [ app_begin ] --START--
INFO: Run Behavior\ReadHtmlCacheBehavior [ RunTime:0.000144s ]
INFO: [ app_begin ] --END-- [ RunTime:0.000218s ]
SQL: SHOW COLUMNS FROM `message` [ RunTime:0.0020s ]
SQL: SELECT * FROM `message` WHERE `u_id` = 7 ORDER BY m_id desc  [ RunTime:0.0005s ]

[ 2021-12-13T13:27:44+08:00 ] ::1 /treehole/index.php/Home/Message/get_all_messages
INFO: [ app_init ] --START--
INFO: Run Behavior\BuildLiteBehavior [ RunTime:0.000016s ]
INFO: [ app_init ] --END-- [ RunTime:0.000104s ]
INFO: [ app_begin ] --START--
INFO: Run Behavior\ReadHtmlCacheBehavior [ RunTime:0.000215s ]
INFO: [ app_begin ] --END-- [ RunTime:0.000338s ]
SQL: SHOW COLUMNS FROM `message` [ RunTime:0.0017s ]
SQL: SELECT * FROM `message` ORDER BY m_id desc  [ RunTime:0.0006s ]

[ 2021-12-13T13:27:44+08:00 ] ::1 /treehole/index.php/Home/Comment/get_all_comments
INFO: [ app_init ] --START--
INFO: Run Behavior\BuildLiteBehavior [ RunTime:0.000017s ]
INFO: [ app_init ] --END-- [ RunTime:0.000106s ]
INFO: [ app_begin ] --START--
INFO: Run Behavior\ReadHtmlCacheBehavior [ RunTime:0.000156s ]
INFO: [ app_begin ] --END-- [ RunTime:0.000228s ]
SQL: SHOW COLUMNS FROM `comment` [ RunTime:0.0030s ]
SQL: SELECT * FROM `comment` ORDER BY c_id  [ RunTime:0.0005s ]

[ 2021-12-13T13:30:20+08:00 ] ::1 /treehole/index.php/Home/User/login
INFO: [ app_init ] --START--
INFO: Run Behavior\BuildLiteBehavior [ RunTime:0.000015s ]
INFO: [ app_init ] --END-- [ RunTime:0.000201s ]
INFO: [ app_begin ] --START--
INFO: Run Behavior\ReadHtmlCacheBehavior [ RunTime:0.000318s ]
INFO: [ app_begin ] --END-- [ RunTime:0.000385s ]
SQL: SHOW COLUMNS FROM `user` [ RunTime:0.0015s ]
SQL: SELECT * FROM `user` WHERE `phone` = '13411945045' LIMIT 1   [ RunTime:0.0004s ]

[ 2021-12-13T13:30:20+08:00 ] ::1 /treehole/index.php/Home/Message/get_one_user_all_messages
INFO: [ app_init ] --START--
INFO: Run Behavior\BuildLiteBehavior [ RunTime:0.000017s ]
INFO: [ app_init ] --END-- [ RunTime:0.000144s ]
INFO: [ app_begin ] --START--
INFO: Run Behavior\ReadHtmlCacheBehavior [ RunTime:0.000191s ]
INFO: [ app_begin ] --END-- [ RunTime:0.000257s ]
SQL: SHOW COLUMNS FROM `message` [ RunTime:0.0030s ]
SQL: SELECT * FROM `message` WHERE `u_id` = 7 ORDER BY m_id desc  [ RunTime:0.0031s ]

[ 2021-12-13T13:30:25+08:00 ] ::1 /treehole/index.php/Home/Message/publish_new_message
INFO: [ app_init ] --START--
INFO: Run Behavior\BuildLiteBehavior [ RunTime:0.000027s ]
INFO: [ app_init ] --END-- [ RunTime:0.000261s ]
INFO: [ app_begin ] --START--
INFO: Run Behavior\ReadHtmlCacheBehavior [ RunTime:0.000340s ]
INFO: [ app_begin ] --END-- [ RunTime:0.000464s ]
SQL: SHOW COLUMNS FROM `message` [ RunTime:0.0011s ]
SQL: SHOW COLUMNS FROM `user` [ RunTime:0.0009s ]
SQL: SELECT * FROM `user` WHERE `u_id` = 7 LIMIT 1   [ RunTime:0.0003s ]
SQL: INSERT INTO `message` (`u_id`,`username`,`face_url`,`m_content`,`send_time`) VALUES ('7','小猪佩奇','http://tmp/aDG2ObikeWUT8e04105f7246b6ff64322ff43f2c42fc.jpeg','asdasdas','2021-12-13 13:30:25') [ RunTime:0.0003s ]

[ 2021-12-13T13:30:25+08:00 ] ::1 /treehole/index.php/Home/Message/get_all_messages
INFO: [ app_init ] --START--
INFO: Run Behavior\BuildLiteBehavior [ RunTime:0.000043s ]
INFO: [ app_init ] --END-- [ RunTime:0.000224s ]
INFO: [ app_begin ] --START--
INFO: Run Behavior\ReadHtmlCacheBehavior [ RunTime:0.000409s ]
INFO: [ app_begin ] --END-- [ RunTime:0.000546s ]
SQL: SHOW COLUMNS FROM `message` [ RunTime:0.0027s ]
SQL: SELECT * FROM `message` ORDER BY m_id desc  [ RunTime:0.0007s ]

[ 2021-12-13T13:30:25+08:00 ] ::1 /treehole/index.php/Home/Comment/get_all_comments
INFO: [ app_init ] --START--
INFO: Run Behavior\BuildLiteBehavior [ RunTime:0.000017s ]
INFO: [ app_init ] --END-- [ RunTime:0.000113s ]
INFO: [ app_begin ] --START--
INFO: Run Behavior\ReadHtmlCacheBehavior [ RunTime:0.000542s ]
INFO: [ app_begin ] --END-- [ RunTime:0.000626s ]
SQL: SHOW COLUMNS FROM `comment` [ RunTime:0.0014s ]
SQL: SELECT * FROM `comment` ORDER BY c_id  [ RunTime:0.0019s ]

[ 2021-12-13T13:30:29+08:00 ] ::1 /treehole/index.php/Home/Message/delete_message
INFO: [ app_init ] --START--
INFO: Run Behavior\BuildLiteBehavior [ RunTime:0.000022s ]
INFO: [ app_init ] --END-- [ RunTime:0.000274s ]
INFO: [ app_begin ] --START--
INFO: Run Behavior\ReadHtmlCacheBehavior [ RunTime:0.000159s ]
INFO: [ app_begin ] --END-- [ RunTime:0.000218s ]
SQL: SHOW COLUMNS FROM `message` [ RunTime:0.0013s ]
SQL: SHOW COLUMNS FROM `comment` [ RunTime:0.0008s ]
SQL: SHOW COLUMNS FROM `message_report` [ RunTime:0.0008s ]
SQL: SHOW COLUMNS FROM `comment_report` [ RunTime:0.0009s ]
SQL: SELECT * FROM `comment` WHERE `m_id` = 50 LIMIT 1   [ RunTime:0.0012s ]
SQL: DELETE FROM `message` WHERE `m_id` = 50 [ RunTime:0.0013s ]
SQL: DELETE FROM `comment` WHERE `m_id` = 50 [ RunTime:0.0002s ]
SQL: DELETE FROM `message_report` WHERE `m_id` = 50 [ RunTime:0.0008s ]
SQL: DELETE FROM `comment_report` WHERE `c_id` = null [ RunTime:0.0006s ]

[ 2021-12-13T13:30:29+08:00 ] ::1 /treehole/index.php/Home/Message/get_all_messages
INFO: [ app_init ] --START--
INFO: Run Behavior\BuildLiteBehavior [ RunTime:0.000015s ]
INFO: [ app_init ] --END-- [ RunTime:0.000094s ]
INFO: [ app_begin ] --START--
INFO: Run Behavior\ReadHtmlCacheBehavior [ RunTime:0.000121s ]
INFO: [ app_begin ] --END-- [ RunTime:0.000180s ]
SQL: SHOW COLUMNS FROM `message` [ RunTime:0.0019s ]
SQL: SELECT * FROM `message` ORDER BY m_id desc  [ RunTime:0.0003s ]

[ 2021-12-13T13:30:34+08:00 ] ::1 /treehole/index.php/Home/Message/publish_new_message
INFO: [ app_init ] --START--
INFO: Run Behavior\BuildLiteBehavior [ RunTime:0.000016s ]
INFO: [ app_init ] --END-- [ RunTime:0.000139s ]
INFO: [ app_begin ] --START--
INFO: Run Behavior\ReadHtmlCacheBehavior [ RunTime:0.000169s ]
INFO: [ app_begin ] --END-- [ RunTime:0.000232s ]
SQL: SHOW COLUMNS FROM `message` [ RunTime:0.0011s ]
SQL: SHOW COLUMNS FROM `user` [ RunTime:0.0008s ]
SQL: SELECT * FROM `user` WHERE `u_id` = 7 LIMIT 1   [ RunTime:0.0003s ]
SQL: INSERT INTO `message` (`u_id`,`username`,`face_url`,`m_content`,`send_time`) VALUES ('7','小猪佩奇','http://tmp/aDG2ObikeWUT8e04105f7246b6ff64322ff43f2c42fc.jpeg','2323','2021-12-13 13:30:34') [ RunTime:0.0003s ]

[ 2021-12-13T13:30:35+08:00 ] ::1 /treehole/index.php/Home/Message/get_all_messages
INFO: [ app_init ] --START--
INFO: Run Behavior\BuildLiteBehavior [ RunTime:0.000020s ]
INFO: [ app_init ] --END-- [ RunTime:0.000119s ]
INFO: [ app_begin ] --START--
INFO: Run Behavior\ReadHtmlCacheBehavior [ RunTime:0.000178s ]
INFO: [ app_begin ] --END-- [ RunTime:0.000274s ]
SQL: SHOW COLUMNS FROM `message` [ RunTime:0.0025s ]
SQL: SELECT * FROM `message` ORDER BY m_id desc  [ RunTime:0.0007s ]

[ 2021-12-13T13:30:35+08:00 ] ::1 /treehole/index.php/Home/Comment/get_all_comments
INFO: [ app_init ] --START--
INFO: Run Behavior\BuildLiteBehavior [ RunTime:0.000029s ]
INFO: [ app_init ] --END-- [ RunTime:0.000188s ]
INFO: [ app_begin ] --START--
INFO: Run Behavior\ReadHtmlCacheBehavior [ RunTime:0.000371s ]
INFO: [ app_begin ] --END-- [ RunTime:0.000544s ]
SQL: SHOW COLUMNS FROM `comment` [ RunTime:0.0031s ]
SQL: SELECT * FROM `comment` ORDER BY c_id  [ RunTime:0.0016s ]

[ 2021-12-13T13:30:42+08:00 ] ::1 /treehole/index.php/Home/Comment/new_comment
INFO: [ app_init ] --START--
INFO: Run Behavior\BuildLiteBehavior [ RunTime:0.000051s ]
INFO: [ app_init ] --END-- [ RunTime:0.000488s ]
INFO: [ app_begin ] --START--
INFO: Run Behavior\ReadHtmlCacheBehavior [ RunTime:0.000592s ]
INFO: [ app_begin ] --END-- [ RunTime:0.000815s ]
SQL: SHOW COLUMNS FROM `user` [ RunTime:0.0032s ]
SQL: SHOW COLUMNS FROM `comment` [ RunTime:0.0028s ]
SQL: SELECT * FROM `user` WHERE `u_id` = 7 LIMIT 1   [ RunTime:0.0007s ]
SQL: INSERT INTO `comment` (`m_id`,`u_id`,`username`,`face_url`,`c_content`,`audit_time`) VALUES ('51','7','小猪佩奇','http://tmp/aDG2ObikeWUT8e04105f7246b6ff64322ff43f2c42fc.jpeg','2132','2021-12-13 13:30:42') [ RunTime:0.0008s ]

[ 2021-12-13T13:30:42+08:00 ] ::1 /treehole/index.php/Home/Message/get_all_messages
INFO: [ app_init ] --START--
INFO: Run Behavior\BuildLiteBehavior [ RunTime:0.000018s ]
INFO: [ app_init ] --END-- [ RunTime:0.000115s ]
INFO: [ app_begin ] --START--
INFO: Run Behavior\ReadHtmlCacheBehavior [ RunTime:0.000421s ]
INFO: [ app_begin ] --END-- [ RunTime:0.000598s ]
SQL: SHOW COLUMNS FROM `message` [ RunTime:0.0013s ]
SQL: SELECT * FROM `message` ORDER BY m_id desc  [ RunTime:0.0005s ]

[ 2021-12-13T13:30:42+08:00 ] ::1 /treehole/index.php/Home/Comment/get_all_comments
INFO: [ app_init ] --START--
INFO: Run Behavior\BuildLiteBehavior [ RunTime:0.000026s ]
INFO: [ app_init ] --END-- [ RunTime:0.000177s ]
INFO: [ app_begin ] --START--
INFO: Run Behavior\ReadHtmlCacheBehavior [ RunTime:0.000148s ]
INFO: [ app_begin ] --END-- [ RunTime:0.000214s ]
SQL: SHOW COLUMNS FROM `comment` [ RunTime:0.0034s ]
SQL: SELECT * FROM `comment` ORDER BY c_id  [ RunTime:0.0011s ]

[ 2021-12-13T13:30:46+08:00 ] ::1 /treehole/index.php/Home/Comment/delete_comment
INFO: [ app_init ] --START--
INFO: Run Behavior\BuildLiteBehavior [ RunTime:0.000050s ]
INFO: [ app_init ] --END-- [ RunTime:0.000481s ]
INFO: [ app_begin ] --START--
INFO: Run Behavior\ReadHtmlCacheBehavior [ RunTime:0.000976s ]
INFO: [ app_begin ] --END-- [ RunTime:0.001405s ]
SQL: SHOW COLUMNS FROM `comment` [ RunTime:0.0034s ]
SQL: SHOW COLUMNS FROM `comment_report` [ RunTime:0.0031s ]
SQL: SELECT * FROM `comment` WHERE `c_id` = 27 LIMIT 1   [ RunTime:0.0008s ]
SQL: DELETE FROM `comment_report` WHERE `c_id` = 27 [ RunTime:0.0009s ]
SQL: DELETE FROM `comment` WHERE `c_id` = 27 [ RunTime:0.0009s ]

[ 2021-12-13T13:30:46+08:00 ] ::1 /treehole/index.php/Home/Comment/get_all_comments
INFO: [ app_init ] --START--
INFO: Run Behavior\BuildLiteBehavior [ RunTime:0.000049s ]
INFO: [ app_init ] --END-- [ RunTime:0.000315s ]
INFO: [ app_begin ] --START--
INFO: Run Behavior\ReadHtmlCacheBehavior [ RunTime:0.000476s ]
INFO: [ app_begin ] --END-- [ RunTime:0.000702s ]
SQL: SHOW COLUMNS FROM `comment` [ RunTime:0.0035s ]
SQL: SELECT * FROM `comment` ORDER BY c_id  [ RunTime:0.0010s ]

[ 2021-12-13T13:31:59+08:00 ] ::1 /treehole/index.php/Home/User/login
INFO: [ app_init ] --START--
INFO: Run Behavior\BuildLiteBehavior [ RunTime:0.000014s ]
INFO: [ app_init ] --END-- [ RunTime:0.000136s ]
INFO: [ app_begin ] --START--
INFO: Run Behavior\ReadHtmlCacheBehavior [ RunTime:0.000157s ]
INFO: [ app_begin ] --END-- [ RunTime:0.000215s ]
SQL: SHOW COLUMNS FROM `user` [ RunTime:0.0011s ]
SQL: SELECT * FROM `user` WHERE `phone` = '13411945045' LIMIT 1   [ RunTime:0.0003s ]

[ 2021-12-13T13:31:59+08:00 ] ::1 /treehole/index.php/Home/Message/get_one_user_all_messages
INFO: [ app_init ] --START--
INFO: Run Behavior\BuildLiteBehavior [ RunTime:0.000015s ]
INFO: [ app_init ] --END-- [ RunTime:0.000093s ]
INFO: [ app_begin ] --START--
INFO: Run Behavior\ReadHtmlCacheBehavior [ RunTime:0.000127s ]
INFO: [ app_begin ] --END-- [ RunTime:0.000189s ]
SQL: SHOW COLUMNS FROM `message` [ RunTime:0.0026s ]
SQL: SELECT * FROM `message` WHERE `u_id` = 7 ORDER BY m_id desc  [ RunTime:0.0024s ]

[ 2021-12-13T13:32:00+08:00 ] ::1 /treehole/index.php/Home/Message/get_all_messages
INFO: [ app_init ] --START--
INFO: Run Behavior\BuildLiteBehavior [ RunTime:0.000015s ]
INFO: [ app_init ] --END-- [ RunTime:0.000094s ]
INFO: [ app_begin ] --START--
INFO: Run Behavior\ReadHtmlCacheBehavior [ RunTime:0.000139s ]
INFO: [ app_begin ] --END-- [ RunTime:0.000216s ]
SQL: SHOW COLUMNS FROM `message` [ RunTime:0.0013s ]
SQL: SELECT * FROM `message` ORDER BY m_id desc  [ RunTime:0.0004s ]

[ 2021-12-13T13:32:00+08:00 ] ::1 /treehole/index.php/Home/Comment/get_all_comments
INFO: [ app_init ] --START--
INFO: Run Behavior\BuildLiteBehavior [ RunTime:0.000014s ]
INFO: [ app_init ] --END-- [ RunTime:0.000096s ]
INFO: [ app_begin ] --START--
INFO: Run Behavior\ReadHtmlCacheBehavior [ RunTime:0.000150s ]
INFO: [ app_begin ] --END-- [ RunTime:0.000222s ]
SQL: SHOW COLUMNS FROM `comment` [ RunTime:0.0011s ]
SQL: SELECT * FROM `comment` ORDER BY c_id  [ RunTime:0.0003s ]

[ 2021-12-13T13:32:04+08:00 ] ::1 /treehole/index.php/Home/Comment/new_comment
INFO: [ app_init ] --START--
INFO: Run Behavior\BuildLiteBehavior [ RunTime:0.000051s ]
INFO: [ app_init ] --END-- [ RunTime:0.000497s ]
INFO: [ app_begin ] --START--
INFO: Run Behavior\ReadHtmlCacheBehavior [ RunTime:0.000574s ]
INFO: [ app_begin ] --END-- [ RunTime:0.000799s ]
SQL: SHOW COLUMNS FROM `user` [ RunTime:0.0010s ]
SQL: SHOW COLUMNS FROM `comment` [ RunTime:0.0009s ]
SQL: SELECT * FROM `user` WHERE `u_id` = 7 LIMIT 1   [ RunTime:0.0002s ]
SQL: INSERT INTO `comment` (`m_id`,`u_id`,`username`,`face_url`,`c_content`,`audit_time`) VALUES ('51','7','小猪佩奇','http://tmp/aDG2ObikeWUT8e04105f7246b6ff64322ff43f2c42fc.jpeg','wqeq','2021-12-13 13:32:04') [ RunTime:0.0003s ]

[ 2021-12-13T13:32:04+08:00 ] ::1 /treehole/index.php/Home/Comment/get_all_comments
INFO: [ app_init ] --START--
INFO: Run Behavior\BuildLiteBehavior [ RunTime:0.000015s ]
INFO: [ app_init ] --END-- [ RunTime:0.000093s ]
INFO: [ app_begin ] --START--
INFO: Run Behavior\ReadHtmlCacheBehavior [ RunTime:0.000203s ]
INFO: [ app_begin ] --END-- [ RunTime:0.000274s ]
SQL: SHOW COLUMNS FROM `comment` [ RunTime:0.0011s ]
SQL: SELECT * FROM `comment` ORDER BY c_id  [ RunTime:0.0004s ]

[ 2021-12-13T13:32:09+08:00 ] ::1 /treehole/index.php/Home/Comment/delete_comment
INFO: [ app_init ] --START--
INFO: Run Behavior\BuildLiteBehavior [ RunTime:0.000050s ]
INFO: [ app_init ] --END-- [ RunTime:0.000492s ]
INFO: [ app_begin ] --START--
INFO: Run Behavior\ReadHtmlCacheBehavior [ RunTime:0.000596s ]
INFO: [ app_begin ] --END-- [ RunTime:0.000817s ]
SQL: SHOW COLUMNS FROM `comment` [ RunTime:0.0051s ]
SQL: SHOW COLUMNS FROM `comment_report` [ RunTime:0.0030s ]
SQL: SELECT * FROM `comment` WHERE `c_id` = 28 LIMIT 1   [ RunTime:0.0008s ]
SQL: DELETE FROM `comment_report` WHERE `c_id` = 28 [ RunTime:0.0007s ]
SQL: DELETE FROM `comment` WHERE `c_id` = 28 [ RunTime:0.0009s ]

[ 2021-12-13T13:32:09+08:00 ] ::1 /treehole/index.php/Home/Comment/get_all_comments
INFO: [ app_init ] --START--
INFO: Run Behavior\BuildLiteBehavior [ RunTime:0.000048s ]
INFO: [ app_init ] --END-- [ RunTime:0.000314s ]
INFO: [ app_begin ] --START--
INFO: Run Behavior\ReadHtmlCacheBehavior [ RunTime:0.000497s ]
INFO: [ app_begin ] --END-- [ RunTime:0.000744s ]
SQL: SHOW COLUMNS FROM `comment` [ RunTime:0.0032s ]
SQL: SELECT * FROM `comment` ORDER BY c_id  [ RunTime:0.0007s ]

[ 2021-12-13T20:19:20+08:00 ] ::1 /treehole/index.php/Home/User/login
INFO: [ app_init ] --START--
INFO: Run Behavior\BuildLiteBehavior [ RunTime:0.000020s ]
INFO: [ app_init ] --END-- [ RunTime:0.014558s ]
INFO: [ app_begin ] --START--
INFO: Run Behavior\ReadHtmlCacheBehavior [ RunTime:0.040075s ]
INFO: [ app_begin ] --END-- [ RunTime:0.040145s ]
SQL: SHOW COLUMNS FROM `user` [ RunTime:0.0062s ]
SQL: SELECT * FROM `user` WHERE `phone` = '13411945045' LIMIT 1   [ RunTime:0.0026s ]

[ 2021-12-13T20:19:21+08:00 ] ::1 /treehole/index.php/Home/Message/get_one_user_all_messages
INFO: [ app_init ] --START--
INFO: Run Behavior\BuildLiteBehavior [ RunTime:0.000020s ]
INFO: [ app_init ] --END-- [ RunTime:0.000103s ]
INFO: [ app_begin ] --START--
INFO: Run Behavior\ReadHtmlCacheBehavior [ RunTime:0.000174s ]
INFO: [ app_begin ] --END-- [ RunTime:0.000250s ]
SQL: SHOW COLUMNS FROM `message` [ RunTime:0.0256s ]
SQL: SELECT * FROM `message` WHERE `u_id` = 7 ORDER BY m_id desc  [ RunTime:0.0385s ]

[ 2021-12-13T20:28:55+08:00 ] ::1 /treehole/index.php/Home/User/changeFace_url
INFO: [ app_init ] --START--
INFO: Run Behavior\BuildLiteBehavior [ RunTime:0.000033s ]
INFO: [ app_init ] --END-- [ RunTime:0.000349s ]
INFO: [ app_begin ] --START--
INFO: Run Behavior\ReadHtmlCacheBehavior [ RunTime:0.000334s ]
INFO: [ app_begin ] --END-- [ RunTime:0.000399s ]
SQL: SHOW COLUMNS FROM `user` [ RunTime:0.0019s ]
SQL: SHOW COLUMNS FROM `message` [ RunTime:0.0009s ]
SQL: SELECT * FROM `user` WHERE `u_id` = 7 LIMIT 1   [ RunTime:0.0007s ]
SQL: SELECT * FROM `message` WHERE `u_id` = 7 LIMIT 1   [ RunTime:0.0005s ]
SQL: UPDATE `user` SET `face_url`='http://tmp/cthwg5aFkGU44cff7eadb800a14a28fb99283e7209a9.jpeg' WHERE `u_id` = 7 [ RunTime:0.1029s ]
SQL: UPDATE `message` SET `face_url`='http://tmp/cthwg5aFkGU44cff7eadb800a14a28fb99283e7209a9.jpeg' WHERE `u_id` = 7 [ RunTime:0.0004s ]

[ 2021-12-13T20:28:55+08:00 ] ::1 /treehole/index.php/Home/Message/get_one_user_all_messages
INFO: [ app_init ] --START--
INFO: Run Behavior\BuildLiteBehavior [ RunTime:0.000013s ]
INFO: [ app_init ] --END-- [ RunTime:0.000070s ]
INFO: [ app_begin ] --START--
INFO: Run Behavior\ReadHtmlCacheBehavior [ RunTime:0.000108s ]
INFO: [ app_begin ] --END-- [ RunTime:0.000176s ]
SQL: SHOW COLUMNS FROM `message` [ RunTime:0.0029s ]
SQL: SELECT * FROM `message` WHERE `u_id` = 7 ORDER BY m_id desc  [ RunTime:0.0013s ]

[ 2021-12-13T20:29:06+08:00 ] ::1 /treehole/index.php/Home/User/changeFace_url
INFO: [ app_init ] --START--
INFO: Run Behavior\BuildLiteBehavior [ RunTime:0.000017s ]
INFO: [ app_init ] --END-- [ RunTime:0.000141s ]
INFO: [ app_begin ] --START--
INFO: Run Behavior\ReadHtmlCacheBehavior [ RunTime:0.000166s ]
INFO: [ app_begin ] --END-- [ RunTime:0.000226s ]
SQL: SHOW COLUMNS FROM `user` [ RunTime:0.0022s ]
SQL: SHOW COLUMNS FROM `message` [ RunTime:0.0011s ]
SQL: SELECT * FROM `user` WHERE `u_id` = 7 LIMIT 1   [ RunTime:0.0016s ]
SQL: SELECT * FROM `message` WHERE `u_id` = 7 LIMIT 1   [ RunTime:0.0015s ]
SQL: UPDATE `user` SET `face_url`='http://tmp/ZFZmTjSDOyr68e04105f7246b6ff64322ff43f2c42fc.jpeg' WHERE `u_id` = 7 [ RunTime:0.0005s ]
SQL: UPDATE `message` SET `face_url`='http://tmp/ZFZmTjSDOyr68e04105f7246b6ff64322ff43f2c42fc.jpeg' WHERE `u_id` = 7 [ RunTime:0.0003s ]

[ 2021-12-13T20:29:06+08:00 ] ::1 /treehole/index.php/Home/Message/get_one_user_all_messages
INFO: [ app_init ] --START--
INFO: Run Behavior\BuildLiteBehavior [ RunTime:0.000022s ]
INFO: [ app_init ] --END-- [ RunTime:0.000154s ]
INFO: [ app_begin ] --START--
INFO: Run Behavior\ReadHtmlCacheBehavior [ RunTime:0.000170s ]
INFO: [ app_begin ] --END-- [ RunTime:0.000241s ]
SQL: SHOW COLUMNS FROM `message` [ RunTime:0.0033s ]
SQL: SELECT * FROM `message` WHERE `u_id` = 7 ORDER BY m_id desc  [ RunTime:0.0012s ]

[ 2021-12-13T20:30:24+08:00 ] ::1 /treehole/index.php/Home/User/changeFace_url
INFO: [ app_init ] --START--
INFO: Run Behavior\BuildLiteBehavior [ RunTime:0.000019s ]
INFO: [ app_init ] --END-- [ RunTime:0.000147s ]
INFO: [ app_begin ] --START--
INFO: Run Behavior\ReadHtmlCacheBehavior [ RunTime:0.000172s ]
INFO: [ app_begin ] --END-- [ RunTime:0.000235s ]
SQL: SHOW COLUMNS FROM `user` [ RunTime:0.0020s ]
SQL: SHOW COLUMNS FROM `message` [ RunTime:0.0009s ]
SQL: SELECT * FROM `user` WHERE `u_id` = 7 LIMIT 1   [ RunTime:0.0004s ]
SQL: SELECT * FROM `message` WHERE `u_id` = 7 LIMIT 1   [ RunTime:0.0008s ]
SQL: UPDATE `user` SET `face_url`='http://tmp/hbMvp4W4S5US4cff7eadb800a14a28fb99283e7209a9.jpeg' WHERE `u_id` = 7 [ RunTime:0.0003s ]
SQL: UPDATE `message` SET `face_url`='http://tmp/hbMvp4W4S5US4cff7eadb800a14a28fb99283e7209a9.jpeg' WHERE `u_id` = 7 [ RunTime:0.0003s ]

[ 2021-12-13T20:30:24+08:00 ] ::1 /treehole/index.php/Home/Message/get_one_user_all_messages
INFO: [ app_init ] --START--
INFO: Run Behavior\BuildLiteBehavior [ RunTime:0.000019s ]
INFO: [ app_init ] --END-- [ RunTime:0.000097s ]
INFO: [ app_begin ] --START--
INFO: Run Behavior\ReadHtmlCacheBehavior [ RunTime:0.000139s ]
INFO: [ app_begin ] --END-- [ RunTime:0.000204s ]
SQL: SHOW COLUMNS FROM `message` [ RunTime:0.0030s ]
SQL: SELECT * FROM `message` WHERE `u_id` = 7 ORDER BY m_id desc  [ RunTime:0.0013s ]

[ 2021-12-13T20:38:46+08:00 ] ::1 /treehole/index.php/Home/User/changUsername
INFO: [ app_init ] --START--
INFO: Run Behavior\BuildLiteBehavior [ RunTime:0.000021s ]
INFO: [ app_init ] --END-- [ RunTime:0.000220s ]
INFO: [ app_begin ] --START--
INFO: Run Behavior\ReadHtmlCacheBehavior [ RunTime:0.000313s ]
INFO: [ app_begin ] --END-- [ RunTime:0.000377s ]
SQL: SHOW COLUMNS FROM `user` [ RunTime:0.0023s ]
SQL: SHOW COLUMNS FROM `message` [ RunTime:0.0009s ]
SQL: SELECT * FROM `user` WHERE `u_id` = 7 LIMIT 1   [ RunTime:0.0008s ]
SQL: SELECT * FROM `message` WHERE `u_id` = 7 LIMIT 1   [ RunTime:0.0007s ]
SQL: SELECT * FROM `user` WHERE `username` = '小猪佩奇123' LIMIT 1   [ RunTime:0.0354s ]
SQL: UPDATE `user` SET `username`='小猪佩奇123' WHERE `u_id` = 7 [ RunTime:0.0005s ]
SQL: UPDATE `message` SET `username`='小猪佩奇123' WHERE `u_id` = 7 [ RunTime:0.0094s ]

[ 2021-12-13T20:38:47+08:00 ] ::1 /treehole/index.php/Home/Message/get_one_user_all_messages
INFO: [ app_init ] --START--
INFO: Run Behavior\BuildLiteBehavior [ RunTime:0.000019s ]
INFO: [ app_init ] --END-- [ RunTime:0.000099s ]
INFO: [ app_begin ] --START--
INFO: Run Behavior\ReadHtmlCacheBehavior [ RunTime:0.000176s ]
INFO: [ app_begin ] --END-- [ RunTime:0.000258s ]
SQL: SHOW COLUMNS FROM `message` [ RunTime:0.0041s ]
SQL: SELECT * FROM `message` WHERE `u_id` = 7 ORDER BY m_id desc  [ RunTime:0.0015s ]

[ 2021-12-13T20:43:07+08:00 ] ::1 /treehole/index.php/Home/Message/delete_message
INFO: [ app_init ] --START--
INFO: Run Behavior\BuildLiteBehavior [ RunTime:0.000021s ]
INFO: [ app_init ] --END-- [ RunTime:0.000217s ]
INFO: [ app_begin ] --START--
INFO: Run Behavior\ReadHtmlCacheBehavior [ RunTime:0.000328s ]
INFO: [ app_begin ] --END-- [ RunTime:0.000399s ]
SQL: SHOW COLUMNS FROM `message` [ RunTime:0.0022s ]
SQL: SHOW COLUMNS FROM `comment` [ RunTime:0.0042s ]
SQL: SHOW COLUMNS FROM `message_report` [ RunTime:0.0014s ]
SQL: SHOW COLUMNS FROM `comment_report` [ RunTime:0.0013s ]
SQL: SELECT * FROM `comment` WHERE `m_id` = 51 LIMIT 1   [ RunTime:0.0462s ]
SQL: DELETE FROM `message` WHERE `m_id` = 51 [ RunTime:0.0269s ]
SQL: DELETE FROM `comment` WHERE `m_id` = 51 [ RunTime:0.0003s ]
SQL: DELETE FROM `message_report` WHERE `m_id` = 51 [ RunTime:0.0121s ]
SQL: DELETE FROM `comment_report` WHERE `c_id` = null [ RunTime:0.0286s ]

[ 2021-12-13T20:43:08+08:00 ] ::1 /treehole/index.php/Home/Message/get_one_user_all_messages
INFO: [ app_init ] --START--
INFO: Run Behavior\BuildLiteBehavior [ RunTime:0.000029s ]
INFO: [ app_init ] --END-- [ RunTime:0.000172s ]
INFO: [ app_begin ] --START--
INFO: Run Behavior\ReadHtmlCacheBehavior [ RunTime:0.000190s ]
INFO: [ app_begin ] --END-- [ RunTime:0.000302s ]
SQL: SHOW COLUMNS FROM `message` [ RunTime:0.0022s ]
SQL: SELECT * FROM `message` WHERE `u_id` = 7 ORDER BY m_id desc  [ RunTime:0.0024s ]

[ 2021-12-13T20:48:52+08:00 ] ::1 /treehole/index.php/Home/Message/publish_new_message
INFO: [ app_init ] --START--
INFO: Run Behavior\BuildLiteBehavior [ RunTime:0.000080s ]
INFO: [ app_init ] --END-- [ RunTime:0.000423s ]
INFO: [ app_begin ] --START--
INFO: Run Behavior\ReadHtmlCacheBehavior [ RunTime:0.000566s ]
INFO: [ app_begin ] --END-- [ RunTime:0.000754s ]
SQL: SHOW COLUMNS FROM `message` [ RunTime:0.0027s ]
SQL: SHOW COLUMNS FROM `user` [ RunTime:0.0010s ]
SQL: SELECT * FROM `user` WHERE `u_id` = 7 LIMIT 1   [ RunTime:0.0011s ]
SQL: INSERT INTO `message` (`u_id`,`username`,`face_url`,`m_content`,`send_time`) VALUES ('7','小猪佩奇123','http://tmp/hbMvp4W4S5US4cff7eadb800a14a28fb99283e7209a9.jpeg','EDG牛逼
                              小猪佩奇','2021-12-13 20:48:52') [ RunTime:0.0522s ]

[ 2021-12-13T20:49:11+08:00 ] ::1 /treehole/index.php/Home/Message/get_all_messages
INFO: [ app_init ] --START--
INFO: Run Behavior\BuildLiteBehavior [ RunTime:0.000048s ]
INFO: [ app_init ] --END-- [ RunTime:0.000453s ]
INFO: [ app_begin ] --START--
INFO: Run Behavior\ReadHtmlCacheBehavior [ RunTime:0.000175s ]
INFO: [ app_begin ] --END-- [ RunTime:0.000238s ]
SQL: SHOW COLUMNS FROM `message` [ RunTime:0.0020s ]
SQL: SELECT * FROM `message` ORDER BY m_id desc  [ RunTime:0.0021s ]

[ 2021-12-13T20:49:11+08:00 ] ::1 /treehole/index.php/Home/Comment/get_all_comments
INFO: [ app_init ] --START--
INFO: Run Behavior\BuildLiteBehavior [ RunTime:0.000018s ]
INFO: [ app_init ] --END-- [ RunTime:0.000108s ]
INFO: [ app_begin ] --START--
INFO: Run Behavior\ReadHtmlCacheBehavior [ RunTime:0.000316s ]
INFO: [ app_begin ] --END-- [ RunTime:0.000398s ]
SQL: SHOW COLUMNS FROM `comment` [ RunTime:0.0017s ]
SQL: SELECT * FROM `comment` ORDER BY c_id  [ RunTime:0.0016s ]

[ 2021-12-13T20:49:23+08:00 ] ::1 /treehole/index.php/Home/Message/delete_message
INFO: [ app_init ] --START--
INFO: Run Behavior\BuildLiteBehavior [ RunTime:0.000046s ]
INFO: [ app_init ] --END-- [ RunTime:0.000608s ]
INFO: [ app_begin ] --START--
INFO: Run Behavior\ReadHtmlCacheBehavior [ RunTime:0.000608s ]
INFO: [ app_begin ] --END-- [ RunTime:0.000787s ]
SQL: SHOW COLUMNS FROM `message` [ RunTime:0.0040s ]
SQL: SHOW COLUMNS FROM `comment` [ RunTime:0.0010s ]
SQL: SHOW COLUMNS FROM `message_report` [ RunTime:0.0009s ]
SQL: SHOW COLUMNS FROM `comment_report` [ RunTime:0.0009s ]
SQL: SELECT * FROM `comment` WHERE `m_id` = 52 LIMIT 1   [ RunTime:0.0008s ]
SQL: DELETE FROM `message` WHERE `m_id` = 52 [ RunTime:0.0007s ]
SQL: DELETE FROM `comment` WHERE `m_id` = 52 [ RunTime:0.0003s ]
SQL: DELETE FROM `message_report` WHERE `m_id` = 52 [ RunTime:0.0006s ]
SQL: DELETE FROM `comment_report` WHERE `c_id` = null [ RunTime:0.0006s ]

[ 2021-12-13T20:49:23+08:00 ] ::1 /treehole/index.php/Home/Message/get_all_messages
INFO: [ app_init ] --START--
INFO: Run Behavior\BuildLiteBehavior [ RunTime:0.000015s ]
INFO: [ app_init ] --END-- [ RunTime:0.000087s ]
INFO: [ app_begin ] --START--
INFO: Run Behavior\ReadHtmlCacheBehavior [ RunTime:0.000236s ]
INFO: [ app_begin ] --END-- [ RunTime:0.000363s ]
SQL: SHOW COLUMNS FROM `message` [ RunTime:0.0012s ]
SQL: SELECT * FROM `message` ORDER BY m_id desc  [ RunTime:0.0009s ]

[ 2021-12-13T20:49:33+08:00 ] ::1 /treehole/index.php/Home/Message/publish_new_message
INFO: [ app_init ] --START--
INFO: Run Behavior\BuildLiteBehavior [ RunTime:0.000036s ]
INFO: [ app_init ] --END-- [ RunTime:0.000325s ]
INFO: [ app_begin ] --START--
INFO: Run Behavior\ReadHtmlCacheBehavior [ RunTime:0.000165s ]
INFO: [ app_begin ] --END-- [ RunTime:0.000221s ]
SQL: SHOW COLUMNS FROM `message` [ RunTime:0.0011s ]
SQL: SHOW COLUMNS FROM `user` [ RunTime:0.0009s ]
SQL: SELECT * FROM `user` WHERE `u_id` = 7 LIMIT 1   [ RunTime:0.0015s ]
SQL: INSERT INTO `message` (`u_id`,`username`,`face_url`,`m_content`,`send_time`) VALUES ('7','小猪佩奇123','http://tmp/hbMvp4W4S5US4cff7eadb800a14a28fb99283e7209a9.jpeg','小猪佩奇牛逼','2021-12-13 20:49:33') [ RunTime:0.0003s ]

[ 2021-12-13T20:50:02+08:00 ] ::1 /treehole/index.php/Home/Message/get_all_messages
INFO: [ app_init ] --START--
INFO: Run Behavior\BuildLiteBehavior [ RunTime:0.000017s ]
INFO: [ app_init ] --END-- [ RunTime:0.000237s ]
INFO: [ app_begin ] --START--
INFO: Run Behavior\ReadHtmlCacheBehavior [ RunTime:0.000299s ]
INFO: [ app_begin ] --END-- [ RunTime:0.000395s ]
SQL: SHOW COLUMNS FROM `message` [ RunTime:0.0027s ]
SQL: SELECT * FROM `message` ORDER BY m_id desc  [ RunTime:0.0005s ]

[ 2021-12-13T20:50:02+08:00 ] ::1 /treehole/index.php/Home/Comment/get_all_comments
INFO: [ app_init ] --START--
INFO: Run Behavior\BuildLiteBehavior [ RunTime:0.000024s ]
INFO: [ app_init ] --END-- [ RunTime:0.000177s ]
INFO: [ app_begin ] --START--
INFO: Run Behavior\ReadHtmlCacheBehavior [ RunTime:0.000162s ]
INFO: [ app_begin ] --END-- [ RunTime:0.000221s ]
SQL: SHOW COLUMNS FROM `comment` [ RunTime:0.0027s ]
SQL: SELECT * FROM `comment` ORDER BY c_id  [ RunTime:0.0017s ]

[ 2021-12-13T20:58:03+08:00 ] ::1 /treehole/index.php/Home/Message/do_likes
INFO: [ app_init ] --START--
INFO: Run Behavior\BuildLiteBehavior [ RunTime:0.000054s ]
INFO: [ app_init ] --END-- [ RunTime:0.000662s ]
INFO: [ app_begin ] --START--
INFO: Run Behavior\ReadHtmlCacheBehavior [ RunTime:0.001051s ]
INFO: [ app_begin ] --END-- [ RunTime:0.001253s ]
SQL: SHOW COLUMNS FROM `message` [ RunTime:0.0043s ]
SQL: SELECT * FROM `message` WHERE `m_id` = 53 LIMIT 1   [ RunTime:0.0010s ]
SQL: UPDATE `message` SET `m_id`='53',`u_id`='7',`username`='小猪佩奇123',`face_url`='http://tmp/hbMvp4W4S5US4cff7eadb800a14a28fb99283e7209a9.jpeg',`m_content`='小猪佩奇牛逼',`likes`='1',`send_time`='2021-12-13 20:49:33' WHERE `m_id` = 53 [ RunTime:0.0014s ]

[ 2021-12-13T21:00:38+08:00 ] ::1 /treehole/index.php/Home/User/login
INFO: [ app_init ] --START--
INFO: Run Behavior\BuildLiteBehavior [ RunTime:0.000019s ]
INFO: [ app_init ] --END-- [ RunTime:0.000196s ]
INFO: [ app_begin ] --START--
INFO: Run Behavior\ReadHtmlCacheBehavior [ RunTime:0.000304s ]
INFO: [ app_begin ] --END-- [ RunTime:0.000365s ]
SQL: SHOW COLUMNS FROM `user` [ RunTime:0.0013s ]
SQL: SELECT * FROM `user` WHERE `phone` = '13411945045' LIMIT 1   [ RunTime:0.0009s ]

[ 2021-12-13T21:00:38+08:00 ] ::1 /treehole/index.php/Home/Message/get_one_user_all_messages
INFO: [ app_init ] --START--
INFO: Run Behavior\BuildLiteBehavior [ RunTime:0.000046s ]
INFO: [ app_init ] --END-- [ RunTime:0.000218s ]
INFO: [ app_begin ] --START--
INFO: Run Behavior\ReadHtmlCacheBehavior [ RunTime:0.000133s ]
INFO: [ app_begin ] --END-- [ RunTime:0.000196s ]
SQL: SHOW COLUMNS FROM `message` [ RunTime:0.0031s ]
SQL: SELECT * FROM `message` WHERE `u_id` = 7 ORDER BY m_id desc  [ RunTime:0.0005s ]

[ 2021-12-13T21:00:40+08:00 ] ::1 /treehole/index.php/Home/Message/get_all_messages
INFO: [ app_init ] --START--
INFO: Run Behavior\BuildLiteBehavior [ RunTime:0.000043s ]
INFO: [ app_init ] --END-- [ RunTime:0.000200s ]
INFO: [ app_begin ] --START--
INFO: Run Behavior\ReadHtmlCacheBehavior [ RunTime:0.000142s ]
INFO: [ app_begin ] --END-- [ RunTime:0.000208s ]
SQL: SHOW COLUMNS FROM `message` [ RunTime:0.0013s ]
SQL: SELECT * FROM `message` ORDER BY m_id desc  [ RunTime:0.0004s ]

[ 2021-12-13T21:00:40+08:00 ] ::1 /treehole/index.php/Home/Comment/get_all_comments
INFO: [ app_init ] --START--
INFO: Run Behavior\BuildLiteBehavior [ RunTime:0.000014s ]
INFO: [ app_init ] --END-- [ RunTime:0.000085s ]
INFO: [ app_begin ] --START--
INFO: Run Behavior\ReadHtmlCacheBehavior [ RunTime:0.000280s ]
INFO: [ app_begin ] --END-- [ RunTime:0.000339s ]
SQL: SHOW COLUMNS FROM `comment` [ RunTime:0.0013s ]
SQL: SELECT * FROM `comment` ORDER BY c_id  [ RunTime:0.0010s ]

[ 2021-12-13T21:00:43+08:00 ] ::1 /treehole/index.php/Home/Message/do_likes
INFO: [ app_init ] --START--
INFO: Run Behavior\BuildLiteBehavior [ RunTime:0.000016s ]
INFO: [ app_init ] --END-- [ RunTime:0.000205s ]
INFO: [ app_begin ] --START--
INFO: Run Behavior\ReadHtmlCacheBehavior [ RunTime:0.000178s ]
INFO: [ app_begin ] --END-- [ RunTime:0.000240s ]
SQL: SHOW COLUMNS FROM `message` [ RunTime:0.0013s ]
SQL: SELECT * FROM `message` WHERE `m_id` = 53 LIMIT 1   [ RunTime:0.0003s ]
SQL: UPDATE `message` SET `m_id`='53',`u_id`='7',`username`='小猪佩奇123',`face_url`='http://tmp/hbMvp4W4S5US4cff7eadb800a14a28fb99283e7209a9.jpeg',`m_content`='小猪佩奇牛逼',`likes`='2',`send_time`='2021-12-13 20:49:33' WHERE `m_id` = 53 [ RunTime:0.0004s ]

[ 2021-12-13T21:04:15+08:00 ] ::1 /treehole/index.php/Home/Comment/new_comment
INFO: [ app_init ] --START--
INFO: Run Behavior\BuildLiteBehavior [ RunTime:0.000018s ]
INFO: [ app_init ] --END-- [ RunTime:0.000213s ]
INFO: [ app_begin ] --START--
INFO: Run Behavior\ReadHtmlCacheBehavior [ RunTime:0.000346s ]
INFO: [ app_begin ] --END-- [ RunTime:0.000411s ]
SQL: SHOW COLUMNS FROM `user` [ RunTime:0.0017s ]
SQL: SHOW COLUMNS FROM `comment` [ RunTime:0.0012s ]
SQL: SELECT * FROM `user` WHERE `u_id` = 7 LIMIT 1   [ RunTime:0.0005s ]
SQL: INSERT INTO `comment` (`m_id`,`u_id`,`username`,`face_url`,`c_content`,`audit_time`) VALUES ('53','7','小猪佩奇123','http://tmp/hbMvp4W4S5US4cff7eadb800a14a28fb99283e7209a9.jpeg','6666','2021-12-13 21:04:15') [ RunTime:0.0004s ]

[ 2021-12-13T21:04:15+08:00 ] ::1 /treehole/index.php/Home/Comment/get_all_comments
INFO: [ app_init ] --START--
INFO: Run Behavior\BuildLiteBehavior [ RunTime:0.000026s ]
INFO: [ app_init ] --END-- [ RunTime:0.000148s ]
INFO: [ app_begin ] --START--
INFO: Run Behavior\ReadHtmlCacheBehavior [ RunTime:0.000254s ]
INFO: [ app_begin ] --END-- [ RunTime:0.000334s ]
SQL: SHOW COLUMNS FROM `comment` [ RunTime:0.0012s ]
SQL: SELECT * FROM `comment` ORDER BY c_id  [ RunTime:0.0009s ]

[ 2021-12-13T21:06:14+08:00 ] ::1 /treehole/index.php/Home/Message/delete_message
INFO: [ app_init ] --START--
INFO: Run Behavior\BuildLiteBehavior [ RunTime:0.000050s ]
INFO: [ app_init ] --END-- [ RunTime:0.000476s ]
INFO: [ app_begin ] --START--
INFO: Run Behavior\ReadHtmlCacheBehavior [ RunTime:0.000607s ]
INFO: [ app_begin ] --END-- [ RunTime:0.000810s ]
SQL: SHOW COLUMNS FROM `message` [ RunTime:0.0034s ]
SQL: SHOW COLUMNS FROM `comment` [ RunTime:0.0032s ]
SQL: SHOW COLUMNS FROM `message_report` [ RunTime:0.0030s ]
SQL: SHOW COLUMNS FROM `comment_report` [ RunTime:0.0030s ]
SQL: SELECT * FROM `comment` WHERE `m_id` = 53 LIMIT 1   [ RunTime:0.0025s ]
SQL: DELETE FROM `message` WHERE `m_id` = 53 [ RunTime:0.0010s ]
SQL: DELETE FROM `comment` WHERE `m_id` = 53 [ RunTime:0.0010s ]
SQL: DELETE FROM `message_report` WHERE `m_id` = 53 [ RunTime:0.0024s ]
SQL: DELETE FROM `comment_report` WHERE `c_id` = 29 [ RunTime:0.0022s ]

[ 2021-12-13T21:06:14+08:00 ] ::1 /treehole/index.php/Home/Message/get_all_messages
INFO: [ app_init ] --START--
INFO: Run Behavior\BuildLiteBehavior [ RunTime:0.000055s ]
INFO: [ app_init ] --END-- [ RunTime:0.000483s ]
INFO: [ app_begin ] --START--
INFO: Run Behavior\ReadHtmlCacheBehavior [ RunTime:0.000802s ]
INFO: [ app_begin ] --END-- [ RunTime:0.001208s ]
SQL: SHOW COLUMNS FROM `message` [ RunTime:0.0012s ]
SQL: SELECT * FROM `message` ORDER BY m_id desc  [ RunTime:0.0004s ]

[ 2021-12-13T21:08:29+08:00 ] ::1 /treehole/index.php/Home/Comment/delete_comment
INFO: [ app_init ] --START--
INFO: Run Behavior\BuildLiteBehavior [ RunTime:0.000015s ]
INFO: [ app_init ] --END-- [ RunTime:0.000189s ]
INFO: [ app_begin ] --START--
INFO: Run Behavior\ReadHtmlCacheBehavior [ RunTime:0.000306s ]
INFO: [ app_begin ] --END-- [ RunTime:0.000365s ]
SQL: SHOW COLUMNS FROM `comment` [ RunTime:0.0011s ]
SQL: SHOW COLUMNS FROM `comment_report` [ RunTime:0.0009s ]
SQL: SELECT * FROM `comment` WHERE `c_id` = 21 LIMIT 1   [ RunTime:0.0008s ]
SQL: DELETE FROM `comment_report` WHERE `c_id` = 21 [ RunTime:0.0006s ]
SQL: DELETE FROM `comment` WHERE `c_id` = 21 [ RunTime:0.0003s ]

[ 2021-12-13T21:08:29+08:00 ] ::1 /treehole/index.php/Home/Comment/get_all_comments
INFO: [ app_init ] --START--
INFO: Run Behavior\BuildLiteBehavior [ RunTime:0.000017s ]
INFO: [ app_init ] --END-- [ RunTime:0.000105s ]
INFO: [ app_begin ] --START--
INFO: Run Behavior\ReadHtmlCacheBehavior [ RunTime:0.000152s ]
INFO: [ app_begin ] --END-- [ RunTime:0.000222s ]
SQL: SHOW COLUMNS FROM `comment` [ RunTime:0.0012s ]
SQL: SELECT * FROM `comment` ORDER BY c_id  [ RunTime:0.0008s ]

[ 2021-12-13T21:11:47+08:00 ] ::1 /treehole/index.php/Home/Message/get_one_user_all_messages
INFO: [ app_init ] --START--
INFO: Run Behavior\BuildLiteBehavior [ RunTime:0.000028s ]
INFO: [ app_init ] --END-- [ RunTime:0.000241s ]
INFO: [ app_begin ] --START--
INFO: Run Behavior\ReadHtmlCacheBehavior [ RunTime:0.000558s ]
INFO: [ app_begin ] --END-- [ RunTime:0.000659s ]
SQL: SHOW COLUMNS FROM `message` [ RunTime:0.0015s ]
SQL: SELECT * FROM `message` WHERE `u_id` = 7 ORDER BY m_id desc  [ RunTime:0.0004s ]

[ 2021-12-13T21:11:53+08:00 ] ::1 /treehole/index.php/Home/User/changeFace_url
INFO: [ app_init ] --START--
INFO: Run Behavior\BuildLiteBehavior [ RunTime:0.000042s ]
INFO: [ app_init ] --END-- [ RunTime:0.000346s ]
INFO: [ app_begin ] --START--
INFO: Run Behavior\ReadHtmlCacheBehavior [ RunTime:0.000334s ]
INFO: [ app_begin ] --END-- [ RunTime:0.000542s ]
SQL: SHOW COLUMNS FROM `user` [ RunTime:0.0031s ]
SQL: SHOW COLUMNS FROM `message` [ RunTime:0.0011s ]
SQL: SHOW COLUMNS FROM `comment` [ RunTime:0.0010s ]
SQL: SELECT * FROM `user` WHERE `u_id` = 7 LIMIT 1   [ RunTime:0.0003s ]
SQL: UPDATE `user` SET `face_url`='http://tmp/eiBZu6l7zuuJ4cff7eadb800a14a28fb99283e7209a9.jpeg' WHERE `u_id` = 7 [ RunTime:0.0004s ]
SQL: UPDATE `message` SET `face_url`='http://tmp/eiBZu6l7zuuJ4cff7eadb800a14a28fb99283e7209a9.jpeg' WHERE `u_id` = 7 [ RunTime:0.0006s ]
SQL: UPDATE `comment` SET `face_url`='http://tmp/eiBZu6l7zuuJ4cff7eadb800a14a28fb99283e7209a9.jpeg' WHERE `u_id` = 7 [ RunTime:0.0012s ]

[ 2021-12-13T21:11:53+08:00 ] ::1 /treehole/index.php/Home/Message/get_one_user_all_messages
INFO: [ app_init ] --START--
INFO: Run Behavior\BuildLiteBehavior [ RunTime:0.000037s ]
INFO: [ app_init ] --END-- [ RunTime:0.000184s ]
INFO: [ app_begin ] --START--
INFO: Run Behavior\ReadHtmlCacheBehavior [ RunTime:0.000200s ]
INFO: [ app_begin ] --END-- [ RunTime:0.000304s ]
SQL: SHOW COLUMNS FROM `message` [ RunTime:0.0014s ]
SQL: SELECT * FROM `message` WHERE `u_id` = 7 ORDER BY m_id desc  [ RunTime:0.0004s ]

[ 2021-12-13T21:11:55+08:00 ] ::1 /treehole/index.php/Home/User/changUsername
INFO: [ app_init ] --START--
INFO: Run Behavior\BuildLiteBehavior [ RunTime:0.000027s ]
INFO: [ app_init ] --END-- [ RunTime:0.000153s ]
INFO: [ app_begin ] --START--
INFO: Run Behavior\ReadHtmlCacheBehavior [ RunTime:0.000130s ]
INFO: [ app_begin ] --END-- [ RunTime:0.000185s ]
SQL: SHOW COLUMNS FROM `user` [ RunTime:0.0010s ]
SQL: SHOW COLUMNS FROM `message` [ RunTime:0.0008s ]
SQL: SHOW COLUMNS FROM `comment` [ RunTime:0.0008s ]
SQL: SELECT * FROM `user` WHERE `u_id` = 7 LIMIT 1   [ RunTime:0.0007s ]
SQL: SELECT * FROM `message` WHERE `u_id` = 7 LIMIT 1   [ RunTime:0.0003s ]
SQL: SELECT * FROM `user` WHERE `username` = '小猪佩奇12' LIMIT 1   [ RunTime:0.0003s ]
SQL: UPDATE `user` SET `username`='小猪佩奇12' WHERE `u_id` = 7 [ RunTime:0.0003s ]
SQL: UPDATE `message` SET `username`='小猪佩奇12' WHERE `u_id` = 7 [ RunTime:0.0003s ]
SQL: UPDATE `comment` SET `username`='小猪佩奇12' WHERE `u_id` = 7 [ RunTime:0.0003s ]

[ 2021-12-13T21:11:56+08:00 ] ::1 /treehole/index.php/Home/Message/get_one_user_all_messages
INFO: [ app_init ] --START--
INFO: Run Behavior\BuildLiteBehavior [ RunTime:0.000015s ]
INFO: [ app_init ] --END-- [ RunTime:0.000136s ]
INFO: [ app_begin ] --START--
INFO: Run Behavior\ReadHtmlCacheBehavior [ RunTime:0.000169s ]
INFO: [ app_begin ] --END-- [ RunTime:0.000227s ]
SQL: SHOW COLUMNS FROM `message` [ RunTime:0.0025s ]
SQL: SELECT * FROM `message` WHERE `u_id` = 7 ORDER BY m_id desc  [ RunTime:0.0005s ]

[ 2021-12-13T21:11:59+08:00 ] ::1 /treehole/index.php/Home/User/changUsername
INFO: [ app_init ] --START--
INFO: Run Behavior\BuildLiteBehavior [ RunTime:0.000015s ]
INFO: [ app_init ] --END-- [ RunTime:0.000139s ]
INFO: [ app_begin ] --START--
INFO: Run Behavior\ReadHtmlCacheBehavior [ RunTime:0.000161s ]
INFO: [ app_begin ] --END-- [ RunTime:0.000216s ]
SQL: SHOW COLUMNS FROM `user` [ RunTime:0.0010s ]
SQL: SHOW COLUMNS FROM `message` [ RunTime:0.0008s ]
SQL: SHOW COLUMNS FROM `comment` [ RunTime:0.0008s ]
SQL: SELECT * FROM `user` WHERE `u_id` = 7 LIMIT 1   [ RunTime:0.0007s ]
SQL: SELECT * FROM `message` WHERE `u_id` = 7 LIMIT 1   [ RunTime:0.0003s ]
SQL: SELECT * FROM `user` WHERE `username` = '小猪佩奇123' LIMIT 1   [ RunTime:0.0003s ]
SQL: UPDATE `user` SET `username`='小猪佩奇123' WHERE `u_id` = 7 [ RunTime:0.0003s ]
SQL: UPDATE `message` SET `username`='小猪佩奇123' WHERE `u_id` = 7 [ RunTime:0.0003s ]
SQL: UPDATE `comment` SET `username`='小猪佩奇123' WHERE `u_id` = 7 [ RunTime:0.0008s ]

[ 2021-12-13T21:12:01+08:00 ] ::1 /treehole/index.php/Home/Message/get_one_user_all_messages
INFO: [ app_init ] --START--
INFO: Run Behavior\BuildLiteBehavior [ RunTime:0.000027s ]
INFO: [ app_init ] --END-- [ RunTime:0.000165s ]
INFO: [ app_begin ] --START--
INFO: Run Behavior\ReadHtmlCacheBehavior [ RunTime:0.000280s ]
INFO: [ app_begin ] --END-- [ RunTime:0.000404s ]
SQL: SHOW COLUMNS FROM `message` [ RunTime:0.0014s ]
SQL: SELECT * FROM `message` WHERE `u_id` = 7 ORDER BY m_id desc  [ RunTime:0.0006s ]

[ 2021-12-13T21:12:01+08:00 ] ::1 /treehole/index.php/Home/Message/get_all_messages
INFO: [ app_init ] --START--
INFO: Run Behavior\BuildLiteBehavior [ RunTime:0.000031s ]
INFO: [ app_init ] --END-- [ RunTime:0.000141s ]
INFO: [ app_begin ] --START--
INFO: Run Behavior\ReadHtmlCacheBehavior [ RunTime:0.000197s ]
INFO: [ app_begin ] --END-- [ RunTime:0.000263s ]
SQL: SHOW COLUMNS FROM `message` [ RunTime:0.0014s ]
SQL: SELECT * FROM `message` ORDER BY m_id desc  [ RunTime:0.0004s ]

[ 2021-12-13T21:12:01+08:00 ] ::1 /treehole/index.php/Home/Comment/get_all_comments
INFO: [ app_init ] --START--
INFO: Run Behavior\BuildLiteBehavior [ RunTime:0.000017s ]
INFO: [ app_init ] --END-- [ RunTime:0.000095s ]
INFO: [ app_begin ] --START--
INFO: Run Behavior\ReadHtmlCacheBehavior [ RunTime:0.000376s ]
INFO: [ app_begin ] --END-- [ RunTime:0.000443s ]
SQL: SHOW COLUMNS FROM `comment` [ RunTime:0.0013s ]
SQL: SELECT * FROM `comment` ORDER BY c_id  [ RunTime:0.0004s ]

[ 2021-12-13T21:27:43+08:00 ] ::1 /treehole/index.php/Home/Admin/get_all_user
INFO: [ app_init ] --START--
INFO: Run Behavior\BuildLiteBehavior [ RunTime:0.000046s ]
INFO: [ app_init ] --END-- [ RunTime:0.000574s ]
INFO: [ app_begin ] --START--
INFO: Run Behavior\ReadHtmlCacheBehavior [ RunTime:0.000850s ]
INFO: [ app_begin ] --END-- [ RunTime:0.001004s ]
SQL: SHOW COLUMNS FROM `user` [ RunTime:0.0016s ]
SQL: SELECT * FROM `user` ORDER BY u_id asc  [ RunTime:0.0010s ]

[ 2021-12-13T21:27:53+08:00 ] ::1 /treehole/index.php/Home/admin/delete_user
INFO: [ app_init ] --START--
INFO: Run Behavior\BuildLiteBehavior [ RunTime:0.000017s ]
INFO: [ app_init ] --END-- [ RunTime:0.000157s ]
INFO: [ app_begin ] --START--
INFO: Run Behavior\ReadHtmlCacheBehavior [ RunTime:0.000282s ]
INFO: [ app_begin ] --END-- [ RunTime:0.000390s ]
SQL: SHOW COLUMNS FROM `user` [ RunTime:0.0013s ]
SQL: SHOW COLUMNS FROM `message` [ RunTime:0.0010s ]
SQL: SHOW COLUMNS FROM `comment` [ RunTime:0.0009s ]
SQL: SHOW COLUMNS FROM `message_report` [ RunTime:0.0009s ]
SQL: SHOW COLUMNS FROM `comment_report` [ RunTime:0.0009s ]
SQL: DELETE FROM `user` WHERE `u_id` = 30 [ RunTime:0.0009s ]
SQL: DELETE FROM `message` WHERE `u_id` = 30 [ RunTime:0.0003s ]
SQL: DELETE FROM `comment` WHERE `u_id` = 30 [ RunTime:0.0003s ]
SQL: DELETE FROM `message_report` WHERE `u_id2` = 30 [ RunTime:0.0007s ]
SQL: DELETE FROM `comment_report` WHERE `u_id2` = 30 [ RunTime:0.0006s ]
NOTIC: [8] Undefined index: m_id E:\wamp64\www\treehole\Application\Home\Controller\AdminController.class.php 第 92 行.

[ 2021-12-13T21:27:53+08:00 ] ::1 /treehole/index.php/Home/Admin/get_all_user
INFO: [ app_init ] --START--
INFO: Run Behavior\BuildLiteBehavior [ RunTime:0.000014s ]
INFO: [ app_init ] --END-- [ RunTime:0.000088s ]
INFO: [ app_begin ] --START--
INFO: Run Behavior\ReadHtmlCacheBehavior [ RunTime:0.000128s ]
INFO: [ app_begin ] --END-- [ RunTime:0.000190s ]
SQL: SHOW COLUMNS FROM `user` [ RunTime:0.0010s ]
SQL: SELECT * FROM `user` ORDER BY u_id asc  [ RunTime:0.0010s ]

[ 2021-12-13T21:27:57+08:00 ] ::1 /treehole/index.php/Home/admin/delete_user
INFO: [ app_init ] --START--
INFO: Run Behavior\BuildLiteBehavior [ RunTime:0.000049s ]
INFO: [ app_init ] --END-- [ RunTime:0.000470s ]
INFO: [ app_begin ] --START--
INFO: Run Behavior\ReadHtmlCacheBehavior [ RunTime:0.000581s ]
INFO: [ app_begin ] --END-- [ RunTime:0.000798s ]
SQL: SHOW COLUMNS FROM `user` [ RunTime:0.0032s ]
SQL: SHOW COLUMNS FROM `message` [ RunTime:0.0042s ]
SQL: SHOW COLUMNS FROM `comment` [ RunTime:0.0037s ]
SQL: SHOW COLUMNS FROM `message_report` [ RunTime:0.0030s ]
SQL: SHOW COLUMNS FROM `comment_report` [ RunTime:0.0022s ]
SQL: DELETE FROM `user` WHERE `u_id` = 32 [ RunTime:0.0008s ]
SQL: DELETE FROM `message` WHERE `u_id` = 32 [ RunTime:0.0007s ]
SQL: DELETE FROM `comment` WHERE `u_id` = 32 [ RunTime:0.0016s ]
SQL: DELETE FROM `message_report` WHERE `u_id2` = 32 [ RunTime:0.0012s ]
SQL: DELETE FROM `comment_report` WHERE `u_id2` = 32 [ RunTime:0.0011s ]
NOTIC: [8] Undefined index: m_id E:\wamp64\www\treehole\Application\Home\Controller\AdminController.class.php 第 92 行.

[ 2021-12-13T21:27:57+08:00 ] ::1 /treehole/index.php/Home/Admin/get_all_user
INFO: [ app_init ] --START--
INFO: Run Behavior\BuildLiteBehavior [ RunTime:0.000014s ]
INFO: [ app_init ] --END-- [ RunTime:0.000089s ]
INFO: [ app_begin ] --START--
INFO: Run Behavior\ReadHtmlCacheBehavior [ RunTime:0.000125s ]
INFO: [ app_begin ] --END-- [ RunTime:0.000185s ]
SQL: SHOW COLUMNS FROM `user` [ RunTime:0.0011s ]
SQL: SELECT * FROM `user` ORDER BY u_id asc  [ RunTime:0.0004s ]

[ 2021-12-13T21:27:59+08:00 ] ::1 /treehole/index.php/Home/admin/delete_user
INFO: [ app_init ] --START--
INFO: Run Behavior\BuildLiteBehavior [ RunTime:0.000031s ]
INFO: [ app_init ] --END-- [ RunTime:0.000234s ]
INFO: [ app_begin ] --START--
INFO: Run Behavior\ReadHtmlCacheBehavior [ RunTime:0.000174s ]
INFO: [ app_begin ] --END-- [ RunTime:0.000256s ]
SQL: SHOW COLUMNS FROM `user` [ RunTime:0.0013s ]
SQL: SHOW COLUMNS FROM `message` [ RunTime:0.0010s ]
SQL: SHOW COLUMNS FROM `comment` [ RunTime:0.0010s ]
SQL: SHOW COLUMNS FROM `message_report` [ RunTime:0.0010s ]
SQL: SHOW COLUMNS FROM `comment_report` [ RunTime:0.0010s ]
SQL: DELETE FROM `user` WHERE `u_id` = 31 [ RunTime:0.0004s ]
SQL: DELETE FROM `message` WHERE `u_id` = 31 [ RunTime:0.0003s ]
SQL: DELETE FROM `comment` WHERE `u_id` = 31 [ RunTime:0.0003s ]
SQL: DELETE FROM `message_report` WHERE `u_id2` = 31 [ RunTime:0.0009s ]
SQL: DELETE FROM `comment_report` WHERE `u_id2` = 31 [ RunTime:0.0008s ]
NOTIC: [8] Undefined index: m_id E:\wamp64\www\treehole\Application\Home\Controller\AdminController.class.php 第 92 行.

[ 2021-12-13T21:27:59+08:00 ] ::1 /treehole/index.php/Home/Admin/get_all_user
INFO: [ app_init ] --START--
INFO: Run Behavior\BuildLiteBehavior [ RunTime:0.000016s ]
INFO: [ app_init ] --END-- [ RunTime:0.000104s ]
INFO: [ app_begin ] --START--
INFO: Run Behavior\ReadHtmlCacheBehavior [ RunTime:0.000143s ]
INFO: [ app_begin ] --END-- [ RunTime:0.000211s ]
SQL: SHOW COLUMNS FROM `user` [ RunTime:0.0032s ]
SQL: SELECT * FROM `user` ORDER BY u_id asc  [ RunTime:0.0025s ]

[ 2021-12-13T22:42:07+08:00 ] ::1 /treehole/index.php/Home/User/login
INFO: [ app_init ] --START--
INFO: Run Behavior\BuildLiteBehavior [ RunTime:0.000373s ]
INFO: [ app_init ] --END-- [ RunTime:0.001456s ]
INFO: [ app_begin ] --START--
INFO: Run Behavior\ReadHtmlCacheBehavior [ RunTime:0.000956s ]
INFO: [ app_begin ] --END-- [ RunTime:0.001030s ]
SQL: SHOW COLUMNS FROM `user` [ RunTime:0.2676s ]
SQL: SELECT * FROM `user` WHERE `phone` = '13411945045' LIMIT 1   [ RunTime:0.0353s ]

[ 2021-12-13T22:42:08+08:00 ] ::1 /treehole/index.php/Home/Message/get_one_user_all_messages
INFO: [ app_init ] --START--
INFO: Run Behavior\BuildLiteBehavior [ RunTime:0.000015s ]
INFO: [ app_init ] --END-- [ RunTime:0.000099s ]
INFO: [ app_begin ] --START--
INFO: Run Behavior\ReadHtmlCacheBehavior [ RunTime:0.000146s ]
INFO: [ app_begin ] --END-- [ RunTime:0.000212s ]
SQL: SHOW COLUMNS FROM `message` [ RunTime:0.0023s ]
SQL: SELECT * FROM `message` WHERE `u_id` = 7 ORDER BY m_id desc  [ RunTime:0.1454s ]

[ 2021-12-13T22:42:09+08:00 ] ::1 /treehole/index.php/Home/Message/get_all_messages
INFO: [ app_init ] --START--
INFO: Run Behavior\BuildLiteBehavior [ RunTime:0.000019s ]
INFO: [ app_init ] --END-- [ RunTime:0.000156s ]
INFO: [ app_begin ] --START--
INFO: Run Behavior\ReadHtmlCacheBehavior [ RunTime:0.000183s ]
INFO: [ app_begin ] --END-- [ RunTime:0.000242s ]
SQL: SHOW COLUMNS FROM `message` [ RunTime:0.0048s ]
SQL: SELECT * FROM `message` ORDER BY m_id desc  [ RunTime:0.0012s ]

[ 2021-12-13T22:42:10+08:00 ] ::1 /treehole/index.php/Home/Comment/get_all_comments
INFO: [ app_init ] --START--
INFO: Run Behavior\BuildLiteBehavior [ RunTime:0.000022s ]
INFO: [ app_init ] --END-- [ RunTime:0.000145s ]
INFO: [ app_begin ] --START--
INFO: Run Behavior\ReadHtmlCacheBehavior [ RunTime:0.000325s ]
INFO: [ app_begin ] --END-- [ RunTime:0.000396s ]
SQL: SHOW COLUMNS FROM `comment` [ RunTime:0.0043s ]
SQL: SELECT * FROM `comment` ORDER BY c_id  [ RunTime:0.0238s ]

[ 2021-12-13T22:44:28+08:00 ] ::1 /treehole/index.php/Home/Message/do_likes
INFO: [ app_init ] --START--
INFO: Run Behavior\BuildLiteBehavior [ RunTime:0.000049s ]
INFO: [ app_init ] --END-- [ RunTime:0.000605s ]
INFO: [ app_begin ] --START--
INFO: Run Behavior\ReadHtmlCacheBehavior [ RunTime:0.000975s ]
INFO: [ app_begin ] --END-- [ RunTime:0.001159s ]
SQL: SHOW COLUMNS FROM `message` [ RunTime:0.0068s ]
SQL: SELECT * FROM `message` WHERE `m_id` = 26 LIMIT 1   [ RunTime:0.0351s ]
SQL: UPDATE `message` SET `m_id`='26',`u_id`='7',`username`='小猪佩奇123',`face_url`='http://tmp/eiBZu6l7zuuJ4cff7eadb800a14a28fb99283e7209a9.jpeg',`m_content`='2q14214',`likes`='2',`send_time`='2021-12-02 10:21:00' WHERE `m_id` = 26 [ RunTime:0.1016s ]

[ 2021-12-13T22:44:30+08:00 ] ::1 /treehole/index.php/Home/Message/donot_likes
INFO: [ app_init ] --START--
INFO: Run Behavior\BuildLiteBehavior [ RunTime:0.000048s ]
INFO: [ app_init ] --END-- [ RunTime:0.000291s ]
INFO: [ app_begin ] --START--
INFO: Run Behavior\ReadHtmlCacheBehavior [ RunTime:0.000424s ]
INFO: [ app_begin ] --END-- [ RunTime:0.000622s ]
SQL: SHOW COLUMNS FROM `message` [ RunTime:0.0067s ]
SQL: SELECT * FROM `message` WHERE `m_id` = 26 LIMIT 1   [ RunTime:0.0012s ]
SQL: UPDATE `message` SET `m_id`='26',`u_id`='7',`username`='小猪佩奇123',`face_url`='http://tmp/eiBZu6l7zuuJ4cff7eadb800a14a28fb99283e7209a9.jpeg',`m_content`='2q14214',`likes`='1',`send_time`='2021-12-02 10:21:00' WHERE `m_id` = 26 [ RunTime:0.0011s ]

[ 2021-12-13T22:44:32+08:00 ] ::1 /treehole/index.php/Home/Message/do_likes
INFO: [ app_init ] --START--
INFO: Run Behavior\BuildLiteBehavior [ RunTime:0.000015s ]
INFO: [ app_init ] --END-- [ RunTime:0.000133s ]
INFO: [ app_begin ] --START--
INFO: Run Behavior\ReadHtmlCacheBehavior [ RunTime:0.000162s ]
INFO: [ app_begin ] --END-- [ RunTime:0.000218s ]
SQL: SHOW COLUMNS FROM `message` [ RunTime:0.0018s ]
SQL: SELECT * FROM `message` WHERE `m_id` = 26 LIMIT 1   [ RunTime:0.0007s ]
SQL: UPDATE `message` SET `m_id`='26',`u_id`='7',`username`='小猪佩奇123',`face_url`='http://tmp/eiBZu6l7zuuJ4cff7eadb800a14a28fb99283e7209a9.jpeg',`m_content`='2q14214',`likes`='2',`send_time`='2021-12-02 10:21:00' WHERE `m_id` = 26 [ RunTime:0.0004s ]

[ 2021-12-13T22:44:53+08:00 ] ::1 /treehole/index.php/Home/Message/do_likes
INFO: [ app_init ] --START--
INFO: Run Behavior\BuildLiteBehavior [ RunTime:0.000024s ]
INFO: [ app_init ] --END-- [ RunTime:0.000230s ]
INFO: [ app_begin ] --START--
INFO: Run Behavior\ReadHtmlCacheBehavior [ RunTime:0.000285s ]
INFO: [ app_begin ] --END-- [ RunTime:0.000412s ]
SQL: SHOW COLUMNS FROM `message` [ RunTime:0.0040s ]
SQL: SELECT * FROM `message` WHERE `m_id` = 31 LIMIT 1   [ RunTime:0.0004s ]
SQL: UPDATE `message` SET `m_id`='31',`u_id`='33',`username`='gwh1312',`face_url`='http://tmp/4BExzjqQWwXwfd9a38287ac7631930550523f3b7d788.jpeg',`m_content`='21345645',`likes`='13',`send_time`='2021-12-07 10:31:13' WHERE `m_id` = 31 [ RunTime:0.0004s ]

[ 2021-12-13T22:45:11+08:00 ] ::1 /treehole/index.php/Home/Comment/do_likes
INFO: [ app_init ] --START--
INFO: Run Behavior\BuildLiteBehavior [ RunTime:0.000050s ]
INFO: [ app_init ] --END-- [ RunTime:0.000451s ]
INFO: [ app_begin ] --START--
INFO: Run Behavior\ReadHtmlCacheBehavior [ RunTime:0.000561s ]
INFO: [ app_begin ] --END-- [ RunTime:0.000766s ]
SQL: SHOW COLUMNS FROM `comment` [ RunTime:0.0051s ]
SQL: SELECT * FROM `comment` WHERE `c_id` = 24 LIMIT 1   [ RunTime:0.0019s ]
SQL: UPDATE `comment` SET `c_id`='24',`m_id`='26',`u_id`='22',`username`='郭伟豪',`face_url`='https://img2.baidu.com/it/u=395719964,2145680590&fm=26&fmt=auto',`c_content`='44',`likes`='1',`audit_time`='2021-12-11 22:44:20' WHERE `c_id` = 24 [ RunTime:0.0327s ]

[ 2021-12-13T22:45:11+08:00 ] ::1 /treehole/index.php/Home/Comment/donot_likes
INFO: [ app_init ] --START--
INFO: Run Behavior\BuildLiteBehavior [ RunTime:0.000014s ]
INFO: [ app_init ] --END-- [ RunTime:0.000082s ]
INFO: [ app_begin ] --START--
INFO: Run Behavior\ReadHtmlCacheBehavior [ RunTime:0.000118s ]
INFO: [ app_begin ] --END-- [ RunTime:0.000171s ]
SQL: SHOW COLUMNS FROM `comment` [ RunTime:0.0019s ]
SQL: SELECT * FROM `comment` WHERE `c_id` = 24 LIMIT 1   [ RunTime:0.1708s ]
SQL: UPDATE `comment` SET `c_id`='24',`m_id`='26',`u_id`='22',`username`='郭伟豪',`face_url`='https://img2.baidu.com/it/u=395719964,2145680590&fm=26&fmt=auto',`c_content`='44',`likes`='0',`audit_time`='2021-12-11 22:44:20' WHERE `c_id` = 24 [ RunTime:0.0012s ]

[ 2021-12-13T23:15:47+08:00 ] ::1 /treehole/index.php/Home/Message/publish_new_message
INFO: [ app_init ] --START--
INFO: Run Behavior\BuildLiteBehavior [ RunTime:0.000021s ]
INFO: [ app_init ] --END-- [ RunTime:0.000252s ]
INFO: [ app_begin ] --START--
INFO: Run Behavior\ReadHtmlCacheBehavior [ RunTime:0.000405s ]
INFO: [ app_begin ] --END-- [ RunTime:0.000480s ]
NOTIC: [8] Undefined index: m_content E:\wamp64\www\treehole\Application\Home\Controller\MessageController.class.php 第 24 行.

[ 2021-12-13T23:16:59+08:00 ] ::1 /treehole/index.php/Home/Message/publish_new_message?u_id=26&:m_content
INFO: [ app_init ] --START--
INFO: Run Behavior\BuildLiteBehavior [ RunTime:0.000040s ]
INFO: [ app_init ] --END-- [ RunTime:0.000329s ]
INFO: [ app_begin ] --START--
INFO: Run Behavior\ReadHtmlCacheBehavior [ RunTime:0.000227s ]
INFO: [ app_begin ] --END-- [ RunTime:0.000301s ]
SQL: SHOW COLUMNS FROM `message` [ RunTime:0.0024s ]
SQL: SHOW COLUMNS FROM `user` [ RunTime:0.0011s ]
SQL: SELECT * FROM `user` WHERE `u_id` = 26 LIMIT 1   [ RunTime:0.0005s ]
SQL: INSERT INTO `message` (`u_id`,`username`,`face_url`,`m_content`,`send_time`) VALUES ('26','刘三','https://img2.baidu.com/it/u=395719964,2145680590&fm=26&fmt=auto','小猪佩奇666','2021-12-13 23:16:58') [ RunTime:0.0831s ]

[ 2021-12-13T23:31:23+08:00 ] ::1 /treehole/index.php/Home/Admin/get_all_user
INFO: [ app_init ] --START--
INFO: Run Behavior\BuildLiteBehavior [ RunTime:0.000061s ]
INFO: [ app_init ] --END-- [ RunTime:0.000503s ]
INFO: [ app_begin ] --START--
INFO: Run Behavior\ReadHtmlCacheBehavior [ RunTime:0.000349s ]
INFO: [ app_begin ] --END-- [ RunTime:0.000415s ]
SQL: SHOW COLUMNS FROM `user` [ RunTime:0.0017s ]
SQL: SELECT * FROM `user` ORDER BY u_id asc  [ RunTime:0.0006s ]

[ 2021-12-13T23:41:35+08:00 ] ::1 /treehole/index.php/Home/Admin/get_all_user
INFO: [ app_init ] --START--
INFO: Run Behavior\BuildLiteBehavior [ RunTime:0.000028s ]
INFO: [ app_init ] --END-- [ RunTime:0.000256s ]
INFO: [ app_begin ] --START--
INFO: Run Behavior\ReadHtmlCacheBehavior [ RunTime:0.000642s ]
INFO: [ app_begin ] --END-- [ RunTime:0.000808s ]
SQL: SHOW COLUMNS FROM `user` [ RunTime:0.0027s ]
SQL: SELECT * FROM `user` ORDER BY u_id asc  [ RunTime:0.0014s ]

[ 2021-12-13T23:43:31+08:00 ] ::1 /treehole/index.php/Home/Admin/get_all_user
INFO: [ app_init ] --START--
INFO: Run Behavior\BuildLiteBehavior [ RunTime:0.000038s ]
INFO: [ app_init ] --END-- [ RunTime:0.000242s ]
INFO: [ app_begin ] --START--
INFO: Run Behavior\ReadHtmlCacheBehavior [ RunTime:0.000683s ]
INFO: [ app_begin ] --END-- [ RunTime:0.000870s ]
SQL: SHOW COLUMNS FROM `user` [ RunTime:0.0021s ]
SQL: SELECT * FROM `user` ORDER BY u_id asc  [ RunTime:0.0031s ]

[ 2021-12-13T23:44:23+08:00 ] ::1 /treehole/index.php/Home/Admin/get_all_user
INFO: [ app_init ] --START--
INFO: Run Behavior\BuildLiteBehavior [ RunTime:0.000021s ]
INFO: [ app_init ] --END-- [ RunTime:0.000288s ]
INFO: [ app_begin ] --START--
INFO: Run Behavior\ReadHtmlCacheBehavior [ RunTime:0.000623s ]
INFO: [ app_begin ] --END-- [ RunTime:0.000787s ]
SQL: SHOW COLUMNS FROM `user` [ RunTime:0.0044s ]
SQL: SELECT * FROM `user` ORDER BY u_id asc  [ RunTime:0.0018s ]

[ 2021-12-13T23:45:14+08:00 ] ::1 /treehole/index.php/Home/Admin/get_all_user
INFO: [ app_init ] --START--
INFO: Run Behavior\BuildLiteBehavior [ RunTime:0.000028s ]
INFO: [ app_init ] --END-- [ RunTime:0.000257s ]
INFO: [ app_begin ] --START--
INFO: Run Behavior\ReadHtmlCacheBehavior [ RunTime:0.000305s ]
INFO: [ app_begin ] --END-- [ RunTime:0.000433s ]
SQL: SHOW COLUMNS FROM `user` [ RunTime:0.0029s ]
SQL: SELECT * FROM `user` ORDER BY u_id asc  [ RunTime:0.0014s ]

[ 2021-12-13T23:50:16+08:00 ] ::1 /treehole/index.php/Home/Admin/get_all_user
INFO: [ app_init ] --START--
INFO: Run Behavior\BuildLiteBehavior [ RunTime:0.000027s ]
INFO: [ app_init ] --END-- [ RunTime:0.000397s ]
INFO: [ app_begin ] --START--
INFO: Run Behavior\ReadHtmlCacheBehavior [ RunTime:0.000522s ]
INFO: [ app_begin ] --END-- [ RunTime:0.000641s ]
SQL: SHOW COLUMNS FROM `user` [ RunTime:0.0021s ]
SQL: SELECT * FROM `user` ORDER BY u_id asc  [ RunTime:0.0022s ]

[ 2021-12-13T23:50:27+08:00 ] ::1 /treehole/index.php/Home/Admin/get_all_user
INFO: [ app_init ] --START--
INFO: Run Behavior\BuildLiteBehavior [ RunTime:0.000045s ]
INFO: [ app_init ] --END-- [ RunTime:0.000303s ]
INFO: [ app_begin ] --START--
INFO: Run Behavior\ReadHtmlCacheBehavior [ RunTime:0.000209s ]
INFO: [ app_begin ] --END-- [ RunTime:0.000281s ]
SQL: SHOW COLUMNS FROM `user` [ RunTime:0.0039s ]
SQL: SELECT * FROM `user` ORDER BY u_id asc  [ RunTime:0.0017s ]

