[ 2021-11-30T19:55:38+08:00 ] ::1 /treehole/index.php/Home/Test/test2
INFO: [ app_init ] --START--
INFO: Run Behavior\BuildLiteBehavior [ RunTime:0.000028s ]
INFO: [ app_init ] --END-- [ RunTime:0.001824s ]
INFO: [ app_begin ] --START--
INFO: Run Behavior\ReadHtmlCacheBehavior [ RunTime:0.001539s ]
INFO: [ app_begin ] --END-- [ RunTime:0.001609s ]
SQL: SHOW COLUMNS FROM `user` [ RunTime:0.2626s ]
SQL: SELECT * FROM `user` WHERE `u_id` = 1  [ RunTime:0.0636s ]
INFO: [ app_end ] --START--
INFO: Run Behavior\ShowPageTraceBehavior [ RunTime:0.001611s ]
INFO: [ app_end ] --END-- [ RunTime:0.001695s ]

[ 2021-11-30T20:15:55+08:00 ] ::1 /treehole/index.php/Home/User/sign
INFO: [ app_init ] --START--
INFO: Run Behavior\BuildLiteBehavior [ RunTime:0.000043s ]
INFO: [ app_init ] --END-- [ RunTime:0.000357s ]
INFO: [ app_begin ] --START--
INFO: Run Behavior\ReadHtmlCacheBehavior [ RunTime:0.000414s ]
INFO: [ app_begin ] --END-- [ RunTime:0.000482s ]
SQL: SHOW COLUMNS FROM `user` [ RunTime:0.1045s ]
SQL: SELECT * FROM `user` WHERE `phone` = '18098144238' LIMIT 1   [ RunTime:0.0389s ]
SQL: INSERT INTO `user` (`username`,`phone`,`password`,`face_url`) VALUES ('123456','18098144238','e10adc3949ba59abbe56e057f20f883e','undefined') [ RunTime:0.0078s ]

[ 2021-11-30T21:15:34+08:00 ] ::1 /treehole/index.php/Home/Test/test2
INFO: [ app_init ] --START--
INFO: Run Behavior\BuildLiteBehavior [ RunTime:0.000337s ]
INFO: [ app_init ] --END-- [ RunTime:0.012622s ]
INFO: [ app_begin ] --START--
INFO: Run Behavior\ReadHtmlCacheBehavior [ RunTime:0.000552s ]
INFO: [ app_begin ] --END-- [ RunTime:0.000620s ]
SQL: SHOW COLUMNS FROM `user` [ RunTime:0.1237s ]
SQL: SELECT * FROM `user` WHERE `u_id` = 1  [ RunTime:0.0009s ]
INFO: [ app_end ] --START--
INFO: Run Behavior\ShowPageTraceBehavior [ RunTime:0.000335s ]
INFO: [ app_end ] --END-- [ RunTime:0.000377s ]

[ 2021-11-30T21:15:52+08:00 ] ::1 /treehole/index.php/Home/Test/test2
INFO: [ app_init ] --START--
INFO: Run Behavior\BuildLiteBehavior [ RunTime:0.000043s ]
INFO: [ app_init ] --END-- [ RunTime:0.000372s ]
INFO: [ app_begin ] --START--
INFO: Run Behavior\ReadHtmlCacheBehavior [ RunTime:0.000387s ]
INFO: [ app_begin ] --END-- [ RunTime:0.000449s ]
SQL: SHOW COLUMNS FROM `user` [ RunTime:0.0044s ]
SQL: SELECT * FROM `user` WHERE `u_id` = 1  [ RunTime:0.0239s ]
INFO: [ app_end ] --START--
INFO: Run Behavior\ShowPageTraceBehavior [ RunTime:0.000420s ]
INFO: [ app_end ] --END-- [ RunTime:0.000480s ]

[ 2021-11-30T21:16:28+08:00 ] ::1 /treehole/index.php/Home/User/login
INFO: [ app_init ] --START--
INFO: Run Behavior\BuildLiteBehavior [ RunTime:0.000023s ]
INFO: [ app_init ] --END-- [ RunTime:0.011419s ]
INFO: [ app_begin ] --START--
INFO: Run Behavior\ReadHtmlCacheBehavior [ RunTime:0.001696s ]
INFO: [ app_begin ] --END-- [ RunTime:0.001758s ]
SQL: SHOW COLUMNS FROM `user` [ RunTime:0.0012s ]
SQL: SELECT * FROM `user` WHERE `phone` = '13411945035' LIMIT 1   [ RunTime:0.0002s ]

[ 2021-11-30T21:18:47+08:00 ] ::1 /treehole/index.php/Home/User/login
INFO: [ app_init ] --START--
INFO: Run Behavior\BuildLiteBehavior [ RunTime:0.000081s ]
INFO: [ app_init ] --END-- [ RunTime:0.000799s ]
INFO: [ app_begin ] --START--
INFO: Run Behavior\ReadHtmlCacheBehavior [ RunTime:0.001306s ]
INFO: [ app_begin ] --END-- [ RunTime:0.001547s ]
SQL: SHOW COLUMNS FROM `user` [ RunTime:0.0122s ]
SQL: SELECT * FROM `user` WHERE `phone` = '13411945035' LIMIT 1   [ RunTime:0.0037s ]

[ 2021-11-30T21:19:09+08:00 ] ::1 /treehole/index.php/Home/User/login
INFO: [ app_init ] --START--
INFO: Run Behavior\BuildLiteBehavior [ RunTime:0.000025s ]
INFO: [ app_init ] --END-- [ RunTime:0.000244s ]
INFO: [ app_begin ] --START--
INFO: Run Behavior\ReadHtmlCacheBehavior [ RunTime:0.000319s ]
INFO: [ app_begin ] --END-- [ RunTime:0.000418s ]
SQL: SHOW COLUMNS FROM `user` [ RunTime:0.0014s ]
SQL: SELECT * FROM `user` WHERE `phone` = '13411945035' LIMIT 1   [ RunTime:0.0007s ]

[ 2021-11-30T21:28:25+08:00 ] ::1 /treehole/index.php/Home/User/login
INFO: [ app_init ] --START--
INFO: Run Behavior\BuildLiteBehavior [ RunTime:0.000050s ]
INFO: [ app_init ] --END-- [ RunTime:0.000663s ]
INFO: [ app_begin ] --START--
INFO: Run Behavior\ReadHtmlCacheBehavior [ RunTime:0.001071s ]
INFO: [ app_begin ] --END-- [ RunTime:0.001260s ]
SQL: SHOW COLUMNS FROM `user` [ RunTime:0.0275s ]
SQL: SELECT * FROM `user` WHERE `phone` = '13411945035' LIMIT 1   [ RunTime:0.0027s ]

[ 2021-11-30T21:34:40+08:00 ] ::1 /treehole/index.php/Home/User/sign
INFO: [ app_init ] --START--
INFO: Run Behavior\BuildLiteBehavior [ RunTime:0.000056s ]
INFO: [ app_init ] --END-- [ RunTime:0.008107s ]
INFO: [ app_begin ] --START--
INFO: Run Behavior\ReadHtmlCacheBehavior [ RunTime:0.001335s ]
INFO: [ app_begin ] --END-- [ RunTime:0.001557s ]
NOTIC: [8] Undefined index: username E:\wamp64\www\treehole\Application\Home\Controller\UserController.class.php 第 12 行.

[ 2021-11-30T21:35:07+08:00 ] ::1 /treehole/index.php/Home/User/login
INFO: [ app_init ] --START--
INFO: Run Behavior\BuildLiteBehavior [ RunTime:0.000015s ]
INFO: [ app_init ] --END-- [ RunTime:0.000197s ]
INFO: [ app_begin ] --START--
INFO: Run Behavior\ReadHtmlCacheBehavior [ RunTime:0.000419s ]
INFO: [ app_begin ] --END-- [ RunTime:0.000524s ]
SQL: SHOW COLUMNS FROM `user` [ RunTime:0.0023s ]
SQL: SELECT * FROM `user` WHERE `phone` = '13411945035' LIMIT 1   [ RunTime:0.0004s ]

[ 2021-11-30T21:35:27+08:00 ] ::1 /treehole/index.php/Home/User/login
INFO: [ app_init ] --START--
INFO: Run Behavior\BuildLiteBehavior [ RunTime:0.000015s ]
INFO: [ app_init ] --END-- [ RunTime:0.000166s ]
INFO: [ app_begin ] --START--
INFO: Run Behavior\ReadHtmlCacheBehavior [ RunTime:0.000603s ]
INFO: [ app_begin ] --END-- [ RunTime:0.000813s ]
SQL: SHOW COLUMNS FROM `user` [ RunTime:0.0065s ]
SQL: SELECT * FROM `user` WHERE `phone` = '13411945045' LIMIT 1   [ RunTime:0.0387s ]

[ 2021-11-30T21:35:36+08:00 ] ::1 /treehole/index.php/Home/User/login
INFO: [ app_init ] --START--
INFO: Run Behavior\BuildLiteBehavior [ RunTime:0.000015s ]
INFO: [ app_init ] --END-- [ RunTime:0.000141s ]
INFO: [ app_begin ] --START--
INFO: Run Behavior\ReadHtmlCacheBehavior [ RunTime:0.000174s ]
INFO: [ app_begin ] --END-- [ RunTime:0.000231s ]
SQL: SHOW COLUMNS FROM `user` [ RunTime:0.0015s ]
SQL: SELECT * FROM `user` WHERE `phone` = '13411945045' LIMIT 1   [ RunTime:0.0007s ]

[ 2021-11-30T21:35:45+08:00 ] ::1 /treehole/index.php/Home/User/login
INFO: [ app_init ] --START--
INFO: Run Behavior\BuildLiteBehavior [ RunTime:0.000015s ]
INFO: [ app_init ] --END-- [ RunTime:0.000143s ]
INFO: [ app_begin ] --START--
INFO: Run Behavior\ReadHtmlCacheBehavior [ RunTime:0.000180s ]
INFO: [ app_begin ] --END-- [ RunTime:0.000238s ]
SQL: SHOW COLUMNS FROM `user` [ RunTime:0.0241s ]
SQL: SELECT * FROM `user` WHERE `phone` = '13411945045' LIMIT 1   [ RunTime:0.0023s ]

[ 2021-11-30T21:35:48+08:00 ] ::1 /treehole/index.php/Home/User/login
INFO: [ app_init ] --START--
INFO: Run Behavior\BuildLiteBehavior [ RunTime:0.000015s ]
INFO: [ app_init ] --END-- [ RunTime:0.000141s ]
INFO: [ app_begin ] --START--
INFO: Run Behavior\ReadHtmlCacheBehavior [ RunTime:0.000177s ]
INFO: [ app_begin ] --END-- [ RunTime:0.000234s ]
SQL: SHOW COLUMNS FROM `user` [ RunTime:0.0013s ]
SQL: SELECT * FROM `user` WHERE `phone` = '13411945045' LIMIT 1   [ RunTime:0.0003s ]

[ 2021-11-30T21:38:14+08:00 ] ::1 /treehole/index.php/Home/User/login
INFO: [ app_init ] --START--
INFO: Run Behavior\BuildLiteBehavior [ RunTime:0.000037s ]
INFO: [ app_init ] --END-- [ RunTime:0.000480s ]
INFO: [ app_begin ] --START--
INFO: Run Behavior\ReadHtmlCacheBehavior [ RunTime:0.000594s ]
INFO: [ app_begin ] --END-- [ RunTime:0.000696s ]
SQL: SHOW COLUMNS FROM `user` [ RunTime:0.0012s ]
SQL: SELECT * FROM `user` WHERE `phone` = '13411945045' LIMIT 1   [ RunTime:0.0003s ]

[ 2021-11-30T23:25:03+08:00 ] ::1 /treehole/index.php/Home/Message/publish_new_message
INFO: [ app_init ] --START--
INFO: Run Behavior\BuildLiteBehavior [ RunTime:0.000090s ]
INFO: [ app_init ] --END-- [ RunTime:0.001745s ]
INFO: [ app_begin ] --START--
INFO: Run Behavior\ReadHtmlCacheBehavior [ RunTime:0.001344s ]
INFO: [ app_begin ] --END-- [ RunTime:0.001569s ]
NOTIC: [8] Undefined index: m_content E:\wamp64\www\treehole\Application\Home\Controller\MessageController.class.php 第 24 行.

[ 2021-11-30T23:25:12+08:00 ] ::1 /treehole/index.php/Home/Message/publish_new_message
INFO: [ app_init ] --START--
INFO: Run Behavior\BuildLiteBehavior [ RunTime:0.000019s ]
INFO: [ app_init ] --END-- [ RunTime:0.000184s ]
INFO: [ app_begin ] --START--
INFO: Run Behavior\ReadHtmlCacheBehavior [ RunTime:0.000226s ]
INFO: [ app_begin ] --END-- [ RunTime:0.000295s ]
NOTIC: [8] Undefined index: m_content E:\wamp64\www\treehole\Application\Home\Controller\MessageController.class.php 第 24 行.

[ 2021-11-30T23:27:11+08:00 ] ::1 /treehole/index.php/Home/Message/publish_new_message
INFO: [ app_init ] --START--
INFO: Run Behavior\BuildLiteBehavior [ RunTime:0.000016s ]
INFO: [ app_init ] --END-- [ RunTime:0.000279s ]
INFO: [ app_begin ] --START--
INFO: Run Behavior\ReadHtmlCacheBehavior [ RunTime:0.000442s ]
INFO: [ app_begin ] --END-- [ RunTime:0.000512s ]
SQL: SHOW COLUMNS FROM `message` [ RunTime:0.0380s ]
SQL: SHOW COLUMNS FROM `user` [ RunTime:0.0036s ]
SQL: SELECT * FROM `user` WHERE `u_id` = 0 LIMIT 1   [ RunTime:0.0206s ]
ERR: 1048:Column 'username' cannot be null
 [ SQL语句 ] : INSERT INTO `message` (`u_id`,`username`,`face_url`,`m_content`,`likes`,`send_time`) VALUES ('0',NULL,NULL,'13124124','0','2021-11-30 23:27:11')
ERR: 1048:Column 'username' cannot be null
 [ SQL语句 ] : INSERT INTO `message` (`u_id`,`username`,`face_url`,`m_content`,`likes`,`send_time`) VALUES ('0',NULL,NULL,'13124124','0','2021-11-30 23:27:11')

[ 2021-11-30T23:41:22+08:00 ] ::1 /treehole/index.php/Home/Message/publish_new_message
INFO: [ app_init ] --START--
INFO: Run Behavior\BuildLiteBehavior [ RunTime:0.000035s ]
INFO: [ app_init ] --END-- [ RunTime:0.000572s ]
INFO: [ app_begin ] --START--
INFO: Run Behavior\ReadHtmlCacheBehavior [ RunTime:0.000455s ]
INFO: [ app_begin ] --END-- [ RunTime:0.000531s ]
SQL: SHOW COLUMNS FROM `message` [ RunTime:0.0218s ]
SQL: SHOW COLUMNS FROM `user` [ RunTime:0.0012s ]
SQL: SELECT * FROM `user` WHERE `u_id` = 0 LIMIT 1   [ RunTime:0.0015s ]
ERR: 1048:Column 'username' cannot be null
 [ SQL语句 ] : INSERT INTO `message` (`u_id`,`username`,`face_url`,`m_content`,`likes`,`send_time`) VALUES ('0',NULL,NULL,'12314','0','2021-11-30 23:41:22')
ERR: 1048:Column 'username' cannot be null
 [ SQL语句 ] : INSERT INTO `message` (`u_id`,`username`,`face_url`,`m_content`,`likes`,`send_time`) VALUES ('0',NULL,NULL,'12314','0','2021-11-30 23:41:22')

[ 2021-11-30T23:42:31+08:00 ] ::1 /treehole/index.php/Home/User/login
INFO: [ app_init ] --START--
INFO: Run Behavior\BuildLiteBehavior [ RunTime:0.000016s ]
INFO: [ app_init ] --END-- [ RunTime:0.000155s ]
INFO: [ app_begin ] --START--
INFO: Run Behavior\ReadHtmlCacheBehavior [ RunTime:0.000186s ]
INFO: [ app_begin ] --END-- [ RunTime:0.000243s ]
SQL: SHOW COLUMNS FROM `user` [ RunTime:0.0047s ]
SQL: SELECT * FROM `user` WHERE `phone` = '13411945045' LIMIT 1   [ RunTime:0.0021s ]

[ 2021-11-30T23:46:45+08:00 ] ::1 /treehole/index.php/Home/User/login
INFO: [ app_init ] --START--
INFO: Run Behavior\BuildLiteBehavior [ RunTime:0.000021s ]
INFO: [ app_init ] --END-- [ RunTime:0.000256s ]
INFO: [ app_begin ] --START--
INFO: Run Behavior\ReadHtmlCacheBehavior [ RunTime:0.000413s ]
INFO: [ app_begin ] --END-- [ RunTime:0.000483s ]
SQL: SHOW COLUMNS FROM `user` [ RunTime:0.0044s ]
SQL: SELECT * FROM `user` WHERE `phone` = '13411945045' LIMIT 1   [ RunTime:0.0008s ]

[ 2021-11-30T23:46:52+08:00 ] ::1 /treehole/index.php/Home/User/login
INFO: [ app_init ] --START--
INFO: Run Behavior\BuildLiteBehavior [ RunTime:0.000015s ]
INFO: [ app_init ] --END-- [ RunTime:0.000138s ]
INFO: [ app_begin ] --START--
INFO: Run Behavior\ReadHtmlCacheBehavior [ RunTime:0.000174s ]
INFO: [ app_begin ] --END-- [ RunTime:0.000230s ]
SQL: SHOW COLUMNS FROM `user` [ RunTime:0.0014s ]
SQL: SELECT * FROM `user` WHERE `phone` = '13411945045' LIMIT 1   [ RunTime:0.0003s ]

[ 2021-11-30T23:47:57+08:00 ] ::1 /treehole/index.php/Home/User/login
INFO: [ app_init ] --START--
INFO: Run Behavior\BuildLiteBehavior [ RunTime:0.000015s ]
INFO: [ app_init ] --END-- [ RunTime:0.000142s ]
INFO: [ app_begin ] --START--
INFO: Run Behavior\ReadHtmlCacheBehavior [ RunTime:0.000180s ]
INFO: [ app_begin ] --END-- [ RunTime:0.000235s ]
SQL: SHOW COLUMNS FROM `user` [ RunTime:0.0019s ]
SQL: SELECT * FROM `user` WHERE `phone` = '13411945045' LIMIT 1   [ RunTime:0.0017s ]

[ 2021-11-30T23:51:09+08:00 ] ::1 /treehole/index.php/Home/User/sign
INFO: [ app_init ] --START--
INFO: Run Behavior\BuildLiteBehavior [ RunTime:0.000055s ]
INFO: [ app_init ] --END-- [ RunTime:0.000873s ]
INFO: [ app_begin ] --START--
INFO: Run Behavior\ReadHtmlCacheBehavior [ RunTime:0.001277s ]
INFO: [ app_begin ] --END-- [ RunTime:0.001491s ]
SQL: SHOW COLUMNS FROM `user` [ RunTime:0.0094s ]
SQL: SELECT * FROM `user` WHERE `phone` = '18098144444' LIMIT 1   [ RunTime:0.0028s ]
SQL: INSERT INTO `user` (`username`,`phone`,`password`,`face_url`) VALUES ('刘一','18098144444','e10adc3949ba59abbe56e057f20f883e','https://img2.baidu.com/it/u=395719964,2145680590&fm=26&fmt=auto') [ RunTime:0.0010s ]

