[ 2021-11-06T14:03:35+08:00 ] ::1 /treehole/index.php/Home/Test/test2
INFO: [ app_init ] --START--
INFO: Run Behavior\BuildLiteBehavior [ RunTime:0.000016s ]
INFO: [ app_init ] --END-- [ RunTime:0.000143s ]
INFO: [ app_begin ] --START--
INFO: Run Behavior\ReadHtmlCacheBehavior [ RunTime:0.019819s ]
INFO: [ app_begin ] --END-- [ RunTime:0.019961s ]
SQL: SHOW COLUMNS FROM `user` [ RunTime:0.1482s ]
SQL: SELECT * FROM `user` WHERE `u_id` = 1  [ RunTime:0.1222s ]
INFO: [ app_end ] --START--
INFO: Run Behavior\ShowPageTraceBehavior [ RunTime:0.002225s ]
INFO: [ app_end ] --END-- [ RunTime:0.002308s ]

[ 2021-11-06T14:03:44+08:00 ] ::1 /treehole/index.php/Home/Test/test2
INFO: [ app_init ] --START--
INFO: Run Behavior\BuildLiteBehavior [ RunTime:0.000017s ]
INFO: [ app_init ] --END-- [ RunTime:0.000241s ]
INFO: [ app_begin ] --START--
INFO: Run Behavior\ReadHtmlCacheBehavior [ RunTime:0.000338s ]
INFO: [ app_begin ] --END-- [ RunTime:0.000425s ]
SQL: SHOW COLUMNS FROM `user` [ RunTime:0.0092s ]
SQL: SELECT * FROM `user` WHERE `u_id` = 1  [ RunTime:0.0011s ]
INFO: [ app_end ] --START--
INFO: Run Behavior\ShowPageTraceBehavior [ RunTime:0.000414s ]
INFO: [ app_end ] --END-- [ RunTime:0.000483s ]

[ 2021-11-06T14:07:24+08:00 ] ::1 /treehole/index.php/Home/Message/publish_new_message
INFO: [ app_init ] --START--
INFO: Run Behavior\BuildLiteBehavior [ RunTime:0.000018s ]
INFO: [ app_init ] --END-- [ RunTime:0.000227s ]
INFO: [ app_begin ] --START--
INFO: Run Behavior\ReadHtmlCacheBehavior [ RunTime:0.000543s ]
INFO: [ app_begin ] --END-- [ RunTime:0.000639s ]
NOTIC: [8] Undefined index: u_id E:\wamp64\www\treehole\Application\Home\Controller\MessageController.class.php 第 15 行.

[ 2021-11-06T14:15:45+08:00 ] ::1 /treehole/index.php/Home/Message/publish_new_message?u_id=1&&face_url=1&m_content=123124124214qwewaea&
INFO: [ app_init ] --START--
INFO: Run Behavior\BuildLiteBehavior [ RunTime:0.000034s ]
INFO: [ app_init ] --END-- [ RunTime:0.000493s ]
INFO: [ app_begin ] --START--
INFO: Run Behavior\ReadHtmlCacheBehavior [ RunTime:0.000391s ]
INFO: [ app_begin ] --END-- [ RunTime:0.000568s ]
NOTIC: [8] Undefined index: u_id E:\wamp64\www\treehole\Application\Home\Controller\MessageController.class.php 第 15 行.

[ 2021-11-06T14:15:55+08:00 ] ::1 /treehole/index.php/Home/Message/publish_new_message?u_id=1&face_url=1&m_content=123124124214qwewaea&
INFO: [ app_init ] --START--
INFO: Run Behavior\BuildLiteBehavior [ RunTime:0.000066s ]
INFO: [ app_init ] --END-- [ RunTime:0.000917s ]
INFO: [ app_begin ] --START--
INFO: Run Behavior\ReadHtmlCacheBehavior [ RunTime:0.000562s ]
INFO: [ app_begin ] --END-- [ RunTime:0.000753s ]
NOTIC: [8] Undefined index: u_id E:\wamp64\www\treehole\Application\Home\Controller\MessageController.class.php 第 15 行.

[ 2021-11-06T14:17:16+08:00 ] ::1 /treehole/index.php/Home/Message/publish_new_message?u_id=1&face_url=1&m_content=123124124214qwewaea&
INFO: [ app_init ] --START--
INFO: Run Behavior\BuildLiteBehavior [ RunTime:0.000017s ]
INFO: [ app_init ] --END-- [ RunTime:0.000178s ]
INFO: [ app_begin ] --START--
INFO: Run Behavior\ReadHtmlCacheBehavior [ RunTime:0.000186s ]
INFO: [ app_begin ] --END-- [ RunTime:0.000275s ]
SQL: SHOW COLUMNS FROM `message` [ RunTime:0.0136s ]
NOTIC: [2] Use of undefined constant username - assumed 'username' (this will throw an Error in a future version of PHP) E:\wamp64\www\treehole\Application\Home\Controller\MessageController.class.php 第 54 行.
SQL: SELECT * FROM `message` WHERE `m_id` = 0 ORDER BY m_id desc  [ RunTime:0.0695s ]
NOTIC: [8] Undefined offset: 0 E:\wamp64\www\treehole\ThinkPHP\Library\Think\Db\Driver.class.php 第 803 行.
SQL: INSERT INTO `message` (`u_id`,`face_url`,`m_content`,`likes`,`send_time`) VALUES ('1','xxx.jpg','askjalsflkasflkajsflkjas','0','2021-11-06 14:17:16') [ RunTime:0.0557s ]

[ 2021-11-06T14:17:31+08:00 ] 127.0.0.1 /treehole/index.php/Home/Test/test
INFO: [ app_init ] --START--
INFO: Run Behavior\BuildLiteBehavior [ RunTime:0.000020s ]
INFO: [ app_init ] --END-- [ RunTime:0.000171s ]
INFO: [ app_begin ] --START--
INFO: Run Behavior\ReadHtmlCacheBehavior [ RunTime:0.000209s ]
INFO: [ app_begin ] --END-- [ RunTime:0.000294s ]
INFO: [ app_end ] --START--
INFO: Run Behavior\ShowPageTraceBehavior [ RunTime:0.000390s ]
INFO: [ app_end ] --END-- [ RunTime:0.000463s ]

[ 2021-11-06T14:19:18+08:00 ] ::1 /treehole/index.php/Home/Message/publish_new_message?u_id=1&face_url=1&m_content=123124124214qwewaea&
INFO: [ app_init ] --START--
INFO: Run Behavior\BuildLiteBehavior [ RunTime:0.000019s ]
INFO: [ app_init ] --END-- [ RunTime:0.000236s ]
INFO: [ app_begin ] --START--
INFO: Run Behavior\ReadHtmlCacheBehavior [ RunTime:0.000854s ]
INFO: [ app_begin ] --END-- [ RunTime:0.001025s ]
SQL: SHOW COLUMNS FROM `message` [ RunTime:0.0019s ]
NOTIC: [2] Use of undefined constant username - assumed 'username' (this will throw an Error in a future version of PHP) E:\wamp64\www\treehole\Application\Home\Controller\MessageController.class.php 第 54 行.
SQL: SELECT * FROM `message` WHERE `m_id` = 0 ORDER BY m_id desc  [ RunTime:0.0010s ]
NOTIC: [8] Undefined offset: 0 E:\wamp64\www\treehole\ThinkPHP\Library\Think\Db\Driver.class.php 第 803 行.
SQL: INSERT INTO `message` (`u_id`,`face_url`,`m_content`,`likes`,`send_time`) VALUES ('1','xxx.jpg','123124','0','2021-11-06 14:19:18') [ RunTime:0.0004s ]

[ 2021-11-06T14:21:17+08:00 ] ::1 /treehole/index.php/Home/Message/publish_new_message?u_id=1&face_url=1&m_content=123124124214qwewaea&
INFO: [ app_init ] --START--
INFO: Run Behavior\BuildLiteBehavior [ RunTime:0.000032s ]
INFO: [ app_init ] --END-- [ RunTime:0.000286s ]
INFO: [ app_begin ] --START--
INFO: Run Behavior\ReadHtmlCacheBehavior [ RunTime:0.000363s ]
INFO: [ app_begin ] --END-- [ RunTime:0.000432s ]
SQL: SHOW COLUMNS FROM `message` [ RunTime:0.0019s ]
SQL: SELECT * FROM `message` WHERE `u_id` = 1 ORDER BY m_id desc  [ RunTime:0.0009s ]
NOTIC: [8] Undefined index: username E:\wamp64\www\treehole\Application\Home\Controller\MessageController.class.php 第 58 行.
ERR: 1048:Column 'username' cannot be null
 [ SQL语句 ] : INSERT INTO `message` (`u_id`,`username`,`face_url`,`m_content`,`likes`,`send_time`) VALUES ('1',NULL,'xxx.jpg','123124','0','2021-11-06 14:21:17')
ERR: 1048:Column 'username' cannot be null
 [ SQL语句 ] : INSERT INTO `message` (`u_id`,`username`,`face_url`,`m_content`,`likes`,`send_time`) VALUES ('1',NULL,'xxx.jpg','123124','0','2021-11-06 14:21:17')

[ 2021-11-06T14:22:41+08:00 ] ::1 /treehole/index.php/Home/Message/publish_new_message?u_id=1&face_url=1&m_content=123124124214qwewaea&
INFO: [ app_init ] --START--
INFO: Run Behavior\BuildLiteBehavior [ RunTime:0.000017s ]
INFO: [ app_init ] --END-- [ RunTime:0.000262s ]
INFO: [ app_begin ] --START--
INFO: Run Behavior\ReadHtmlCacheBehavior [ RunTime:0.000392s ]
INFO: [ app_begin ] --END-- [ RunTime:0.000463s ]
SQL: SHOW COLUMNS FROM `message` [ RunTime:0.0020s ]
SQL: SELECT * FROM `message` WHERE `u_id` = 1  [ RunTime:0.0008s ]
NOTIC: [8] Undefined index: username E:\wamp64\www\treehole\Application\Home\Controller\MessageController.class.php 第 58 行.
ERR: 1048:Column 'username' cannot be null
 [ SQL语句 ] : INSERT INTO `message` (`u_id`,`username`,`face_url`,`m_content`,`likes`,`send_time`) VALUES ('1',NULL,'xxx.jpg','123124','0','2021-11-06 14:22:41')
ERR: 1048:Column 'username' cannot be null
 [ SQL语句 ] : INSERT INTO `message` (`u_id`,`username`,`face_url`,`m_content`,`likes`,`send_time`) VALUES ('1',NULL,'xxx.jpg','123124','0','2021-11-06 14:22:41')

[ 2021-11-06T14:24:36+08:00 ] ::1 /treehole/index.php/Home/Message/publish_new_message?u_id=1&face_url=1&m_content=123124124214qwewaea&
INFO: [ app_init ] --START--
INFO: Run Behavior\BuildLiteBehavior [ RunTime:0.000020s ]
INFO: [ app_init ] --END-- [ RunTime:0.000251s ]
INFO: [ app_begin ] --START--
INFO: Run Behavior\ReadHtmlCacheBehavior [ RunTime:0.001940s ]
INFO: [ app_begin ] --END-- [ RunTime:0.002246s ]
SQL: SHOW COLUMNS FROM `message` [ RunTime:0.0056s ]
SQL: SHOW COLUMNS FROM `user` [ RunTime:0.0032s ]
SQL: SELECT * FROM `user` WHERE `u_id` = 1  [ RunTime:0.0017s ]
NOTIC: [8] Undefined index: username E:\wamp64\www\treehole\Application\Home\Controller\MessageController.class.php 第 59 行.
ERR: 1048:Column 'username' cannot be null
 [ SQL语句 ] : INSERT INTO `message` (`u_id`,`username`,`face_url`,`m_content`,`likes`,`send_time`) VALUES ('1',NULL,'xxx.jpg','123124','0','2021-11-06 14:24:36')
ERR: 1048:Column 'username' cannot be null
 [ SQL语句 ] : INSERT INTO `message` (`u_id`,`username`,`face_url`,`m_content`,`likes`,`send_time`) VALUES ('1',NULL,'xxx.jpg','123124','0','2021-11-06 14:24:36')

[ 2021-11-06T14:24:39+08:00 ] ::1 /treehole/index.php/Home/Message/publish_new_message?u_id=1&face_url=1&m_content=123124124214qwewaea&
INFO: [ app_init ] --START--
INFO: Run Behavior\BuildLiteBehavior [ RunTime:0.000048s ]
INFO: [ app_init ] --END-- [ RunTime:0.000500s ]
INFO: [ app_begin ] --START--
INFO: Run Behavior\ReadHtmlCacheBehavior [ RunTime:0.000240s ]
INFO: [ app_begin ] --END-- [ RunTime:0.000313s ]
SQL: SHOW COLUMNS FROM `message` [ RunTime:0.0038s ]
SQL: SHOW COLUMNS FROM `user` [ RunTime:0.0012s ]
SQL: SELECT * FROM `user` WHERE `u_id` = 1  [ RunTime:0.0008s ]
NOTIC: [8] Undefined index: username E:\wamp64\www\treehole\Application\Home\Controller\MessageController.class.php 第 59 行.
ERR: 1048:Column 'username' cannot be null
 [ SQL语句 ] : INSERT INTO `message` (`u_id`,`username`,`face_url`,`m_content`,`likes`,`send_time`) VALUES ('1',NULL,'xxx.jpg','123124','0','2021-11-06 14:24:39')
ERR: 1048:Column 'username' cannot be null
 [ SQL语句 ] : INSERT INTO `message` (`u_id`,`username`,`face_url`,`m_content`,`likes`,`send_time`) VALUES ('1',NULL,'xxx.jpg','123124','0','2021-11-06 14:24:39')

[ 2021-11-06T14:25:54+08:00 ] ::1 /treehole/index.php/Home/Message/publish_new_message?u_id=1&face_url=1&m_content=123124124214qwewaea&
INFO: [ app_init ] --START--
INFO: Run Behavior\BuildLiteBehavior [ RunTime:0.000020s ]
INFO: [ app_init ] --END-- [ RunTime:0.000255s ]
INFO: [ app_begin ] --START--
INFO: Run Behavior\ReadHtmlCacheBehavior [ RunTime:0.000372s ]
INFO: [ app_begin ] --END-- [ RunTime:0.000439s ]
SQL: SHOW COLUMNS FROM `message` [ RunTime:0.0024s ]
SQL: SHOW COLUMNS FROM `user` [ RunTime:0.0012s ]
SQL: SELECT * FROM `user` WHERE `u_id` = 1 LIMIT 1   [ RunTime:0.0003s ]
SQL: INSERT INTO `message` (`u_id`,`username`,`face_url`,`m_content`,`likes`,`send_time`) VALUES ('1','硕大的','xxx.jpg','123124','0','2021-11-06 14:25:54') [ RunTime:0.0008s ]

[ 2021-11-06T14:28:34+08:00 ] ::1 /treehole/index.php/Home/Message/publish_new_message?u_id=1&face_url=1&m_content=123124124214qwewaea&
INFO: [ app_init ] --START--
INFO: Run Behavior\BuildLiteBehavior [ RunTime:0.000017s ]
INFO: [ app_init ] --END-- [ RunTime:0.000240s ]
INFO: [ app_begin ] --START--
INFO: Run Behavior\ReadHtmlCacheBehavior [ RunTime:0.000954s ]
INFO: [ app_begin ] --END-- [ RunTime:0.001089s ]
SQL: SHOW COLUMNS FROM `message` [ RunTime:0.0017s ]
SQL: SHOW COLUMNS FROM `user` [ RunTime:0.0011s ]
SQL: SELECT * FROM `user` WHERE `u_id` = 1 LIMIT 1   [ RunTime:0.0008s ]
SQL: INSERT INTO `message` (`u_id`,`username`,`face_url`,`m_content`,`likes`,`send_time`) VALUES ('1','硕大的','xxx.jpg','123124','0','2021-11-06 14:28:34') [ RunTime:0.0007s ]

[ 2021-11-06T15:03:20+08:00 ] 127.0.0.1 /treehole/index.php/Home/Test/test
INFO: [ app_init ] --START--
INFO: Run Behavior\BuildLiteBehavior [ RunTime:0.000016s ]
INFO: [ app_init ] --END-- [ RunTime:0.000214s ]
INFO: [ app_begin ] --START--
INFO: Run Behavior\ReadHtmlCacheBehavior [ RunTime:0.001771s ]
INFO: [ app_begin ] --END-- [ RunTime:0.002036s ]
INFO: [ app_end ] --START--
INFO: Run Behavior\ShowPageTraceBehavior [ RunTime:0.001459s ]
INFO: [ app_end ] --END-- [ RunTime:0.001673s ]

[ 2021-11-06T15:08:25+08:00 ] 127.0.0.1 /treehole/index.php/Home/User/sign?username=%E5%85%8B%E6%8B%89%E5%85%8B&phone=13411945035&password=12345678&password_again=12345678
INFO: [ app_init ] --START--
INFO: Run Behavior\BuildLiteBehavior [ RunTime:0.000043s ]
INFO: [ app_init ] --END-- [ RunTime:0.000548s ]
INFO: [ app_begin ] --START--
INFO: Run Behavior\ReadHtmlCacheBehavior [ RunTime:0.000927s ]
INFO: [ app_begin ] --END-- [ RunTime:0.001079s ]
NOTIC: [8] Undefined index: username E:\wamp64\www\treehole\Application\Home\Controller\UserController.class.php 第 12 行.

[ 2021-11-06T15:08:31+08:00 ] 127.0.0.1 /treehole/index.php/Home/User/sign?username=%E5%85%8B%E6%8B%89%E5%85%8B&phone=13411945035&password=12345678&password_again=12345678
INFO: [ app_init ] --START--
INFO: Run Behavior\BuildLiteBehavior [ RunTime:0.000015s ]
INFO: [ app_init ] --END-- [ RunTime:0.000137s ]
INFO: [ app_begin ] --START--
INFO: Run Behavior\ReadHtmlCacheBehavior [ RunTime:0.000175s ]
INFO: [ app_begin ] --END-- [ RunTime:0.000229s ]
NOTIC: [8] Undefined index: username E:\wamp64\www\treehole\Application\Home\Controller\UserController.class.php 第 12 行.

[ 2021-11-06T15:08:33+08:00 ] 127.0.0.1 /treehole/index.php/Home/User/sign?username=%E5%85%8B%E6%8B%89%E5%85%8B&phone=13411945035&password=12345678&password_again=12345678
INFO: [ app_init ] --START--
INFO: Run Behavior\BuildLiteBehavior [ RunTime:0.000042s ]
INFO: [ app_init ] --END-- [ RunTime:0.000257s ]
INFO: [ app_begin ] --START--
INFO: Run Behavior\ReadHtmlCacheBehavior [ RunTime:0.000445s ]
INFO: [ app_begin ] --END-- [ RunTime:0.000620s ]
NOTIC: [8] Undefined index: username E:\wamp64\www\treehole\Application\Home\Controller\UserController.class.php 第 12 行.

[ 2021-11-06T15:08:33+08:00 ] 127.0.0.1 /treehole/index.php/Home/User/sign?username=%E5%85%8B%E6%8B%89%E5%85%8B&phone=13411945035&password=12345678&password_again=12345678
INFO: [ app_init ] --START--
INFO: Run Behavior\BuildLiteBehavior [ RunTime:0.000042s ]
INFO: [ app_init ] --END-- [ RunTime:0.000267s ]
INFO: [ app_begin ] --START--
INFO: Run Behavior\ReadHtmlCacheBehavior [ RunTime:0.000435s ]
INFO: [ app_begin ] --END-- [ RunTime:0.000615s ]
NOTIC: [8] Undefined index: username E:\wamp64\www\treehole\Application\Home\Controller\UserController.class.php 第 12 行.

[ 2021-11-06T15:09:15+08:00 ] 127.0.0.1 /treehole/index.php/Home/Test/test
INFO: [ app_init ] --START--
INFO: Run Behavior\BuildLiteBehavior [ RunTime:0.000045s ]
INFO: [ app_init ] --END-- [ RunTime:0.000457s ]
INFO: [ app_begin ] --START--
INFO: Run Behavior\ReadHtmlCacheBehavior [ RunTime:0.000625s ]
INFO: [ app_begin ] --END-- [ RunTime:0.000803s ]
INFO: [ app_end ] --START--
INFO: Run Behavior\ShowPageTraceBehavior [ RunTime:0.000936s ]
INFO: [ app_end ] --END-- [ RunTime:0.001119s ]

[ 2021-11-06T15:09:28+08:00 ] 127.0.0.1 /treehole/index.php/Home/Test/test1
INFO: [ app_init ] --START--
INFO: Run Behavior\BuildLiteBehavior [ RunTime:0.000016s ]
INFO: [ app_init ] --END-- [ RunTime:0.000271s ]
INFO: [ app_begin ] --START--
INFO: Run Behavior\ReadHtmlCacheBehavior [ RunTime:0.000316s ]
INFO: [ app_begin ] --END-- [ RunTime:0.000372s ]
SQL: SHOW COLUMNS FROM `user` [ RunTime:0.0724s ]
ERR: 1062:Duplicate entry '1' for key 'PRIMARY'
 [ SQL语句 ] : INSERT INTO `user` (`u_id`,`username`,`phone`,`password`,`face_url`) VALUES ('1','大大','13411945033','123456','xxx.jpg')
ERR: 1062:Duplicate entry '1' for key 'PRIMARY'
 [ SQL语句 ] : INSERT INTO `user` (`u_id`,`username`,`phone`,`password`,`face_url`) VALUES ('1','大大','13411945033','123456','xxx.jpg')

[ 2021-11-06T15:09:32+08:00 ] 127.0.0.1 /treehole/index.php/Home/Test/test2
INFO: [ app_init ] --START--
INFO: Run Behavior\BuildLiteBehavior [ RunTime:0.000047s ]
INFO: [ app_init ] --END-- [ RunTime:0.000460s ]
INFO: [ app_begin ] --START--
INFO: Run Behavior\ReadHtmlCacheBehavior [ RunTime:0.000659s ]
INFO: [ app_begin ] --END-- [ RunTime:0.000857s ]
SQL: SHOW COLUMNS FROM `user` [ RunTime:0.0067s ]
SQL: SELECT * FROM `user` WHERE `u_id` = 1  [ RunTime:0.0015s ]
INFO: [ app_end ] --START--
INFO: Run Behavior\ShowPageTraceBehavior [ RunTime:0.001146s ]
INFO: [ app_end ] --END-- [ RunTime:0.001361s ]

[ 2021-11-06T15:09:38+08:00 ] 127.0.0.1 /treehole/index.php/Home/Test/test3
INFO: [ app_init ] --START--
INFO: Run Behavior\BuildLiteBehavior [ RunTime:0.000017s ]
INFO: [ app_init ] --END-- [ RunTime:0.000192s ]
INFO: [ app_begin ] --START--
INFO: Run Behavior\ReadHtmlCacheBehavior [ RunTime:0.000188s ]
INFO: [ app_begin ] --END-- [ RunTime:0.000246s ]
SQL: SHOW COLUMNS FROM `user` [ RunTime:0.0017s ]
SQL: UPDATE `user` SET `username`='硕大的' WHERE `u_id` = 1 [ RunTime:0.0011s ]
INFO: [ app_end ] --START--
INFO: Run Behavior\ShowPageTraceBehavior [ RunTime:0.000233s ]
INFO: [ app_end ] --END-- [ RunTime:0.000286s ]

[ 2021-11-06T15:10:42+08:00 ] 127.0.0.1 /treehole/index.php/Home/User/sign
INFO: [ app_init ] --START--
INFO: Run Behavior\BuildLiteBehavior [ RunTime:0.000047s ]
INFO: [ app_init ] --END-- [ RunTime:0.000457s ]
INFO: [ app_begin ] --START--
INFO: Run Behavior\ReadHtmlCacheBehavior [ RunTime:0.000602s ]
INFO: [ app_begin ] --END-- [ RunTime:0.000780s ]
NOTIC: [8] Undefined index: username E:\wamp64\www\treehole\Application\Home\Controller\UserController.class.php 第 12 行.

[ 2021-11-06T15:14:37+08:00 ] 127.0.0.1 /treehole/index.php/Home/User/sign?username=%E5%85%8B%E6%8B%89%E5%85%8B&phone=13411945035&password=12345678&password_again=12345678
INFO: [ app_init ] --START--
INFO: Run Behavior\BuildLiteBehavior [ RunTime:0.000050s ]
INFO: [ app_init ] --END-- [ RunTime:0.000609s ]
INFO: [ app_begin ] --START--
INFO: Run Behavior\ReadHtmlCacheBehavior [ RunTime:0.000998s ]
INFO: [ app_begin ] --END-- [ RunTime:0.001179s ]
NOTIC: [8] Undefined index: username E:\wamp64\www\treehole\Application\Home\Controller\UserController.class.php 第 12 行.

[ 2021-11-06T15:14:57+08:00 ] 127.0.0.1 /treehole/index.php/Home/User/sign?username=1&phone=13411945035&password=88447258&password_again=88447258
INFO: [ app_init ] --START--
INFO: Run Behavior\BuildLiteBehavior [ RunTime:0.000028s ]
INFO: [ app_init ] --END-- [ RunTime:0.000236s ]
INFO: [ app_begin ] --START--
INFO: Run Behavior\ReadHtmlCacheBehavior [ RunTime:0.000325s ]
INFO: [ app_begin ] --END-- [ RunTime:0.000421s ]
NOTIC: [8] Undefined index: username E:\wamp64\www\treehole\Application\Home\Controller\UserController.class.php 第 12 行.

[ 2021-11-06T15:15:01+08:00 ] 127.0.0.1 /treehole/index.php/Home/User/sign?username=1&phone=13411945035&password=88447258&password_again=88447258
INFO: [ app_init ] --START--
INFO: Run Behavior\BuildLiteBehavior [ RunTime:0.000059s ]
INFO: [ app_init ] --END-- [ RunTime:0.000565s ]
INFO: [ app_begin ] --START--
INFO: Run Behavior\ReadHtmlCacheBehavior [ RunTime:0.000647s ]
INFO: [ app_begin ] --END-- [ RunTime:0.000845s ]
NOTIC: [8] Undefined index: username E:\wamp64\www\treehole\Application\Home\Controller\UserController.class.php 第 12 行.

[ 2021-11-06T15:15:38+08:00 ] 127.0.0.1 /treehole/index.php/Home/User/sign?username=1&phone=13411945035&password=88447258&password_again=88447258
INFO: [ app_init ] --START--
INFO: Run Behavior\BuildLiteBehavior [ RunTime:0.000049s ]
INFO: [ app_init ] --END-- [ RunTime:0.000664s ]
INFO: [ app_begin ] --START--
INFO: Run Behavior\ReadHtmlCacheBehavior [ RunTime:0.001133s ]
INFO: [ app_begin ] --END-- [ RunTime:0.001349s ]
NOTIC: [8] Undefined index: username E:\wamp64\www\treehole\Application\Home\Controller\UserController.class.php 第 12 行.

[ 2021-11-06T15:15:38+08:00 ] 127.0.0.1 /treehole/index.php/Home/User/sign?username=1&phone=13411945035&password=88447258&password_again=88447258
INFO: [ app_init ] --START--
INFO: Run Behavior\BuildLiteBehavior [ RunTime:0.000015s ]
INFO: [ app_init ] --END-- [ RunTime:0.000091s ]
INFO: [ app_begin ] --START--
INFO: Run Behavior\ReadHtmlCacheBehavior [ RunTime:0.000130s ]
INFO: [ app_begin ] --END-- [ RunTime:0.000189s ]
NOTIC: [8] Undefined index: username E:\wamp64\www\treehole\Application\Home\Controller\UserController.class.php 第 12 行.

[ 2021-11-06T15:15:39+08:00 ] 127.0.0.1 /treehole/index.php/Home/User/sign?username=1&phone=13411945035&password=88447258&password_again=88447258
INFO: [ app_init ] --START--
INFO: Run Behavior\BuildLiteBehavior [ RunTime:0.000015s ]
INFO: [ app_init ] --END-- [ RunTime:0.000090s ]
INFO: [ app_begin ] --START--
INFO: Run Behavior\ReadHtmlCacheBehavior [ RunTime:0.000132s ]
INFO: [ app_begin ] --END-- [ RunTime:0.000201s ]
NOTIC: [8] Undefined index: username E:\wamp64\www\treehole\Application\Home\Controller\UserController.class.php 第 12 行.

[ 2021-11-06T15:15:39+08:00 ] 127.0.0.1 /treehole/index.php/Home/User/sign?username=1&phone=13411945035&password=88447258&password_again=88447258
INFO: [ app_init ] --START--
INFO: Run Behavior\BuildLiteBehavior [ RunTime:0.000016s ]
INFO: [ app_init ] --END-- [ RunTime:0.000092s ]
INFO: [ app_begin ] --START--
INFO: Run Behavior\ReadHtmlCacheBehavior [ RunTime:0.000127s ]
INFO: [ app_begin ] --END-- [ RunTime:0.000186s ]
NOTIC: [8] Undefined index: username E:\wamp64\www\treehole\Application\Home\Controller\UserController.class.php 第 12 行.

[ 2021-11-06T15:15:39+08:00 ] 127.0.0.1 /treehole/index.php/Home/User/sign?username=1&phone=13411945035&password=88447258&password_again=88447258
INFO: [ app_init ] --START--
INFO: Run Behavior\BuildLiteBehavior [ RunTime:0.000014s ]
INFO: [ app_init ] --END-- [ RunTime:0.000091s ]
INFO: [ app_begin ] --START--
INFO: Run Behavior\ReadHtmlCacheBehavior [ RunTime:0.000126s ]
INFO: [ app_begin ] --END-- [ RunTime:0.000186s ]
NOTIC: [8] Undefined index: username E:\wamp64\www\treehole\Application\Home\Controller\UserController.class.php 第 12 行.

[ 2021-11-06T15:15:39+08:00 ] 127.0.0.1 /treehole/index.php/Home/User/sign?username=1&phone=13411945035&password=88447258&password_again=88447258
INFO: [ app_init ] --START--
INFO: Run Behavior\BuildLiteBehavior [ RunTime:0.000015s ]
INFO: [ app_init ] --END-- [ RunTime:0.000089s ]
INFO: [ app_begin ] --START--
INFO: Run Behavior\ReadHtmlCacheBehavior [ RunTime:0.000129s ]
INFO: [ app_begin ] --END-- [ RunTime:0.000189s ]
NOTIC: [8] Undefined index: username E:\wamp64\www\treehole\Application\Home\Controller\UserController.class.php 第 12 行.

[ 2021-11-06T15:15:39+08:00 ] 127.0.0.1 /treehole/index.php/Home/User/sign?username=1&phone=13411945035&password=88447258&password_again=88447258
INFO: [ app_init ] --START--
INFO: Run Behavior\BuildLiteBehavior [ RunTime:0.000015s ]
INFO: [ app_init ] --END-- [ RunTime:0.000089s ]
INFO: [ app_begin ] --START--
INFO: Run Behavior\ReadHtmlCacheBehavior [ RunTime:0.000130s ]
INFO: [ app_begin ] --END-- [ RunTime:0.000189s ]
NOTIC: [8] Undefined index: username E:\wamp64\www\treehole\Application\Home\Controller\UserController.class.php 第 12 行.

[ 2021-11-06T15:15:39+08:00 ] 127.0.0.1 /treehole/index.php/Home/User/sign?username=1&phone=13411945035&password=88447258&password_again=88447258
INFO: [ app_init ] --START--
INFO: Run Behavior\BuildLiteBehavior [ RunTime:0.000014s ]
INFO: [ app_init ] --END-- [ RunTime:0.000089s ]
INFO: [ app_begin ] --START--
INFO: Run Behavior\ReadHtmlCacheBehavior [ RunTime:0.000131s ]
INFO: [ app_begin ] --END-- [ RunTime:0.000192s ]
NOTIC: [8] Undefined index: username E:\wamp64\www\treehole\Application\Home\Controller\UserController.class.php 第 12 行.

[ 2021-11-06T15:16:17+08:00 ] 127.0.0.1 /treehole/index.php/Home/User/sign?username=1&phone=13411945035&password=88447258&password_again=88447258
INFO: [ app_init ] --START--
INFO: Run Behavior\BuildLiteBehavior [ RunTime:0.000044s ]
INFO: [ app_init ] --END-- [ RunTime:0.000439s ]
INFO: [ app_begin ] --START--
INFO: Run Behavior\ReadHtmlCacheBehavior [ RunTime:0.000591s ]
INFO: [ app_begin ] --END-- [ RunTime:0.000769s ]
NOTIC: [8] Undefined index: username E:\wamp64\www\treehole\Application\Home\Controller\UserController.class.php 第 12 行.

[ 2021-11-06T15:19:55+08:00 ] ::1 /treehole/index.php/Home/Test/test2
INFO: [ app_init ] --START--
INFO: Run Behavior\BuildLiteBehavior [ RunTime:0.000036s ]
INFO: [ app_init ] --END-- [ RunTime:0.000451s ]
INFO: [ app_begin ] --START--
INFO: Run Behavior\ReadHtmlCacheBehavior [ RunTime:0.000741s ]
INFO: [ app_begin ] --END-- [ RunTime:0.000865s ]
SQL: SHOW COLUMNS FROM `user` [ RunTime:0.0029s ]
SQL: SELECT * FROM `user` WHERE `u_id` = 1  [ RunTime:0.0010s ]
INFO: [ app_end ] --START--
INFO: Run Behavior\ShowPageTraceBehavior [ RunTime:0.000471s ]
INFO: [ app_end ] --END-- [ RunTime:0.000540s ]

[ 2021-11-06T15:20:49+08:00 ] ::1 /treehole/index.php/Home/User/sign?username=1&phone=13411945035&password=88888888&password_again=88888888
INFO: [ app_init ] --START--
INFO: Run Behavior\BuildLiteBehavior [ RunTime:0.000015s ]
INFO: [ app_init ] --END-- [ RunTime:0.000200s ]
INFO: [ app_begin ] --START--
INFO: Run Behavior\ReadHtmlCacheBehavior [ RunTime:0.000340s ]
INFO: [ app_begin ] --END-- [ RunTime:0.000397s ]
NOTIC: [8] Undefined index: username E:\wamp64\www\treehole\Application\Home\Controller\UserController.class.php 第 12 行.

