[ 2021-12-24T15:45:55+08:00 ] ::1 /treehole/index.php/Home/User/login
INFO: [ app_init ] --START--
INFO: Run Behavior\BuildLiteBehavior [ RunTime:0.000195s ]
INFO: [ app_init ] --END-- [ RunTime:0.003376s ]
INFO: [ app_begin ] --START--
INFO: Run Behavior\ReadHtmlCacheBehavior [ RunTime:0.003312s ]
INFO: [ app_begin ] --END-- [ RunTime:0.003457s ]
SQL: SHOW COLUMNS FROM `user` [ RunTime:0.1867s ]
SQL: SELECT * FROM `user` WHERE `phone` = '13411945045' LIMIT 1   [ RunTime:0.0786s ]

[ 2021-12-24T15:45:55+08:00 ] ::1 /treehole/index.php/Home/Message/get_one_user_all_messages
INFO: [ app_init ] --START--
INFO: Run Behavior\BuildLiteBehavior [ RunTime:0.000017s ]
INFO: [ app_init ] --END-- [ RunTime:0.000098s ]
INFO: [ app_begin ] --START--
INFO: Run Behavior\ReadHtmlCacheBehavior [ RunTime:0.000171s ]
INFO: [ app_begin ] --END-- [ RunTime:0.000235s ]
SQL: SHOW COLUMNS FROM `message` [ RunTime:0.0178s ]
SQL: SELECT * FROM `message` WHERE `u_id` = 7 ORDER BY m_id desc  [ RunTime:0.0405s ]

[ 2021-12-24T15:46:26+08:00 ] ::1 /treehole/index.php/Home/User/changUsername
INFO: [ app_init ] --START--
INFO: Run Behavior\BuildLiteBehavior [ RunTime:0.000017s ]
INFO: [ app_init ] --END-- [ RunTime:0.000151s ]
INFO: [ app_begin ] --START--
INFO: Run Behavior\ReadHtmlCacheBehavior [ RunTime:0.000188s ]
INFO: [ app_begin ] --END-- [ RunTime:0.000252s ]
SQL: SHOW COLUMNS FROM `user` [ RunTime:0.0023s ]
SQL: SHOW COLUMNS FROM `message` [ RunTime:0.0011s ]
SQL: SHOW COLUMNS FROM `comment` [ RunTime:0.0024s ]
SQL: SELECT * FROM `user` WHERE `u_id` = 7 LIMIT 1   [ RunTime:0.0041s ]
SQL: SELECT * FROM `message` WHERE `u_id` = 7 LIMIT 1   [ RunTime:0.0009s ]
SQL: SELECT * FROM `user` WHERE `username` = '小猪佩奇123' LIMIT 1   [ RunTime:0.0257s ]
SQL: UPDATE `user` SET `username`='小猪佩奇123' WHERE `u_id` = 7 [ RunTime:0.0187s ]
SQL: UPDATE `message` SET `username`='小猪佩奇123' WHERE `u_id` = 7 [ RunTime:0.0006s ]
SQL: UPDATE `comment` SET `username`='小猪佩奇123' WHERE `u_id` = 7 [ RunTime:0.0178s ]

[ 2021-12-24T15:46:27+08:00 ] ::1 /treehole/index.php/Home/Message/get_one_user_all_messages
INFO: [ app_init ] --START--
INFO: Run Behavior\BuildLiteBehavior [ RunTime:0.000019s ]
INFO: [ app_init ] --END-- [ RunTime:0.000134s ]
INFO: [ app_begin ] --START--
INFO: Run Behavior\ReadHtmlCacheBehavior [ RunTime:0.000152s ]
INFO: [ app_begin ] --END-- [ RunTime:0.000219s ]
SQL: SHOW COLUMNS FROM `message` [ RunTime:0.0022s ]
SQL: SELECT * FROM `message` WHERE `u_id` = 7 ORDER BY m_id desc  [ RunTime:0.0010s ]

[ 2021-12-24T15:46:33+08:00 ] ::1 /treehole/index.php/Home/User/changeFace_url
INFO: [ app_init ] --START--
INFO: Run Behavior\BuildLiteBehavior [ RunTime:0.000018s ]
INFO: [ app_init ] --END-- [ RunTime:0.000160s ]
INFO: [ app_begin ] --START--
INFO: Run Behavior\ReadHtmlCacheBehavior [ RunTime:0.000324s ]
INFO: [ app_begin ] --END-- [ RunTime:0.000396s ]
SQL: SHOW COLUMNS FROM `user` [ RunTime:0.0027s ]
SQL: SHOW COLUMNS FROM `message` [ RunTime:0.0014s ]
SQL: SHOW COLUMNS FROM `comment` [ RunTime:0.0017s ]
SQL: SELECT * FROM `user` WHERE `u_id` = 7 LIMIT 1   [ RunTime:0.0010s ]
SQL: UPDATE `user` SET `face_url`='http://tmp/WuFTJeieTsZE4cff7eadb800a14a28fb99283e7209a9.jpeg' WHERE `u_id` = 7 [ RunTime:0.0006s ]
SQL: UPDATE `message` SET `face_url`='http://tmp/WuFTJeieTsZE4cff7eadb800a14a28fb99283e7209a9.jpeg' WHERE `u_id` = 7 [ RunTime:0.0014s ]
SQL: UPDATE `comment` SET `face_url`='http://tmp/WuFTJeieTsZE4cff7eadb800a14a28fb99283e7209a9.jpeg' WHERE `u_id` = 7 [ RunTime:0.0010s ]

[ 2021-12-24T15:46:33+08:00 ] ::1 /treehole/index.php/Home/Message/get_one_user_all_messages
INFO: [ app_init ] --START--
INFO: Run Behavior\BuildLiteBehavior [ RunTime:0.000019s ]
INFO: [ app_init ] --END-- [ RunTime:0.000124s ]
INFO: [ app_begin ] --START--
INFO: Run Behavior\ReadHtmlCacheBehavior [ RunTime:0.000160s ]
INFO: [ app_begin ] --END-- [ RunTime:0.000227s ]
SQL: SHOW COLUMNS FROM `message` [ RunTime:0.0024s ]
SQL: SELECT * FROM `message` WHERE `u_id` = 7 ORDER BY m_id desc  [ RunTime:0.0010s ]

[ 2021-12-24T15:46:41+08:00 ] ::1 /treehole/index.php/Home/Message/get_all_messages
INFO: [ app_init ] --START--
INFO: Run Behavior\BuildLiteBehavior [ RunTime:0.000018s ]
INFO: [ app_init ] --END-- [ RunTime:0.000161s ]
INFO: [ app_begin ] --START--
INFO: Run Behavior\ReadHtmlCacheBehavior [ RunTime:0.000215s ]
INFO: [ app_begin ] --END-- [ RunTime:0.000281s ]
SQL: SHOW COLUMNS FROM `message` [ RunTime:0.0022s ]
SQL: SELECT * FROM `message` ORDER BY m_id desc  [ RunTime:0.0013s ]

[ 2021-12-24T15:46:41+08:00 ] ::1 /treehole/index.php/Home/Comment/get_all_comments
INFO: [ app_init ] --START--
INFO: Run Behavior\BuildLiteBehavior [ RunTime:0.000051s ]
INFO: [ app_init ] --END-- [ RunTime:0.000269s ]
INFO: [ app_begin ] --START--
INFO: Run Behavior\ReadHtmlCacheBehavior [ RunTime:0.000326s ]
INFO: [ app_begin ] --END-- [ RunTime:0.000402s ]
SQL: SHOW COLUMNS FROM `comment` [ RunTime:0.0031s ]
SQL: SELECT * FROM `comment` ORDER BY c_id  [ RunTime:0.0010s ]

[ 2021-12-24T15:46:57+08:00 ] ::1 /treehole/index.php/Home/Message/publish_new_message
INFO: [ app_init ] --START--
INFO: Run Behavior\BuildLiteBehavior [ RunTime:0.000024s ]
INFO: [ app_init ] --END-- [ RunTime:0.000290s ]
INFO: [ app_begin ] --START--
INFO: Run Behavior\ReadHtmlCacheBehavior [ RunTime:0.000241s ]
INFO: [ app_begin ] --END-- [ RunTime:0.000325s ]
SQL: SHOW COLUMNS FROM `message` [ RunTime:0.0020s ]
SQL: SHOW COLUMNS FROM `user` [ RunTime:0.0011s ]
SQL: SELECT * FROM `user` WHERE `u_id` = 7 LIMIT 1   [ RunTime:0.0008s ]
SQL: INSERT INTO `message` (`u_id`,`username`,`face_url`,`m_content`,`send_time`) VALUES ('7','小猪佩奇123','http://tmp/WuFTJeieTsZE4cff7eadb800a14a28fb99283e7209a9.jpeg','小猪佩奇牛逼','2021-12-24 15:46:57') [ RunTime:0.0498s ]

[ 2021-12-24T15:46:58+08:00 ] ::1 /treehole/index.php/Home/Message/get_all_messages
INFO: [ app_init ] --START--
INFO: Run Behavior\BuildLiteBehavior [ RunTime:0.000071s ]
INFO: [ app_init ] --END-- [ RunTime:0.000207s ]
INFO: [ app_begin ] --START--
INFO: Run Behavior\ReadHtmlCacheBehavior [ RunTime:0.000157s ]
INFO: [ app_begin ] --END-- [ RunTime:0.000222s ]
SQL: SHOW COLUMNS FROM `message` [ RunTime:0.0017s ]
SQL: SELECT * FROM `message` ORDER BY m_id desc  [ RunTime:0.0011s ]

[ 2021-12-24T15:46:58+08:00 ] ::1 /treehole/index.php/Home/Comment/get_all_comments
INFO: [ app_init ] --START--
INFO: Run Behavior\BuildLiteBehavior [ RunTime:0.000045s ]
INFO: [ app_init ] --END-- [ RunTime:0.000255s ]
INFO: [ app_begin ] --START--
INFO: Run Behavior\ReadHtmlCacheBehavior [ RunTime:0.000173s ]
INFO: [ app_begin ] --END-- [ RunTime:0.000252s ]
SQL: SHOW COLUMNS FROM `comment` [ RunTime:0.0022s ]
SQL: SELECT * FROM `comment` ORDER BY c_id  [ RunTime:0.0014s ]

[ 2021-12-24T15:51:43+08:00 ] ::1 /treehole/index.php/Home/Comment/new_comment
INFO: [ app_init ] --START--
INFO: Run Behavior\BuildLiteBehavior [ RunTime:0.000025s ]
INFO: [ app_init ] --END-- [ RunTime:0.000261s ]
INFO: [ app_begin ] --START--
INFO: Run Behavior\ReadHtmlCacheBehavior [ RunTime:0.000404s ]
INFO: [ app_begin ] --END-- [ RunTime:0.000483s ]
SQL: SHOW COLUMNS FROM `user` [ RunTime:0.0022s ]
SQL: SHOW COLUMNS FROM `comment` [ RunTime:0.0010s ]
SQL: SELECT * FROM `user` WHERE `u_id` = 7 LIMIT 1   [ RunTime:0.0008s ]
SQL: INSERT INTO `comment` (`m_id`,`u_id`,`username`,`face_url`,`c_content`,`audit_time`) VALUES ('74','7','小猪佩奇123','http://tmp/WuFTJeieTsZE4cff7eadb800a14a28fb99283e7209a9.jpeg','666','2021-12-24 15:51:43') [ RunTime:0.0007s ]

[ 2021-12-24T15:51:45+08:00 ] ::1 /treehole/index.php/Home/Comment/get_all_comments
INFO: [ app_init ] --START--
INFO: Run Behavior\BuildLiteBehavior [ RunTime:0.000020s ]
INFO: [ app_init ] --END-- [ RunTime:0.000106s ]
INFO: [ app_begin ] --START--
INFO: Run Behavior\ReadHtmlCacheBehavior [ RunTime:0.000150s ]
INFO: [ app_begin ] --END-- [ RunTime:0.000218s ]
SQL: SHOW COLUMNS FROM `comment` [ RunTime:0.0020s ]
SQL: SELECT * FROM `comment` ORDER BY c_id  [ RunTime:0.0011s ]

[ 2021-12-24T15:51:47+08:00 ] ::1 /treehole/index.php/Home/Comment/delete_comment
INFO: [ app_init ] --START--
INFO: Run Behavior\BuildLiteBehavior [ RunTime:0.000021s ]
INFO: [ app_init ] --END-- [ RunTime:0.000163s ]
INFO: [ app_begin ] --START--
INFO: Run Behavior\ReadHtmlCacheBehavior [ RunTime:0.000194s ]
INFO: [ app_begin ] --END-- [ RunTime:0.000263s ]
SQL: SHOW COLUMNS FROM `comment` [ RunTime:0.0063s ]
SQL: SHOW COLUMNS FROM `comment_report` [ RunTime:0.0089s ]
SQL: SELECT * FROM `comment` WHERE `c_id` = 44 LIMIT 1   [ RunTime:0.0023s ]
SQL: DELETE FROM `comment_report` WHERE `c_id` = 44 [ RunTime:0.0306s ]
SQL: DELETE FROM `comment` WHERE `c_id` = 44 [ RunTime:0.0009s ]

[ 2021-12-24T15:51:47+08:00 ] ::1 /treehole/index.php/Home/Comment/get_all_comments
INFO: [ app_init ] --START--
INFO: Run Behavior\BuildLiteBehavior [ RunTime:0.000060s ]
INFO: [ app_init ] --END-- [ RunTime:0.000323s ]
INFO: [ app_begin ] --START--
INFO: Run Behavior\ReadHtmlCacheBehavior [ RunTime:0.000477s ]
INFO: [ app_begin ] --END-- [ RunTime:0.000695s ]
SQL: SHOW COLUMNS FROM `comment` [ RunTime:0.0048s ]
SQL: SELECT * FROM `comment` ORDER BY c_id  [ RunTime:0.0023s ]

[ 2021-12-24T15:52:30+08:00 ] ::1 /treehole/index.php/Home/Comment/new_comment
INFO: [ app_init ] --START--
INFO: Run Behavior\BuildLiteBehavior [ RunTime:0.000017s ]
INFO: [ app_init ] --END-- [ RunTime:0.000153s ]
INFO: [ app_begin ] --START--
INFO: Run Behavior\ReadHtmlCacheBehavior [ RunTime:0.000193s ]
INFO: [ app_begin ] --END-- [ RunTime:0.000256s ]
SQL: SHOW COLUMNS FROM `user` [ RunTime:0.0022s ]
SQL: SHOW COLUMNS FROM `comment` [ RunTime:0.0016s ]
SQL: SELECT * FROM `user` WHERE `u_id` = 7 LIMIT 1   [ RunTime:0.0012s ]
SQL: INSERT INTO `comment` (`m_id`,`u_id`,`username`,`face_url`,`c_content`,`audit_time`) VALUES ('74','7','小猪佩奇123','http://tmp/WuFTJeieTsZE4cff7eadb800a14a28fb99283e7209a9.jpeg','666','2021-12-24 15:52:30') [ RunTime:0.0011s ]

[ 2021-12-24T15:52:30+08:00 ] ::1 /treehole/index.php/Home/Comment/get_all_comments
INFO: [ app_init ] --START--
INFO: Run Behavior\BuildLiteBehavior [ RunTime:0.000019s ]
INFO: [ app_init ] --END-- [ RunTime:0.000110s ]
INFO: [ app_begin ] --START--
INFO: Run Behavior\ReadHtmlCacheBehavior [ RunTime:0.000190s ]
INFO: [ app_begin ] --END-- [ RunTime:0.000300s ]
SQL: SHOW COLUMNS FROM `comment` [ RunTime:0.0014s ]
SQL: SELECT * FROM `comment` ORDER BY c_id  [ RunTime:0.0009s ]

[ 2021-12-24T15:55:21+08:00 ] ::1 /treehole/index.php/Home/Comment/delete_comment
INFO: [ app_init ] --START--
INFO: Run Behavior\BuildLiteBehavior [ RunTime:0.000017s ]
INFO: [ app_init ] --END-- [ RunTime:0.000233s ]
INFO: [ app_begin ] --START--
INFO: Run Behavior\ReadHtmlCacheBehavior [ RunTime:0.000427s ]
INFO: [ app_begin ] --END-- [ RunTime:0.000501s ]
SQL: SHOW COLUMNS FROM `comment` [ RunTime:0.0012s ]
SQL: SHOW COLUMNS FROM `comment_report` [ RunTime:0.0011s ]
SQL: SELECT * FROM `comment` WHERE `c_id` = 45 LIMIT 1   [ RunTime:0.0008s ]
SQL: DELETE FROM `comment_report` WHERE `c_id` = 45 [ RunTime:0.0007s ]
SQL: DELETE FROM `comment` WHERE `c_id` = 45 [ RunTime:0.0003s ]

[ 2021-12-24T15:55:21+08:00 ] ::1 /treehole/index.php/Home/Comment/get_all_comments
INFO: [ app_init ] --START--
INFO: Run Behavior\BuildLiteBehavior [ RunTime:0.000020s ]
INFO: [ app_init ] --END-- [ RunTime:0.000099s ]
INFO: [ app_begin ] --START--
INFO: Run Behavior\ReadHtmlCacheBehavior [ RunTime:0.000157s ]
INFO: [ app_begin ] --END-- [ RunTime:0.000226s ]
SQL: SHOW COLUMNS FROM `comment` [ RunTime:0.0013s ]
SQL: SELECT * FROM `comment` ORDER BY c_id  [ RunTime:0.0003s ]

[ 2021-12-24T16:01:05+08:00 ] ::1 /treehole/index.php/Home/Message_report/new_messages_report
INFO: [ app_init ] --START--
INFO: Run Behavior\BuildLiteBehavior [ RunTime:0.000024s ]
INFO: [ app_init ] --END-- [ RunTime:0.000255s ]
INFO: [ app_begin ] --START--
INFO: Run Behavior\ReadHtmlCacheBehavior [ RunTime:0.000418s ]
INFO: [ app_begin ] --END-- [ RunTime:0.000492s ]
SQL: SHOW COLUMNS FROM `message_report` [ RunTime:0.0035s ]
SQL: SHOW COLUMNS FROM `message` [ RunTime:0.0011s ]
SQL: SHOW COLUMNS FROM `user` [ RunTime:0.0012s ]
SQL: SELECT * FROM `user` LIMIT 1   [ RunTime:0.0010s ]
SQL: SELECT * FROM `user` LIMIT 1   [ RunTime:0.0003s ]
SQL: SELECT * FROM `message` WHERE `m_id` = 72 LIMIT 1   [ RunTime:0.0004s ]
SQL: INSERT INTO `message_report` (`m_id`,`u_id1`,`u_id2`,`mr_content`,`mr_time`) VALUES ('72','7','47','666','2021-12-24 16:01:05') [ RunTime:0.1158s ]

