[ 2021-10-18T22:35:36+08:00 ] ::1 /treehole/index.php/Home/Test/test2
INFO: [ app_init ] --START--
INFO: Run Behavior\BuildLiteBehavior [ RunTime:0.000020s ]
INFO: [ app_init ] --END-- [ RunTime:0.005767s ]
INFO: [ app_begin ] --START--
INFO: Run Behavior\ReadHtmlCacheBehavior [ RunTime:0.000296s ]
INFO: [ app_begin ] --END-- [ RunTime:0.000346s ]
SQL: SHOW COLUMNS FROM `user` [ RunTime:0.1914s ]
SQL: SELECT * FROM `user` WHERE `u_id` = 1  [ RunTime:0.0038s ]
INFO: [ app_end ] --START--
INFO: Run Behavior\ShowPageTraceBehavior [ RunTime:0.000523s ]
INFO: [ app_end ] --END-- [ RunTime:0.000584s ]

[ 2021-10-18T22:52:41+08:00 ] ::1 /treehole/index.php/Home/Test/test2
INFO: [ app_init ] --START--
INFO: Run Behavior\BuildLiteBehavior [ RunTime:0.000015s ]
INFO: [ app_init ] --END-- [ RunTime:0.000313s ]
INFO: [ app_begin ] --START--
INFO: Run Behavior\ReadHtmlCacheBehavior [ RunTime:0.000303s ]
INFO: [ app_begin ] --END-- [ RunTime:0.000355s ]
SQL: SHOW COLUMNS FROM `user` [ RunTime:0.0018s ]
SQL: SELECT * FROM `user` WHERE `u_id` = 1  [ RunTime:0.0003s ]
INFO: [ app_end ] --START--
INFO: Run Behavior\ShowPageTraceBehavior [ RunTime:0.000294s ]
INFO: [ app_end ] --END-- [ RunTime:0.000334s ]

[ 2021-10-18T22:52:47+08:00 ] ::1 /treehole/index.php/Home/Test/test2
INFO: [ app_init ] --START--
INFO: Run Behavior\BuildLiteBehavior [ RunTime:0.000012s ]
INFO: [ app_init ] --END-- [ RunTime:0.000136s ]
INFO: [ app_begin ] --START--
INFO: Run Behavior\ReadHtmlCacheBehavior [ RunTime:0.000220s ]
INFO: [ app_begin ] --END-- [ RunTime:0.000259s ]
SQL: SHOW COLUMNS FROM `user` [ RunTime:0.0011s ]
SQL: SELECT * FROM `user` WHERE `u_id` = 1  [ RunTime:0.0003s ]
INFO: [ app_end ] --START--
INFO: Run Behavior\ShowPageTraceBehavior [ RunTime:0.000319s ]
INFO: [ app_end ] --END-- [ RunTime:0.000362s ]

[ 2021-10-18T22:54:06+08:00 ] ::1 /treehole/index.php/Home/User/sign
INFO: [ app_init ] --START--
INFO: Run Behavior\BuildLiteBehavior [ RunTime:0.000012s ]
INFO: [ app_init ] --END-- [ RunTime:0.000099s ]
INFO: [ app_begin ] --START--
INFO: Run Behavior\ReadHtmlCacheBehavior [ RunTime:0.000124s ]
INFO: [ app_begin ] --END-- [ RunTime:0.000163s ]
NOTIC: [8] Undefined index: username E:\wamp64\www\treehole\Application\Home\Controller\UserController.class.php 第 13 行.

[ 2021-10-18T22:55:29+08:00 ] ::1 /treehole/index.php/Home/User/sign?user=1&phone=13411945031&password=123456&password_again=123456
INFO: [ app_init ] --START--
INFO: Run Behavior\BuildLiteBehavior [ RunTime:0.000011s ]
INFO: [ app_init ] --END-- [ RunTime:0.000133s ]
INFO: [ app_begin ] --START--
INFO: Run Behavior\ReadHtmlCacheBehavior [ RunTime:0.000210s ]
INFO: [ app_begin ] --END-- [ RunTime:0.000251s ]
NOTIC: [8] Undefined index: username E:\wamp64\www\treehole\Application\Home\Controller\UserController.class.php 第 13 行.

[ 2021-10-18T22:55:37+08:00 ] ::1 /treehole/index.php/Home/User/sign?user=11111&phone=13411945031&password=123456&password_again=123456
INFO: [ app_init ] --START--
INFO: Run Behavior\BuildLiteBehavior [ RunTime:0.000013s ]
INFO: [ app_init ] --END-- [ RunTime:0.000153s ]
INFO: [ app_begin ] --START--
INFO: Run Behavior\ReadHtmlCacheBehavior [ RunTime:0.000206s ]
INFO: [ app_begin ] --END-- [ RunTime:0.000246s ]
NOTIC: [8] Undefined index: username E:\wamp64\www\treehole\Application\Home\Controller\UserController.class.php 第 13 行.

[ 2021-10-18T22:56:02+08:00 ] ::1 /treehole/index.php/Home/User/sign?username=11111&phone=13411945031&password=123456&password_again=123456
INFO: [ app_init ] --START--
INFO: Run Behavior\BuildLiteBehavior [ RunTime:0.000010s ]
INFO: [ app_init ] --END-- [ RunTime:0.000097s ]
INFO: [ app_begin ] --START--
INFO: Run Behavior\ReadHtmlCacheBehavior [ RunTime:0.000121s ]
INFO: [ app_begin ] --END-- [ RunTime:0.000160s ]
NOTIC: [8] Undefined index: username E:\wamp64\www\treehole\Application\Home\Controller\UserController.class.php 第 13 行.

[ 2021-10-18T22:56:14+08:00 ] ::1 /treehole/index.php/Home/User/sign?username=%E5%BC%A0%E4%B8%80&phone=13411945031&password=123456&password_again=123456
INFO: [ app_init ] --START--
INFO: Run Behavior\BuildLiteBehavior [ RunTime:0.000011s ]
INFO: [ app_init ] --END-- [ RunTime:0.000094s ]
INFO: [ app_begin ] --START--
INFO: Run Behavior\ReadHtmlCacheBehavior [ RunTime:0.000116s ]
INFO: [ app_begin ] --END-- [ RunTime:0.000155s ]
NOTIC: [8] Undefined index: username E:\wamp64\www\treehole\Application\Home\Controller\UserController.class.php 第 13 行.

[ 2021-10-18T22:56:50+08:00 ] ::1 /treehole/index.php/Home/Test/test2
INFO: [ app_init ] --START--
INFO: Run Behavior\BuildLiteBehavior [ RunTime:0.000011s ]
INFO: [ app_init ] --END-- [ RunTime:0.000096s ]
INFO: [ app_begin ] --START--
INFO: Run Behavior\ReadHtmlCacheBehavior [ RunTime:0.000113s ]
INFO: [ app_begin ] --END-- [ RunTime:0.000152s ]
SQL: SHOW COLUMNS FROM `user` [ RunTime:0.0011s ]
SQL: SELECT * FROM `user` WHERE `u_id` = 1  [ RunTime:0.0003s ]
INFO: [ app_end ] --START--
INFO: Run Behavior\ShowPageTraceBehavior [ RunTime:0.000279s ]
INFO: [ app_end ] --END-- [ RunTime:0.000318s ]

[ 2021-10-18T22:57:38+08:00 ] ::1 /treehole/index.php/Home/User/sign?username=%E5%BC%A0%E4%B8%80&phone=13411945031&password=123456&password_again=123456
INFO: [ app_init ] --START--
INFO: Run Behavior\BuildLiteBehavior [ RunTime:0.000011s ]
INFO: [ app_init ] --END-- [ RunTime:0.000130s ]
INFO: [ app_begin ] --START--
INFO: Run Behavior\ReadHtmlCacheBehavior [ RunTime:0.000216s ]
INFO: [ app_begin ] --END-- [ RunTime:0.000283s ]
NOTIC: [8] Undefined index: username E:\wamp64\www\treehole\Application\Home\Controller\UserController.class.php 第 13 行.

[ 2021-10-18T22:57:54+08:00 ] ::1 /treehole/index.php/Home/User/sign?username=%E5%BC%A0%E4%B8%80&phone=13411945031&password=123456&password_again=123456
INFO: [ app_init ] --START--
INFO: Run Behavior\BuildLiteBehavior [ RunTime:0.000019s ]
INFO: [ app_init ] --END-- [ RunTime:0.000119s ]
INFO: [ app_begin ] --START--
INFO: Run Behavior\ReadHtmlCacheBehavior [ RunTime:0.000117s ]
INFO: [ app_begin ] --END-- [ RunTime:0.000157s ]
NOTIC: [8] Undefined index: username E:\wamp64\www\treehole\Application\Home\Controller\UserController.class.php 第 13 行.

[ 2021-10-18T22:58:44+08:00 ] ::1 /treehole/index.php/Home/User/sign?=&phone=13411945031&password=123456&password_again=123456
INFO: [ app_init ] --START--
INFO: Run Behavior\BuildLiteBehavior [ RunTime:0.000011s ]
INFO: [ app_init ] --END-- [ RunTime:0.000101s ]
INFO: [ app_begin ] --START--
INFO: Run Behavior\ReadHtmlCacheBehavior [ RunTime:0.000121s ]
INFO: [ app_begin ] --END-- [ RunTime:0.000161s ]
NOTIC: [8] Undefined index: phone E:\wamp64\www\treehole\Application\Home\Controller\UserController.class.php 第 21 行.

[ 2021-10-18T22:59:01+08:00 ] ::1 /treehole/index.php/Home/User/sign?username=zhang&phone=13411945031&password=123456&password_again=123456
INFO: [ app_init ] --START--
INFO: Run Behavior\BuildLiteBehavior [ RunTime:0.000012s ]
INFO: [ app_init ] --END-- [ RunTime:0.000137s ]
INFO: [ app_begin ] --START--
INFO: Run Behavior\ReadHtmlCacheBehavior [ RunTime:0.000220s ]
INFO: [ app_begin ] --END-- [ RunTime:0.000263s ]
NOTIC: [8] Undefined index: username E:\wamp64\www\treehole\Application\Home\Controller\UserController.class.php 第 13 行.

[ 2021-10-18T22:59:38+08:00 ] ::1 /treehole/index.php/Home/User/sign?username=zhang&phone=13411945031&password=123456&password_again=123456
INFO: [ app_init ] --START--
INFO: Run Behavior\BuildLiteBehavior [ RunTime:0.000011s ]
INFO: [ app_init ] --END-- [ RunTime:0.000096s ]
INFO: [ app_begin ] --START--
INFO: Run Behavior\ReadHtmlCacheBehavior [ RunTime:0.000447s ]
INFO: [ app_begin ] --END-- [ RunTime:0.000542s ]
NOTIC: [8] Undefined index: username E:\wamp64\www\treehole\Application\Home\Controller\UserController.class.php 第 13 行.

[ 2021-10-18T23:02:53+08:00 ] ::1 /treehole/index.php/Home/User/sign?username=zhang&phone=13411945031&password=123456&password_again=123456
INFO: [ app_init ] --START--
INFO: Run Behavior\BuildLiteBehavior [ RunTime:0.000019s ]
INFO: [ app_init ] --END-- [ RunTime:0.000162s ]
INFO: [ app_begin ] --START--
INFO: Run Behavior\ReadHtmlCacheBehavior [ RunTime:0.000517s ]
INFO: [ app_begin ] --END-- [ RunTime:0.000680s ]
NOTIC: [8] Undefined index: username E:\wamp64\www\treehole\Application\Home\Controller\UserController.class.php 第 16 行.

[ 2021-10-18T23:03:53+08:00 ] ::1 /treehole/index.php/Home/User/test?username=zhang&phone=13411945031&password=123456&password_again=123456
INFO: [ app_init ] --START--
INFO: Run Behavior\BuildLiteBehavior [ RunTime:0.000011s ]
INFO: [ app_init ] --END-- [ RunTime:0.000105s ]
INFO: [ app_begin ] --START--
INFO: Run Behavior\ReadHtmlCacheBehavior [ RunTime:0.000129s ]
INFO: [ app_begin ] --END-- [ RunTime:0.000171s ]
INFO: [ app_end ] --START--
INFO: Run Behavior\ShowPageTraceBehavior [ RunTime:0.000212s ]
INFO: [ app_end ] --END-- [ RunTime:0.000254s ]

[ 2021-10-18T23:04:06+08:00 ] ::1 /treehole/index.php/Home/User/sign?username=zhang&phone=13411945031&password=123456&password_again=123456
INFO: [ app_init ] --START--
INFO: Run Behavior\BuildLiteBehavior [ RunTime:0.000012s ]
INFO: [ app_init ] --END-- [ RunTime:0.000133s ]
INFO: [ app_begin ] --START--
INFO: Run Behavior\ReadHtmlCacheBehavior [ RunTime:0.000200s ]
INFO: [ app_begin ] --END-- [ RunTime:0.000240s ]
NOTIC: [8] Undefined index: username E:\wamp64\www\treehole\Application\Home\Controller\UserController.class.php 第 20 行.

[ 2021-10-18T23:05:00+08:00 ] ::1 /treehole/index.php/Home/User/sign
INFO: [ app_init ] --START--
INFO: Run Behavior\BuildLiteBehavior [ RunTime:0.000012s ]
INFO: [ app_init ] --END-- [ RunTime:0.000122s ]
INFO: [ app_begin ] --START--
INFO: Run Behavior\ReadHtmlCacheBehavior [ RunTime:0.000131s ]
INFO: [ app_begin ] --END-- [ RunTime:0.000171s ]
NOTIC: [8] Undefined index: username E:\wamp64\www\treehole\Application\Home\Controller\UserController.class.php 第 20 行.

[ 2021-10-18T23:05:11+08:00 ] ::1 /treehole/index.php/Home/User/sign?username=zhang&phone=13411945031&password=123456&password_again=123456
INFO: [ app_init ] --START--
INFO: Run Behavior\BuildLiteBehavior [ RunTime:0.000011s ]
INFO: [ app_init ] --END-- [ RunTime:0.000136s ]
INFO: [ app_begin ] --START--
INFO: Run Behavior\ReadHtmlCacheBehavior [ RunTime:0.000201s ]
INFO: [ app_begin ] --END-- [ RunTime:0.000241s ]
NOTIC: [8] Undefined index: username E:\wamp64\www\treehole\Application\Home\Controller\UserController.class.php 第 20 行.

[ 2021-10-18T23:05:15+08:00 ] ::1 /treehole/index.php/Home/User/sign?username=zhang&phone=13411945031&password=123456&password_again=123456
INFO: [ app_init ] --START--
INFO: Run Behavior\BuildLiteBehavior [ RunTime:0.000011s ]
INFO: [ app_init ] --END-- [ RunTime:0.000167s ]
INFO: [ app_begin ] --START--
INFO: Run Behavior\ReadHtmlCacheBehavior [ RunTime:0.000125s ]
INFO: [ app_begin ] --END-- [ RunTime:0.000170s ]
NOTIC: [8] Undefined index: username E:\wamp64\www\treehole\Application\Home\Controller\UserController.class.php 第 20 行.

[ 2021-10-18T23:06:55+08:00 ] ::1 /treehole/index.php/Home/User/sign?username=%E5%BC%A0%E4%B8%89&phone=13411945031&password=123456&password_again=123456
INFO: [ app_init ] --START--
INFO: Run Behavior\BuildLiteBehavior [ RunTime:0.000029s ]
INFO: [ app_init ] --END-- [ RunTime:0.000283s ]
INFO: [ app_begin ] --START--
INFO: Run Behavior\ReadHtmlCacheBehavior [ RunTime:0.000663s ]
INFO: [ app_begin ] --END-- [ RunTime:0.000826s ]
NOTIC: [8] Undefined index: username E:\wamp64\www\treehole\Application\Home\Controller\UserController.class.php 第 20 行.

[ 2021-10-18T23:08:27+08:00 ] ::1 /treehole/index.php/Home/User/sign?username=%E5%BC%A0%E4%B8%89&phone=13411945031&password=123456&password_again=123456
INFO: [ app_init ] --START--
INFO: Run Behavior\BuildLiteBehavior [ RunTime:0.000011s ]
INFO: [ app_init ] --END-- [ RunTime:0.000144s ]
INFO: [ app_begin ] --START--
INFO: Run Behavior\ReadHtmlCacheBehavior [ RunTime:0.000791s ]
INFO: [ app_begin ] --END-- [ RunTime:0.000914s ]
NOTIC: [8] Undefined index: username E:\wamp64\www\treehole\Application\Home\Controller\UserController.class.php 第 20 行.

[ 2021-10-18T23:08:28+08:00 ] ::1 /treehole/index.php/Home/User/sign?username=%E5%BC%A0%E4%B8%89&phone=13411945031&password=123456&password_again=123456
INFO: [ app_init ] --START--
INFO: Run Behavior\BuildLiteBehavior [ RunTime:0.000010s ]
INFO: [ app_init ] --END-- [ RunTime:0.000063s ]
INFO: [ app_begin ] --START--
INFO: Run Behavior\ReadHtmlCacheBehavior [ RunTime:0.000088s ]
INFO: [ app_begin ] --END-- [ RunTime:0.000127s ]
NOTIC: [8] Undefined index: username E:\wamp64\www\treehole\Application\Home\Controller\UserController.class.php 第 20 行.

[ 2021-10-18T23:08:28+08:00 ] ::1 /treehole/index.php/Home/User/sign?username=%E5%BC%A0%E4%B8%89&phone=13411945031&password=123456&password_again=123456
INFO: [ app_init ] --START--
INFO: Run Behavior\BuildLiteBehavior [ RunTime:0.000011s ]
INFO: [ app_init ] --END-- [ RunTime:0.000071s ]
INFO: [ app_begin ] --START--
INFO: Run Behavior\ReadHtmlCacheBehavior [ RunTime:0.000090s ]
INFO: [ app_begin ] --END-- [ RunTime:0.000130s ]
NOTIC: [8] Undefined index: username E:\wamp64\www\treehole\Application\Home\Controller\UserController.class.php 第 20 行.

[ 2021-10-18T23:08:31+08:00 ] ::1 /treehole/index.php/Home/User/sign?username=%E5%BC%A0%E4%B8%89&phone=13411945031&password=123456&password_again=123456
INFO: [ app_init ] --START--
INFO: Run Behavior\BuildLiteBehavior [ RunTime:0.000010s ]
INFO: [ app_init ] --END-- [ RunTime:0.000098s ]
INFO: [ app_begin ] --START--
INFO: Run Behavior\ReadHtmlCacheBehavior [ RunTime:0.000140s ]
INFO: [ app_begin ] --END-- [ RunTime:0.000185s ]
NOTIC: [8] Undefined index: username E:\wamp64\www\treehole\Application\Home\Controller\UserController.class.php 第 20 行.

[ 2021-10-18T23:09:42+08:00 ] ::1 /treehole/index.php/Home/User/test?username=%E5%BC%A0%E4%B8%89&phone=13411945031&password=123456&password_again=123456
INFO: [ app_init ] --START--
INFO: Run Behavior\BuildLiteBehavior [ RunTime:0.000011s ]
INFO: [ app_init ] --END-- [ RunTime:0.000150s ]
INFO: [ app_begin ] --START--
INFO: Run Behavior\ReadHtmlCacheBehavior [ RunTime:0.000210s ]
INFO: [ app_begin ] --END-- [ RunTime:0.000251s ]
NOTIC: [8] Undefined index: username E:\wamp64\www\treehole\Application\Home\Controller\UserController.class.php 第 11 行.

[ 2021-10-18T23:11:04+08:00 ] ::1 /treehole/index.php/Home/User/test?username=%E5%BC%A0%E4%B8%89&phone=13411945031&password=123456&password_again=123456
INFO: [ app_init ] --START--
INFO: Run Behavior\BuildLiteBehavior [ RunTime:0.000014s ]
INFO: [ app_init ] --END-- [ RunTime:0.000565s ]
INFO: [ app_begin ] --START--
INFO: Run Behavior\ReadHtmlCacheBehavior [ RunTime:0.000264s ]
INFO: [ app_begin ] --END-- [ RunTime:0.000316s ]
NOTIC: [8] Undefined index: username E:\wamp64\www\treehole\Application\Home\Controller\UserController.class.php 第 11 行.
INFO: [ app_end ] --START--
INFO: Run Behavior\ShowPageTraceBehavior [ RunTime:0.000212s ]
INFO: [ app_end ] --END-- [ RunTime:0.000251s ]

[ 2021-10-18T23:11:43+08:00 ] ::1 /treehole/index.php/Home/User/test?u1=%E5%BC%A0%E4%B8%89&phone=13411945031&password=123456&password_again=123456
INFO: [ app_init ] --START--
INFO: Run Behavior\BuildLiteBehavior [ RunTime:0.000034s ]
INFO: [ app_init ] --END-- [ RunTime:0.000361s ]
INFO: [ app_begin ] --START--
INFO: Run Behavior\ReadHtmlCacheBehavior [ RunTime:0.000224s ]
INFO: [ app_begin ] --END-- [ RunTime:0.000268s ]
NOTIC: [8] Undefined index: u1 E:\wamp64\www\treehole\Application\Home\Controller\UserController.class.php 第 11 行.
INFO: [ app_end ] --START--
INFO: Run Behavior\ShowPageTraceBehavior [ RunTime:0.000233s ]
INFO: [ app_end ] --END-- [ RunTime:0.000282s ]

[ 2021-10-18T23:11:50+08:00 ] ::1 /treehole/index.php/Home/User/test?u1=%E5%BC%A0%E4%B8%89&phone=13411945031&password=123456&password_again=123456
INFO: [ app_init ] --START--
INFO: Run Behavior\BuildLiteBehavior [ RunTime:0.000012s ]
INFO: [ app_init ] --END-- [ RunTime:0.000180s ]
INFO: [ app_begin ] --START--
INFO: Run Behavior\ReadHtmlCacheBehavior [ RunTime:0.000121s ]
INFO: [ app_begin ] --END-- [ RunTime:0.000166s ]
NOTIC: [8] Undefined index: u1 E:\wamp64\www\treehole\Application\Home\Controller\UserController.class.php 第 11 行.

[ 2021-10-18T23:16:51+08:00 ] ::1 /treehole/index.php/Home/User/test?u1=zhang&phone=13411945031&password=123456&password_again=123456
INFO: [ app_init ] --START--
INFO: Run Behavior\BuildLiteBehavior [ RunTime:0.000012s ]
INFO: [ app_init ] --END-- [ RunTime:0.000134s ]
INFO: [ app_begin ] --START--
INFO: Run Behavior\ReadHtmlCacheBehavior [ RunTime:0.000208s ]
INFO: [ app_begin ] --END-- [ RunTime:0.000248s ]
NOTIC: [8] Undefined index: u1 E:\wamp64\www\treehole\Application\Home\Controller\UserController.class.php 第 11 行.

[ 2021-10-18T23:17:25+08:00 ] ::1 /treehole/index.php/Home/User/test?u1=zhang&phone=13411945031&password=123456&password_again=123456
INFO: [ app_init ] --START--
INFO: Run Behavior\BuildLiteBehavior [ RunTime:0.000011s ]
INFO: [ app_init ] --END-- [ RunTime:0.000133s ]
INFO: [ app_begin ] --START--
INFO: Run Behavior\ReadHtmlCacheBehavior [ RunTime:0.000210s ]
INFO: [ app_begin ] --END-- [ RunTime:0.000254s ]
NOTIC: [2] Use of undefined constant u1 - assumed 'u1' (this will throw an Error in a future version of PHP) E:\wamp64\www\treehole\Application\Home\Controller\UserController.class.php 第 11 行.
NOTIC: [8] Undefined index: u1 E:\wamp64\www\treehole\Application\Home\Controller\UserController.class.php 第 11 行.

[ 2021-10-18T23:17:27+08:00 ] ::1 /treehole/index.php/Home/User/test?u1=zhang&phone=13411945031&password=123456&password_again=123456
INFO: [ app_init ] --START--
INFO: Run Behavior\BuildLiteBehavior [ RunTime:0.000010s ]
INFO: [ app_init ] --END-- [ RunTime:0.000060s ]
INFO: [ app_begin ] --START--
INFO: Run Behavior\ReadHtmlCacheBehavior [ RunTime:0.000087s ]
INFO: [ app_begin ] --END-- [ RunTime:0.000125s ]
NOTIC: [2] Use of undefined constant u1 - assumed 'u1' (this will throw an Error in a future version of PHP) E:\wamp64\www\treehole\Application\Home\Controller\UserController.class.php 第 11 行.
NOTIC: [8] Undefined index: u1 E:\wamp64\www\treehole\Application\Home\Controller\UserController.class.php 第 11 行.

[ 2021-10-18T23:17:30+08:00 ] ::1 /treehole/index.php/Home/User/test?u1=zhang&phone=13411945031&password=123456&password_again=123456
INFO: [ app_init ] --START--
INFO: Run Behavior\BuildLiteBehavior [ RunTime:0.000011s ]
INFO: [ app_init ] --END-- [ RunTime:0.000107s ]
INFO: [ app_begin ] --START--
INFO: Run Behavior\ReadHtmlCacheBehavior [ RunTime:0.000116s ]
INFO: [ app_begin ] --END-- [ RunTime:0.000154s ]
NOTIC: [2] Use of undefined constant u1 - assumed 'u1' (this will throw an Error in a future version of PHP) E:\wamp64\www\treehole\Application\Home\Controller\UserController.class.php 第 11 行.
NOTIC: [8] Undefined index: u1 E:\wamp64\www\treehole\Application\Home\Controller\UserController.class.php 第 11 行.

[ 2021-10-18T23:18:55+08:00 ] ::1 /treehole/index.php/Home/User/test?u1=zhang&phone=13411945031&password=123456&password_again=123456
INFO: [ app_init ] --START--
INFO: Run Behavior\BuildLiteBehavior [ RunTime:0.000011s ]
INFO: [ app_init ] --END-- [ RunTime:0.000133s ]
INFO: [ app_begin ] --START--
INFO: Run Behavior\ReadHtmlCacheBehavior [ RunTime:0.000203s ]
INFO: [ app_begin ] --END-- [ RunTime:0.000242s ]
NOTIC: [8] Undefined index: u1 E:\wamp64\www\treehole\Application\Home\Controller\UserController.class.php 第 11 行.

[ 2021-10-18T23:18:58+08:00 ] ::1 /treehole/index.php/Home/Test/test10?u1=zhang&phone=13411945031&password=123456&password_again=123456
INFO: [ app_init ] --START--
INFO: Run Behavior\BuildLiteBehavior [ RunTime:0.000012s ]
INFO: [ app_init ] --END-- [ RunTime:0.000122s ]
INFO: [ app_begin ] --START--
INFO: Run Behavior\ReadHtmlCacheBehavior [ RunTime:0.000263s ]
INFO: [ app_begin ] --END-- [ RunTime:0.000323s ]
NOTIC: [8] Undefined index: u1 E:\wamp64\www\treehole\Application\Home\Controller\TestController.class.php 第 11 行.

[ 2021-10-18T23:19:13+08:00 ] ::1 /treehole/index.php/Home/Test/test10?u1=zhang&phone=13411945031&password=123456&password_again=123456
INFO: [ app_init ] --START--
INFO: Run Behavior\BuildLiteBehavior [ RunTime:0.000021s ]
INFO: [ app_init ] --END-- [ RunTime:0.000128s ]
INFO: [ app_begin ] --START--
INFO: Run Behavior\ReadHtmlCacheBehavior [ RunTime:0.000121s ]
INFO: [ app_begin ] --END-- [ RunTime:0.000162s ]
NOTIC: [8] Undefined index: u1 E:\wamp64\www\treehole\Application\Home\Controller\TestController.class.php 第 11 行.

[ 2021-10-18T23:23:35+08:00 ] ::1 /treehole/index.php/Home/User/test?u1=%E5%BC%A0%E4%B8%89&phone=13411945031&password=123456&password_again=123456
INFO: [ app_init ] --START--
INFO: Run Behavior\BuildLiteBehavior [ RunTime:0.000012s ]
INFO: [ app_init ] --END-- [ RunTime:0.000146s ]
INFO: [ app_begin ] --START--
INFO: Run Behavior\ReadHtmlCacheBehavior [ RunTime:0.000203s ]
INFO: [ app_begin ] --END-- [ RunTime:0.000244s ]
NOTIC: [8] Undefined index: u1 E:\wamp64\www\treehole\Application\Home\Controller\UserController.class.php 第 11 行.

[ 2021-10-18T23:24:16+08:00 ] ::1 /treehole/index.php/Home/User/sign?username=%E5%BC%A0%E4%B8%89&phone=13411945031&password=123456&password_again=123456
INFO: [ app_init ] --START--
INFO: Run Behavior\BuildLiteBehavior [ RunTime:0.000011s ]
INFO: [ app_init ] --END-- [ RunTime:0.000134s ]
INFO: [ app_begin ] --START--
INFO: Run Behavior\ReadHtmlCacheBehavior [ RunTime:0.000199s ]
INFO: [ app_begin ] --END-- [ RunTime:0.000240s ]
NOTIC: [8] Undefined index: username E:\wamp64\www\treehole\Application\Home\Controller\UserController.class.php 第 30 行.

[ 2021-10-18T23:24:42+08:00 ] ::1 /treehole/index.php/Home/User/sign
INFO: [ app_init ] --START--
INFO: Run Behavior\BuildLiteBehavior [ RunTime:0.000022s ]
INFO: [ app_init ] --END-- [ RunTime:0.000129s ]
INFO: [ app_begin ] --START--
INFO: Run Behavior\ReadHtmlCacheBehavior [ RunTime:0.000116s ]
INFO: [ app_begin ] --END-- [ RunTime:0.000155s ]
NOTIC: [8] Undefined index: username E:\wamp64\www\treehole\Application\Home\Controller\UserController.class.php 第 30 行.

[ 2021-10-18T23:24:52+08:00 ] ::1 /treehole/index.php/Home/User/sign?username=111
INFO: [ app_init ] --START--
INFO: Run Behavior\BuildLiteBehavior [ RunTime:0.000019s ]
INFO: [ app_init ] --END-- [ RunTime:0.000124s ]
INFO: [ app_begin ] --START--
INFO: Run Behavior\ReadHtmlCacheBehavior [ RunTime:0.000114s ]
INFO: [ app_begin ] --END-- [ RunTime:0.000153s ]
NOTIC: [8] Undefined index: username E:\wamp64\www\treehole\Application\Home\Controller\UserController.class.php 第 30 行.

[ 2021-10-18T23:29:45+08:00 ] ::1 /treehole/index.php/Home/User/sign
INFO: [ app_init ] --START--
INFO: Run Behavior\BuildLiteBehavior [ RunTime:0.000011s ]
INFO: [ app_init ] --END-- [ RunTime:0.000135s ]
INFO: [ app_begin ] --START--
INFO: Run Behavior\ReadHtmlCacheBehavior [ RunTime:0.000245s ]
INFO: [ app_begin ] --END-- [ RunTime:0.000287s ]
NOTIC: [8] Undefined index: username E:\wamp64\www\treehole\Application\Home\Controller\UserController.class.php 第 30 行.

[ 2021-10-18T23:29:57+08:00 ] ::1 /treehole/index.php/Home/User/sign?username=1
INFO: [ app_init ] --START--
INFO: Run Behavior\BuildLiteBehavior [ RunTime:0.000013s ]
INFO: [ app_init ] --END-- [ RunTime:0.000168s ]
INFO: [ app_begin ] --START--
INFO: Run Behavior\ReadHtmlCacheBehavior [ RunTime:0.000221s ]
INFO: [ app_begin ] --END-- [ RunTime:0.000268s ]
NOTIC: [8] Undefined index: username E:\wamp64\www\treehole\Application\Home\Controller\UserController.class.php 第 30 行.

[ 2021-10-18T23:29:58+08:00 ] ::1 /treehole/index.php/Home/User/sign?username=1
INFO: [ app_init ] --START--
INFO: Run Behavior\BuildLiteBehavior [ RunTime:0.000011s ]
INFO: [ app_init ] --END-- [ RunTime:0.000063s ]
INFO: [ app_begin ] --START--
INFO: Run Behavior\ReadHtmlCacheBehavior [ RunTime:0.000090s ]
INFO: [ app_begin ] --END-- [ RunTime:0.000129s ]
NOTIC: [8] Undefined index: username E:\wamp64\www\treehole\Application\Home\Controller\UserController.class.php 第 30 行.

[ 2021-10-18T23:29:59+08:00 ] ::1 /treehole/index.php/Home/User/sign?username=1
INFO: [ app_init ] --START--
INFO: Run Behavior\BuildLiteBehavior [ RunTime:0.000010s ]
INFO: [ app_init ] --END-- [ RunTime:0.000061s ]
INFO: [ app_begin ] --START--
INFO: Run Behavior\ReadHtmlCacheBehavior [ RunTime:0.000092s ]
INFO: [ app_begin ] --END-- [ RunTime:0.000131s ]
NOTIC: [8] Undefined index: username E:\wamp64\www\treehole\Application\Home\Controller\UserController.class.php 第 30 行.

[ 2021-10-18T23:31:39+08:00 ] ::1 /treehole/index.php/Home/User/sign?username=1
INFO: [ app_init ] --START--
INFO: Run Behavior\BuildLiteBehavior [ RunTime:0.000013s ]
INFO: [ app_init ] --END-- [ RunTime:0.000115s ]
INFO: [ app_begin ] --START--
INFO: Run Behavior\ReadHtmlCacheBehavior [ RunTime:0.000362s ]
INFO: [ app_begin ] --END-- [ RunTime:0.000442s ]
NOTIC: [8] Undefined index: phone E:\wamp64\www\treehole\Application\Home\Controller\UserController.class.php 第 33 行.

[ 2021-10-18T23:31:51+08:00 ] ::1 /treehole/index.php/Home/User/sign
INFO: [ app_init ] --START--
INFO: Run Behavior\BuildLiteBehavior [ RunTime:0.000023s ]
INFO: [ app_init ] --END-- [ RunTime:0.000123s ]
INFO: [ app_begin ] --START--
INFO: Run Behavior\ReadHtmlCacheBehavior [ RunTime:0.000145s ]
INFO: [ app_begin ] --END-- [ RunTime:0.000216s ]
NOTIC: [8] Undefined index: phone E:\wamp64\www\treehole\Application\Home\Controller\UserController.class.php 第 33 行.

[ 2021-10-18T23:32:56+08:00 ] ::1 /treehole/index.php/Home/User/sign
INFO: [ app_init ] --START--
INFO: Run Behavior\BuildLiteBehavior [ RunTime:0.000047s ]
INFO: [ app_init ] --END-- [ RunTime:0.000386s ]
INFO: [ app_begin ] --START--
INFO: Run Behavior\ReadHtmlCacheBehavior [ RunTime:0.000247s ]
INFO: [ app_begin ] --END-- [ RunTime:0.000300s ]
SQL: SHOW COLUMNS FROM `user` [ RunTime:0.0021s ]
SQL: SELECT * FROM `user` WHERE `phone` = '13411945035' LIMIT 1   [ RunTime:0.0004s ]
SQL: INSERT INTO `user` (`username`,`phone`,`password`,`face_url`) VALUES ('111','13411945035','e10adc3949ba59abbe56e057f20f883e','xxx.jpg') [ RunTime:0.5232s ]

[ 2021-10-18T23:39:40+08:00 ] ::1 /treehole/index.php/Home/Message/publish_new_message
INFO: [ app_init ] --START--
INFO: Run Behavior\BuildLiteBehavior [ RunTime:0.000015s ]
INFO: [ app_init ] --END-- [ RunTime:0.000152s ]
INFO: [ app_begin ] --START--
INFO: Run Behavior\ReadHtmlCacheBehavior [ RunTime:0.000300s ]
INFO: [ app_begin ] --END-- [ RunTime:0.000346s ]
NOTIC: [8] Undefined index: u_id E:\wamp64\www\treehole\Application\Home\Controller\MessageController.class.php 第 15 行.

[ 2021-10-18T23:39:52+08:00 ] ::1 /treehole/index.php/Home/Message/publish_new_message
INFO: [ app_init ] --START--
INFO: Run Behavior\BuildLiteBehavior [ RunTime:0.000010s ]
INFO: [ app_init ] --END-- [ RunTime:0.000132s ]
INFO: [ app_begin ] --START--
INFO: Run Behavior\ReadHtmlCacheBehavior [ RunTime:0.000236s ]
INFO: [ app_begin ] --END-- [ RunTime:0.000278s ]
NOTIC: [8] Undefined index: username E:\wamp64\www\treehole\Application\Home\Controller\MessageController.class.php 第 23 行.

[ 2021-10-18T23:41:45+08:00 ] ::1 /treehole/index.php/Home/Message/publish_new_message
INFO: [ app_init ] --START--
INFO: Run Behavior\BuildLiteBehavior [ RunTime:0.000014s ]
INFO: [ app_init ] --END-- [ RunTime:0.000184s ]
INFO: [ app_begin ] --START--
INFO: Run Behavior\ReadHtmlCacheBehavior [ RunTime:0.000218s ]
INFO: [ app_begin ] --END-- [ RunTime:0.000265s ]
SQL: SHOW COLUMNS FROM `message` [ RunTime:0.0037s ]
NOTIC: [8] Undefined index: likes E:\wamp64\www\treehole\Application\Home\Controller\MessageController.class.php 第 57 行.
ERR: 1048:Column 'likes' cannot be null
 [ SQL语句 ] : INSERT INTO `message` (`u_id`,`username`,`face_url`,`m_content`,`likes`,`send_time`) VALUES ('1','硕大的','xxx.jpg','拉喀什决斗链接艾斯欧的骄傲搜',NULL,'1634571705')
ERR: 1048:Column 'likes' cannot be null
 [ SQL语句 ] : INSERT INTO `message` (`u_id`,`username`,`face_url`,`m_content`,`likes`,`send_time`) VALUES ('1','硕大的','xxx.jpg','拉喀什决斗链接艾斯欧的骄傲搜',NULL,'1634571705')

[ 2021-10-18T23:42:46+08:00 ] ::1 /treehole/index.php/Home/Message/publish_new_message
INFO: [ app_init ] --START--
INFO: Run Behavior\BuildLiteBehavior [ RunTime:0.000011s ]
INFO: [ app_init ] --END-- [ RunTime:0.000138s ]
INFO: [ app_begin ] --START--
INFO: Run Behavior\ReadHtmlCacheBehavior [ RunTime:0.000230s ]
INFO: [ app_begin ] --END-- [ RunTime:0.000272s ]
SQL: SHOW COLUMNS FROM `message` [ RunTime:0.0012s ]
SQL: INSERT INTO `message` (`u_id`,`username`,`face_url`,`m_content`,`likes`,`send_time`) VALUES ('1','硕大的','xxx.jpg','拉喀什决斗链接艾斯欧的骄傲搜','0','1634571766') [ RunTime:0.0310s ]

[ 2021-10-18T23:45:38+08:00 ] ::1 /treehole/index.php/Home/Message/publish_new_message
INFO: [ app_init ] --START--
INFO: Run Behavior\BuildLiteBehavior [ RunTime:0.000011s ]
INFO: [ app_init ] --END-- [ RunTime:0.000149s ]
INFO: [ app_begin ] --START--
INFO: Run Behavior\ReadHtmlCacheBehavior [ RunTime:0.000305s ]
INFO: [ app_begin ] --END-- [ RunTime:0.000371s ]
SQL: SHOW COLUMNS FROM `message` [ RunTime:0.0015s ]
NOTIC: [2] strtotime() expects at least 1 parameter, 0 given E:\wamp64\www\treehole\Application\Home\Controller\MessageController.class.php 第 58 行.
SQL: INSERT INTO `message` (`u_id`,`username`,`face_url`,`m_content`,`likes`,`send_time`) VALUES ('1','硕大的','xxx.jpg','拉喀什决斗链接艾斯欧的骄傲搜','0','') [ RunTime:0.0004s ]

[ 2021-10-18T23:49:45+08:00 ] ::1 /treehole/index.php/Home/Message/publish_new_message
INFO: [ app_init ] --START--
INFO: Run Behavior\BuildLiteBehavior [ RunTime:0.000013s ]
INFO: [ app_init ] --END-- [ RunTime:0.000152s ]
INFO: [ app_begin ] --START--
INFO: Run Behavior\ReadHtmlCacheBehavior [ RunTime:0.000223s ]
INFO: [ app_begin ] --END-- [ RunTime:0.000265s ]
SQL: SHOW COLUMNS FROM `message` [ RunTime:0.0012s ]
SQL: INSERT INTO `message` (`u_id`,`username`,`face_url`,`m_content`,`likes`,`send_time`) VALUES ('1','硕大的','xxx.jpg','拉喀什决斗链接艾斯欧的骄傲搜','0','2021-10-18 23:49:45') [ RunTime:0.0003s ]

[ 2021-10-18T23:50:37+08:00 ] ::1 /treehole/index.php/Home/Message/publish_new_message
INFO: [ app_init ] --START--
INFO: Run Behavior\BuildLiteBehavior [ RunTime:0.000068s ]
INFO: [ app_init ] --END-- [ RunTime:0.000840s ]
INFO: [ app_begin ] --START--
INFO: Run Behavior\ReadHtmlCacheBehavior [ RunTime:0.000245s ]
INFO: [ app_begin ] --END-- [ RunTime:0.000334s ]
SQL: SHOW COLUMNS FROM `message` [ RunTime:0.0015s ]
SQL: INSERT INTO `message` (`u_id`,`username`,`face_url`,`m_content`,`likes`,`send_time`) VALUES ('1','硕大的','xxx.jpg','拉喀什决斗链接艾斯欧的骄傲搜','0','2021-10-18 23:50:37') [ RunTime:0.0006s ]

[ 2021-10-18T23:50:53+08:00 ] ::1 /treehole/index.php/Home/Message/publish_new_message
INFO: [ app_init ] --START--
INFO: Run Behavior\BuildLiteBehavior [ RunTime:0.000011s ]
INFO: [ app_init ] --END-- [ RunTime:0.000103s ]
INFO: [ app_begin ] --START--
INFO: Run Behavior\ReadHtmlCacheBehavior [ RunTime:0.000179s ]
INFO: [ app_begin ] --END-- [ RunTime:0.000298s ]
SQL: SHOW COLUMNS FROM `message` [ RunTime:0.0008s ]
SQL: INSERT INTO `message` (`u_id`,`username`,`face_url`,`m_content`,`likes`,`send_time`) VALUES ('1','硕大的','xxx.jpg','拉喀什决斗链接艾斯欧的骄傲搜','0','2021-10-18 23:50:53') [ RunTime:0.0006s ]

[ 2021-10-18T23:53:21+08:00 ] ::1 /treehole/index.php/Home/Message/get_all_message
INFO: [ app_init ] --START--
INFO: Run Behavior\BuildLiteBehavior [ RunTime:0.000011s ]
INFO: [ app_init ] --END-- [ RunTime:0.000208s ]
INFO: [ app_begin ] --START--
INFO: Run Behavior\ReadHtmlCacheBehavior [ RunTime:0.000472s ]
INFO: [ app_begin ] --END-- [ RunTime:0.000526s ]
SQL: SHOW COLUMNS FROM `message` [ RunTime:0.0015s ]
ERR: 1054:Unknown column 'id' in 'order clause'
 [ SQL语句 ] : SELECT * FROM `message` ORDER BY id desc 
ERR: 1054:Unknown column 'id' in 'order clause'
 [ SQL语句 ] : SELECT * FROM `message` ORDER BY id desc 

[ 2021-10-18T23:53:27+08:00 ] ::1 /treehole/index.php/Home/Message/get_all_message
INFO: [ app_init ] --START--
INFO: Run Behavior\BuildLiteBehavior [ RunTime:0.000022s ]
INFO: [ app_init ] --END-- [ RunTime:0.000159s ]
INFO: [ app_begin ] --START--
INFO: Run Behavior\ReadHtmlCacheBehavior [ RunTime:0.000819s ]
INFO: [ app_begin ] --END-- [ RunTime:0.000967s ]
SQL: SHOW COLUMNS FROM `message` [ RunTime:0.0016s ]
ERR: 1054:Unknown column 'id' in 'order clause'
 [ SQL语句 ] : SELECT * FROM `message` ORDER BY id desc 
ERR: 1054:Unknown column 'id' in 'order clause'
 [ SQL语句 ] : SELECT * FROM `message` ORDER BY id desc 

[ 2021-10-18T23:54:07+08:00 ] ::1 /treehole/index.php/Home/Message/get_all_message
INFO: [ app_init ] --START--
INFO: Run Behavior\BuildLiteBehavior [ RunTime:0.000010s ]
INFO: [ app_init ] --END-- [ RunTime:0.000096s ]
INFO: [ app_begin ] --START--
INFO: Run Behavior\ReadHtmlCacheBehavior [ RunTime:0.000114s ]
INFO: [ app_begin ] --END-- [ RunTime:0.000155s ]
SQL: SHOW COLUMNS FROM `message` [ RunTime:0.0010s ]
SQL: SELECT * FROM `message`  [ RunTime:0.0007s ]
INFO: [ app_end ] --START--
INFO: Run Behavior\ShowPageTraceBehavior [ RunTime:0.000314s ]
INFO: [ app_end ] --END-- [ RunTime:0.000357s ]

[ 2021-10-18T23:54:28+08:00 ] ::1 /treehole/index.php/Home/Message/get_all_message
INFO: [ app_init ] --START--
INFO: Run Behavior\BuildLiteBehavior [ RunTime:0.000011s ]
INFO: [ app_init ] --END-- [ RunTime:0.000098s ]
INFO: [ app_begin ] --START--
INFO: Run Behavior\ReadHtmlCacheBehavior [ RunTime:0.000134s ]
INFO: [ app_begin ] --END-- [ RunTime:0.000176s ]
SQL: SHOW COLUMNS FROM `message` [ RunTime:0.0011s ]
SQL: SELECT * FROM `message` ORDER BY m_id desc  [ RunTime:0.0006s ]
INFO: [ app_end ] --START--
INFO: Run Behavior\ShowPageTraceBehavior [ RunTime:0.000283s ]
INFO: [ app_end ] --END-- [ RunTime:0.000326s ]

