[ 2022-09-19T17:04:32+08:00 ] ::1 /treehole/index.php/Home/User/login
INFO: [ app_init ] --START--
INFO: Run Behavior\BuildLiteBehavior [ RunTime:0.000064s ]
INFO: [ app_init ] --END-- [ RunTime:0.004859s ]
INFO: [ app_begin ] --START--
INFO: Run Behavior\ReadHtmlCacheBehavior [ RunTime:0.004129s ]
INFO: [ app_begin ] --END-- [ RunTime:0.004346s ]
ERR: SQLSTATE[HY000] [2002] ”…”⁄ƒø±Íº∆À„ª˙ª˝º´æ‹æ¯£¨Œﬁ∑®¡¨Ω”°£


[ 2022-09-19T17:04:34+08:00 ] ::1 /treehole/index.php/Home/User/login
INFO: [ app_init ] --START--
INFO: Run Behavior\BuildLiteBehavior [ RunTime:0.000016s ]
INFO: [ app_init ] --END-- [ RunTime:0.000195s ]
INFO: [ app_begin ] --START--
INFO: Run Behavior\ReadHtmlCacheBehavior [ RunTime:0.000312s ]
INFO: [ app_begin ] --END-- [ RunTime:0.000372s ]
ERR: SQLSTATE[HY000] [2002] ”…”⁄ƒø±Íº∆À„ª˙ª˝º´æ‹æ¯£¨Œﬁ∑®¡¨Ω”°£


[ 2022-09-19T17:04:34+08:00 ] ::1 /treehole/index.php/Home/User/login
INFO: [ app_init ] --START--
INFO: Run Behavior\BuildLiteBehavior [ RunTime:0.000049s ]
INFO: [ app_init ] --END-- [ RunTime:0.000293s ]
INFO: [ app_begin ] --START--
INFO: Run Behavior\ReadHtmlCacheBehavior [ RunTime:0.000846s ]
INFO: [ app_begin ] --END-- [ RunTime:0.001038s ]
ERR: SQLSTATE[HY000] [2002] ”…”⁄ƒø±Íº∆À„ª˙ª˝º´æ‹æ¯£¨Œﬁ∑®¡¨Ω”°£


[ 2022-09-19T17:04:35+08:00 ] ::1 /treehole/index.php/Home/User/login
INFO: [ app_init ] --START--
INFO: Run Behavior\BuildLiteBehavior [ RunTime:0.000046s ]
INFO: [ app_init ] --END-- [ RunTime:0.000460s ]
INFO: [ app_begin ] --START--
INFO: Run Behavior\ReadHtmlCacheBehavior [ RunTime:0.000947s ]
INFO: [ app_begin ] --END-- [ RunTime:0.001157s ]
ERR: SQLSTATE[HY000] [2002] ”…”⁄ƒø±Íº∆À„ª˙ª˝º´æ‹æ¯£¨Œﬁ∑®¡¨Ω”°£


[ 2022-09-19T17:04:35+08:00 ] ::1 /treehole/index.php/Home/User/login
INFO: [ app_init ] --START--
INFO: Run Behavior\BuildLiteBehavior [ RunTime:0.000048s ]
INFO: [ app_init ] --END-- [ RunTime:0.000280s ]
INFO: [ app_begin ] --START--
INFO: Run Behavior\ReadHtmlCacheBehavior [ RunTime:0.000841s ]
INFO: [ app_begin ] --END-- [ RunTime:0.001031s ]
ERR: SQLSTATE[HY000] [2002] ”…”⁄ƒø±Íº∆À„ª˙ª˝º´æ‹æ¯£¨Œﬁ∑®¡¨Ω”°£


[ 2022-09-19T17:04:52+08:00 ] ::1 /treehole/index.php/Home/User/login
INFO: [ app_init ] --START--
INFO: Run Behavior\BuildLiteBehavior [ RunTime:0.000016s ]
INFO: [ app_init ] --END-- [ RunTime:0.000190s ]
INFO: [ app_begin ] --START--
INFO: Run Behavior\ReadHtmlCacheBehavior [ RunTime:0.000175s ]
INFO: [ app_begin ] --END-- [ RunTime:0.000232s ]
ERR: SQLSTATE[HY000] [2002] ”…”⁄ƒø±Íº∆À„ª˙ª˝º´æ‹æ¯£¨Œﬁ∑®¡¨Ω”°£


[ 2022-09-19T17:06:28+08:00 ] ::1 /treehole/index.php/Home/User/login
INFO: [ app_init ] --START--
INFO: Run Behavior\BuildLiteBehavior [ RunTime:0.000019s ]
INFO: [ app_init ] --END-- [ RunTime:0.000211s ]
INFO: [ app_begin ] --START--
INFO: Run Behavior\ReadHtmlCacheBehavior [ RunTime:0.000191s ]
INFO: [ app_begin ] --END-- [ RunTime:0.000256s ]
NOTIC: [8] Undefined index: phone E:\wamp64\www\treehole\Application\Home\Controller\UserController.class.php Á¨¨ 111 Ë°å.

[ 2022-09-19T17:06:41+08:00 ] ::1 /treehole/index.php/Home/User/login
INFO: [ app_init ] --START--
INFO: Run Behavior\BuildLiteBehavior [ RunTime:0.000015s ]
INFO: [ app_init ] --END-- [ RunTime:0.000143s ]
INFO: [ app_begin ] --START--
INFO: Run Behavior\ReadHtmlCacheBehavior [ RunTime:0.000580s ]
INFO: [ app_begin ] --END-- [ RunTime:0.000690s ]
NOTIC: [8] Undefined index: password E:\wamp64\www\treehole\Application\Home\Controller\UserController.class.php Á¨¨ 119 Ë°å.

[ 2022-09-19T17:06:52+08:00 ] ::1 /treehole/index.php/Home/User/login
INFO: [ app_init ] --START--
INFO: Run Behavior\BuildLiteBehavior [ RunTime:0.000018s ]
INFO: [ app_init ] --END-- [ RunTime:0.000157s ]
INFO: [ app_begin ] --START--
INFO: Run Behavior\ReadHtmlCacheBehavior [ RunTime:0.000322s ]
INFO: [ app_begin ] --END-- [ RunTime:0.000392s ]
ERR: SQLSTATE[HY000] [2002] ”…”⁄ƒø±Íº∆À„ª˙ª˝º´æ‹æ¯£¨Œﬁ∑®¡¨Ω”°£


[ 2022-09-19T17:07:10+08:00 ] ::1 /treehole/index.php/Home/User/login
INFO: [ app_init ] --START--
INFO: Run Behavior\BuildLiteBehavior [ RunTime:0.000024s ]
INFO: [ app_init ] --END-- [ RunTime:0.000353s ]
INFO: [ app_begin ] --START--
INFO: Run Behavior\ReadHtmlCacheBehavior [ RunTime:0.000191s ]
INFO: [ app_begin ] --END-- [ RunTime:0.000252s ]
ERR: SQLSTATE[HY000] [2002] ”…”⁄ƒø±Íº∆À„ª˙ª˝º´æ‹æ¯£¨Œﬁ∑®¡¨Ω”°£


[ 2022-09-19T17:07:30+08:00 ] ::1 /treehole/index.php/Home/User/login
INFO: [ app_init ] --START--
INFO: Run Behavior\BuildLiteBehavior [ RunTime:0.000020s ]
INFO: [ app_init ] --END-- [ RunTime:0.000178s ]
INFO: [ app_begin ] --START--
INFO: Run Behavior\ReadHtmlCacheBehavior [ RunTime:0.000182s ]
INFO: [ app_begin ] --END-- [ RunTime:0.000243s ]
NOTIC: [8] Undefined index: password E:\wamp64\www\treehole\Application\Home\Controller\UserController.class.php Á¨¨ 119 Ë°å.

[ 2022-09-19T17:07:39+08:00 ] ::1 /treehole/index.php/Home/User/login
INFO: [ app_init ] --START--
INFO: Run Behavior\BuildLiteBehavior [ RunTime:0.000019s ]
INFO: [ app_init ] --END-- [ RunTime:0.000153s ]
INFO: [ app_begin ] --START--
INFO: Run Behavior\ReadHtmlCacheBehavior [ RunTime:0.000321s ]
INFO: [ app_begin ] --END-- [ RunTime:0.000425s ]
ERR: SQLSTATE[HY000] [2002] ”…”⁄ƒø±Íº∆À„ª˙ª˝º´æ‹æ¯£¨Œﬁ∑®¡¨Ω”°£


[ 2022-09-19T17:10:06+08:00 ] ::1 /treehole/index.php/Home/User/login
INFO: [ app_init ] --START--
INFO: Run Behavior\BuildLiteBehavior [ RunTime:0.000021s ]
INFO: [ app_init ] --END-- [ RunTime:0.000737s ]
INFO: [ app_begin ] --START--
INFO: Run Behavior\ReadHtmlCacheBehavior [ RunTime:0.001351s ]
INFO: [ app_begin ] --END-- [ RunTime:0.001533s ]
SQL: SHOW COLUMNS FROM `user` [ RunTime:0.1549s ]
SQL: SELECT * FROM `user` WHERE `phone` = '13411945033' LIMIT 1   [ RunTime:0.0770s ]

[ 2022-09-19T17:10:42+08:00 ] ::1 /treehole/index.php/Home/User/login
INFO: [ app_init ] --START--
INFO: Run Behavior\BuildLiteBehavior [ RunTime:0.000015s ]
INFO: [ app_init ] --END-- [ RunTime:0.000189s ]
INFO: [ app_begin ] --START--
INFO: Run Behavior\ReadHtmlCacheBehavior [ RunTime:0.000457s ]
INFO: [ app_begin ] --END-- [ RunTime:0.000535s ]
SQL: SHOW COLUMNS FROM `user` [ RunTime:0.0016s ]
SQL: SELECT * FROM `user` WHERE `phone` = '13411945035' LIMIT 1   [ RunTime:0.0014s ]

[ 2022-09-19T17:10:48+08:00 ] ::1 /treehole/index.php/Home/User/login
INFO: [ app_init ] --START--
INFO: Run Behavior\BuildLiteBehavior [ RunTime:0.000025s ]
INFO: [ app_init ] --END-- [ RunTime:0.000222s ]
INFO: [ app_begin ] --START--
INFO: Run Behavior\ReadHtmlCacheBehavior [ RunTime:0.000398s ]
INFO: [ app_begin ] --END-- [ RunTime:0.000565s ]
SQL: SHOW COLUMNS FROM `user` [ RunTime:0.0017s ]
SQL: SELECT * FROM `user` WHERE `phone` = '13411945035' LIMIT 1   [ RunTime:0.0008s ]

[ 2022-09-19T17:10:52+08:00 ] ::1 /treehole/index.php/Home/User/login
INFO: [ app_init ] --START--
INFO: Run Behavior\BuildLiteBehavior [ RunTime:0.000028s ]
INFO: [ app_init ] --END-- [ RunTime:0.000233s ]
INFO: [ app_begin ] --START--
INFO: Run Behavior\ReadHtmlCacheBehavior [ RunTime:0.000251s ]
INFO: [ app_begin ] --END-- [ RunTime:0.000357s ]
SQL: SHOW COLUMNS FROM `user` [ RunTime:0.0020s ]
SQL: SELECT * FROM `user` WHERE `phone` = '13411945035' LIMIT 1   [ RunTime:0.0008s ]

[ 2022-09-19T17:10:57+08:00 ] ::1 /treehole/index.php/Home/User/login
INFO: [ app_init ] --START--
INFO: Run Behavior\BuildLiteBehavior [ RunTime:0.000017s ]
INFO: [ app_init ] --END-- [ RunTime:0.000149s ]
INFO: [ app_begin ] --START--
INFO: Run Behavior\ReadHtmlCacheBehavior [ RunTime:0.000177s ]
INFO: [ app_begin ] --END-- [ RunTime:0.000236s ]
SQL: SHOW COLUMNS FROM `user` [ RunTime:0.0017s ]
SQL: SELECT * FROM `user` WHERE `phone` = '13411945035' LIMIT 1   [ RunTime:0.0011s ]

[ 2022-09-19T17:11:01+08:00 ] ::1 /treehole/index.php/Home/User/login
INFO: [ app_init ] --START--
INFO: Run Behavior\BuildLiteBehavior [ RunTime:0.000031s ]
INFO: [ app_init ] --END-- [ RunTime:0.000274s ]
INFO: [ app_begin ] --START--
INFO: Run Behavior\ReadHtmlCacheBehavior [ RunTime:0.000272s ]
INFO: [ app_begin ] --END-- [ RunTime:0.000383s ]
SQL: SHOW COLUMNS FROM `user` [ RunTime:0.0019s ]
SQL: SELECT * FROM `user` WHERE `phone` = '13411945035' LIMIT 1   [ RunTime:0.0008s ]

[ 2022-09-19T17:11:13+08:00 ] ::1 /treehole/index.php/Home/User/login
INFO: [ app_init ] --START--
INFO: Run Behavior\BuildLiteBehavior [ RunTime:0.000023s ]
INFO: [ app_init ] --END-- [ RunTime:0.000165s ]
INFO: [ app_begin ] --START--
INFO: Run Behavior\ReadHtmlCacheBehavior [ RunTime:0.000191s ]
INFO: [ app_begin ] --END-- [ RunTime:0.000253s ]
SQL: SHOW COLUMNS FROM `user` [ RunTime:0.0018s ]
SQL: SELECT * FROM `user` WHERE `phone` = '13411945045' LIMIT 1   [ RunTime:0.0008s ]

[ 2022-09-19T17:11:16+08:00 ] ::1 /treehole/index.php/Home/User/login
INFO: [ app_init ] --START--
INFO: Run Behavior\BuildLiteBehavior [ RunTime:0.000022s ]
INFO: [ app_init ] --END-- [ RunTime:0.000172s ]
INFO: [ app_begin ] --START--
INFO: Run Behavior\ReadHtmlCacheBehavior [ RunTime:0.000349s ]
INFO: [ app_begin ] --END-- [ RunTime:0.000455s ]
SQL: SHOW COLUMNS FROM `user` [ RunTime:0.0018s ]
SQL: SELECT * FROM `user` WHERE `phone` = '13411945045' LIMIT 1   [ RunTime:0.0007s ]

[ 2022-09-19T17:11:21+08:00 ] ::1 /treehole/index.php/Home/User/login
INFO: [ app_init ] --START--
INFO: Run Behavior\BuildLiteBehavior [ RunTime:0.000026s ]
INFO: [ app_init ] --END-- [ RunTime:0.000167s ]
INFO: [ app_begin ] --START--
INFO: Run Behavior\ReadHtmlCacheBehavior [ RunTime:0.000182s ]
INFO: [ app_begin ] --END-- [ RunTime:0.000242s ]
SQL: SHOW COLUMNS FROM `user` [ RunTime:0.0021s ]
SQL: SELECT * FROM `user` WHERE `phone` = '13411945045' LIMIT 1   [ RunTime:0.0008s ]

[ 2022-09-19T17:11:34+08:00 ] ::1 /treehole/index.php/Home/User/login
INFO: [ app_init ] --START--
INFO: Run Behavior\BuildLiteBehavior [ RunTime:0.000066s ]
INFO: [ app_init ] --END-- [ RunTime:0.000528s ]
INFO: [ app_begin ] --START--
INFO: Run Behavior\ReadHtmlCacheBehavior [ RunTime:0.000978s ]
INFO: [ app_begin ] --END-- [ RunTime:0.001402s ]
SQL: SHOW COLUMNS FROM `user` [ RunTime:0.0055s ]
SQL: SELECT * FROM `user` WHERE `phone` = '13411945045' LIMIT 1   [ RunTime:0.0023s ]

[ 2022-09-19T17:11:34+08:00 ] ::1 /treehole/index.php/Home/Message/get_one_user_all_messages
INFO: [ app_init ] --START--
INFO: Run Behavior\BuildLiteBehavior [ RunTime:0.000025s ]
INFO: [ app_init ] --END-- [ RunTime:0.000111s ]
INFO: [ app_begin ] --START--
INFO: Run Behavior\ReadHtmlCacheBehavior [ RunTime:0.000156s ]
INFO: [ app_begin ] --END-- [ RunTime:0.000221s ]
SQL: SHOW COLUMNS FROM `message` [ RunTime:0.0018s ]
SQL: SELECT * FROM `message` WHERE `u_id` = 7 ORDER BY m_id desc  [ RunTime:0.0236s ]

[ 2022-09-19T17:12:41+08:00 ] ::1 /treehole/index.php/Home/User/login
INFO: [ app_init ] --START--
INFO: Run Behavior\BuildLiteBehavior [ RunTime:0.000019s ]
INFO: [ app_init ] --END-- [ RunTime:0.000145s ]
INFO: [ app_begin ] --START--
INFO: Run Behavior\ReadHtmlCacheBehavior [ RunTime:0.000225s ]
INFO: [ app_begin ] --END-- [ RunTime:0.000284s ]
SQL: SHOW COLUMNS FROM `user` [ RunTime:0.0018s ]
SQL: SELECT * FROM `user` WHERE `phone` = '13411945045' LIMIT 1   [ RunTime:0.0007s ]

[ 2022-09-19T17:12:41+08:00 ] ::1 /treehole/index.php/Home/Message/get_one_user_all_messages
INFO: [ app_init ] --START--
INFO: Run Behavior\BuildLiteBehavior [ RunTime:0.000023s ]
INFO: [ app_init ] --END-- [ RunTime:0.000107s ]
INFO: [ app_begin ] --START--
INFO: Run Behavior\ReadHtmlCacheBehavior [ RunTime:0.000155s ]
INFO: [ app_begin ] --END-- [ RunTime:0.000218s ]
SQL: SHOW COLUMNS FROM `message` [ RunTime:0.0024s ]
SQL: SELECT * FROM `message` WHERE `u_id` = 7 ORDER BY m_id desc  [ RunTime:0.0010s ]

[ 2022-09-19T17:12:42+08:00 ] ::1 /treehole/index.php/Home/Message/get_all_messages
INFO: [ app_init ] --START--
INFO: Run Behavior\BuildLiteBehavior [ RunTime:0.000033s ]
INFO: [ app_init ] --END-- [ RunTime:0.000183s ]
INFO: [ app_begin ] --START--
INFO: Run Behavior\ReadHtmlCacheBehavior [ RunTime:0.000267s ]
INFO: [ app_begin ] --END-- [ RunTime:0.000402s ]
SQL: SHOW COLUMNS FROM `message` [ RunTime:0.0022s ]
SQL: SELECT * FROM `message` ORDER BY m_id desc  [ RunTime:0.0012s ]

[ 2022-09-19T17:12:42+08:00 ] ::1 /treehole/index.php/Home/Comment/get_all_comments
INFO: [ app_init ] --START--
INFO: Run Behavior\BuildLiteBehavior [ RunTime:0.000036s ]
INFO: [ app_init ] --END-- [ RunTime:0.000134s ]
INFO: [ app_begin ] --START--
INFO: Run Behavior\ReadHtmlCacheBehavior [ RunTime:0.000424s ]
INFO: [ app_begin ] --END-- [ RunTime:0.000539s ]
SQL: SHOW COLUMNS FROM `comment` [ RunTime:0.0014s ]
SQL: SELECT * FROM `comment` ORDER BY c_id  [ RunTime:0.0145s ]

[ 2022-09-19T17:12:45+08:00 ] ::1 /treehole/index.php/Home/Message/do_likes
INFO: [ app_init ] --START--
INFO: Run Behavior\BuildLiteBehavior [ RunTime:0.000033s ]
INFO: [ app_init ] --END-- [ RunTime:0.000357s ]
INFO: [ app_begin ] --START--
INFO: Run Behavior\ReadHtmlCacheBehavior [ RunTime:0.000311s ]
INFO: [ app_begin ] --END-- [ RunTime:0.000419s ]
SQL: SHOW COLUMNS FROM `message` [ RunTime:0.0017s ]
SQL: SELECT * FROM `message` WHERE `m_id` = 63 LIMIT 1   [ RunTime:0.0225s ]
SQL: UPDATE `message` SET `m_id`='63',`u_id`='45',`username`='17308694632',`face_url`='http://tmp/CF3bgTvotHec2462add0511bc781c9aaa896c6b393be.jpeg',`m_content`='ÂøÉÊÉÖ‰∏çÊòØÂæàÂ•ΩÔºåÊÉ≥ÂéªÊÖ¢Ë∑ë‰∏Ä‰∏ãÔºåÂêπÂêπÊôöÈ£éÔºåÂê¨‰∏Ä‰∫õËàíÁºìÁöÑÊ≠åÊõ≤
',`likes`='3',`send_time`='2021-12-14 20:53:32' WHERE `m_id` = 63 [ RunTime:0.1416s ]

[ 2022-09-19T17:12:46+08:00 ] ::1 /treehole/index.php/Home/Message/do_likes
INFO: [ app_init ] --START--
INFO: Run Behavior\BuildLiteBehavior [ RunTime:0.000020s ]
INFO: [ app_init ] --END-- [ RunTime:0.000105s ]
INFO: [ app_begin ] --START--
INFO: Run Behavior\ReadHtmlCacheBehavior [ RunTime:0.000147s ]
INFO: [ app_begin ] --END-- [ RunTime:0.000217s ]
SQL: SHOW COLUMNS FROM `message` [ RunTime:0.0012s ]
SQL: SELECT * FROM `message` WHERE `m_id` = 90 LIMIT 1   [ RunTime:0.0007s ]
SQL: UPDATE `message` SET `m_id`='90',`u_id`='62',`username`='Â∞èÂèØÁà±1',`face_url`='http://tmp/gdpkq2DsjiKS1b1a7f3bfe31ecc26a4a9e0a79dd902d.jpeg',`m_content`='ÊàëÊòØ‰∏™Â∞èÂèØÁà±',`likes`='2',`send_time`='2022-02-04 22:49:20' WHERE `m_id` = 90 [ RunTime:0.0527s ]

[ 2022-09-19T17:12:50+08:00 ] ::1 /treehole/index.php/Home/Comment/new_comment
INFO: [ app_init ] --START--
INFO: Run Behavior\BuildLiteBehavior [ RunTime:0.000019s ]
INFO: [ app_init ] --END-- [ RunTime:0.000147s ]
INFO: [ app_begin ] --START--
INFO: Run Behavior\ReadHtmlCacheBehavior [ RunTime:0.000178s ]
INFO: [ app_begin ] --END-- [ RunTime:0.000241s ]
SQL: SHOW COLUMNS FROM `user` [ RunTime:0.0012s ]
SQL: SHOW COLUMNS FROM `comment` [ RunTime:0.0011s ]
SQL: SELECT * FROM `user` WHERE `u_id` = 7 LIMIT 1   [ RunTime:0.0003s ]
SQL: INSERT INTO `comment` (`m_id`,`u_id`,`username`,`face_url`,`c_content`,`audit_time`) VALUES ('90','7','Â∞èÁå™‰Ω©Â•á123','http://tmp/WuFTJeieTsZE4cff7eadb800a14a28fb99283e7209a9.jpeg','123','2022-09-19 17:12:50') [ RunTime:0.0541s ]

[ 2022-09-19T17:12:50+08:00 ] ::1 /treehole/index.php/Home/Comment/get_all_comments
INFO: [ app_init ] --START--
INFO: Run Behavior\BuildLiteBehavior [ RunTime:0.000027s ]
INFO: [ app_init ] --END-- [ RunTime:0.000139s ]
INFO: [ app_begin ] --START--
INFO: Run Behavior\ReadHtmlCacheBehavior [ RunTime:0.000220s ]
INFO: [ app_begin ] --END-- [ RunTime:0.000361s ]
SQL: SHOW COLUMNS FROM `comment` [ RunTime:0.0015s ]
SQL: SELECT * FROM `comment` ORDER BY c_id  [ RunTime:0.0008s ]

[ 2022-09-19T17:14:45+08:00 ] ::1 /treehole/index.php/Home/User/login
INFO: [ app_init ] --START--
INFO: Run Behavior\BuildLiteBehavior [ RunTime:0.000020s ]
INFO: [ app_init ] --END-- [ RunTime:0.000153s ]
INFO: [ app_begin ] --START--
INFO: Run Behavior\ReadHtmlCacheBehavior [ RunTime:0.000354s ]
INFO: [ app_begin ] --END-- [ RunTime:0.000420s ]
SQL: SHOW COLUMNS FROM `user` [ RunTime:0.0012s ]
SQL: SELECT * FROM `user` WHERE `phone` = '13411945045' LIMIT 1   [ RunTime:0.0003s ]

[ 2022-09-19T17:14:45+08:00 ] ::1 /treehole/index.php/Home/Message/get_one_user_all_messages
INFO: [ app_init ] --START--
INFO: Run Behavior\BuildLiteBehavior [ RunTime:0.000037s ]
INFO: [ app_init ] --END-- [ RunTime:0.000132s ]
INFO: [ app_begin ] --START--
INFO: Run Behavior\ReadHtmlCacheBehavior [ RunTime:0.000160s ]
INFO: [ app_begin ] --END-- [ RunTime:0.000236s ]
SQL: SHOW COLUMNS FROM `message` [ RunTime:0.0013s ]
SQL: SELECT * FROM `message` WHERE `u_id` = 7 ORDER BY m_id desc  [ RunTime:0.0015s ]

[ 2022-09-19T17:14:46+08:00 ] ::1 /treehole/index.php/Home/Message/get_all_messages
INFO: [ app_init ] --START--
INFO: Run Behavior\BuildLiteBehavior [ RunTime:0.000019s ]
INFO: [ app_init ] --END-- [ RunTime:0.000098s ]
INFO: [ app_begin ] --START--
INFO: Run Behavior\ReadHtmlCacheBehavior [ RunTime:0.000253s ]
INFO: [ app_begin ] --END-- [ RunTime:0.000377s ]
SQL: SHOW COLUMNS FROM `message` [ RunTime:0.0019s ]
SQL: SELECT * FROM `message` ORDER BY m_id desc  [ RunTime:0.0010s ]

[ 2022-09-19T17:14:46+08:00 ] ::1 /treehole/index.php/Home/Comment/get_all_comments
INFO: [ app_init ] --START--
INFO: Run Behavior\BuildLiteBehavior [ RunTime:0.000019s ]
INFO: [ app_init ] --END-- [ RunTime:0.000100s ]
INFO: [ app_begin ] --START--
INFO: Run Behavior\ReadHtmlCacheBehavior [ RunTime:0.000275s ]
INFO: [ app_begin ] --END-- [ RunTime:0.000365s ]
SQL: SHOW COLUMNS FROM `comment` [ RunTime:0.0025s ]
SQL: SELECT * FROM `comment` ORDER BY c_id  [ RunTime:0.0013s ]

[ 2022-09-19T17:15:52+08:00 ] ::1 /treehole/index.php/Home/Comment/get_all_comments
INFO: [ app_init ] --START--
INFO: Run Behavior\BuildLiteBehavior [ RunTime:0.000030s ]
INFO: [ app_init ] --END-- [ RunTime:0.000166s ]
INFO: [ app_begin ] --START--
INFO: Run Behavior\ReadHtmlCacheBehavior [ RunTime:0.000359s ]
INFO: [ app_begin ] --END-- [ RunTime:0.000484s ]
SQL: SHOW COLUMNS FROM `comment` [ RunTime:0.0021s ]
SQL: SELECT * FROM `comment` ORDER BY c_id  [ RunTime:0.0011s ]

[ 2022-09-19T17:15:52+08:00 ] ::1 /treehole/index.php/Home/Message/get_all_messages
INFO: [ app_init ] --START--
INFO: Run Behavior\BuildLiteBehavior [ RunTime:0.000037s ]
INFO: [ app_init ] --END-- [ RunTime:0.000358s ]
INFO: [ app_begin ] --START--
INFO: Run Behavior\ReadHtmlCacheBehavior [ RunTime:0.000388s ]
INFO: [ app_begin ] --END-- [ RunTime:0.000555s ]
SQL: SHOW COLUMNS FROM `message` [ RunTime:0.0021s ]
SQL: SELECT * FROM `message` ORDER BY m_id desc  [ RunTime:0.0012s ]

[ 2022-09-19T17:17:15+08:00 ] ::1 /treehole/index.php/Home/Message/get_all_messages
INFO: [ app_init ] --START--
INFO: Run Behavior\BuildLiteBehavior [ RunTime:0.000045s ]
INFO: [ app_init ] --END-- [ RunTime:0.000216s ]
INFO: [ app_begin ] --START--
INFO: Run Behavior\ReadHtmlCacheBehavior [ RunTime:0.000480s ]
INFO: [ app_begin ] --END-- [ RunTime:0.000582s ]
SQL: SHOW COLUMNS FROM `message` [ RunTime:0.0022s ]
SQL: SELECT * FROM `message` ORDER BY m_id desc  [ RunTime:0.0012s ]

[ 2022-09-19T17:17:15+08:00 ] ::1 /treehole/index.php/Home/Comment/get_all_comments
INFO: [ app_init ] --START--
INFO: Run Behavior\BuildLiteBehavior [ RunTime:0.000026s ]
INFO: [ app_init ] --END-- [ RunTime:0.000181s ]
INFO: [ app_begin ] --START--
INFO: Run Behavior\ReadHtmlCacheBehavior [ RunTime:0.000527s ]
INFO: [ app_begin ] --END-- [ RunTime:0.000691s ]
SQL: SHOW COLUMNS FROM `comment` [ RunTime:0.0022s ]
SQL: SELECT * FROM `comment` ORDER BY c_id  [ RunTime:0.0014s ]

[ 2022-09-19T17:17:29+08:00 ] ::1 /treehole/index.php/Home/Message/get_all_messages
INFO: [ app_init ] --START--
INFO: Run Behavior\BuildLiteBehavior [ RunTime:0.000022s ]
INFO: [ app_init ] --END-- [ RunTime:0.000245s ]
INFO: [ app_begin ] --START--
INFO: Run Behavior\ReadHtmlCacheBehavior [ RunTime:0.000198s ]
INFO: [ app_begin ] --END-- [ RunTime:0.000271s ]
SQL: SHOW COLUMNS FROM `message` [ RunTime:0.0027s ]
SQL: SELECT * FROM `message` ORDER BY m_id desc  [ RunTime:0.0014s ]

[ 2022-09-19T17:17:29+08:00 ] ::1 /treehole/index.php/Home/Comment/get_all_comments
INFO: [ app_init ] --START--
INFO: Run Behavior\BuildLiteBehavior [ RunTime:0.000036s ]
INFO: [ app_init ] --END-- [ RunTime:0.000185s ]
INFO: [ app_begin ] --START--
INFO: Run Behavior\ReadHtmlCacheBehavior [ RunTime:0.000232s ]
INFO: [ app_begin ] --END-- [ RunTime:0.000359s ]
SQL: SHOW COLUMNS FROM `comment` [ RunTime:0.0019s ]
SQL: SELECT * FROM `comment` ORDER BY c_id  [ RunTime:0.0013s ]

[ 2022-09-19T17:18:28+08:00 ] ::1 /treehole/index.php/Home/Comment/get_all_comments
INFO: [ app_init ] --START--
INFO: Run Behavior\BuildLiteBehavior [ RunTime:0.000037s ]
INFO: [ app_init ] --END-- [ RunTime:0.000259s ]
INFO: [ app_begin ] --START--
INFO: Run Behavior\ReadHtmlCacheBehavior [ RunTime:0.000351s ]
INFO: [ app_begin ] --END-- [ RunTime:0.000455s ]
SQL: SHOW COLUMNS FROM `comment` [ RunTime:0.0023s ]
SQL: SELECT * FROM `comment` ORDER BY c_id  [ RunTime:0.0004s ]

[ 2022-09-19T17:18:28+08:00 ] ::1 /treehole/index.php/Home/Message/get_all_messages
INFO: [ app_init ] --START--
INFO: Run Behavior\BuildLiteBehavior [ RunTime:0.000033s ]
INFO: [ app_init ] --END-- [ RunTime:0.000298s ]
INFO: [ app_begin ] --START--
INFO: Run Behavior\ReadHtmlCacheBehavior [ RunTime:0.000354s ]
INFO: [ app_begin ] --END-- [ RunTime:0.000464s ]
SQL: SHOW COLUMNS FROM `message` [ RunTime:0.0024s ]
SQL: SELECT * FROM `message` ORDER BY m_id desc  [ RunTime:0.0006s ]

[ 2022-09-19T17:19:38+08:00 ] ::1 /treehole/index.php/Home/Message/get_all_messages
INFO: [ app_init ] --START--
INFO: Run Behavior\BuildLiteBehavior [ RunTime:0.000021s ]
INFO: [ app_init ] --END-- [ RunTime:0.000244s ]
INFO: [ app_begin ] --START--
INFO: Run Behavior\ReadHtmlCacheBehavior [ RunTime:0.000569s ]
INFO: [ app_begin ] --END-- [ RunTime:0.000690s ]
SQL: SHOW COLUMNS FROM `message` [ RunTime:0.0013s ]
SQL: SELECT * FROM `message` ORDER BY m_id desc  [ RunTime:0.0009s ]

[ 2022-09-19T17:19:38+08:00 ] ::1 /treehole/index.php/Home/Comment/get_all_comments
INFO: [ app_init ] --START--
INFO: Run Behavior\BuildLiteBehavior [ RunTime:0.000040s ]
INFO: [ app_init ] --END-- [ RunTime:0.000211s ]
INFO: [ app_begin ] --START--
INFO: Run Behavior\ReadHtmlCacheBehavior [ RunTime:0.000365s ]
INFO: [ app_begin ] --END-- [ RunTime:0.000535s ]
SQL: SHOW COLUMNS FROM `comment` [ RunTime:0.0015s ]
SQL: SELECT * FROM `comment` ORDER BY c_id  [ RunTime:0.0010s ]

[ 2022-09-19T17:19:51+08:00 ] ::1 /treehole/index.php/Home/Message/get_all_messages
INFO: [ app_init ] --START--
INFO: Run Behavior\BuildLiteBehavior [ RunTime:0.000040s ]
INFO: [ app_init ] --END-- [ RunTime:0.000325s ]
INFO: [ app_begin ] --START--
INFO: Run Behavior\ReadHtmlCacheBehavior [ RunTime:0.000330s ]
INFO: [ app_begin ] --END-- [ RunTime:0.000449s ]
SQL: SHOW COLUMNS FROM `message` [ RunTime:0.0019s ]
SQL: SELECT * FROM `message` ORDER BY m_id desc  [ RunTime:0.0016s ]

[ 2022-09-19T17:19:51+08:00 ] ::1 /treehole/index.php/Home/Comment/get_all_comments
INFO: [ app_init ] --START--
INFO: Run Behavior\BuildLiteBehavior [ RunTime:0.000021s ]
INFO: [ app_init ] --END-- [ RunTime:0.000113s ]
INFO: [ app_begin ] --START--
INFO: Run Behavior\ReadHtmlCacheBehavior [ RunTime:0.000330s ]
INFO: [ app_begin ] --END-- [ RunTime:0.000480s ]
SQL: SHOW COLUMNS FROM `comment` [ RunTime:0.0016s ]
SQL: SELECT * FROM `comment` ORDER BY c_id  [ RunTime:0.0005s ]

[ 2022-09-19T17:20:02+08:00 ] ::1 /treehole/index.php/Home/Message/get_all_messages
INFO: [ app_init ] --START--
INFO: Run Behavior\BuildLiteBehavior [ RunTime:0.000032s ]
INFO: [ app_init ] --END-- [ RunTime:0.000343s ]
INFO: [ app_begin ] --START--
INFO: Run Behavior\ReadHtmlCacheBehavior [ RunTime:0.000324s ]
INFO: [ app_begin ] --END-- [ RunTime:0.000462s ]
SQL: SHOW COLUMNS FROM `message` [ RunTime:0.0017s ]
SQL: SELECT * FROM `message` ORDER BY m_id desc  [ RunTime:0.0011s ]

[ 2022-09-19T17:20:02+08:00 ] ::1 /treehole/index.php/Home/Comment/get_all_comments
INFO: [ app_init ] --START--
INFO: Run Behavior\BuildLiteBehavior [ RunTime:0.000032s ]
INFO: [ app_init ] --END-- [ RunTime:0.000256s ]
INFO: [ app_begin ] --START--
INFO: Run Behavior\ReadHtmlCacheBehavior [ RunTime:0.000660s ]
INFO: [ app_begin ] --END-- [ RunTime:0.000805s ]
SQL: SHOW COLUMNS FROM `comment` [ RunTime:0.0018s ]
SQL: SELECT * FROM `comment` ORDER BY c_id  [ RunTime:0.0011s ]

[ 2022-09-19T17:20:11+08:00 ] ::1 /treehole/index.php/Home/Comment/get_all_comments
INFO: [ app_init ] --START--
INFO: Run Behavior\BuildLiteBehavior [ RunTime:0.000019s ]
INFO: [ app_init ] --END-- [ RunTime:0.000101s ]
INFO: [ app_begin ] --START--
INFO: Run Behavior\ReadHtmlCacheBehavior [ RunTime:0.000140s ]
INFO: [ app_begin ] --END-- [ RunTime:0.000205s ]
SQL: SHOW COLUMNS FROM `comment` [ RunTime:0.0014s ]
SQL: SELECT * FROM `comment` ORDER BY c_id  [ RunTime:0.0003s ]

]

[ 2022-09-19T17:20:43+08:00 ] ::1 /treehole/index.php/Home/Message/get_all_messages
INFO: [ app_init ] --START--
INFO: Run Behavior\BuildLiteBehavior [ RunTime:0.000042s ]
INFO: [ app_init ] --END-- [ RunTime:0.000338s ]
INFO: [ app_begin ] --START--
INFO: Run Behavior\ReadHtmlCacheBehavior [ RunTime:0.000469s ]
INFO: [ app_begin ] --END-- [ RunTime:0.000687s ]
SQL: SHOW COLUMNS FROM `message` [ RunTime:0.0027s ]
SQL: SELECT * FROM `message` ORDER BY m_id desc  [ RunTime:0.0020s ]

[ 2022-09-19T17:20:43+08:00 ] ::1 /treehole/index.php/Home/Comment/get_all_comments
INFO: [ app_init ] --START--
INFO: Run Behavior\BuildLiteBehavior [ RunTime:0.000071s ]
INFO: [ app_init ] --END-- [ RunTime:0.000269s ]
INFO: [ app_begin ] --START--
INFO: Run Behavior\ReadHtmlCacheBehavior [ RunTime:0.000177s ]
INFO: [ app_begin ] --END-- [ RunTime:0.000255s ]
SQL: SHOW COLUMNS FROM `comment` [ RunTime:0.0024s ]
SQL: SELECT * FROM `comment` ORDER BY c_id  [ RunTime:0.0018s ]

[ 2022-09-19T17:21:14+08:00 ] ::1 /treehole/index.php/Home/Message/get_all_messages
INFO: [ app_init ] --START--
INFO: Run Behavior\BuildLiteBehavior [ RunTime:0.000023s ]
INFO: [ app_init ] --END-- [ RunTime:0.000178s ]
INFO: [ app_begin ] --START--
INFO: Run Behavior\ReadHtmlCacheBehavior [ RunTime:0.000254s ]
INFO: [ app_begin ] --END-- [ RunTime:0.000334s ]
SQL: SHOW COLUMNS FROM `message` [ RunTime:0.0026s ]
SQL: SELECT * FROM `message` ORDER BY m_id desc  [ RunTime:0.0005s ]

[ 2022-09-19T17:21:14+08:00 ] ::1 /treehole/index.php/Home/Comment/get_all_comments
INFO: [ app_init ] --START--
INFO: Run Behavior\BuildLiteBehavior [ RunTime:0.000033s ]
INFO: [ app_init ] --END-- [ RunTime:0.000185s ]
INFO: [ app_begin ] --START--
INFO: Run Behavior\ReadHtmlCacheBehavior [ RunTime:0.000335s ]
INFO: [ app_begin ] --END-- [ RunTime:0.000473s ]
SQL: SHOW COLUMNS FROM `comment` [ RunTime:0.0017s ]
SQL: SELECT * FROM `comment` ORDER BY c_id  [ RunTime:0.0005s ]

[ 2022-09-19T17:22:48+08:00 ] ::1 /treehole/index.php/Home/Message/get_all_messages
INFO: [ app_init ] --START--
INFO: Run Behavior\BuildLiteBehavior [ RunTime:0.000045s ]
INFO: [ app_init ] --END-- [ RunTime:0.000468s ]
INFO: [ app_begin ] --START--
INFO: Run Behavior\ReadHtmlCacheBehavior [ RunTime:0.000500s ]
INFO: [ app_begin ] --END-- [ RunTime:0.000610s ]
SQL: SHOW COLUMNS FROM `message` [ RunTime:0.0015s ]
SQL: SELECT * FROM `message` ORDER BY m_id desc  [ RunTime:0.0006s ]

[ 2022-09-19T17:22:48+08:00 ] ::1 /treehole/index.php/Home/Comment/get_all_comments
INFO: [ app_init ] --START--
INFO: Run Behavior\BuildLiteBehavior [ RunTime:0.000055s ]
INFO: [ app_init ] --END-- [ RunTime:0.000227s ]
INFO: [ app_begin ] --START--
INFO: Run Behavior\ReadHtmlCacheBehavior [ RunTime:0.000378s ]
INFO: [ app_begin ] --END-- [ RunTime:0.000482s ]
SQL: SHOW COLUMNS FROM `comment` [ RunTime:0.0022s ]
SQL: SELECT * FROM `comment` ORDER BY c_id  [ RunTime:0.0004s ]

[ 2022-09-19T17:23:16+08:00 ] ::1 /treehole/index.php/Home/Message/get_all_messages
INFO: [ app_init ] --START--
INFO: Run Behavior\BuildLiteBehavior [ RunTime:0.000033s ]
INFO: [ app_init ] --END-- [ RunTime:0.000251s ]
INFO: [ app_begin ] --START--
INFO: Run Behavior\ReadHtmlCacheBehavior [ RunTime:0.000341s ]
INFO: [ app_begin ] --END-- [ RunTime:0.000490s ]
SQL: SHOW COLUMNS FROM `message` [ RunTime:0.0014s ]
SQL: SELECT * FROM `message` ORDER BY m_id desc  [ RunTime:0.0004s ]

[ 2022-09-19T17:23:16+08:00 ] ::1 /treehole/index.php/Home/Comment/get_all_comments
INFO: [ app_init ] --START--
INFO: Run Behavior\BuildLiteBehavior [ RunTime:0.000029s ]
INFO: [ app_init ] --END-- [ RunTime:0.000152s ]
INFO: [ app_begin ] --START--
INFO: Run Behavior\ReadHtmlCacheBehavior [ RunTime:0.000204s ]
INFO: [ app_begin ] --END-- [ RunTime:0.000311s ]
SQL: SHOW COLUMNS FROM `comment` [ RunTime:0.0013s ]
SQL: SELECT * FROM `comment` ORDER BY c_id  [ RunTime:0.0004s ]

[ 2022-09-19T17:23:35+08:00 ] ::1 /treehole/index.php/Home/Comment/get_all_comments
INFO: [ app_init ] --START--
INFO: Run Behavior\BuildLiteBehavior [ RunTime:0.000030s ]
INFO: [ app_init ] --END-- [ RunTime:0.000161s ]
INFO: [ app_begin ] --START--
INFO: Run Behavior\ReadHtmlCacheBehavior [ RunTime:0.000205s ]
INFO: [ app_begin ] --END-- [ RunTime:0.000306s ]
SQL: SHOW COLUMNS FROM `comment` [ RunTime:0.0018s ]
SQL: SELECT * FROM `comment` ORDER BY c_id  [ RunTime:0.0012s ]

[ 2022-09-19T17:23:35+08:00 ] ::1 /treehole/index.php/Home/Message/get_all_messages
INFO: [ app_init ] --START--
INFO: Run Behavior\BuildLiteBehavior [ RunTime:0.000031s ]
INFO: [ app_init ] --END-- [ RunTime:0.000356s ]
INFO: [ app_begin ] --START--
INFO: Run Behavior\ReadHtmlCacheBehavior [ RunTime:0.000300s ]
INFO: [ app_begin ] --END-- [ RunTime:0.000416s ]
SQL: SHOW COLUMNS FROM `message` [ RunTime:0.0018s ]
SQL: SELECT * FROM `message` ORDER BY m_id desc  [ RunTime:0.0006s ]

[ 2022-09-19T17:24:10+08:00 ] ::1 /treehole/index.php/Home/Message/get_all_messages
INFO: [ app_init ] --START--
INFO: Run Behavior\BuildLiteBehavior [ RunTime:0.000022s ]
INFO: [ app_init ] --END-- [ RunTime:0.000162s ]
INFO: [ app_begin ] --START--
INFO: Run Behavior\ReadHtmlCacheBehavior [ RunTime:0.000331s ]
INFO: [ app_begin ] --END-- [ RunTime:0.000405s ]
SQL: SHOW COLUMNS FROM `message` [ RunTime:0.0016s ]
SQL: SELECT * FROM `message` ORDER BY m_id desc  [ RunTime:0.0005s ]

[ 2022-09-19T17:24:10+08:00 ] ::1 /treehole/index.php/Home/Comment/get_all_comments
INFO: [ app_init ] --START--
INFO: Run Behavior\BuildLiteBehavior [ RunTime:0.000033s ]
INFO: [ app_init ] --END-- [ RunTime:0.000172s ]
INFO: [ app_begin ] --START--
INFO: Run Behavior\ReadHtmlCacheBehavior [ RunTime:0.000249s ]
INFO: [ app_begin ] --END-- [ RunTime:0.000379s ]
SQL: SHOW COLUMNS FROM `comment` [ RunTime:0.0014s ]
SQL: SELECT * FROM `comment` ORDER BY c_id  [ RunTime:0.0004s ]

[ 2022-09-19T17:24:24+08:00 ] ::1 /treehole/index.php/Home/Comment/get_all_comments
INFO: [ app_init ] --START--
INFO: Run Behavior\BuildLiteBehavior [ RunTime:0.000023s ]
INFO: [ app_init ] --END-- [ RunTime:0.000108s ]
INFO: [ app_begin ] --START--
INFO: Run Behavior\ReadHtmlCacheBehavior [ RunTime:0.000155s ]
INFO: [ app_begin ] --END-- [ RunTime:0.000221s ]
SQL: SHOW COLUMNS FROM `comment` [ RunTime:0.0017s ]
SQL: SELECT * FROM `comment` ORDER BY c_id  [ RunTime:0.0004s ]

]

[ 2022-09-19T17:24:55+08:00 ] ::1 /treehole/index.php/Home/Comment/get_all_comments
INFO: [ app_init ] --START--
INFO: Run Behavior\BuildLiteBehavior [ RunTime:0.000023s ]
INFO: [ app_init ] --END-- [ RunTime:0.000209s ]
INFO: [ app_begin ] --START--
INFO: Run Behavior\ReadHtmlCacheBehavior [ RunTime:0.000742s ]
INFO: [ app_begin ] --END-- [ RunTime:0.000885s ]
SQL: SHOW COLUMNS FROM `comment` [ RunTime:0.0024s ]
SQL: SELECT * FROM `comment` ORDER BY c_id  [ RunTime:0.0012s ]

[ 2022-09-19T17:24:55+08:00 ] ::1 /treehole/index.php/Home/Message/get_all_messages
INFO: [ app_init ] --START--
INFO: Run Behavior\BuildLiteBehavior [ RunTime:0.000023s ]
INFO: [ app_init ] --END-- [ RunTime:0.000294s ]
INFO: [ app_begin ] --START--
INFO: Run Behavior\ReadHtmlCacheBehavior [ RunTime:0.000691s ]
INFO: [ app_begin ] --END-- [ RunTime:0.000844s ]
SQL: SHOW COLUMNS FROM `message` [ RunTime:0.0024s ]
SQL: SELECT * FROM `message` ORDER BY m_id desc  [ RunTime:0.0014s ]

[ 2022-09-19T17:25:13+08:00 ] ::1 /treehole/index.php/Home/Message/get_all_messages
INFO: [ app_init ] --START--
INFO: Run Behavior\BuildLiteBehavior [ RunTime:0.000029s ]
INFO: [ app_init ] --END-- [ RunTime:0.000242s ]
INFO: [ app_begin ] --START--
INFO: Run Behavior\ReadHtmlCacheBehavior [ RunTime:0.000275s ]
INFO: [ app_begin ] --END-- [ RunTime:0.000381s ]
SQL: SHOW COLUMNS FROM `message` [ RunTime:0.0016s ]
SQL: SELECT * FROM `message` ORDER BY m_id desc  [ RunTime:0.0005s ]

[ 2022-09-19T17:25:13+08:00 ] ::1 /treehole/index.php/Home/Comment/get_all_comments
INFO: [ app_init ] --START--
INFO: Run Behavior\BuildLiteBehavior [ RunTime:0.000021s ]
INFO: [ app_init ] --END-- [ RunTime:0.000159s ]
INFO: [ app_begin ] --START--
INFO: Run Behavior\ReadHtmlCacheBehavior [ RunTime:0.000223s ]
INFO: [ app_begin ] --END-- [ RunTime:0.000348s ]
SQL: SHOW COLUMNS FROM `comment` [ RunTime:0.0025s ]
SQL: SELECT * FROM `comment` ORDER BY c_id  [ RunTime:0.0004s ]

[ 2022-09-19T17:25:42+08:00 ] ::1 /treehole/index.php/Home/Message/get_all_messages
INFO: [ app_init ] --START--
INFO: Run Behavior\BuildLiteBehavior [ RunTime:0.000021s ]
INFO: [ app_init ] --END-- [ RunTime:0.000224s ]
INFO: [ app_begin ] --START--
INFO: Run Behavior\ReadHtmlCacheBehavior [ RunTime:0.000201s ]
INFO: [ app_begin ] --END-- [ RunTime:0.000271s ]
SQL: SHOW COLUMNS FROM `message` [ RunTime:0.0018s ]
SQL: SELECT * FROM `message` ORDER BY m_id desc  [ RunTime:0.0006s ]

[ 2022-09-19T17:25:42+08:00 ] ::1 /treehole/index.php/Home/Comment/get_all_comments
INFO: [ app_init ] --START--
INFO: Run Behavior\BuildLiteBehavior [ RunTime:0.000019s ]
INFO: [ app_init ] --END-- [ RunTime:0.000103s ]
INFO: [ app_begin ] --START--
INFO: Run Behavior\ReadHtmlCacheBehavior [ RunTime:0.000245s ]
INFO: [ app_begin ] --END-- [ RunTime:0.000369s ]
SQL: SHOW COLUMNS FROM `comment` [ RunTime:0.0017s ]
SQL: SELECT * FROM `comment` ORDER BY c_id  [ RunTime:0.0003s ]

[ 2022-09-19T17:26:11+08:00 ] ::1 /treehole/index.php/Home/Message/get_all_messages
INFO: [ app_init ] --START--
INFO: Run Behavior\BuildLiteBehavior [ RunTime:0.000023s ]
INFO: [ app_init ] --END-- [ RunTime:0.000308s ]
INFO: [ app_begin ] --START--
INFO: Run Behavior\ReadHtmlCacheBehavior [ RunTime:0.000199s ]
INFO: [ app_begin ] --END-- [ RunTime:0.000265s ]
SQL: SHOW COLUMNS FROM `message` [ RunTime:0.0014s ]
SQL: SELECT * FROM `message` ORDER BY m_id desc  [ RunTime:0.0004s ]

[ 2022-09-19T17:26:11+08:00 ] ::1 /treehole/index.php/Home/Comment/get_all_comments
INFO: [ app_init ] --START--
INFO: Run Behavior\BuildLiteBehavior [ RunTime:0.000019s ]
INFO: [ app_init ] --END-- [ RunTime:0.000099s ]
INFO: [ app_begin ] --START--
INFO: Run Behavior\ReadHtmlCacheBehavior [ RunTime:0.000145s ]
INFO: [ app_begin ] --END-- [ RunTime:0.000210s ]
SQL: SHOW COLUMNS FROM `comment` [ RunTime:0.0015s ]
SQL: SELECT * FROM `comment` ORDER BY c_id  [ RunTime:0.0009s ]

[ 2022-09-19T17:26:30+08:00 ] ::1 /treehole/index.php/Home/Message/get_all_messages
INFO: [ app_init ] --START--
INFO: Run Behavior\BuildLiteBehavior [ RunTime:0.000032s ]
INFO: [ app_init ] --END-- [ RunTime:0.000862s ]
INFO: [ app_begin ] --START--
INFO: Run Behavior\ReadHtmlCacheBehavior [ RunTime:0.000225s ]
INFO: [ app_begin ] --END-- [ RunTime:0.000306s ]
SQL: SHOW COLUMNS FROM `message` [ RunTime:0.0018s ]
SQL: SELECT * FROM `message` ORDER BY m_id desc  [ RunTime:0.0006s ]

[ 2022-09-19T17:26:30+08:00 ] ::1 /treehole/index.php/Home/Comment/get_all_comments
INFO: [ app_init ] --START--
INFO: Run Behavior\BuildLiteBehavior [ RunTime:0.000025s ]
INFO: [ app_init ] --END-- [ RunTime:0.000122s ]
INFO: [ app_begin ] --START--
INFO: Run Behavior\ReadHtmlCacheBehavior [ RunTime:0.000344s ]
INFO: [ app_begin ] --END-- [ RunTime:0.000510s ]
SQL: SHOW COLUMNS FROM `comment` [ RunTime:0.0018s ]
SQL: SELECT * FROM `comment` ORDER BY c_id  [ RunTime:0.0014s ]

[ 2022-09-19T17:26:52+08:00 ] ::1 /treehole/index.php/Home/Message/get_all_messages
INFO: [ app_init ] --START--
INFO: Run Behavior\BuildLiteBehavior [ RunTime:0.000055s ]
INFO: [ app_init ] --END-- [ RunTime:0.000390s ]
INFO: [ app_begin ] --START--
INFO: Run Behavior\ReadHtmlCacheBehavior [ RunTime:0.000370s ]
INFO: [ app_begin ] --END-- [ RunTime:0.000516s ]
SQL: SHOW COLUMNS FROM `message` [ RunTime:0.0018s ]
SQL: SELECT * FROM `message` ORDER BY m_id desc  [ RunTime:0.0006s ]

[ 2022-09-19T17:26:58+08:00 ] ::1 /treehole/index.php/Home/Comment/get_all_comments
INFO: [ app_init ] --START--
INFO: Run Behavior\BuildLiteBehavior [ RunTime:0.000048s ]
INFO: [ app_init ] --END-- [ RunTime:0.000251s ]
INFO: [ app_begin ] --START--
INFO: Run Behavior\ReadHtmlCacheBehavior [ RunTime:0.000284s ]
INFO: [ app_begin ] --END-- [ RunTime:0.000356s ]
SQL: SHOW COLUMNS FROM `comment` [ RunTime:0.0014s ]
SQL: SELECT * FROM `comment` ORDER BY c_id  [ RunTime:0.0003s ]

[ 2022-09-19T17:26:58+08:00 ] ::1 /treehole/index.php/Home/Message/get_all_messages
INFO: [ app_init ] --START--
INFO: Run Behavior\BuildLiteBehavior [ RunTime:0.000021s ]
INFO: [ app_init ] --END-- [ RunTime:0.000158s ]
INFO: [ app_begin ] --START--
INFO: Run Behavior\ReadHtmlCacheBehavior [ RunTime:0.000335s ]
INFO: [ app_begin ] --END-- [ RunTime:0.000403s ]
SQL: SHOW COLUMNS FROM `message` [ RunTime:0.0013s ]
SQL: SELECT * FROM `message` ORDER BY m_id desc  [ RunTime:0.0004s ]

[ 2022-09-19T17:56:05+08:00 ] ::1 /treehole/index.php/Home/Comment/get_all_comments
INFO: [ app_init ] --START--
INFO: Run Behavior\BuildLiteBehavior [ RunTime:0.000040s ]
INFO: [ app_init ] --END-- [ RunTime:0.000408s ]
INFO: [ app_begin ] --START--
INFO: Run Behavior\ReadHtmlCacheBehavior [ RunTime:0.000823s ]
INFO: [ app_begin ] --END-- [ RunTime:0.000925s ]
SQL: SHOW COLUMNS FROM `comment` [ RunTime:0.0011s ]
SQL: SELECT * FROM `comment` ORDER BY c_id  [ RunTime:0.0004s ]

]

[ 2022-09-19T17:56:54+08:00 ] ::1 /treehole/index.php/Home/Message/get_all_messages
INFO: [ app_init ] --START--
INFO: Run Behavior\BuildLiteBehavior [ RunTime:0.000020s ]
INFO: [ app_init ] --END-- [ RunTime:0.000153s ]
INFO: [ app_begin ] --START--
INFO: Run Behavior\ReadHtmlCacheBehavior [ RunTime:0.000290s ]
INFO: [ app_begin ] --END-- [ RunTime:0.000411s ]
SQL: SHOW COLUMNS FROM `message` [ RunTime:0.0020s ]
SQL: SELECT * FROM `message` ORDER BY m_id desc  [ RunTime:0.0005s ]

[ 2022-09-19T17:56:55+08:00 ] ::1 /treehole/index.php/Home/Comment/get_all_comments
INFO: [ app_init ] --START--
INFO: Run Behavior\BuildLiteBehavior [ RunTime:0.000020s ]
INFO: [ app_init ] --END-- [ RunTime:0.000104s ]
INFO: [ app_begin ] --START--
INFO: Run Behavior\ReadHtmlCacheBehavior [ RunTime:0.000234s ]
INFO: [ app_begin ] --END-- [ RunTime:0.000358s ]
SQL: SHOW COLUMNS FROM `comment` [ RunTime:0.0012s ]
SQL: SELECT * FROM `comment` ORDER BY c_id  [ RunTime:0.0003s ]

[ 2022-09-19T17:58:10+08:00 ] ::1 /treehole/index.php/Home/Comment/do_likes
INFO: [ app_init ] --START--
INFO: Run Behavior\BuildLiteBehavior [ RunTime:0.000039s ]
INFO: [ app_init ] --END-- [ RunTime:0.000420s ]
INFO: [ app_begin ] --START--
INFO: Run Behavior\ReadHtmlCacheBehavior [ RunTime:0.000312s ]
INFO: [ app_begin ] --END-- [ RunTime:0.000377s ]
SQL: SHOW COLUMNS FROM `comment` [ RunTime:0.0016s ]
SQL: SELECT * FROM `comment` WHERE `c_id` = 58 LIMIT 1   [ RunTime:0.0004s ]
SQL: UPDATE `comment` SET `c_id`='58',`m_id`='90',`u_id`='7',`username`='Â∞èÁå™‰Ω©Â•á123',`face_url`='http://tmp/WuFTJeieTsZE4cff7eadb800a14a28fb99283e7209a9.jpeg',`c_content`='123',`likes`='1',`audit_time`='2022-09-19 17:12:50' WHERE `c_id` = 58 [ RunTime:0.5769s ]

[ 2022-09-19T17:58:10+08:00 ] ::1 /treehole/index.php/Home/Comment/donot_likes
INFO: [ app_init ] --START--
INFO: Run Behavior\BuildLiteBehavior [ RunTime:0.000060s ]
INFO: [ app_init ] --END-- [ RunTime:0.000325s ]
INFO: [ app_begin ] --START--
INFO: Run Behavior\ReadHtmlCacheBehavior [ RunTime:0.000469s ]
INFO: [ app_begin ] --END-- [ RunTime:0.000700s ]
SQL: SHOW COLUMNS FROM `comment` [ RunTime:0.0034s ]
SQL: SELECT * FROM `comment` WHERE `c_id` = 58 LIMIT 1   [ RunTime:0.0008s ]
SQL: UPDATE `comment` SET `c_id`='58',`m_id`='90',`u_id`='7',`username`='Â∞èÁå™‰Ω©Â•á123',`face_url`='http://tmp/WuFTJeieTsZE4cff7eadb800a14a28fb99283e7209a9.jpeg',`c_content`='123',`likes`='0',`audit_time`='2022-09-19 17:12:50' WHERE `c_id` = 58 [ RunTime:0.0369s ]

[ 2022-09-19T17:58:11+08:00 ] ::1 /treehole/index.php/Home/Comment/do_likes
INFO: [ app_init ] --START--
INFO: Run Behavior\BuildLiteBehavior [ RunTime:0.000063s ]
INFO: [ app_init ] --END-- [ RunTime:0.000549s ]
INFO: [ app_begin ] --START--
INFO: Run Behavior\ReadHtmlCacheBehavior [ RunTime:0.000555s ]
INFO: [ app_begin ] --END-- [ RunTime:0.000998s ]
SQL: SHOW COLUMNS FROM `comment` [ RunTime:0.0034s ]
SQL: SELECT * FROM `comment` WHERE `c_id` = 58 LIMIT 1   [ RunTime:0.0021s ]
SQL: UPDATE `comment` SET `c_id`='58',`m_id`='90',`u_id`='7',`username`='Â∞èÁå™‰Ω©Â•á123',`face_url`='http://tmp/WuFTJeieTsZE4cff7eadb800a14a28fb99283e7209a9.jpeg',`c_content`='123',`likes`='1',`audit_time`='2022-09-19 17:12:50' WHERE `c_id` = 58 [ RunTime:0.0498s ]

[ 2022-09-19T17:58:12+08:00 ] ::1 /treehole/index.php/Home/Comment/donot_likes
INFO: [ app_init ] --START--
INFO: Run Behavior\BuildLiteBehavior [ RunTime:0.000057s ]
INFO: [ app_init ] --END-- [ RunTime:0.000466s ]
INFO: [ app_begin ] --START--
INFO: Run Behavior\ReadHtmlCacheBehavior [ RunTime:0.000583s ]
INFO: [ app_begin ] --END-- [ RunTime:0.000785s ]
SQL: SHOW COLUMNS FROM `comment` [ RunTime:0.0032s ]
SQL: SELECT * FROM `comment` WHERE `c_id` = 58 LIMIT 1   [ RunTime:0.0007s ]
SQL: UPDATE `comment` SET `c_id`='58',`m_id`='90',`u_id`='7',`username`='Â∞èÁå™‰Ω©Â•á123',`face_url`='http://tmp/WuFTJeieTsZE4cff7eadb800a14a28fb99283e7209a9.jpeg',`c_content`='123',`likes`='0',`audit_time`='2022-09-19 17:12:50' WHERE `c_id` = 58 [ RunTime:0.0488s ]

[ 2022-09-19T17:58:38+08:00 ] ::1 /treehole/index.php/Home/Message/get_all_messages
INFO: [ app_init ] --START--
INFO: Run Behavior\BuildLiteBehavior [ RunTime:0.000016s ]
INFO: [ app_init ] --END-- [ RunTime:0.000158s ]
INFO: [ app_begin ] --START--
INFO: Run Behavior\ReadHtmlCacheBehavior [ RunTime:0.000194s ]
INFO: [ app_begin ] --END-- [ RunTime:0.000257s ]
SQL: SHOW COLUMNS FROM `message` [ RunTime:0.0013s ]
SQL: SELECT * FROM `message` ORDER BY m_id desc  [ RunTime:0.0005s ]

[ 2022-09-19T17:58:38+08:00 ] ::1 /treehole/index.php/Home/Comment/get_all_comments
INFO: [ app_init ] --START--
INFO: Run Behavior\BuildLiteBehavior [ RunTime:0.000030s ]
INFO: [ app_init ] --END-- [ RunTime:0.000189s ]
INFO: [ app_begin ] --START--
INFO: Run Behavior\ReadHtmlCacheBehavior [ RunTime:0.000513s ]
INFO: [ app_begin ] --END-- [ RunTime:0.000659s ]
SQL: SHOW COLUMNS FROM `comment` [ RunTime:0.0020s ]
SQL: SELECT * FROM `comment` ORDER BY c_id  [ RunTime:0.0004s ]

